2023-05-09 15:00:50:96610 info: Database connected successfully! 
2023-05-09 15:00:53:1311 error: Cannot find module '../../domain/types/symbols'
Require stack:
- C:\Users\ejecutivo\Desktop\Flit_act_projec\BackCrudResolution_master\src\app\services\resolutionService.ts
- C:\Users\ejecutivo\Desktop\Flit_act_projec\BackCrudResolution_master\src\app\controllers\resolutionController.ts
- C:\Users\ejecutivo\Desktop\Flit_act_projec\BackCrudResolution_master\src\bootstrap\ioc\inversify.config.ts
- C:\Users\ejecutivo\Desktop\Flit_act_projec\BackCrudResolution_master\src\routes\v1\rentingApiRouter.ts
- C:\Users\ejecutivo\Desktop\Flit_act_projec\BackCrudResolution_master\src\routes\index.ts
- C:\Users\ejecutivo\Desktop\Flit_act_projec\BackCrudResolution_master\src\bootstrap\server.ts
- C:\Users\ejecutivo\Desktop\Flit_act_projec\BackCrudResolution_master\src\index.ts Error: Cannot find module '../../domain/types/symbols'
Require stack:
- C:\Users\ejecutivo\Desktop\Flit_act_projec\BackCrudResolution_master\src\app\services\resolutionService.ts
- C:\Users\ejecutivo\Desktop\Flit_act_projec\BackCrudResolution_master\src\app\controllers\resolutionController.ts
- C:\Users\ejecutivo\Desktop\Flit_act_projec\BackCrudResolution_master\src\bootstrap\ioc\inversify.config.ts
- C:\Users\ejecutivo\Desktop\Flit_act_projec\BackCrudResolution_master\src\routes\v1\rentingApiRouter.ts
- C:\Users\ejecutivo\Desktop\Flit_act_projec\BackCrudResolution_master\src\routes\index.ts
- C:\Users\ejecutivo\Desktop\Flit_act_projec\BackCrudResolution_master\src\bootstrap\server.ts
- C:\Users\ejecutivo\Desktop\Flit_act_projec\BackCrudResolution_master\src\index.ts
    at Function.Module._resolveFilename (node:internal/modules/cjs/loader:1075:15)
    at Function.Module._load (node:internal/modules/cjs/loader:920:27)
    at Module.require (node:internal/modules/cjs/loader:1141:19)
    at require (node:internal/modules/cjs/helpers:110:18)
    at Object.<anonymous> (C:\Users\ejecutivo\Desktop\Flit_act_projec\BackCrudResolution_master\src\app\services\resolutionService.ts:8:1)
    at Module._compile (node:internal/modules/cjs/loader:1254:14)
    at Module._compile (C:\Users\ejecutivo\Desktop\Flit_act_projec\BackCrudResolution_master\node_modules\source-map-support\source-map-support.js:568:25)
    at Module.m._compile (C:\Users\EJECUT~1\AppData\Local\Temp\ts-node-dev-hook-5290570512113728.js:69:33)
    at Module._extensions..js (node:internal/modules/cjs/loader:1308:10)
    at require.extensions..jsx.require.extensions..js (C:\Users\EJECUT~1\AppData\Local\Temp\ts-node-dev-hook-5290570512113728.js:114:20)
2023-05-09 15:00:53:1822 error: Cannot read properties of undefined (reading 'length') TypeError: Cannot read properties of undefined (reading 'length')
    at pathtoRegexp (C:\Users\ejecutivo\Desktop\Flit_act_projec\BackCrudResolution_master\node_modules\path-to-regexp\index.js:63:49)
    at new Layer (C:\Users\ejecutivo\Desktop\Flit_act_projec\BackCrudResolution_master\node_modules\express\lib\router\layer.js:45:17)
    at Function.use (C:\Users\ejecutivo\Desktop\Flit_act_projec\BackCrudResolution_master\node_modules\express\lib\router\index.js:475:17)
    at Function.<anonymous> (C:\Users\ejecutivo\Desktop\Flit_act_projec\BackCrudResolution_master\node_modules\express\lib\application.js:227:21)
    at Array.forEach (<anonymous>)
    at Function.use (C:\Users\ejecutivo\Desktop\Flit_act_projec\BackCrudResolution_master\node_modules\express\lib\application.js:224:7)
    at Server.registerSwagger (C:\Users\ejecutivo\Desktop\Flit_act_projec\BackCrudResolution_master\src\bootstrap\server.ts:83:17)
    at Server.<anonymous> (C:\Users\ejecutivo\Desktop\Flit_act_projec\BackCrudResolution_master\src\bootstrap\server.ts:66:10)
    at Generator.next (<anonymous>)
    at fulfilled (C:\Users\ejecutivo\Desktop\Flit_act_projec\BackCrudResolution_master\src\bootstrap\server.ts:28:58)
2023-05-09 15:05:13:1051 info: Database connected successfully! 
2023-05-09 15:05:14:9199 error: Cannot find module '../../domain/types/symbols'
Require stack:
- C:\Users\ejecutivo\Desktop\Flit_act_projec\BackCrudResolution_master\src\app\services\resolutionService.ts
- C:\Users\ejecutivo\Desktop\Flit_act_projec\BackCrudResolution_master\src\app\controllers\resolutionController.ts
- C:\Users\ejecutivo\Desktop\Flit_act_projec\BackCrudResolution_master\src\bootstrap\ioc\inversify.config.ts
- C:\Users\ejecutivo\Desktop\Flit_act_projec\BackCrudResolution_master\src\routes\v1\rentingApiRouter.ts
- C:\Users\ejecutivo\Desktop\Flit_act_projec\BackCrudResolution_master\src\routes\index.ts
- C:\Users\ejecutivo\Desktop\Flit_act_projec\BackCrudResolution_master\src\bootstrap\server.ts
- C:\Users\ejecutivo\Desktop\Flit_act_projec\BackCrudResolution_master\src\index.ts Error: Cannot find module '../../domain/types/symbols'
Require stack:
- C:\Users\ejecutivo\Desktop\Flit_act_projec\BackCrudResolution_master\src\app\services\resolutionService.ts
- C:\Users\ejecutivo\Desktop\Flit_act_projec\BackCrudResolution_master\src\app\controllers\resolutionController.ts
- C:\Users\ejecutivo\Desktop\Flit_act_projec\BackCrudResolution_master\src\bootstrap\ioc\inversify.config.ts
- C:\Users\ejecutivo\Desktop\Flit_act_projec\BackCrudResolution_master\src\routes\v1\rentingApiRouter.ts
- C:\Users\ejecutivo\Desktop\Flit_act_projec\BackCrudResolution_master\src\routes\index.ts
- C:\Users\ejecutivo\Desktop\Flit_act_projec\BackCrudResolution_master\src\bootstrap\server.ts
- C:\Users\ejecutivo\Desktop\Flit_act_projec\BackCrudResolution_master\src\index.ts
    at Function.Module._resolveFilename (node:internal/modules/cjs/loader:1075:15)
    at Function.Module._load (node:internal/modules/cjs/loader:920:27)
    at Module.require (node:internal/modules/cjs/loader:1141:19)
    at require (node:internal/modules/cjs/helpers:110:18)
    at Object.<anonymous> (C:\Users\ejecutivo\Desktop\Flit_act_projec\BackCrudResolution_master\src\app\services\resolutionService.ts:8:1)
    at Module._compile (node:internal/modules/cjs/loader:1254:14)
    at Module._compile (C:\Users\ejecutivo\Desktop\Flit_act_projec\BackCrudResolution_master\node_modules\source-map-support\source-map-support.js:568:25)
    at Module.m._compile (C:\Users\EJECUT~1\AppData\Local\Temp\ts-node-dev-hook-5768899106264433.js:69:33)
    at Module._extensions..js (node:internal/modules/cjs/loader:1308:10)
    at require.extensions..jsx.require.extensions..js (C:\Users\EJECUT~1\AppData\Local\Temp\ts-node-dev-hook-5768899106264433.js:114:20)
2023-05-09 15:05:14:9419 error: Cannot read properties of undefined (reading 'length') TypeError: Cannot read properties of undefined (reading 'length')
    at pathtoRegexp (C:\Users\ejecutivo\Desktop\Flit_act_projec\BackCrudResolution_master\node_modules\path-to-regexp\index.js:63:49)
    at new Layer (C:\Users\ejecutivo\Desktop\Flit_act_projec\BackCrudResolution_master\node_modules\express\lib\router\layer.js:45:17)
    at Function.use (C:\Users\ejecutivo\Desktop\Flit_act_projec\BackCrudResolution_master\node_modules\express\lib\router\index.js:475:17)
    at Function.<anonymous> (C:\Users\ejecutivo\Desktop\Flit_act_projec\BackCrudResolution_master\node_modules\express\lib\application.js:227:21)
    at Array.forEach (<anonymous>)
    at Function.use (C:\Users\ejecutivo\Desktop\Flit_act_projec\BackCrudResolution_master\node_modules\express\lib\application.js:224:7)
    at Server.registerSwagger (C:\Users\ejecutivo\Desktop\Flit_act_projec\BackCrudResolution_master\src\bootstrap\server.ts:83:17)
    at Server.<anonymous> (C:\Users\ejecutivo\Desktop\Flit_act_projec\BackCrudResolution_master\src\bootstrap\server.ts:66:10)
    at Generator.next (<anonymous>)
    at fulfilled (C:\Users\ejecutivo\Desktop\Flit_act_projec\BackCrudResolution_master\src\bootstrap\server.ts:28:58)
2023-05-09 15:06:41:96310 info: Database connected successfully! 
2023-05-09 15:06:43:5245 error: Cannot find module '../../domain/types/symbols'
Require stack:
- C:\Users\ejecutivo\Desktop\Flit_act_projec\BackCrudResolution_master\src\app\services\resolutionService.ts
- C:\Users\ejecutivo\Desktop\Flit_act_projec\BackCrudResolution_master\src\app\controllers\resolutionController.ts
- C:\Users\ejecutivo\Desktop\Flit_act_projec\BackCrudResolution_master\src\bootstrap\ioc\inversify.config.ts
- C:\Users\ejecutivo\Desktop\Flit_act_projec\BackCrudResolution_master\src\routes\v1\rentingApiRouter.ts
- C:\Users\ejecutivo\Desktop\Flit_act_projec\BackCrudResolution_master\src\routes\index.ts
- C:\Users\ejecutivo\Desktop\Flit_act_projec\BackCrudResolution_master\src\bootstrap\server.ts
- C:\Users\ejecutivo\Desktop\Flit_act_projec\BackCrudResolution_master\src\index.ts Error: Cannot find module '../../domain/types/symbols'
Require stack:
- C:\Users\ejecutivo\Desktop\Flit_act_projec\BackCrudResolution_master\src\app\services\resolutionService.ts
- C:\Users\ejecutivo\Desktop\Flit_act_projec\BackCrudResolution_master\src\app\controllers\resolutionController.ts
- C:\Users\ejecutivo\Desktop\Flit_act_projec\BackCrudResolution_master\src\bootstrap\ioc\inversify.config.ts
- C:\Users\ejecutivo\Desktop\Flit_act_projec\BackCrudResolution_master\src\routes\v1\rentingApiRouter.ts
- C:\Users\ejecutivo\Desktop\Flit_act_projec\BackCrudResolution_master\src\routes\index.ts
- C:\Users\ejecutivo\Desktop\Flit_act_projec\BackCrudResolution_master\src\bootstrap\server.ts
- C:\Users\ejecutivo\Desktop\Flit_act_projec\BackCrudResolution_master\src\index.ts
    at Function.Module._resolveFilename (node:internal/modules/cjs/loader:1075:15)
    at Function.Module._load (node:internal/modules/cjs/loader:920:27)
    at Module.require (node:internal/modules/cjs/loader:1141:19)
    at require (node:internal/modules/cjs/helpers:110:18)
    at Object.<anonymous> (C:\Users\ejecutivo\Desktop\Flit_act_projec\BackCrudResolution_master\src\app\services\resolutionService.ts:7:1)
    at Module._compile (node:internal/modules/cjs/loader:1254:14)
    at Module._compile (C:\Users\ejecutivo\Desktop\Flit_act_projec\BackCrudResolution_master\node_modules\source-map-support\source-map-support.js:568:25)
    at Module.m._compile (C:\Users\EJECUT~1\AppData\Local\Temp\ts-node-dev-hook-5768899106264433.js:69:33)
    at Module._extensions..js (node:internal/modules/cjs/loader:1308:10)
    at require.extensions..jsx.require.extensions..js (C:\Users\EJECUT~1\AppData\Local\Temp\ts-node-dev-hook-5768899106264433.js:114:20)
2023-05-09 15:06:43:5495 error: Cannot read properties of undefined (reading 'length') TypeError: Cannot read properties of undefined (reading 'length')
    at pathtoRegexp (C:\Users\ejecutivo\Desktop\Flit_act_projec\BackCrudResolution_master\node_modules\path-to-regexp\index.js:63:49)
    at new Layer (C:\Users\ejecutivo\Desktop\Flit_act_projec\BackCrudResolution_master\node_modules\express\lib\router\layer.js:45:17)
    at Function.use (C:\Users\ejecutivo\Desktop\Flit_act_projec\BackCrudResolution_master\node_modules\express\lib\router\index.js:475:17)
    at Function.<anonymous> (C:\Users\ejecutivo\Desktop\Flit_act_projec\BackCrudResolution_master\node_modules\express\lib\application.js:227:21)
    at Array.forEach (<anonymous>)
    at Function.use (C:\Users\ejecutivo\Desktop\Flit_act_projec\BackCrudResolution_master\node_modules\express\lib\application.js:224:7)
    at Server.registerSwagger (C:\Users\ejecutivo\Desktop\Flit_act_projec\BackCrudResolution_master\src\bootstrap\server.ts:83:17)
    at Server.<anonymous> (C:\Users\ejecutivo\Desktop\Flit_act_projec\BackCrudResolution_master\src\bootstrap\server.ts:66:10)
    at Generator.next (<anonymous>)
    at fulfilled (C:\Users\ejecutivo\Desktop\Flit_act_projec\BackCrudResolution_master\src\bootstrap\server.ts:28:58)
2023-05-09 15:07:09:0200 info: Database connected successfully! 
2023-05-09 15:07:10:95110 error: Cannot find module '../../domain/types/symbols'
Require stack:
- C:\Users\ejecutivo\Desktop\Flit_act_projec\BackCrudResolution_master\src\app\services\resolutionService.ts
- C:\Users\ejecutivo\Desktop\Flit_act_projec\BackCrudResolution_master\src\app\controllers\resolutionController.ts
- C:\Users\ejecutivo\Desktop\Flit_act_projec\BackCrudResolution_master\src\bootstrap\ioc\inversify.config.ts
- C:\Users\ejecutivo\Desktop\Flit_act_projec\BackCrudResolution_master\src\routes\v1\rentingApiRouter.ts
- C:\Users\ejecutivo\Desktop\Flit_act_projec\BackCrudResolution_master\src\routes\index.ts
- C:\Users\ejecutivo\Desktop\Flit_act_projec\BackCrudResolution_master\src\bootstrap\server.ts
- C:\Users\ejecutivo\Desktop\Flit_act_projec\BackCrudResolution_master\src\index.ts Error: Cannot find module '../../domain/types/symbols'
Require stack:
- C:\Users\ejecutivo\Desktop\Flit_act_projec\BackCrudResolution_master\src\app\services\resolutionService.ts
- C:\Users\ejecutivo\Desktop\Flit_act_projec\BackCrudResolution_master\src\app\controllers\resolutionController.ts
- C:\Users\ejecutivo\Desktop\Flit_act_projec\BackCrudResolution_master\src\bootstrap\ioc\inversify.config.ts
- C:\Users\ejecutivo\Desktop\Flit_act_projec\BackCrudResolution_master\src\routes\v1\rentingApiRouter.ts
- C:\Users\ejecutivo\Desktop\Flit_act_projec\BackCrudResolution_master\src\routes\index.ts
- C:\Users\ejecutivo\Desktop\Flit_act_projec\BackCrudResolution_master\src\bootstrap\server.ts
- C:\Users\ejecutivo\Desktop\Flit_act_projec\BackCrudResolution_master\src\index.ts
    at Function.Module._resolveFilename (node:internal/modules/cjs/loader:1075:15)
    at Function.Module._load (node:internal/modules/cjs/loader:920:27)
    at Module.require (node:internal/modules/cjs/loader:1141:19)
    at require (node:internal/modules/cjs/helpers:110:18)
    at Object.<anonymous> (C:\Users\ejecutivo\Desktop\Flit_act_projec\BackCrudResolution_master\src\app\services\resolutionService.ts:7:1)
    at Module._compile (node:internal/modules/cjs/loader:1254:14)
    at Module._compile (C:\Users\ejecutivo\Desktop\Flit_act_projec\BackCrudResolution_master\node_modules\source-map-support\source-map-support.js:568:25)
    at Module.m._compile (C:\Users\EJECUT~1\AppData\Local\Temp\ts-node-dev-hook-5768899106264433.js:69:33)
    at Module._extensions..js (node:internal/modules/cjs/loader:1308:10)
    at require.extensions..jsx.require.extensions..js (C:\Users\EJECUT~1\AppData\Local\Temp\ts-node-dev-hook-5768899106264433.js:114:20)
2023-05-09 15:07:10:99210 error: Cannot read properties of undefined (reading 'length') TypeError: Cannot read properties of undefined (reading 'length')
    at pathtoRegexp (C:\Users\ejecutivo\Desktop\Flit_act_projec\BackCrudResolution_master\node_modules\path-to-regexp\index.js:63:49)
    at new Layer (C:\Users\ejecutivo\Desktop\Flit_act_projec\BackCrudResolution_master\node_modules\express\lib\router\layer.js:45:17)
    at Function.use (C:\Users\ejecutivo\Desktop\Flit_act_projec\BackCrudResolution_master\node_modules\express\lib\router\index.js:475:17)
    at Function.<anonymous> (C:\Users\ejecutivo\Desktop\Flit_act_projec\BackCrudResolution_master\node_modules\express\lib\application.js:227:21)
    at Array.forEach (<anonymous>)
    at Function.use (C:\Users\ejecutivo\Desktop\Flit_act_projec\BackCrudResolution_master\node_modules\express\lib\application.js:224:7)
    at Server.registerSwagger (C:\Users\ejecutivo\Desktop\Flit_act_projec\BackCrudResolution_master\src\bootstrap\server.ts:83:17)
    at Server.<anonymous> (C:\Users\ejecutivo\Desktop\Flit_act_projec\BackCrudResolution_master\src\bootstrap\server.ts:66:10)
    at Generator.next (<anonymous>)
    at fulfilled (C:\Users\ejecutivo\Desktop\Flit_act_projec\BackCrudResolution_master\src\bootstrap\server.ts:28:58)
2023-05-09 15:07:51:4945 info: Database connected successfully! 
2023-05-09 15:07:53:6937 error: Cannot find module '../../domain/types/symbols'
Require stack:
- C:\Users\ejecutivo\Desktop\Flit_act_projec\BackCrudResolution_master\src\app\services\resolutionService.ts
- C:\Users\ejecutivo\Desktop\Flit_act_projec\BackCrudResolution_master\src\app\controllers\resolutionController.ts
- C:\Users\ejecutivo\Desktop\Flit_act_projec\BackCrudResolution_master\src\bootstrap\ioc\inversify.config.ts
- C:\Users\ejecutivo\Desktop\Flit_act_projec\BackCrudResolution_master\src\routes\v1\rentingApiRouter.ts
- C:\Users\ejecutivo\Desktop\Flit_act_projec\BackCrudResolution_master\src\routes\index.ts
- C:\Users\ejecutivo\Desktop\Flit_act_projec\BackCrudResolution_master\src\bootstrap\server.ts
- C:\Users\ejecutivo\Desktop\Flit_act_projec\BackCrudResolution_master\src\index.ts Error: Cannot find module '../../domain/types/symbols'
Require stack:
- C:\Users\ejecutivo\Desktop\Flit_act_projec\BackCrudResolution_master\src\app\services\resolutionService.ts
- C:\Users\ejecutivo\Desktop\Flit_act_projec\BackCrudResolution_master\src\app\controllers\resolutionController.ts
- C:\Users\ejecutivo\Desktop\Flit_act_projec\BackCrudResolution_master\src\bootstrap\ioc\inversify.config.ts
- C:\Users\ejecutivo\Desktop\Flit_act_projec\BackCrudResolution_master\src\routes\v1\rentingApiRouter.ts
- C:\Users\ejecutivo\Desktop\Flit_act_projec\BackCrudResolution_master\src\routes\index.ts
- C:\Users\ejecutivo\Desktop\Flit_act_projec\BackCrudResolution_master\src\bootstrap\server.ts
- C:\Users\ejecutivo\Desktop\Flit_act_projec\BackCrudResolution_master\src\index.ts
    at Function.Module._resolveFilename (node:internal/modules/cjs/loader:1075:15)
    at Function.Module._load (node:internal/modules/cjs/loader:920:27)
    at Module.require (node:internal/modules/cjs/loader:1141:19)
    at require (node:internal/modules/cjs/helpers:110:18)
    at Object.<anonymous> (C:\Users\ejecutivo\Desktop\Flit_act_projec\BackCrudResolution_master\src\app\services\resolutionService.ts:8:1)
    at Module._compile (node:internal/modules/cjs/loader:1254:14)
    at Module._compile (C:\Users\ejecutivo\Desktop\Flit_act_projec\BackCrudResolution_master\node_modules\source-map-support\source-map-support.js:568:25)
    at Module.m._compile (C:\Users\EJECUT~1\AppData\Local\Temp\ts-node-dev-hook-5768899106264433.js:69:33)
    at Module._extensions..js (node:internal/modules/cjs/loader:1308:10)
    at require.extensions..jsx.require.extensions..js (C:\Users\EJECUT~1\AppData\Local\Temp\ts-node-dev-hook-5768899106264433.js:114:20)
2023-05-09 15:07:53:7217 error: Cannot read properties of undefined (reading 'length') TypeError: Cannot read properties of undefined (reading 'length')
    at pathtoRegexp (C:\Users\ejecutivo\Desktop\Flit_act_projec\BackCrudResolution_master\node_modules\path-to-regexp\index.js:63:49)
    at new Layer (C:\Users\ejecutivo\Desktop\Flit_act_projec\BackCrudResolution_master\node_modules\express\lib\router\layer.js:45:17)
    at Function.use (C:\Users\ejecutivo\Desktop\Flit_act_projec\BackCrudResolution_master\node_modules\express\lib\router\index.js:475:17)
    at Function.<anonymous> (C:\Users\ejecutivo\Desktop\Flit_act_projec\BackCrudResolution_master\node_modules\express\lib\application.js:227:21)
    at Array.forEach (<anonymous>)
    at Function.use (C:\Users\ejecutivo\Desktop\Flit_act_projec\BackCrudResolution_master\node_modules\express\lib\application.js:224:7)
    at Server.registerSwagger (C:\Users\ejecutivo\Desktop\Flit_act_projec\BackCrudResolution_master\src\bootstrap\server.ts:83:17)
    at Server.<anonymous> (C:\Users\ejecutivo\Desktop\Flit_act_projec\BackCrudResolution_master\src\bootstrap\server.ts:66:10)
    at Generator.next (<anonymous>)
    at fulfilled (C:\Users\ejecutivo\Desktop\Flit_act_projec\BackCrudResolution_master\src\bootstrap\server.ts:28:58)
2023-05-09 15:08:49:1692 info: Database connected successfully! 
2023-05-09 15:08:50:4935 error: Cannot find module './businessInfractionsCalendarService'
Require stack:
- C:\Users\ejecutivo\Desktop\Flit_act_projec\BackCrudResolution_master\src\app\services\resolutionService.ts
- C:\Users\ejecutivo\Desktop\Flit_act_projec\BackCrudResolution_master\src\app\controllers\resolutionController.ts
- C:\Users\ejecutivo\Desktop\Flit_act_projec\BackCrudResolution_master\src\bootstrap\ioc\inversify.config.ts
- C:\Users\ejecutivo\Desktop\Flit_act_projec\BackCrudResolution_master\src\routes\v1\rentingApiRouter.ts
- C:\Users\ejecutivo\Desktop\Flit_act_projec\BackCrudResolution_master\src\routes\index.ts
- C:\Users\ejecutivo\Desktop\Flit_act_projec\BackCrudResolution_master\src\bootstrap\server.ts
- C:\Users\ejecutivo\Desktop\Flit_act_projec\BackCrudResolution_master\src\index.ts Error: Cannot find module './businessInfractionsCalendarService'
Require stack:
- C:\Users\ejecutivo\Desktop\Flit_act_projec\BackCrudResolution_master\src\app\services\resolutionService.ts
- C:\Users\ejecutivo\Desktop\Flit_act_projec\BackCrudResolution_master\src\app\controllers\resolutionController.ts
- C:\Users\ejecutivo\Desktop\Flit_act_projec\BackCrudResolution_master\src\bootstrap\ioc\inversify.config.ts
- C:\Users\ejecutivo\Desktop\Flit_act_projec\BackCrudResolution_master\src\routes\v1\rentingApiRouter.ts
- C:\Users\ejecutivo\Desktop\Flit_act_projec\BackCrudResolution_master\src\routes\index.ts
- C:\Users\ejecutivo\Desktop\Flit_act_projec\BackCrudResolution_master\src\bootstrap\server.ts
- C:\Users\ejecutivo\Desktop\Flit_act_projec\BackCrudResolution_master\src\index.ts
    at Function.Module._resolveFilename (node:internal/modules/cjs/loader:1075:15)
    at Function.Module._load (node:internal/modules/cjs/loader:920:27)
    at Module.require (node:internal/modules/cjs/loader:1141:19)
    at require (node:internal/modules/cjs/helpers:110:18)
    at Object.<anonymous> (C:\Users\ejecutivo\Desktop\Flit_act_projec\BackCrudResolution_master\src\app\services\resolutionService.ts:7:1)
    at Module._compile (node:internal/modules/cjs/loader:1254:14)
    at Module._compile (C:\Users\ejecutivo\Desktop\Flit_act_projec\BackCrudResolution_master\node_modules\source-map-support\source-map-support.js:568:25)
    at Module.m._compile (C:\Users\EJECUT~1\AppData\Local\Temp\ts-node-dev-hook-5768899106264433.js:69:33)
    at Module._extensions..js (node:internal/modules/cjs/loader:1308:10)
    at require.extensions..jsx.require.extensions..js (C:\Users\EJECUT~1\AppData\Local\Temp\ts-node-dev-hook-5768899106264433.js:114:20)
2023-05-09 15:08:50:5285 error: Cannot read properties of undefined (reading 'length') TypeError: Cannot read properties of undefined (reading 'length')
    at pathtoRegexp (C:\Users\ejecutivo\Desktop\Flit_act_projec\BackCrudResolution_master\node_modules\path-to-regexp\index.js:63:49)
    at new Layer (C:\Users\ejecutivo\Desktop\Flit_act_projec\BackCrudResolution_master\node_modules\express\lib\router\layer.js:45:17)
    at Function.use (C:\Users\ejecutivo\Desktop\Flit_act_projec\BackCrudResolution_master\node_modules\express\lib\router\index.js:475:17)
    at Function.<anonymous> (C:\Users\ejecutivo\Desktop\Flit_act_projec\BackCrudResolution_master\node_modules\express\lib\application.js:227:21)
    at Array.forEach (<anonymous>)
    at Function.use (C:\Users\ejecutivo\Desktop\Flit_act_projec\BackCrudResolution_master\node_modules\express\lib\application.js:224:7)
    at Server.registerSwagger (C:\Users\ejecutivo\Desktop\Flit_act_projec\BackCrudResolution_master\src\bootstrap\server.ts:83:17)
    at Server.<anonymous> (C:\Users\ejecutivo\Desktop\Flit_act_projec\BackCrudResolution_master\src\bootstrap\server.ts:66:10)
    at Generator.next (<anonymous>)
    at fulfilled (C:\Users\ejecutivo\Desktop\Flit_act_projec\BackCrudResolution_master\src\bootstrap\server.ts:28:58)
2023-05-09 15:09:14:4865 info: Database connected successfully! 
2023-05-09 15:09:16:1001 error: Cannot find module '../../domain/types/symbols'
Require stack:
- C:\Users\ejecutivo\Desktop\Flit_act_projec\BackCrudResolution_master\src\app\services\resolutionService.ts
- C:\Users\ejecutivo\Desktop\Flit_act_projec\BackCrudResolution_master\src\app\controllers\resolutionController.ts
- C:\Users\ejecutivo\Desktop\Flit_act_projec\BackCrudResolution_master\src\bootstrap\ioc\inversify.config.ts
- C:\Users\ejecutivo\Desktop\Flit_act_projec\BackCrudResolution_master\src\routes\v1\rentingApiRouter.ts
- C:\Users\ejecutivo\Desktop\Flit_act_projec\BackCrudResolution_master\src\routes\index.ts
- C:\Users\ejecutivo\Desktop\Flit_act_projec\BackCrudResolution_master\src\bootstrap\server.ts
- C:\Users\ejecutivo\Desktop\Flit_act_projec\BackCrudResolution_master\src\index.ts Error: Cannot find module '../../domain/types/symbols'
Require stack:
- C:\Users\ejecutivo\Desktop\Flit_act_projec\BackCrudResolution_master\src\app\services\resolutionService.ts
- C:\Users\ejecutivo\Desktop\Flit_act_projec\BackCrudResolution_master\src\app\controllers\resolutionController.ts
- C:\Users\ejecutivo\Desktop\Flit_act_projec\BackCrudResolution_master\src\bootstrap\ioc\inversify.config.ts
- C:\Users\ejecutivo\Desktop\Flit_act_projec\BackCrudResolution_master\src\routes\v1\rentingApiRouter.ts
- C:\Users\ejecutivo\Desktop\Flit_act_projec\BackCrudResolution_master\src\routes\index.ts
- C:\Users\ejecutivo\Desktop\Flit_act_projec\BackCrudResolution_master\src\bootstrap\server.ts
- C:\Users\ejecutivo\Desktop\Flit_act_projec\BackCrudResolution_master\src\index.ts
    at Function.Module._resolveFilename (node:internal/modules/cjs/loader:1075:15)
    at Function.Module._load (node:internal/modules/cjs/loader:920:27)
    at Module.require (node:internal/modules/cjs/loader:1141:19)
    at require (node:internal/modules/cjs/helpers:110:18)
    at Object.<anonymous> (C:\Users\ejecutivo\Desktop\Flit_act_projec\BackCrudResolution_master\src\app\services\resolutionService.ts:7:1)
    at Module._compile (node:internal/modules/cjs/loader:1254:14)
    at Module._compile (C:\Users\ejecutivo\Desktop\Flit_act_projec\BackCrudResolution_master\node_modules\source-map-support\source-map-support.js:568:25)
    at Module.m._compile (C:\Users\EJECUT~1\AppData\Local\Temp\ts-node-dev-hook-5768899106264433.js:69:33)
    at Module._extensions..js (node:internal/modules/cjs/loader:1308:10)
    at require.extensions..jsx.require.extensions..js (C:\Users\EJECUT~1\AppData\Local\Temp\ts-node-dev-hook-5768899106264433.js:114:20)
2023-05-09 15:09:16:1391 error: Cannot read properties of undefined (reading 'length') TypeError: Cannot read properties of undefined (reading 'length')
    at pathtoRegexp (C:\Users\ejecutivo\Desktop\Flit_act_projec\BackCrudResolution_master\node_modules\path-to-regexp\index.js:63:49)
    at new Layer (C:\Users\ejecutivo\Desktop\Flit_act_projec\BackCrudResolution_master\node_modules\express\lib\router\layer.js:45:17)
    at Function.use (C:\Users\ejecutivo\Desktop\Flit_act_projec\BackCrudResolution_master\node_modules\express\lib\router\index.js:475:17)
    at Function.<anonymous> (C:\Users\ejecutivo\Desktop\Flit_act_projec\BackCrudResolution_master\node_modules\express\lib\application.js:227:21)
    at Array.forEach (<anonymous>)
    at Function.use (C:\Users\ejecutivo\Desktop\Flit_act_projec\BackCrudResolution_master\node_modules\express\lib\application.js:224:7)
    at Server.registerSwagger (C:\Users\ejecutivo\Desktop\Flit_act_projec\BackCrudResolution_master\src\bootstrap\server.ts:83:17)
    at Server.<anonymous> (C:\Users\ejecutivo\Desktop\Flit_act_projec\BackCrudResolution_master\src\bootstrap\server.ts:66:10)
    at Generator.next (<anonymous>)
    at fulfilled (C:\Users\ejecutivo\Desktop\Flit_act_projec\BackCrudResolution_master\src\bootstrap\server.ts:28:58)
2023-05-09 15:09:45:6527 info: Database connected successfully! 
2023-05-09 15:09:48:6657 error: Cannot find module '../../domain/types/symbols'
Require stack:
- C:\Users\ejecutivo\Desktop\Flit_act_projec\BackCrudResolution_master\src\app\services\resolutionService.ts
- C:\Users\ejecutivo\Desktop\Flit_act_projec\BackCrudResolution_master\src\app\controllers\resolutionController.ts
- C:\Users\ejecutivo\Desktop\Flit_act_projec\BackCrudResolution_master\src\bootstrap\ioc\inversify.config.ts
- C:\Users\ejecutivo\Desktop\Flit_act_projec\BackCrudResolution_master\src\routes\v1\rentingApiRouter.ts
- C:\Users\ejecutivo\Desktop\Flit_act_projec\BackCrudResolution_master\src\routes\index.ts
- C:\Users\ejecutivo\Desktop\Flit_act_projec\BackCrudResolution_master\src\bootstrap\server.ts
- C:\Users\ejecutivo\Desktop\Flit_act_projec\BackCrudResolution_master\src\index.ts Error: Cannot find module '../../domain/types/symbols'
Require stack:
- C:\Users\ejecutivo\Desktop\Flit_act_projec\BackCrudResolution_master\src\app\services\resolutionService.ts
- C:\Users\ejecutivo\Desktop\Flit_act_projec\BackCrudResolution_master\src\app\controllers\resolutionController.ts
- C:\Users\ejecutivo\Desktop\Flit_act_projec\BackCrudResolution_master\src\bootstrap\ioc\inversify.config.ts
- C:\Users\ejecutivo\Desktop\Flit_act_projec\BackCrudResolution_master\src\routes\v1\rentingApiRouter.ts
- C:\Users\ejecutivo\Desktop\Flit_act_projec\BackCrudResolution_master\src\routes\index.ts
- C:\Users\ejecutivo\Desktop\Flit_act_projec\BackCrudResolution_master\src\bootstrap\server.ts
- C:\Users\ejecutivo\Desktop\Flit_act_projec\BackCrudResolution_master\src\index.ts
    at Function.Module._resolveFilename (node:internal/modules/cjs/loader:1075:15)
    at Function.Module._load (node:internal/modules/cjs/loader:920:27)
    at Module.require (node:internal/modules/cjs/loader:1141:19)
    at require (node:internal/modules/cjs/helpers:110:18)
    at Object.<anonymous> (C:\Users\ejecutivo\Desktop\Flit_act_projec\BackCrudResolution_master\src\app\services\resolutionService.ts:7:1)
    at Module._compile (node:internal/modules/cjs/loader:1254:14)
    at Module._compile (C:\Users\ejecutivo\Desktop\Flit_act_projec\BackCrudResolution_master\node_modules\source-map-support\source-map-support.js:568:25)
    at Module.m._compile (C:\Users\EJECUT~1\AppData\Local\Temp\ts-node-dev-hook-5768899106264433.js:69:33)
    at Module._extensions..js (node:internal/modules/cjs/loader:1308:10)
    at require.extensions..jsx.require.extensions..js (C:\Users\EJECUT~1\AppData\Local\Temp\ts-node-dev-hook-5768899106264433.js:114:20)
2023-05-09 15:09:48:7277 error: Cannot read properties of undefined (reading 'length') TypeError: Cannot read properties of undefined (reading 'length')
    at pathtoRegexp (C:\Users\ejecutivo\Desktop\Flit_act_projec\BackCrudResolution_master\node_modules\path-to-regexp\index.js:63:49)
    at new Layer (C:\Users\ejecutivo\Desktop\Flit_act_projec\BackCrudResolution_master\node_modules\express\lib\router\layer.js:45:17)
    at Function.use (C:\Users\ejecutivo\Desktop\Flit_act_projec\BackCrudResolution_master\node_modules\express\lib\router\index.js:475:17)
    at Function.<anonymous> (C:\Users\ejecutivo\Desktop\Flit_act_projec\BackCrudResolution_master\node_modules\express\lib\application.js:227:21)
    at Array.forEach (<anonymous>)
    at Function.use (C:\Users\ejecutivo\Desktop\Flit_act_projec\BackCrudResolution_master\node_modules\express\lib\application.js:224:7)
    at Server.registerSwagger (C:\Users\ejecutivo\Desktop\Flit_act_projec\BackCrudResolution_master\src\bootstrap\server.ts:83:17)
    at Server.<anonymous> (C:\Users\ejecutivo\Desktop\Flit_act_projec\BackCrudResolution_master\src\bootstrap\server.ts:66:10)
    at Generator.next (<anonymous>)
    at fulfilled (C:\Users\ejecutivo\Desktop\Flit_act_projec\BackCrudResolution_master\src\bootstrap\server.ts:28:58)
2023-05-09 15:09:57:0120 info: Database connected successfully! 
2023-05-09 15:09:58:7928 error: Cannot find module '../../domain/types/symbols'
Require stack:
- C:\Users\ejecutivo\Desktop\Flit_act_projec\BackCrudResolution_master\src\app\services\resolutionService.ts
- C:\Users\ejecutivo\Desktop\Flit_act_projec\BackCrudResolution_master\src\app\controllers\resolutionController.ts
- C:\Users\ejecutivo\Desktop\Flit_act_projec\BackCrudResolution_master\src\bootstrap\ioc\inversify.config.ts
- C:\Users\ejecutivo\Desktop\Flit_act_projec\BackCrudResolution_master\src\routes\v1\rentingApiRouter.ts
- C:\Users\ejecutivo\Desktop\Flit_act_projec\BackCrudResolution_master\src\routes\index.ts
- C:\Users\ejecutivo\Desktop\Flit_act_projec\BackCrudResolution_master\src\bootstrap\server.ts
- C:\Users\ejecutivo\Desktop\Flit_act_projec\BackCrudResolution_master\src\index.ts Error: Cannot find module '../../domain/types/symbols'
Require stack:
- C:\Users\ejecutivo\Desktop\Flit_act_projec\BackCrudResolution_master\src\app\services\resolutionService.ts
- C:\Users\ejecutivo\Desktop\Flit_act_projec\BackCrudResolution_master\src\app\controllers\resolutionController.ts
- C:\Users\ejecutivo\Desktop\Flit_act_projec\BackCrudResolution_master\src\bootstrap\ioc\inversify.config.ts
- C:\Users\ejecutivo\Desktop\Flit_act_projec\BackCrudResolution_master\src\routes\v1\rentingApiRouter.ts
- C:\Users\ejecutivo\Desktop\Flit_act_projec\BackCrudResolution_master\src\routes\index.ts
- C:\Users\ejecutivo\Desktop\Flit_act_projec\BackCrudResolution_master\src\bootstrap\server.ts
- C:\Users\ejecutivo\Desktop\Flit_act_projec\BackCrudResolution_master\src\index.ts
    at Function.Module._resolveFilename (node:internal/modules/cjs/loader:1075:15)
    at Function.Module._load (node:internal/modules/cjs/loader:920:27)
    at Module.require (node:internal/modules/cjs/loader:1141:19)
    at require (node:internal/modules/cjs/helpers:110:18)
    at Object.<anonymous> (C:\Users\ejecutivo\Desktop\Flit_act_projec\BackCrudResolution_master\src\app\services\resolutionService.ts:7:1)
    at Module._compile (node:internal/modules/cjs/loader:1254:14)
    at Module._compile (C:\Users\ejecutivo\Desktop\Flit_act_projec\BackCrudResolution_master\node_modules\source-map-support\source-map-support.js:568:25)
    at Module.m._compile (C:\Users\EJECUT~1\AppData\Local\Temp\ts-node-dev-hook-5768899106264433.js:69:33)
    at Module._extensions..js (node:internal/modules/cjs/loader:1308:10)
    at require.extensions..jsx.require.extensions..js (C:\Users\EJECUT~1\AppData\Local\Temp\ts-node-dev-hook-5768899106264433.js:114:20)
2023-05-09 15:09:58:8338 error: Cannot read properties of undefined (reading 'length') TypeError: Cannot read properties of undefined (reading 'length')
    at pathtoRegexp (C:\Users\ejecutivo\Desktop\Flit_act_projec\BackCrudResolution_master\node_modules\path-to-regexp\index.js:63:49)
    at new Layer (C:\Users\ejecutivo\Desktop\Flit_act_projec\BackCrudResolution_master\node_modules\express\lib\router\layer.js:45:17)
    at Function.use (C:\Users\ejecutivo\Desktop\Flit_act_projec\BackCrudResolution_master\node_modules\express\lib\router\index.js:475:17)
    at Function.<anonymous> (C:\Users\ejecutivo\Desktop\Flit_act_projec\BackCrudResolution_master\node_modules\express\lib\application.js:227:21)
    at Array.forEach (<anonymous>)
    at Function.use (C:\Users\ejecutivo\Desktop\Flit_act_projec\BackCrudResolution_master\node_modules\express\lib\application.js:224:7)
    at Server.registerSwagger (C:\Users\ejecutivo\Desktop\Flit_act_projec\BackCrudResolution_master\src\bootstrap\server.ts:83:17)
    at Server.<anonymous> (C:\Users\ejecutivo\Desktop\Flit_act_projec\BackCrudResolution_master\src\bootstrap\server.ts:66:10)
    at Generator.next (<anonymous>)
    at fulfilled (C:\Users\ejecutivo\Desktop\Flit_act_projec\BackCrudResolution_master\src\bootstrap\server.ts:28:58)
2023-05-09 15:11:41:4905 info: Database connected successfully! 
2023-05-09 15:11:43:5215 error: Cannot find module '../../domain/types/symbols'
Require stack:
- C:\Users\ejecutivo\Desktop\Flit_act_projec\BackCrudResolution_master\src\app\services\resolutionService.ts
- C:\Users\ejecutivo\Desktop\Flit_act_projec\BackCrudResolution_master\src\app\controllers\resolutionController.ts
- C:\Users\ejecutivo\Desktop\Flit_act_projec\BackCrudResolution_master\src\bootstrap\ioc\inversify.config.ts
- C:\Users\ejecutivo\Desktop\Flit_act_projec\BackCrudResolution_master\src\routes\v1\rentingApiRouter.ts
- C:\Users\ejecutivo\Desktop\Flit_act_projec\BackCrudResolution_master\src\routes\index.ts
- C:\Users\ejecutivo\Desktop\Flit_act_projec\BackCrudResolution_master\src\bootstrap\server.ts
- C:\Users\ejecutivo\Desktop\Flit_act_projec\BackCrudResolution_master\src\index.ts Error: Cannot find module '../../domain/types/symbols'
Require stack:
- C:\Users\ejecutivo\Desktop\Flit_act_projec\BackCrudResolution_master\src\app\services\resolutionService.ts
- C:\Users\ejecutivo\Desktop\Flit_act_projec\BackCrudResolution_master\src\app\controllers\resolutionController.ts
- C:\Users\ejecutivo\Desktop\Flit_act_projec\BackCrudResolution_master\src\bootstrap\ioc\inversify.config.ts
- C:\Users\ejecutivo\Desktop\Flit_act_projec\BackCrudResolution_master\src\routes\v1\rentingApiRouter.ts
- C:\Users\ejecutivo\Desktop\Flit_act_projec\BackCrudResolution_master\src\routes\index.ts
- C:\Users\ejecutivo\Desktop\Flit_act_projec\BackCrudResolution_master\src\bootstrap\server.ts
- C:\Users\ejecutivo\Desktop\Flit_act_projec\BackCrudResolution_master\src\index.ts
    at Function.Module._resolveFilename (node:internal/modules/cjs/loader:1075:15)
    at Function.Module._load (node:internal/modules/cjs/loader:920:27)
    at Module.require (node:internal/modules/cjs/loader:1141:19)
    at require (node:internal/modules/cjs/helpers:110:18)
    at Object.<anonymous> (C:\Users\ejecutivo\Desktop\Flit_act_projec\BackCrudResolution_master\src\app\services\resolutionService.ts:7:1)
    at Module._compile (node:internal/modules/cjs/loader:1254:14)
    at Module._compile (C:\Users\ejecutivo\Desktop\Flit_act_projec\BackCrudResolution_master\node_modules\source-map-support\source-map-support.js:568:25)
    at Module.m._compile (C:\Users\EJECUT~1\AppData\Local\Temp\ts-node-dev-hook-630697958293035.js:69:33)
    at Module._extensions..js (node:internal/modules/cjs/loader:1308:10)
    at require.extensions..jsx.require.extensions..js (C:\Users\EJECUT~1\AppData\Local\Temp\ts-node-dev-hook-630697958293035.js:114:20)
2023-05-09 15:11:43:5435 error: Cannot read properties of undefined (reading 'length') TypeError: Cannot read properties of undefined (reading 'length')
    at pathtoRegexp (C:\Users\ejecutivo\Desktop\Flit_act_projec\BackCrudResolution_master\node_modules\path-to-regexp\index.js:63:49)
    at new Layer (C:\Users\ejecutivo\Desktop\Flit_act_projec\BackCrudResolution_master\node_modules\express\lib\router\layer.js:45:17)
    at Function.use (C:\Users\ejecutivo\Desktop\Flit_act_projec\BackCrudResolution_master\node_modules\express\lib\router\index.js:475:17)
    at Function.<anonymous> (C:\Users\ejecutivo\Desktop\Flit_act_projec\BackCrudResolution_master\node_modules\express\lib\application.js:227:21)
    at Array.forEach (<anonymous>)
    at Function.use (C:\Users\ejecutivo\Desktop\Flit_act_projec\BackCrudResolution_master\node_modules\express\lib\application.js:224:7)
    at Server.registerSwagger (C:\Users\ejecutivo\Desktop\Flit_act_projec\BackCrudResolution_master\src\bootstrap\server.ts:83:17)
    at Server.<anonymous> (C:\Users\ejecutivo\Desktop\Flit_act_projec\BackCrudResolution_master\src\bootstrap\server.ts:66:10)
    at Generator.next (<anonymous>)
    at fulfilled (C:\Users\ejecutivo\Desktop\Flit_act_projec\BackCrudResolution_master\src\bootstrap\server.ts:28:58)
2023-05-09 15:17:54:4505 info: Database connected successfully! 
2023-05-09 15:17:58:8208 debug: ResolutionService:constructor 
2023-05-09 15:17:58:8238 debug: ResolutionController:constructor 
2023-05-09 15:17:58:8639 debug: TrafficSecretaryService:constructor 
2023-05-09 15:17:58:8659 debug: TrafficSecretaryController:constructor 
2023-05-09 15:50:44:0971 info: Database connected successfully! 
2023-05-09 15:50:48:6076 debug: ResolutionService:constructor 
2023-05-09 15:50:48:6096 debug: ResolutionController:constructor 
2023-05-09 15:50:48:6577 debug: TrafficSecretaryService:constructor 
2023-05-09 15:50:48:6597 debug: TrafficSecretaryController:constructor 
2023-05-09 17:52:44:6947 info: Database connected successfully! 
2023-05-09 17:52:48:1682 debug: ResolutionService:constructor 
2023-05-09 17:52:48:1692 debug: ResolutionController:constructor 
2023-05-09 17:52:48:2022 debug: TrafficSecretaryService:constructor 
2023-05-09 17:52:48:2072 debug: TrafficSecretaryController:constructor 
2023-05-09 17:53:16:0861 info: Database connected successfully! 
2023-05-09 17:53:27:4374 info: Database connected successfully! 
2023-05-09 17:53:30:8959 debug: ResolutionService:constructor 
2023-05-09 17:53:30:8979 debug: ResolutionController:constructor 
2023-05-09 17:53:30:9069 debug: TrafficSecretaryService:constructor 
2023-05-09 17:53:30:9109 debug: TrafficSecretaryController:constructor 
2023-05-09 17:53:42:2913 info: Database connected successfully! 
2023-05-09 17:53:45:5195 debug: ResolutionService:constructor 
2023-05-09 17:53:45:5205 debug: ResolutionController:constructor 
2023-05-09 17:53:45:5275 debug: TrafficSecretaryService:constructor 
2023-05-09 17:53:45:5295 debug: TrafficSecretaryController:constructor 
2023-05-09 17:54:28:1451 info: Database connected successfully! 
2023-05-09 17:54:30:9229 debug: ResolutionService:constructor 
2023-05-09 17:54:30:9249 debug: ResolutionController:constructor 
2023-05-09 17:54:30:9339 debug: TrafficSecretaryService:constructor 
2023-05-09 17:54:30:9409 debug: TrafficSecretaryController:constructor 
2023-05-09 17:55:10:1982 error: Maximum call stack size exceeded RangeError: Maximum call stack size exceeded
    at C:\Users\ejecutivo\Desktop\Flit_act_projec\BackCrudResolution_master\src\app\services\resolutionService.ts:17:9
    at new Promise (<anonymous>)
    at __awaiter (C:\Users\ejecutivo\Desktop\Flit_act_projec\BackCrudResolution_master\src\app\services\resolutionService.ts:13:12)
    at ResolutionService.summaryValueByCustomer (C:\Users\ejecutivo\Desktop\Flit_act_projec\BackCrudResolution_master\src\app\services\resolutionService.ts:74:16)
    at ResolutionService.<anonymous> (C:\Users\ejecutivo\Desktop\Flit_act_projec\BackCrudResolution_master\src\app\services\resolutionService.ts:57:23)
    at Generator.next (<anonymous>)
    at C:\Users\ejecutivo\Desktop\Flit_act_projec\BackCrudResolution_master\src\app\services\resolutionService.ts:17:71
    at new Promise (<anonymous>)
    at __awaiter (C:\Users\ejecutivo\Desktop\Flit_act_projec\BackCrudResolution_master\src\app\services\resolutionService.ts:13:12)
    at ResolutionService.summaryValueByCustomer (C:\Users\ejecutivo\Desktop\Flit_act_projec\BackCrudResolution_master\src\app\services\resolutionService.ts:74:16)
2023-05-09 17:55:10:2312 http: [2023-05-09T22:55:10.230Z] ::1 "GET /api/v1/resolutions/summaryValueByCustomer HTTP/1.1" 500 32 "-" "PostmanRuntime/7.32.2" {} 351.559 ms
 
2023-05-09 17:56:09:3363 info: Database connected successfully! 
2023-05-09 17:56:12:0160 debug: ResolutionService:constructor 
2023-05-09 17:56:12:0180 debug: ResolutionController:constructor 
2023-05-09 17:56:12:0320 debug: TrafficSecretaryService:constructor 
2023-05-09 17:56:12:0350 debug: TrafficSecretaryController:constructor 
2023-05-09 17:56:18:5826 error: Maximum call stack size exceeded RangeError: Maximum call stack size exceeded
    at C:\Users\ejecutivo\Desktop\Flit_act_projec\BackCrudResolution_master\src\app\services\resolutionService.ts:17:9
    at new Promise (<anonymous>)
    at __awaiter (C:\Users\ejecutivo\Desktop\Flit_act_projec\BackCrudResolution_master\src\app\services\resolutionService.ts:13:12)
    at ResolutionService.summaryValueByCustomer (C:\Users\ejecutivo\Desktop\Flit_act_projec\BackCrudResolution_master\src\app\services\resolutionService.ts:78:16)
    at ResolutionService.<anonymous> (C:\Users\ejecutivo\Desktop\Flit_act_projec\BackCrudResolution_master\src\app\services\resolutionService.ts:57:23)
    at Generator.next (<anonymous>)
    at C:\Users\ejecutivo\Desktop\Flit_act_projec\BackCrudResolution_master\src\app\services\resolutionService.ts:17:71
    at new Promise (<anonymous>)
    at __awaiter (C:\Users\ejecutivo\Desktop\Flit_act_projec\BackCrudResolution_master\src\app\services\resolutionService.ts:13:12)
    at ResolutionService.summaryValueByCustomer (C:\Users\ejecutivo\Desktop\Flit_act_projec\BackCrudResolution_master\src\app\services\resolutionService.ts:78:16)
2023-05-09 17:56:18:6076 http: [2023-05-09T22:56:18.606Z] ::1 "GET /api/v1/resolutions/summaryValueByCustomer HTTP/1.1" 500 32 "-" "PostmanRuntime/7.32.2" {} 539.388 ms
 
2023-05-09 17:56:45:6346 info: Database connected successfully! 
2023-05-09 17:56:49:1261 debug: ResolutionService:constructor 
2023-05-09 17:56:49:1291 debug: ResolutionController:constructor 
2023-05-09 17:56:49:1361 debug: TrafficSecretaryService:constructor 
2023-05-09 17:56:49:1371 debug: TrafficSecretaryController:constructor 
2023-05-09 17:58:38:0430 info: Database connected successfully! 
2023-05-09 17:58:46:2012 info: Database connected successfully! 
2023-05-09 17:58:48:98610 debug: ResolutionService:constructor 
2023-05-09 17:58:48:98810 debug: ResolutionController:constructor 
2023-05-09 17:58:48:99510 debug: TrafficSecretaryService:constructor 
2023-05-09 17:58:48:99810 debug: TrafficSecretaryController:constructor 
2023-05-09 18:00:03:4935 error: database is not defined ReferenceError: database is not defined
    at ResolutionRepository.<anonymous> (C:\Users\ejecutivo\Desktop\Flit_act_projec\BackCrudResolution_master\src\infrastructure\persistence\repositories\resolutionRepository.ts:65:32)
    at Generator.next (<anonymous>)
    at C:\Users\ejecutivo\Desktop\Flit_act_projec\BackCrudResolution_master\src\infrastructure\persistence\repositories\resolutionRepository.ts:8:71
    at new Promise (<anonymous>)
    at __awaiter (C:\Users\ejecutivo\Desktop\Flit_act_projec\BackCrudResolution_master\src\infrastructure\persistence\repositories\resolutionRepository.ts:4:12)
    at ResolutionRepository.querySummaryValueByCustomer (C:\Users\ejecutivo\Desktop\Flit_act_projec\BackCrudResolution_master\src\infrastructure\persistence\repositories\resolutionRepository.ts:70:16)
    at ResolutionService.<anonymous> (C:\Users\ejecutivo\Desktop\Flit_act_projec\BackCrudResolution_master\src\app\services\resolutionService.ts:57:47)
    at Generator.next (<anonymous>)
    at C:\Users\ejecutivo\Desktop\Flit_act_projec\BackCrudResolution_master\src\app\services\resolutionService.ts:17:71
    at new Promise (<anonymous>)
2023-05-09 18:00:03:5175 http: [2023-05-09T23:00:03.517Z] ::1 "GET /api/v1/resolutions/summaryValueByCustomer HTTP/1.1" 500 32 "-" "PostmanRuntime/7.32.2" {} 18.129 ms
 
2023-05-09 18:03:10:5385 info: Database connected successfully! 
2023-05-09 18:03:12:7778 debug: ResolutionService:constructor 
2023-05-09 18:03:12:7808 debug: ResolutionController:constructor 
2023-05-09 18:03:12:7858 debug: TrafficSecretaryService:constructor 
2023-05-09 18:03:12:7878 debug: TrafficSecretaryController:constructor 
2023-05-09 18:03:33:7778 info: Database connected successfully! 
2023-05-09 18:03:35:9199 debug: ResolutionService:constructor 
2023-05-09 18:03:35:9249 debug: ResolutionController:constructor 
2023-05-09 18:03:35:9299 debug: TrafficSecretaryService:constructor 
2023-05-09 18:03:35:9329 debug: TrafficSecretaryController:constructor 
2023-05-09 18:03:49:7958 info: Database connected successfully! 
2023-05-09 18:03:51:6036 error: ResolutionRepository is not defined ReferenceError: ResolutionRepository is not defined
    at new DbContext (C:\Users\ejecutivo\Desktop\Flit_act_projec\BackCrudResolution_master\src\infrastructure\persistence\dbContext.ts:10:92)
    at Object.<anonymous> (C:\Users\ejecutivo\Desktop\Flit_act_projec\BackCrudResolution_master\src\infrastructure\persistence\dbContext.ts:16:19)
    at Module._compile (node:internal/modules/cjs/loader:1254:14)
    at Module._compile (C:\Users\ejecutivo\Desktop\Flit_act_projec\BackCrudResolution_master\node_modules\source-map-support\source-map-support.js:568:25)
    at Module.m._compile (C:\Users\EJECUT~1\AppData\Local\Temp\ts-node-dev-hook-7908315732349185.js:69:33)
    at Module._extensions..js (node:internal/modules/cjs/loader:1308:10)
    at require.extensions..jsx.require.extensions..js (C:\Users\EJECUT~1\AppData\Local\Temp\ts-node-dev-hook-7908315732349185.js:114:20)
    at require.extensions.<computed> (C:\Users\EJECUT~1\AppData\Local\Temp\ts-node-dev-hook-7908315732349185.js:71:20)
    at Object.nodeDevHook [as .ts] (C:\Users\ejecutivo\Desktop\Flit_act_projec\BackCrudResolution_master\node_modules\ts-node-dev\lib\hook.js:63:13)
    at Module.load (node:internal/modules/cjs/loader:1117:32)
2023-05-09 18:04:02:2803 info: Database connected successfully! 
2023-05-09 18:04:03:8068 error: ResolutionRepository is not defined ReferenceError: ResolutionRepository is not defined
    at new DbContext (C:\Users\ejecutivo\Desktop\Flit_act_projec\BackCrudResolution_master\src\infrastructure\persistence\dbContext.ts:10:92)
    at Object.<anonymous> (C:\Users\ejecutivo\Desktop\Flit_act_projec\BackCrudResolution_master\src\infrastructure\persistence\dbContext.ts:16:19)
    at Module._compile (node:internal/modules/cjs/loader:1254:14)
    at Module._compile (C:\Users\ejecutivo\Desktop\Flit_act_projec\BackCrudResolution_master\node_modules\source-map-support\source-map-support.js:568:25)
    at Module.m._compile (C:\Users\EJECUT~1\AppData\Local\Temp\ts-node-dev-hook-7908315732349185.js:69:33)
    at Module._extensions..js (node:internal/modules/cjs/loader:1308:10)
    at require.extensions..jsx.require.extensions..js (C:\Users\EJECUT~1\AppData\Local\Temp\ts-node-dev-hook-7908315732349185.js:114:20)
    at require.extensions.<computed> (C:\Users\EJECUT~1\AppData\Local\Temp\ts-node-dev-hook-7908315732349185.js:71:20)
    at Object.nodeDevHook [as .ts] (C:\Users\ejecutivo\Desktop\Flit_act_projec\BackCrudResolution_master\node_modules\ts-node-dev\lib\hook.js:63:13)
    at Module.load (node:internal/modules/cjs/loader:1117:32)
2023-05-09 18:04:34:1161 info: Database connected successfully! 
2023-05-09 18:04:35:1231 error: Cannot find module './repositories/resolutionRepositoryContract'
Require stack:
- C:\Users\ejecutivo\Desktop\Flit_act_projec\BackCrudResolution_master\src\infrastructure\persistence\dbContext.ts
- C:\Users\ejecutivo\Desktop\Flit_act_projec\BackCrudResolution_master\src\app\services\resolutionService.ts
- C:\Users\ejecutivo\Desktop\Flit_act_projec\BackCrudResolution_master\src\app\controllers\resolutionController.ts
- C:\Users\ejecutivo\Desktop\Flit_act_projec\BackCrudResolution_master\src\bootstrap\ioc\inversify.config.ts
- C:\Users\ejecutivo\Desktop\Flit_act_projec\BackCrudResolution_master\src\routes\v1\rentingApiRouter.ts
- C:\Users\ejecutivo\Desktop\Flit_act_projec\BackCrudResolution_master\src\routes\index.ts
- C:\Users\ejecutivo\Desktop\Flit_act_projec\BackCrudResolution_master\src\bootstrap\server.ts
- C:\Users\ejecutivo\Desktop\Flit_act_projec\BackCrudResolution_master\src\index.ts Error: Cannot find module './repositories/resolutionRepositoryContract'
Require stack:
- C:\Users\ejecutivo\Desktop\Flit_act_projec\BackCrudResolution_master\src\infrastructure\persistence\dbContext.ts
- C:\Users\ejecutivo\Desktop\Flit_act_projec\BackCrudResolution_master\src\app\services\resolutionService.ts
- C:\Users\ejecutivo\Desktop\Flit_act_projec\BackCrudResolution_master\src\app\controllers\resolutionController.ts
- C:\Users\ejecutivo\Desktop\Flit_act_projec\BackCrudResolution_master\src\bootstrap\ioc\inversify.config.ts
- C:\Users\ejecutivo\Desktop\Flit_act_projec\BackCrudResolution_master\src\routes\v1\rentingApiRouter.ts
- C:\Users\ejecutivo\Desktop\Flit_act_projec\BackCrudResolution_master\src\routes\index.ts
- C:\Users\ejecutivo\Desktop\Flit_act_projec\BackCrudResolution_master\src\bootstrap\server.ts
- C:\Users\ejecutivo\Desktop\Flit_act_projec\BackCrudResolution_master\src\index.ts
    at Function.Module._resolveFilename (node:internal/modules/cjs/loader:1075:15)
    at Function.Module._load (node:internal/modules/cjs/loader:920:27)
    at Module.require (node:internal/modules/cjs/loader:1141:19)
    at require (node:internal/modules/cjs/helpers:110:18)
    at Object.<anonymous> (C:\Users\ejecutivo\Desktop\Flit_act_projec\BackCrudResolution_master\src\infrastructure\persistence\dbContext.ts:1:1)
    at Module._compile (node:internal/modules/cjs/loader:1254:14)
    at Module._compile (C:\Users\ejecutivo\Desktop\Flit_act_projec\BackCrudResolution_master\node_modules\source-map-support\source-map-support.js:568:25)
    at Module.m._compile (C:\Users\EJECUT~1\AppData\Local\Temp\ts-node-dev-hook-7908315732349185.js:69:33)
    at Module._extensions..js (node:internal/modules/cjs/loader:1308:10)
    at require.extensions..jsx.require.extensions..js (C:\Users\EJECUT~1\AppData\Local\Temp\ts-node-dev-hook-7908315732349185.js:114:20)
2023-05-09 18:05:15:2382 info: Database connected successfully! 
2023-05-09 18:05:16:4064 error: Cannot find module './repositories/ResolutionRepositoryContract'
Require stack:
- C:\Users\ejecutivo\Desktop\Flit_act_projec\BackCrudResolution_master\src\infrastructure\persistence\dbContext.ts
- C:\Users\ejecutivo\Desktop\Flit_act_projec\BackCrudResolution_master\src\app\services\resolutionService.ts
- C:\Users\ejecutivo\Desktop\Flit_act_projec\BackCrudResolution_master\src\app\controllers\resolutionController.ts
- C:\Users\ejecutivo\Desktop\Flit_act_projec\BackCrudResolution_master\src\bootstrap\ioc\inversify.config.ts
- C:\Users\ejecutivo\Desktop\Flit_act_projec\BackCrudResolution_master\src\routes\v1\rentingApiRouter.ts
- C:\Users\ejecutivo\Desktop\Flit_act_projec\BackCrudResolution_master\src\routes\index.ts
- C:\Users\ejecutivo\Desktop\Flit_act_projec\BackCrudResolution_master\src\bootstrap\server.ts
- C:\Users\ejecutivo\Desktop\Flit_act_projec\BackCrudResolution_master\src\index.ts Error: Cannot find module './repositories/ResolutionRepositoryContract'
Require stack:
- C:\Users\ejecutivo\Desktop\Flit_act_projec\BackCrudResolution_master\src\infrastructure\persistence\dbContext.ts
- C:\Users\ejecutivo\Desktop\Flit_act_projec\BackCrudResolution_master\src\app\services\resolutionService.ts
- C:\Users\ejecutivo\Desktop\Flit_act_projec\BackCrudResolution_master\src\app\controllers\resolutionController.ts
- C:\Users\ejecutivo\Desktop\Flit_act_projec\BackCrudResolution_master\src\bootstrap\ioc\inversify.config.ts
- C:\Users\ejecutivo\Desktop\Flit_act_projec\BackCrudResolution_master\src\routes\v1\rentingApiRouter.ts
- C:\Users\ejecutivo\Desktop\Flit_act_projec\BackCrudResolution_master\src\routes\index.ts
- C:\Users\ejecutivo\Desktop\Flit_act_projec\BackCrudResolution_master\src\bootstrap\server.ts
- C:\Users\ejecutivo\Desktop\Flit_act_projec\BackCrudResolution_master\src\index.ts
    at Function.Module._resolveFilename (node:internal/modules/cjs/loader:1075:15)
    at Function.Module._load (node:internal/modules/cjs/loader:920:27)
    at Module.require (node:internal/modules/cjs/loader:1141:19)
    at require (node:internal/modules/cjs/helpers:110:18)
    at Object.<anonymous> (C:\Users\ejecutivo\Desktop\Flit_act_projec\BackCrudResolution_master\src\infrastructure\persistence\dbContext.ts:1:1)
    at Module._compile (node:internal/modules/cjs/loader:1254:14)
    at Module._compile (C:\Users\ejecutivo\Desktop\Flit_act_projec\BackCrudResolution_master\node_modules\source-map-support\source-map-support.js:568:25)
    at Module.m._compile (C:\Users\EJECUT~1\AppData\Local\Temp\ts-node-dev-hook-7908315732349185.js:69:33)
    at Module._extensions..js (node:internal/modules/cjs/loader:1308:10)
    at require.extensions..jsx.require.extensions..js (C:\Users\EJECUT~1\AppData\Local\Temp\ts-node-dev-hook-7908315732349185.js:114:20)
2023-05-09 18:05:43:3754 info: Database connected successfully! 
2023-05-09 18:05:44:8779 error: Cannot find module './repositories/resolutionRepositoryContract'
Require stack:
- C:\Users\ejecutivo\Desktop\Flit_act_projec\BackCrudResolution_master\src\infrastructure\persistence\dbContext.ts
- C:\Users\ejecutivo\Desktop\Flit_act_projec\BackCrudResolution_master\src\app\services\resolutionService.ts
- C:\Users\ejecutivo\Desktop\Flit_act_projec\BackCrudResolution_master\src\app\controllers\resolutionController.ts
- C:\Users\ejecutivo\Desktop\Flit_act_projec\BackCrudResolution_master\src\bootstrap\ioc\inversify.config.ts
- C:\Users\ejecutivo\Desktop\Flit_act_projec\BackCrudResolution_master\src\routes\v1\rentingApiRouter.ts
- C:\Users\ejecutivo\Desktop\Flit_act_projec\BackCrudResolution_master\src\routes\index.ts
- C:\Users\ejecutivo\Desktop\Flit_act_projec\BackCrudResolution_master\src\bootstrap\server.ts
- C:\Users\ejecutivo\Desktop\Flit_act_projec\BackCrudResolution_master\src\index.ts Error: Cannot find module './repositories/resolutionRepositoryContract'
Require stack:
- C:\Users\ejecutivo\Desktop\Flit_act_projec\BackCrudResolution_master\src\infrastructure\persistence\dbContext.ts
- C:\Users\ejecutivo\Desktop\Flit_act_projec\BackCrudResolution_master\src\app\services\resolutionService.ts
- C:\Users\ejecutivo\Desktop\Flit_act_projec\BackCrudResolution_master\src\app\controllers\resolutionController.ts
- C:\Users\ejecutivo\Desktop\Flit_act_projec\BackCrudResolution_master\src\bootstrap\ioc\inversify.config.ts
- C:\Users\ejecutivo\Desktop\Flit_act_projec\BackCrudResolution_master\src\routes\v1\rentingApiRouter.ts
- C:\Users\ejecutivo\Desktop\Flit_act_projec\BackCrudResolution_master\src\routes\index.ts
- C:\Users\ejecutivo\Desktop\Flit_act_projec\BackCrudResolution_master\src\bootstrap\server.ts
- C:\Users\ejecutivo\Desktop\Flit_act_projec\BackCrudResolution_master\src\index.ts
    at Function.Module._resolveFilename (node:internal/modules/cjs/loader:1075:15)
    at Function.Module._load (node:internal/modules/cjs/loader:920:27)
    at Module.require (node:internal/modules/cjs/loader:1141:19)
    at require (node:internal/modules/cjs/helpers:110:18)
    at Object.<anonymous> (C:\Users\ejecutivo\Desktop\Flit_act_projec\BackCrudResolution_master\src\infrastructure\persistence\dbContext.ts:1:1)
    at Module._compile (node:internal/modules/cjs/loader:1254:14)
    at Module._compile (C:\Users\ejecutivo\Desktop\Flit_act_projec\BackCrudResolution_master\node_modules\source-map-support\source-map-support.js:568:25)
    at Module.m._compile (C:\Users\EJECUT~1\AppData\Local\Temp\ts-node-dev-hook-7908315732349185.js:69:33)
    at Module._extensions..js (node:internal/modules/cjs/loader:1308:10)
    at require.extensions..jsx.require.extensions..js (C:\Users\EJECUT~1\AppData\Local\Temp\ts-node-dev-hook-7908315732349185.js:114:20)
2023-05-09 18:06:51:5676 info: Database connected successfully! 
2023-05-09 18:06:52:8849 error: Cannot find module './repositories/resolutionRepositoryContract'
Require stack:
- C:\Users\ejecutivo\Desktop\Flit_act_projec\BackCrudResolution_master\src\infrastructure\persistence\dbContext.ts
- C:\Users\ejecutivo\Desktop\Flit_act_projec\BackCrudResolution_master\src\app\services\resolutionService.ts
- C:\Users\ejecutivo\Desktop\Flit_act_projec\BackCrudResolution_master\src\app\controllers\resolutionController.ts
- C:\Users\ejecutivo\Desktop\Flit_act_projec\BackCrudResolution_master\src\bootstrap\ioc\inversify.config.ts
- C:\Users\ejecutivo\Desktop\Flit_act_projec\BackCrudResolution_master\src\routes\v1\rentingApiRouter.ts
- C:\Users\ejecutivo\Desktop\Flit_act_projec\BackCrudResolution_master\src\routes\index.ts
- C:\Users\ejecutivo\Desktop\Flit_act_projec\BackCrudResolution_master\src\bootstrap\server.ts
- C:\Users\ejecutivo\Desktop\Flit_act_projec\BackCrudResolution_master\src\index.ts Error: Cannot find module './repositories/resolutionRepositoryContract'
Require stack:
- C:\Users\ejecutivo\Desktop\Flit_act_projec\BackCrudResolution_master\src\infrastructure\persistence\dbContext.ts
- C:\Users\ejecutivo\Desktop\Flit_act_projec\BackCrudResolution_master\src\app\services\resolutionService.ts
- C:\Users\ejecutivo\Desktop\Flit_act_projec\BackCrudResolution_master\src\app\controllers\resolutionController.ts
- C:\Users\ejecutivo\Desktop\Flit_act_projec\BackCrudResolution_master\src\bootstrap\ioc\inversify.config.ts
- C:\Users\ejecutivo\Desktop\Flit_act_projec\BackCrudResolution_master\src\routes\v1\rentingApiRouter.ts
- C:\Users\ejecutivo\Desktop\Flit_act_projec\BackCrudResolution_master\src\routes\index.ts
- C:\Users\ejecutivo\Desktop\Flit_act_projec\BackCrudResolution_master\src\bootstrap\server.ts
- C:\Users\ejecutivo\Desktop\Flit_act_projec\BackCrudResolution_master\src\index.ts
    at Function.Module._resolveFilename (node:internal/modules/cjs/loader:1075:15)
    at Function.Module._load (node:internal/modules/cjs/loader:920:27)
    at Module.require (node:internal/modules/cjs/loader:1141:19)
    at require (node:internal/modules/cjs/helpers:110:18)
    at Object.<anonymous> (C:\Users\ejecutivo\Desktop\Flit_act_projec\BackCrudResolution_master\src\infrastructure\persistence\dbContext.ts:1:1)
    at Module._compile (node:internal/modules/cjs/loader:1254:14)
    at Module._compile (C:\Users\ejecutivo\Desktop\Flit_act_projec\BackCrudResolution_master\node_modules\source-map-support\source-map-support.js:568:25)
    at Module.m._compile (C:\Users\EJECUT~1\AppData\Local\Temp\ts-node-dev-hook-6445061064846598.js:69:33)
    at Module._extensions..js (node:internal/modules/cjs/loader:1308:10)
    at require.extensions..jsx.require.extensions..js (C:\Users\EJECUT~1\AppData\Local\Temp\ts-node-dev-hook-6445061064846598.js:114:20)
2023-05-09 18:09:12:8148 info: Database connected successfully! 
2023-05-09 18:09:14:1602 error: Cannot find module 'C:UsersejecutivoDesktopFlit_act_projecBackCrudResolution_mastersrcdomaincontractsesolutionRepositoryContract.ts'
Require stack:
- C:\Users\ejecutivo\Desktop\Flit_act_projec\BackCrudResolution_master\src\infrastructure\persistence\dbContext.ts
- C:\Users\ejecutivo\Desktop\Flit_act_projec\BackCrudResolution_master\src\app\services\resolutionService.ts
- C:\Users\ejecutivo\Desktop\Flit_act_projec\BackCrudResolution_master\src\app\controllers\resolutionController.ts
- C:\Users\ejecutivo\Desktop\Flit_act_projec\BackCrudResolution_master\src\bootstrap\ioc\inversify.config.ts
- C:\Users\ejecutivo\Desktop\Flit_act_projec\BackCrudResolution_master\src\routes\v1\rentingApiRouter.ts
- C:\Users\ejecutivo\Desktop\Flit_act_projec\BackCrudResolution_master\src\routes\index.ts
- C:\Users\ejecutivo\Desktop\Flit_act_projec\BackCrudResolution_master\src\bootstrap\server.ts
- C:\Users\ejecutivo\Desktop\Flit_act_projec\BackCrudResolution_master\src\index.ts Error: Cannot find module 'C:UsersejecutivoDesktopFlit_act_projecBackCrudResolution_mastersrcdomaincontractsesolutionRepositoryContract.ts'
Require stack:
- C:\Users\ejecutivo\Desktop\Flit_act_projec\BackCrudResolution_master\src\infrastructure\persistence\dbContext.ts
- C:\Users\ejecutivo\Desktop\Flit_act_projec\BackCrudResolution_master\src\app\services\resolutionService.ts
- C:\Users\ejecutivo\Desktop\Flit_act_projec\BackCrudResolution_master\src\app\controllers\resolutionController.ts
- C:\Users\ejecutivo\Desktop\Flit_act_projec\BackCrudResolution_master\src\bootstrap\ioc\inversify.config.ts
- C:\Users\ejecutivo\Desktop\Flit_act_projec\BackCrudResolution_master\src\routes\v1\rentingApiRouter.ts
- C:\Users\ejecutivo\Desktop\Flit_act_projec\BackCrudResolution_master\src\routes\index.ts
- C:\Users\ejecutivo\Desktop\Flit_act_projec\BackCrudResolution_master\src\bootstrap\server.ts
- C:\Users\ejecutivo\Desktop\Flit_act_projec\BackCrudResolution_master\src\index.ts
    at Function.Module._resolveFilename (node:internal/modules/cjs/loader:1075:15)
    at Function.Module._load (node:internal/modules/cjs/loader:920:27)
    at Module.require (node:internal/modules/cjs/loader:1141:19)
    at require (node:internal/modules/cjs/helpers:110:18)
    at Object.<anonymous> (C:\Users\ejecutivo\Desktop\Flit_act_projec\BackCrudResolution_master\src\infrastructure\persistence\dbContext.ts:1:1)
    at Module._compile (node:internal/modules/cjs/loader:1254:14)
    at Module._compile (C:\Users\ejecutivo\Desktop\Flit_act_projec\BackCrudResolution_master\node_modules\source-map-support\source-map-support.js:568:25)
    at Module.m._compile (C:\Users\EJECUT~1\AppData\Local\Temp\ts-node-dev-hook-6445061064846598.js:69:33)
    at Module._extensions..js (node:internal/modules/cjs/loader:1308:10)
    at require.extensions..jsx.require.extensions..js (C:\Users\EJECUT~1\AppData\Local\Temp\ts-node-dev-hook-6445061064846598.js:114:20)
2023-05-09 18:09:19:4705 info: Database connected successfully! 
2023-05-09 18:09:20:4344 error: Cannot find module './repositories/resolutionRepositoryContract'
Require stack:
- C:\Users\ejecutivo\Desktop\Flit_act_projec\BackCrudResolution_master\src\infrastructure\persistence\dbContext.ts
- C:\Users\ejecutivo\Desktop\Flit_act_projec\BackCrudResolution_master\src\app\services\resolutionService.ts
- C:\Users\ejecutivo\Desktop\Flit_act_projec\BackCrudResolution_master\src\app\controllers\resolutionController.ts
- C:\Users\ejecutivo\Desktop\Flit_act_projec\BackCrudResolution_master\src\bootstrap\ioc\inversify.config.ts
- C:\Users\ejecutivo\Desktop\Flit_act_projec\BackCrudResolution_master\src\routes\v1\rentingApiRouter.ts
- C:\Users\ejecutivo\Desktop\Flit_act_projec\BackCrudResolution_master\src\routes\index.ts
- C:\Users\ejecutivo\Desktop\Flit_act_projec\BackCrudResolution_master\src\bootstrap\server.ts
- C:\Users\ejecutivo\Desktop\Flit_act_projec\BackCrudResolution_master\src\index.ts Error: Cannot find module './repositories/resolutionRepositoryContract'
Require stack:
- C:\Users\ejecutivo\Desktop\Flit_act_projec\BackCrudResolution_master\src\infrastructure\persistence\dbContext.ts
- C:\Users\ejecutivo\Desktop\Flit_act_projec\BackCrudResolution_master\src\app\services\resolutionService.ts
- C:\Users\ejecutivo\Desktop\Flit_act_projec\BackCrudResolution_master\src\app\controllers\resolutionController.ts
- C:\Users\ejecutivo\Desktop\Flit_act_projec\BackCrudResolution_master\src\bootstrap\ioc\inversify.config.ts
- C:\Users\ejecutivo\Desktop\Flit_act_projec\BackCrudResolution_master\src\routes\v1\rentingApiRouter.ts
- C:\Users\ejecutivo\Desktop\Flit_act_projec\BackCrudResolution_master\src\routes\index.ts
- C:\Users\ejecutivo\Desktop\Flit_act_projec\BackCrudResolution_master\src\bootstrap\server.ts
- C:\Users\ejecutivo\Desktop\Flit_act_projec\BackCrudResolution_master\src\index.ts
    at Function.Module._resolveFilename (node:internal/modules/cjs/loader:1075:15)
    at Function.Module._load (node:internal/modules/cjs/loader:920:27)
    at Module.require (node:internal/modules/cjs/loader:1141:19)
    at require (node:internal/modules/cjs/helpers:110:18)
    at Object.<anonymous> (C:\Users\ejecutivo\Desktop\Flit_act_projec\BackCrudResolution_master\src\infrastructure\persistence\dbContext.ts:1:1)
    at Module._compile (node:internal/modules/cjs/loader:1254:14)
    at Module._compile (C:\Users\ejecutivo\Desktop\Flit_act_projec\BackCrudResolution_master\node_modules\source-map-support\source-map-support.js:568:25)
    at Module.m._compile (C:\Users\EJECUT~1\AppData\Local\Temp\ts-node-dev-hook-6445061064846598.js:69:33)
    at Module._extensions..js (node:internal/modules/cjs/loader:1308:10)
    at require.extensions..jsx.require.extensions..js (C:\Users\EJECUT~1\AppData\Local\Temp\ts-node-dev-hook-6445061064846598.js:114:20)
2023-05-09 18:09:29:7668 info: Database connected successfully! 
2023-05-09 18:09:31:1251 error: Cannot find module './domain/contracts/resolutionRepositoryContract'
Require stack:
- C:\Users\ejecutivo\Desktop\Flit_act_projec\BackCrudResolution_master\src\infrastructure\persistence\dbContext.ts
- C:\Users\ejecutivo\Desktop\Flit_act_projec\BackCrudResolution_master\src\app\services\resolutionService.ts
- C:\Users\ejecutivo\Desktop\Flit_act_projec\BackCrudResolution_master\src\app\controllers\resolutionController.ts
- C:\Users\ejecutivo\Desktop\Flit_act_projec\BackCrudResolution_master\src\bootstrap\ioc\inversify.config.ts
- C:\Users\ejecutivo\Desktop\Flit_act_projec\BackCrudResolution_master\src\routes\v1\rentingApiRouter.ts
- C:\Users\ejecutivo\Desktop\Flit_act_projec\BackCrudResolution_master\src\routes\index.ts
- C:\Users\ejecutivo\Desktop\Flit_act_projec\BackCrudResolution_master\src\bootstrap\server.ts
- C:\Users\ejecutivo\Desktop\Flit_act_projec\BackCrudResolution_master\src\index.ts Error: Cannot find module './domain/contracts/resolutionRepositoryContract'
Require stack:
- C:\Users\ejecutivo\Desktop\Flit_act_projec\BackCrudResolution_master\src\infrastructure\persistence\dbContext.ts
- C:\Users\ejecutivo\Desktop\Flit_act_projec\BackCrudResolution_master\src\app\services\resolutionService.ts
- C:\Users\ejecutivo\Desktop\Flit_act_projec\BackCrudResolution_master\src\app\controllers\resolutionController.ts
- C:\Users\ejecutivo\Desktop\Flit_act_projec\BackCrudResolution_master\src\bootstrap\ioc\inversify.config.ts
- C:\Users\ejecutivo\Desktop\Flit_act_projec\BackCrudResolution_master\src\routes\v1\rentingApiRouter.ts
- C:\Users\ejecutivo\Desktop\Flit_act_projec\BackCrudResolution_master\src\routes\index.ts
- C:\Users\ejecutivo\Desktop\Flit_act_projec\BackCrudResolution_master\src\bootstrap\server.ts
- C:\Users\ejecutivo\Desktop\Flit_act_projec\BackCrudResolution_master\src\index.ts
    at Function.Module._resolveFilename (node:internal/modules/cjs/loader:1075:15)
    at Function.Module._load (node:internal/modules/cjs/loader:920:27)
    at Module.require (node:internal/modules/cjs/loader:1141:19)
    at require (node:internal/modules/cjs/helpers:110:18)
    at Object.<anonymous> (C:\Users\ejecutivo\Desktop\Flit_act_projec\BackCrudResolution_master\src\infrastructure\persistence\dbContext.ts:1:1)
    at Module._compile (node:internal/modules/cjs/loader:1254:14)
    at Module._compile (C:\Users\ejecutivo\Desktop\Flit_act_projec\BackCrudResolution_master\node_modules\source-map-support\source-map-support.js:568:25)
    at Module.m._compile (C:\Users\EJECUT~1\AppData\Local\Temp\ts-node-dev-hook-6445061064846598.js:69:33)
    at Module._extensions..js (node:internal/modules/cjs/loader:1308:10)
    at require.extensions..jsx.require.extensions..js (C:\Users\EJECUT~1\AppData\Local\Temp\ts-node-dev-hook-6445061064846598.js:114:20)
2023-05-09 18:09:48:4995 info: Database connected successfully! 
2023-05-09 18:09:50:1832 error: resolutionRepositoryContract_1.ResolutionRepositoryContract is not a constructor TypeError: resolutionRepositoryContract_1.ResolutionRepositoryContract is not a constructor
    at new DbContext (C:\Users\ejecutivo\Desktop\Flit_act_projec\BackCrudResolution_master\src\infrastructure\persistence\dbContext.ts:10:88)
    at Object.<anonymous> (C:\Users\ejecutivo\Desktop\Flit_act_projec\BackCrudResolution_master\src\infrastructure\persistence\dbContext.ts:16:19)
    at Module._compile (node:internal/modules/cjs/loader:1254:14)
    at Module._compile (C:\Users\ejecutivo\Desktop\Flit_act_projec\BackCrudResolution_master\node_modules\source-map-support\source-map-support.js:568:25)
    at Module.m._compile (C:\Users\EJECUT~1\AppData\Local\Temp\ts-node-dev-hook-6445061064846598.js:69:33)
    at Module._extensions..js (node:internal/modules/cjs/loader:1308:10)
    at require.extensions..jsx.require.extensions..js (C:\Users\EJECUT~1\AppData\Local\Temp\ts-node-dev-hook-6445061064846598.js:114:20)
    at require.extensions.<computed> (C:\Users\EJECUT~1\AppData\Local\Temp\ts-node-dev-hook-6445061064846598.js:71:20)
    at Object.nodeDevHook [as .ts] (C:\Users\ejecutivo\Desktop\Flit_act_projec\BackCrudResolution_master\node_modules\ts-node-dev\lib\hook.js:63:13)
    at Module.load (node:internal/modules/cjs/loader:1117:32)
2023-05-09 18:15:48:2412 info: Database connected successfully! 
2023-05-09 18:15:50:2893 error: resolutionRepositoryContract_1.ResolutionRepositoryContract is not a constructor TypeError: resolutionRepositoryContract_1.ResolutionRepositoryContract is not a constructor
    at new DbContext (C:\Users\ejecutivo\Desktop\Flit_act_projec\BackCrudResolution_master\src\infrastructure\persistence\dbContext.ts:10:88)
    at Object.<anonymous> (C:\Users\ejecutivo\Desktop\Flit_act_projec\BackCrudResolution_master\src\infrastructure\persistence\dbContext.ts:16:19)
    at Module._compile (node:internal/modules/cjs/loader:1254:14)
    at Module._compile (C:\Users\ejecutivo\Desktop\Flit_act_projec\BackCrudResolution_master\node_modules\source-map-support\source-map-support.js:568:25)
    at Module.m._compile (C:\Users\EJECUT~1\AppData\Local\Temp\ts-node-dev-hook-09284054136433051.js:69:33)
    at Module._extensions..js (node:internal/modules/cjs/loader:1308:10)
    at require.extensions..jsx.require.extensions..js (C:\Users\EJECUT~1\AppData\Local\Temp\ts-node-dev-hook-09284054136433051.js:114:20)
    at require.extensions.<computed> (C:\Users\EJECUT~1\AppData\Local\Temp\ts-node-dev-hook-09284054136433051.js:71:20)
    at Object.nodeDevHook [as .ts] (C:\Users\ejecutivo\Desktop\Flit_act_projec\BackCrudResolution_master\node_modules\ts-node-dev\lib\hook.js:63:13)
    at Module.load (node:internal/modules/cjs/loader:1117:32)
2023-05-09 18:18:22:2212 info: Database connected successfully! 
2023-05-09 18:18:23:7838 error: ResolutionRepository is not defined ReferenceError: ResolutionRepository is not defined
    at new DbContext (C:\Users\ejecutivo\Desktop\Flit_act_projec\BackCrudResolution_master\src\infrastructure\persistence\dbContext.ts:10:92)
    at Object.<anonymous> (C:\Users\ejecutivo\Desktop\Flit_act_projec\BackCrudResolution_master\src\infrastructure\persistence\dbContext.ts:16:19)
    at Module._compile (node:internal/modules/cjs/loader:1254:14)
    at Module._compile (C:\Users\ejecutivo\Desktop\Flit_act_projec\BackCrudResolution_master\node_modules\source-map-support\source-map-support.js:568:25)
    at Module.m._compile (C:\Users\EJECUT~1\AppData\Local\Temp\ts-node-dev-hook-09284054136433051.js:69:33)
    at Module._extensions..js (node:internal/modules/cjs/loader:1308:10)
    at require.extensions..jsx.require.extensions..js (C:\Users\EJECUT~1\AppData\Local\Temp\ts-node-dev-hook-09284054136433051.js:114:20)
    at require.extensions.<computed> (C:\Users\EJECUT~1\AppData\Local\Temp\ts-node-dev-hook-09284054136433051.js:71:20)
    at Object.nodeDevHook [as .ts] (C:\Users\ejecutivo\Desktop\Flit_act_projec\BackCrudResolution_master\node_modules\ts-node-dev\lib\hook.js:63:13)
    at Module.load (node:internal/modules/cjs/loader:1117:32)
2023-05-09 18:19:00:5536 info: Database connected successfully! 
2023-05-09 18:19:02:4164 error: ResolutionRepository is not defined ReferenceError: ResolutionRepository is not defined
    at new DbContext (C:\Users\ejecutivo\Desktop\Flit_act_projec\BackCrudResolution_master\src\infrastructure\persistence\dbContext.ts:10:92)
    at Object.<anonymous> (C:\Users\ejecutivo\Desktop\Flit_act_projec\BackCrudResolution_master\src\infrastructure\persistence\dbContext.ts:16:19)
    at Module._compile (node:internal/modules/cjs/loader:1254:14)
    at Module._compile (C:\Users\ejecutivo\Desktop\Flit_act_projec\BackCrudResolution_master\node_modules\source-map-support\source-map-support.js:568:25)
    at Module.m._compile (C:\Users\EJECUT~1\AppData\Local\Temp\ts-node-dev-hook-09284054136433051.js:69:33)
    at Module._extensions..js (node:internal/modules/cjs/loader:1308:10)
    at require.extensions..jsx.require.extensions..js (C:\Users\EJECUT~1\AppData\Local\Temp\ts-node-dev-hook-09284054136433051.js:114:20)
    at require.extensions.<computed> (C:\Users\EJECUT~1\AppData\Local\Temp\ts-node-dev-hook-09284054136433051.js:71:20)
    at Object.nodeDevHook [as .ts] (C:\Users\ejecutivo\Desktop\Flit_act_projec\BackCrudResolution_master\node_modules\ts-node-dev\lib\hook.js:63:13)
    at Module.load (node:internal/modules/cjs/loader:1117:32)
2023-05-09 18:19:18:9029 info: Database connected successfully! 
2023-05-09 18:19:20:2573 error:  Unable to compile TypeScript:
src/infrastructure/persistence/dbContext.ts(9,1): error TS1005: 'from' expected.
 Error:  Unable to compile TypeScript:
src/infrastructure/persistence/dbContext.ts(9,1): error TS1005: 'from' expected.

    at Object.<anonymous> (C:\Users\ejecutivo\Desktop\Flit_act_projec\BackCrudResolution_master\src\infrastructure\persistence\dbContext.ts:1:7)
    at Module._compile (node:internal/modules/cjs/loader:1254:14)
    at Module._compile (C:\Users\ejecutivo\Desktop\Flit_act_projec\BackCrudResolution_master\node_modules\source-map-support\source-map-support.js:568:25)
    at Module.m._compile (C:\Users\EJECUT~1\AppData\Local\Temp\ts-node-dev-hook-09284054136433051.js:69:33)
    at Module._extensions..js (node:internal/modules/cjs/loader:1308:10)
    at require.extensions..jsx.require.extensions..js (C:\Users\EJECUT~1\AppData\Local\Temp\ts-node-dev-hook-09284054136433051.js:114:20)
    at require.extensions.<computed> (C:\Users\EJECUT~1\AppData\Local\Temp\ts-node-dev-hook-09284054136433051.js:71:20)
    at Object.nodeDevHook [as .ts] (C:\Users\ejecutivo\Desktop\Flit_act_projec\BackCrudResolution_master\node_modules\ts-node-dev\lib\hook.js:63:13)
    at Module.load (node:internal/modules/cjs/loader:1117:32)
    at Function.Module._load (node:internal/modules/cjs/loader:958:12)
2023-05-09 18:19:25:97710 info: Database connected successfully! 
2023-05-09 18:19:26:99010 error: DbContext is not defined ReferenceError: DbContext is not defined
    at Object.<anonymous> (C:\Users\ejecutivo\Desktop\Flit_act_projec\BackCrudResolution_master\src\infrastructure\persistence\dbContext.ts:17:19)
    at Module._compile (node:internal/modules/cjs/loader:1254:14)
    at Module._compile (C:\Users\ejecutivo\Desktop\Flit_act_projec\BackCrudResolution_master\node_modules\source-map-support\source-map-support.js:568:25)
    at Module.m._compile (C:\Users\EJECUT~1\AppData\Local\Temp\ts-node-dev-hook-09284054136433051.js:69:33)
    at Module._extensions..js (node:internal/modules/cjs/loader:1308:10)
    at require.extensions..jsx.require.extensions..js (C:\Users\EJECUT~1\AppData\Local\Temp\ts-node-dev-hook-09284054136433051.js:114:20)
    at require.extensions.<computed> (C:\Users\EJECUT~1\AppData\Local\Temp\ts-node-dev-hook-09284054136433051.js:71:20)
    at Object.nodeDevHook [as .ts] (C:\Users\ejecutivo\Desktop\Flit_act_projec\BackCrudResolution_master\node_modules\ts-node-dev\lib\hook.js:63:13)
    at Module.load (node:internal/modules/cjs/loader:1117:32)
    at Function.Module._load (node:internal/modules/cjs/loader:958:12)
2023-05-09 18:19:55:8589 info: Database connected successfully! 
2023-05-09 18:19:57:6977 error: trafficSecretaryRepository_2.ResolutionRepository is not a constructor TypeError: trafficSecretaryRepository_2.ResolutionRepository is not a constructor
    at new DbContext (C:\Users\ejecutivo\Desktop\Flit_act_projec\BackCrudResolution_master\src\infrastructure\persistence\dbContext.ts:11:88)
    at Object.<anonymous> (C:\Users\ejecutivo\Desktop\Flit_act_projec\BackCrudResolution_master\src\infrastructure\persistence\dbContext.ts:17:19)
    at Module._compile (node:internal/modules/cjs/loader:1254:14)
    at Module._compile (C:\Users\ejecutivo\Desktop\Flit_act_projec\BackCrudResolution_master\node_modules\source-map-support\source-map-support.js:568:25)
    at Module.m._compile (C:\Users\EJECUT~1\AppData\Local\Temp\ts-node-dev-hook-09284054136433051.js:69:33)
    at Module._extensions..js (node:internal/modules/cjs/loader:1308:10)
    at require.extensions..jsx.require.extensions..js (C:\Users\EJECUT~1\AppData\Local\Temp\ts-node-dev-hook-09284054136433051.js:114:20)
    at require.extensions.<computed> (C:\Users\EJECUT~1\AppData\Local\Temp\ts-node-dev-hook-09284054136433051.js:71:20)
    at Object.nodeDevHook [as .ts] (C:\Users\ejecutivo\Desktop\Flit_act_projec\BackCrudResolution_master\node_modules\ts-node-dev\lib\hook.js:63:13)
    at Module.load (node:internal/modules/cjs/loader:1117:32)
2023-05-09 18:20:29:2693 info: Database connected successfully! 
2023-05-09 18:20:32:3303 debug: ResolutionService:constructor 
2023-05-09 18:20:32:3343 debug: ResolutionController:constructor 
2023-05-09 18:20:32:3654 debug: TrafficSecretaryService:constructor 
2023-05-09 18:20:32:3664 debug: TrafficSecretaryController:constructor 
2023-05-09 18:20:47:3203 error: database is not defined ReferenceError: database is not defined
    at ResolutionRepository.<anonymous> (C:\Users\ejecutivo\Desktop\Flit_act_projec\BackCrudResolution_master\src\infrastructure\persistence\repositories\resolutionRepository.ts:65:32)
    at Generator.next (<anonymous>)
    at C:\Users\ejecutivo\Desktop\Flit_act_projec\BackCrudResolution_master\src\infrastructure\persistence\repositories\resolutionRepository.ts:8:71
    at new Promise (<anonymous>)
    at __awaiter (C:\Users\ejecutivo\Desktop\Flit_act_projec\BackCrudResolution_master\src\infrastructure\persistence\repositories\resolutionRepository.ts:4:12)
    at ResolutionRepository.querySummaryValueByCustomer (C:\Users\ejecutivo\Desktop\Flit_act_projec\BackCrudResolution_master\src\infrastructure\persistence\repositories\resolutionRepository.ts:70:16)
    at ResolutionService.<anonymous> (C:\Users\ejecutivo\Desktop\Flit_act_projec\BackCrudResolution_master\src\app\services\resolutionService.ts:57:47)
    at Generator.next (<anonymous>)
    at C:\Users\ejecutivo\Desktop\Flit_act_projec\BackCrudResolution_master\src\app\services\resolutionService.ts:17:71
    at new Promise (<anonymous>)
2023-05-09 18:20:47:3473 http: [2023-05-09T23:20:47.346Z] ::1 "GET /api/v1/resolutions/summaryValueByCustomer HTTP/1.1" 500 32 "-" "PostmanRuntime/7.32.2" {} 21.791 ms
 
2023-05-09 18:20:54:4685 error: database is not defined ReferenceError: database is not defined
    at ResolutionRepository.<anonymous> (C:\Users\ejecutivo\Desktop\Flit_act_projec\BackCrudResolution_master\src\infrastructure\persistence\repositories\resolutionRepository.ts:65:32)
    at Generator.next (<anonymous>)
    at C:\Users\ejecutivo\Desktop\Flit_act_projec\BackCrudResolution_master\src\infrastructure\persistence\repositories\resolutionRepository.ts:8:71
    at new Promise (<anonymous>)
    at __awaiter (C:\Users\ejecutivo\Desktop\Flit_act_projec\BackCrudResolution_master\src\infrastructure\persistence\repositories\resolutionRepository.ts:4:12)
    at ResolutionRepository.querySummaryValueByCustomer (C:\Users\ejecutivo\Desktop\Flit_act_projec\BackCrudResolution_master\src\infrastructure\persistence\repositories\resolutionRepository.ts:70:16)
    at ResolutionService.<anonymous> (C:\Users\ejecutivo\Desktop\Flit_act_projec\BackCrudResolution_master\src\app\services\resolutionService.ts:57:47)
    at Generator.next (<anonymous>)
    at C:\Users\ejecutivo\Desktop\Flit_act_projec\BackCrudResolution_master\src\app\services\resolutionService.ts:17:71
    at new Promise (<anonymous>)
2023-05-09 18:20:54:4745 http: [2023-05-09T23:20:54.474Z] ::1 "GET /api/v1/resolutions/summaryValueByCustomer HTTP/1.1" 500 32 "-" "PostmanRuntime/7.32.2" {} 6.903 ms
 
2023-05-09 18:21:53:9039 info: Database connected successfully! 
2023-05-09 18:21:57:2212 error: The argument 'id' must be a non-empty string. Received '' TypeError: The argument 'id' must be a non-empty string. Received ''
    at new NodeError (node:internal/errors:399:5)
    at Module.require (node:internal/modules/cjs/loader:1136:11)
    at require (node:internal/modules/cjs/helpers:110:18)
    at Object.<anonymous> (C:\Users\ejecutivo\Desktop\Flit_act_projec\BackCrudResolution_master\src\infrastructure\persistence\repositories\resolutionRepository.ts:15:1)
    at Module._compile (node:internal/modules/cjs/loader:1254:14)
    at Module._compile (C:\Users\ejecutivo\Desktop\Flit_act_projec\BackCrudResolution_master\node_modules\source-map-support\source-map-support.js:568:25)
    at Module.m._compile (C:\Users\EJECUT~1\AppData\Local\Temp\ts-node-dev-hook-09284054136433051.js:69:33)
    at Module._extensions..js (node:internal/modules/cjs/loader:1308:10)
    at require.extensions..jsx.require.extensions..js (C:\Users\EJECUT~1\AppData\Local\Temp\ts-node-dev-hook-09284054136433051.js:114:20)
    at require.extensions.<computed> (C:\Users\EJECUT~1\AppData\Local\Temp\ts-node-dev-hook-09284054136433051.js:71:20)
2023-05-09 18:22:03:0601 info: Database connected successfully! 
2023-05-09 18:22:06:5836 debug: ResolutionService:constructor 
2023-05-09 18:22:06:5856 debug: ResolutionController:constructor 
2023-05-09 18:22:06:5926 debug: TrafficSecretaryService:constructor 
2023-05-09 18:22:06:5946 debug: TrafficSecretaryController:constructor 
2023-05-09 18:22:12:0190 http: [2023-05-09T23:22:12.018Z] ::1 "GET /api/v1/resolutions/summaryValueByCustomer HTTP/1.1" 200 - "-" "PostmanRuntime/7.32.2" {} 43.410 ms
 
2023-05-09 18:24:32:1892 info: Database connected successfully! 
2023-05-09 18:24:35:7487 debug: ResolutionService:constructor 
2023-05-09 18:24:35:7818 debug: ResolutionController:constructor 
2023-05-09 18:24:35:8078 debug: TrafficSecretaryService:constructor 
2023-05-09 18:24:35:8228 debug: TrafficSecretaryController:constructor 
2023-05-09 18:24:49:5325 info: Database connected successfully! 
2023-05-09 18:24:51:6396 debug: ResolutionService:constructor 
2023-05-09 18:24:51:6416 debug: ResolutionController:constructor 
2023-05-09 18:24:51:6466 debug: TrafficSecretaryService:constructor 
2023-05-09 18:24:51:6486 debug: TrafficSecretaryController:constructor 
2023-05-09 18:25:01:7988 info: Database connected successfully! 
2023-05-09 18:25:03:8659 debug: ResolutionService:constructor 
2023-05-09 18:25:03:8679 debug: ResolutionController:constructor 
2023-05-09 18:25:03:8759 debug: TrafficSecretaryService:constructor 
2023-05-09 18:25:03:8789 debug: TrafficSecretaryController:constructor 
2023-05-09 18:25:14:4084 error: Console is not defined ReferenceError: Console is not defined
    at ResolutionRepository.<anonymous> (C:\Users\ejecutivo\Desktop\Flit_act_projec\BackCrudResolution_master\src\infrastructure\persistence\repositories\resolutionRepository.ts:75:5)
    at Generator.next (<anonymous>)
    at fulfilled (C:\Users\ejecutivo\Desktop\Flit_act_projec\BackCrudResolution_master\src\infrastructure\persistence\repositories\resolutionRepository.ts:5:58)
    at processTicksAndRejections (node:internal/process/task_queues:95:5)
2023-05-09 18:25:14:4284 http: [2023-05-09T23:25:14.427Z] ::1 "GET /api/v1/resolutions/summaryValueByCustomer HTTP/1.1" 500 32 "-" "PostmanRuntime/7.32.2" {} 157.187 ms
 
2023-05-09 18:25:17:8939 error: Console is not defined ReferenceError: Console is not defined
    at ResolutionRepository.<anonymous> (C:\Users\ejecutivo\Desktop\Flit_act_projec\BackCrudResolution_master\src\infrastructure\persistence\repositories\resolutionRepository.ts:75:5)
    at Generator.next (<anonymous>)
    at fulfilled (C:\Users\ejecutivo\Desktop\Flit_act_projec\BackCrudResolution_master\src\infrastructure\persistence\repositories\resolutionRepository.ts:5:58)
    at processTicksAndRejections (node:internal/process/task_queues:95:5)
2023-05-09 18:25:17:8999 http: [2023-05-09T23:25:17.899Z] ::1 "GET /api/v1/resolutions/summaryValueByCustomer HTTP/1.1" 500 32 "-" "PostmanRuntime/7.32.2" {} 26.087 ms
 
2023-05-09 18:25:42:1552 info: Database connected successfully! 
2023-05-09 18:25:44:3363 debug: ResolutionService:constructor 
2023-05-09 18:25:44:3483 debug: ResolutionController:constructor 
2023-05-09 18:25:44:3574 debug: TrafficSecretaryService:constructor 
2023-05-09 18:25:44:3654 debug: TrafficSecretaryController:constructor 
2023-05-09 18:25:48:2913 http: [2023-05-09T23:25:48.290Z] ::1 "GET /api/v1/resolutions/summaryValueByCustomer HTTP/1.1" 200 - "-" "PostmanRuntime/7.32.2" {} 36.788 ms
 
2023-05-09 18:26:41:4775 info: Database connected successfully! 
2023-05-09 18:26:43:8839 debug: ResolutionService:constructor 
2023-05-09 18:26:43:8859 debug: ResolutionController:constructor 
2023-05-09 18:26:43:8969 debug: TrafficSecretaryService:constructor 
2023-05-09 18:26:43:8989 debug: TrafficSecretaryController:constructor 
2023-05-09 18:26:47:6937 http: [2023-05-09T23:26:47.693Z] ::1 "GET /api/v1/resolutions/summaryValueByCustomer HTTP/1.1" 200 116 "-" "PostmanRuntime/7.32.2" {} 45.558 ms
 
2023-05-09 19:01:05:6537 info: Database connected successfully! 
2023-05-09 19:01:08:5536 debug: ResolutionService:constructor 
2023-05-09 19:01:08:5556 debug: ResolutionController:constructor 
2023-05-09 19:01:08:5806 debug: TrafficSecretaryService:constructor 
2023-05-09 19:01:08:5826 debug: TrafficSecretaryController:constructor 
2023-05-09 19:01:15:8829 http: [2023-05-10T00:01:15.882Z] ::1 "GET /api/v1/resolutions/summaryValueByCustomer HTTP/1.1" 200 116 "-" "PostmanRuntime/7.32.2" {} 98.629 ms
 
2023-05-09 19:03:01:7167 info: Database connected successfully! 
2023-05-09 19:03:04:3824 debug: ResolutionService:constructor 
2023-05-09 19:03:04:3844 debug: ResolutionController:constructor 
2023-05-09 19:03:04:4054 debug: TrafficSecretaryService:constructor 
2023-05-09 19:03:04:4064 debug: TrafficSecretaryController:constructor 
2023-05-09 19:04:30:2312 info: Database connected successfully! 
2023-05-09 19:04:32:0270 debug: ResolutionService:constructor 
2023-05-09 19:04:32:0290 debug: ResolutionController:constructor 
2023-05-09 19:04:32:0350 debug: TrafficSecretaryService:constructor 
2023-05-09 19:04:32:0370 debug: TrafficSecretaryController:constructor 
2023-05-09 19:04:49:7317 info: Database connected successfully! 
2023-05-09 19:04:52:1862 debug: ResolutionService:constructor 
2023-05-09 19:04:52:1892 debug: ResolutionController:constructor 
2023-05-09 19:04:52:1952 debug: TrafficSecretaryService:constructor 
2023-05-09 19:04:52:1962 debug: TrafficSecretaryController:constructor 
2023-05-09 19:05:04:2733 info: Database connected successfully! 
2023-05-09 19:05:06:0480 debug: ResolutionService:constructor 
2023-05-09 19:05:06:0511 debug: ResolutionController:constructor 
2023-05-09 19:05:06:0571 debug: TrafficSecretaryService:constructor 
2023-05-09 19:05:06:0591 debug: TrafficSecretaryController:constructor 
2023-05-09 19:06:16:0090 info: Database connected successfully! 
2023-05-09 19:06:17:9049 debug: ResolutionService:constructor 
2023-05-09 19:06:17:9069 debug: ResolutionController:constructor 
2023-05-09 19:06:17:9119 debug: TrafficSecretaryService:constructor 
2023-05-09 19:06:17:9139 debug: TrafficSecretaryController:constructor 
2023-05-09 19:06:33:4905 info: Database connected successfully! 
2023-05-09 19:06:35:2953 debug: ResolutionService:constructor 
2023-05-09 19:06:35:2963 debug: ResolutionController:constructor 
2023-05-09 19:06:35:3033 debug: TrafficSecretaryService:constructor 
2023-05-09 19:06:35:3053 debug: TrafficSecretaryController:constructor 
2023-05-09 19:06:51:6907 info: Database connected successfully! 
2023-05-09 19:06:53:5826 debug: ResolutionService:constructor 
2023-05-09 19:06:53:5836 debug: ResolutionController:constructor 
2023-05-09 19:06:53:5886 debug: TrafficSecretaryService:constructor 
2023-05-09 19:06:53:5896 debug: TrafficSecretaryController:constructor 
2023-05-09 19:07:18:5255 info: Database connected successfully! 
2023-05-09 19:07:20:7818 debug: ResolutionService:constructor 
2023-05-09 19:07:20:7828 debug: ResolutionController:constructor 
2023-05-09 19:07:20:7878 debug: TrafficSecretaryService:constructor 
2023-05-09 19:07:20:7888 debug: TrafficSecretaryController:constructor 
2023-05-09 19:07:46:8478 info: Database connected successfully! 
2023-05-09 19:07:49:6787 debug: ResolutionService:constructor 
2023-05-09 19:07:49:6837 debug: ResolutionController:constructor 
2023-05-09 19:07:49:6997 debug: TrafficSecretaryService:constructor 
2023-05-09 19:07:49:7037 debug: TrafficSecretaryController:constructor 
2023-05-09 19:08:17:4505 http: [2023-05-10T00:08:17.449Z] ::1 "GET /api/v1/resolutions/summaryValueByCustomer HTTP/1.1" 200 116 "-" "PostmanRuntime/7.32.2" {} 101.292 ms
 
