2024-05-15 11:01:54:95910 info: Database connected successfully! 
2024-05-15 11:01:55:3373 debug: EmployeeService:constructor 
2024-05-15 11:03:27:4064 http: [2024-05-15T16:03:27.406Z] ::1 "GET /api/v1/employee HTTP/1.1" 200 948 "-" "node" {} 125.397 ms
 
2024-05-15 11:03:27:5996 http: [2024-05-15T16:03:27.599Z] ::1 "GET /api/v1/employee HTTP/1.1" 200 948 "-" "node" {} 26.920 ms
 
2024-05-15 11:03:27:9319 http: [2024-05-15T16:03:27.931Z] ::1 "GET /api/v1/employee HTTP/1.1" 200 948 "-" "node" {} 22.128 ms
 
2024-05-15 11:03:28:0611 http: [2024-05-15T16:03:28.061Z] ::1 "GET /api/v1/employee HTTP/1.1" 200 948 "-" "node" {} 21.938 ms
 
2024-05-15 11:03:28:1862 http: [2024-05-15T16:03:28.186Z] ::1 "GET /api/v1/employee HTTP/1.1" 200 948 "-" "node" {} 30.058 ms
 
2024-05-15 11:17:41:6917 info: Database connected successfully! 
2024-05-15 11:17:42:0180 debug: EmployeeService:constructor 
2024-05-15 11:18:00:0511 http: [2024-05-15T16:18:00.051Z] ::ffff:127.0.0.1 "GET /swagger/favicon-16x16.png HTTP/1.1" - - "http://localhost:3401/swagger/" "Mozilla/5.0 (Windows NT 10.0; Win64; x64; rv:127.0) Gecko/20100101 Firefox/127.0" {} - ms
 
2024-05-15 11:18:04:0831 http: [2024-05-15T16:18:04.083Z] ::ffff:127.0.0.1 "GET /swagger/ HTTP/1.1" 304 - "-" "Mozilla/5.0 (Windows NT 10.0; Win64; x64; rv:127.0) Gecko/20100101 Firefox/127.0" {} 8.323 ms
 
2024-05-15 11:18:04:1151 http: [2024-05-15T16:18:04.114Z] ::ffff:127.0.0.1 "GET /swagger/swagger-ui.css HTTP/1.1" 304 - "http://localhost:3401/swagger/" "Mozilla/5.0 (Windows NT 10.0; Win64; x64; rv:127.0) Gecko/20100101 Firefox/127.0" {} 3.270 ms
 
2024-05-15 11:18:04:1261 http: [2024-05-15T16:18:04.126Z] ::ffff:127.0.0.1 "GET /swagger/swagger-ui-bundle.js HTTP/1.1" 304 - "http://localhost:3401/swagger/" "Mozilla/5.0 (Windows NT 10.0; Win64; x64; rv:127.0) Gecko/20100101 Firefox/127.0" {} 6.633 ms
 
2024-05-15 11:18:04:1361 http: [2024-05-15T16:18:04.136Z] ::ffff:127.0.0.1 "GET /swagger/swagger-ui-init.js HTTP/1.1" 304 - "http://localhost:3401/swagger/" "Mozilla/5.0 (Windows NT 10.0; Win64; x64; rv:127.0) Gecko/20100101 Firefox/127.0" {} 0.909 ms
 
2024-05-15 11:18:04:1411 http: [2024-05-15T16:18:04.141Z] ::ffff:127.0.0.1 "GET /swagger/swagger-ui-standalone-preset.js HTTP/1.1" 304 - "http://localhost:3401/swagger/" "Mozilla/5.0 (Windows NT 10.0; Win64; x64; rv:127.0) Gecko/20100101 Firefox/127.0" {} 17.448 ms
 
2024-05-15 11:18:10:6727 http: [2024-05-15T16:18:10.672Z] ::ffff:127.0.0.1 "GET /api/v1/employee HTTP/1.1" 200 179 "http://localhost:3401/swagger/" "Mozilla/5.0 (Windows NT 10.0; Win64; x64; rv:127.0) Gecko/20100101 Firefox/127.0" {} 114.135 ms
 
2024-05-15 11:19:05:6336 debug: Finding data of 'DocumentTypeEntity' by id: 1 
2024-05-15 11:19:05:7297 error: no existe la relación «document_type» QueryFailedError: no existe la relación «document_type»
    at PostgresQueryRunner.query (C:\Users\ejecutivo\Desktop\mina_project\BackMina\src\driver\postgres\PostgresQueryRunner.ts:299:19)
    at processTicksAndRejections (node:internal/process/task_queues:95:5)
    at SelectQueryBuilder.loadRawResults (C:\Users\ejecutivo\Desktop\mina_project\BackMina\src\query-builder\SelectQueryBuilder.ts:3782:25)
    at SelectQueryBuilder.executeEntitiesAndRawResults (C:\Users\ejecutivo\Desktop\mina_project\BackMina\src\query-builder\SelectQueryBuilder.ts:3537:26)
    at SelectQueryBuilder.getRawAndEntities (C:\Users\ejecutivo\Desktop\mina_project\BackMina\src\query-builder\SelectQueryBuilder.ts:1669:29)
    at SelectQueryBuilder.getOne (C:\Users\ejecutivo\Desktop\mina_project\BackMina\src\query-builder\SelectQueryBuilder.ts:1696:25)
2024-05-15 11:19:05:8438 http: [2024-05-15T16:19:05.843Z] ::ffff:127.0.0.1 "POST /api/v1/employee HTTP/1.1" 500 32 "http://localhost:3401/swagger/" "Mozilla/5.0 (Windows NT 10.0; Win64; x64; rv:127.0) Gecko/20100101 Firefox/127.0" {"name":"ALVARO","firstLastName":"RIVERO","secondLastName":"MENDOZA","documentTypeId":"1","documentNumber":"5093231","email":"usuariom@correo.com","cellPhone":"3105488546","phone":"","municipalityId":"82","departmentCode":"5","municipalityCode":"5604","district":"string","address":"VEREDA PANAMA NUEVE","bloodTypeId":"1","dateBirth":"1952-09-17","nationalityId":"1","departmentBirthCode":70,"municipalityBirthCode":70508,"educationLevelId":"1","lastYearStudy":5,"genderId":"1","maritalStatusId":"1","children":0,"ageChildren":"0","lastCompany":"string","monthsWorked":0,"workExperience":"string","workIncapacity":"string","userRegister":"string","userUpdate":"string","isActive":true} 210.140 ms
 
2024-05-15 11:23:59:5335 info: Database connected successfully! 
2024-05-15 11:23:59:8799 debug: EmployeeService:constructor 
2024-05-15 11:24:05:4855 http: [2024-05-15T16:24:05.484Z] ::ffff:127.0.0.1 "GET /swagger/ HTTP/1.1" 304 - "-" "Mozilla/5.0 (Windows NT 10.0; Win64; x64; rv:127.0) Gecko/20100101 Firefox/127.0" {} 9.476 ms
 
2024-05-15 11:24:05:5215 http: [2024-05-15T16:24:05.521Z] ::ffff:127.0.0.1 "GET /swagger/swagger-ui-init.js HTTP/1.1" 304 - "http://localhost:3401/swagger/" "Mozilla/5.0 (Windows NT 10.0; Win64; x64; rv:127.0) Gecko/20100101 Firefox/127.0" {} 0.706 ms
 
2024-05-15 11:24:05:5305 http: [2024-05-15T16:24:05.530Z] ::ffff:127.0.0.1 "GET /swagger/swagger-ui-bundle.js HTTP/1.1" 304 - "http://localhost:3401/swagger/" "Mozilla/5.0 (Windows NT 10.0; Win64; x64; rv:127.0) Gecko/20100101 Firefox/127.0" {} 19.825 ms
 
2024-05-15 11:24:05:5375 http: [2024-05-15T16:24:05.537Z] ::ffff:127.0.0.1 "GET /swagger/swagger-ui-standalone-preset.js HTTP/1.1" 304 - "http://localhost:3401/swagger/" "Mozilla/5.0 (Windows NT 10.0; Win64; x64; rv:127.0) Gecko/20100101 Firefox/127.0" {} 15.638 ms
 
2024-05-15 11:24:05:5516 http: [2024-05-15T16:24:05.551Z] ::ffff:127.0.0.1 "GET /swagger/swagger-ui.css HTTP/1.1" 304 - "http://localhost:3401/swagger/" "Mozilla/5.0 (Windows NT 10.0; Win64; x64; rv:127.0) Gecko/20100101 Firefox/127.0" {} 1.270 ms
 
2024-05-15 11:24:26:7728 debug: Finding data of 'DocumentTypeEntity' by id: 1 
2024-05-15 11:24:26:8769 error: no existe la relación «document_type» QueryFailedError: no existe la relación «document_type»
    at PostgresQueryRunner.query (C:\Users\ejecutivo\Desktop\mina_project\BackMina\src\driver\postgres\PostgresQueryRunner.ts:299:19)
    at processTicksAndRejections (node:internal/process/task_queues:95:5)
    at SelectQueryBuilder.loadRawResults (C:\Users\ejecutivo\Desktop\mina_project\BackMina\src\query-builder\SelectQueryBuilder.ts:3782:25)
    at SelectQueryBuilder.executeEntitiesAndRawResults (C:\Users\ejecutivo\Desktop\mina_project\BackMina\src\query-builder\SelectQueryBuilder.ts:3537:26)
    at SelectQueryBuilder.getRawAndEntities (C:\Users\ejecutivo\Desktop\mina_project\BackMina\src\query-builder\SelectQueryBuilder.ts:1669:29)
    at SelectQueryBuilder.getOne (C:\Users\ejecutivo\Desktop\mina_project\BackMina\src\query-builder\SelectQueryBuilder.ts:1696:25)
2024-05-15 11:24:26:97710 http: [2024-05-15T16:24:26.977Z] ::ffff:127.0.0.1 "POST /api/v1/employee HTTP/1.1" 500 32 "http://localhost:3401/swagger/" "Mozilla/5.0 (Windows NT 10.0; Win64; x64; rv:127.0) Gecko/20100101 Firefox/127.0" {"name":"ALVARO","firstLastName":"RIVERO","secondLastName":"MENDOZA","documentTypeId":"1","documentNumber":"5093231","email":"usuariom@correo.com","cellPhone":"3105488546","phone":"","municipalityId":"82","departmentCode":"5","municipalityCode":"5604","district":"string","address":"VEREDA PANAMA NUEVE","bloodTypeId":"1","dateBirth":"1952-09-17","nationalityId":"1","departmentBirthCode":70,"municipalityBirthCode":70508,"educationLevelId":"1","lastYearStudy":5,"genderId":"1","maritalStatusId":"1","children":0,"ageChildren":"0","lastCompany":"string","monthsWorked":0,"workExperience":"string","workIncapacity":"string","userRegister":"string","userUpdate":"string","isActive":true} 201.604 ms
 
2024-05-15 11:27:04:7317 info: Database connected successfully! 
2024-05-15 11:27:09:4575 info: Database connected successfully! 
2024-05-15 11:27:09:7297 debug: EmployeeService:constructor 
2024-05-15 11:27:24:0200 info: Database connected successfully! 
2024-05-15 11:27:24:2793 debug: EmployeeService:constructor 
2024-05-15 11:27:31:5976 info: Database connected successfully! 
2024-05-15 11:27:31:9089 debug: EmployeeService:constructor 
2024-05-15 11:27:47:2703 info: Database connected successfully! 
2024-05-15 11:27:47:5155 debug: EmployeeService:constructor 
2024-05-15 11:28:39:1061 info: Database connected successfully! 
2024-05-15 11:28:39:3493 debug: EmployeeService:constructor 
2024-05-15 11:28:57:2853 http: [2024-05-15T16:28:57.284Z] ::ffff:127.0.0.1 "GET /swagger/ HTTP/1.1" 304 - "-" "Mozilla/5.0 (Windows NT 10.0; Win64; x64; rv:127.0) Gecko/20100101 Firefox/127.0" {} 9.783 ms
 
2024-05-15 11:28:57:3183 http: [2024-05-15T16:28:57.318Z] ::ffff:127.0.0.1 "GET /swagger/swagger-ui-init.js HTTP/1.1" 304 - "http://localhost:3401/swagger/" "Mozilla/5.0 (Windows NT 10.0; Win64; x64; rv:127.0) Gecko/20100101 Firefox/127.0" {} 1.196 ms
 
2024-05-15 11:28:57:3323 http: [2024-05-15T16:28:57.332Z] ::ffff:127.0.0.1 "GET /swagger/swagger-ui-bundle.js HTTP/1.1" 304 - "http://localhost:3401/swagger/" "Mozilla/5.0 (Windows NT 10.0; Win64; x64; rv:127.0) Gecko/20100101 Firefox/127.0" {} 28.547 ms
 
2024-05-15 11:28:57:3433 http: [2024-05-15T16:28:57.338Z] ::ffff:127.0.0.1 "GET /swagger/swagger-ui-standalone-preset.js HTTP/1.1" 304 - "http://localhost:3401/swagger/" "Mozilla/5.0 (Windows NT 10.0; Win64; x64; rv:127.0) Gecko/20100101 Firefox/127.0" {} 23.279 ms
 
2024-05-15 11:28:57:3483 http: [2024-05-15T16:28:57.347Z] ::ffff:127.0.0.1 "GET /swagger/swagger-ui.css HTTP/1.1" 304 - "http://localhost:3401/swagger/" "Mozilla/5.0 (Windows NT 10.0; Win64; x64; rv:127.0) Gecko/20100101 Firefox/127.0" {} 17.110 ms
 
2024-05-15 11:29:11:8559 debug: Creating data of 'EmployeeEntity' 
2024-05-15 11:29:11:99710 http: [2024-05-15T16:29:11.996Z] ::ffff:127.0.0.1 "POST /api/v1/employee HTTP/1.1" 201 770 "http://localhost:3401/swagger/" "Mozilla/5.0 (Windows NT 10.0; Win64; x64; rv:127.0) Gecko/20100101 Firefox/127.0" {"name":"ALVARO","firstLastName":"RIVERO","secondLastName":"MENDOZA","documentTypeId":"1","documentNumber":"5093231","email":"usuariom@correo.com","cellPhone":"3105488546","phone":"","municipalityId":"82","departmentCode":"5","municipalityCode":"5604","district":"string","address":"VEREDA PANAMA NUEVE","bloodTypeId":"1","dateBirth":"1952-09-17","nationalityId":"1","departmentBirthCode":70,"municipalityBirthCode":70508,"educationLevelId":"1","lastYearStudy":5,"genderId":"1","maritalStatusId":"1","children":0,"ageChildren":"0","lastCompany":"string","monthsWorked":0,"workExperience":"string","workIncapacity":"string","userRegister":"string","userUpdate":"string","isActive":true} 139.012 ms
 
2024-05-15 11:29:23:96110 http: [2024-05-15T16:29:23.961Z] ::ffff:127.0.0.1 "GET /api/v1/employee HTTP/1.1" 200 945 "http://localhost:3401/swagger/" "Mozilla/5.0 (Windows NT 10.0; Win64; x64; rv:127.0) Gecko/20100101 Firefox/127.0" {} 101.879 ms
 
2024-05-15 11:30:43:4635 http: [2024-05-15T16:30:43.463Z] ::1 "GET /api/v1/employee HTTP/1.1" 200 945 "-" "node" {} 76.494 ms
 
2024-05-15 11:30:43:6286 http: [2024-05-15T16:30:43.627Z] ::1 "GET /api/v1/employee HTTP/1.1" 200 945 "-" "node" {} 20.616 ms
 
2024-05-15 11:30:43:7407 http: [2024-05-15T16:30:43.740Z] ::1 "GET /api/v1/employee HTTP/1.1" 200 945 "-" "node" {} 40.133 ms
 
2024-05-15 11:30:43:97910 http: [2024-05-15T16:30:43.979Z] ::1 "GET /api/v1/employee HTTP/1.1" 200 945 "-" "node" {} 19.324 ms
 
2024-05-15 11:30:44:1071 http: [2024-05-15T16:30:44.107Z] ::1 "GET /api/v1/employee HTTP/1.1" 200 945 "-" "node" {} 23.622 ms
 
2024-05-15 11:32:50:4464 debug: Creating data of 'EmployeeEntity' 
2024-05-15 11:32:50:5465 error: el valor nulo en la columna «municipality_id» de la relación «employee_master» viola la restricción de no nulo QueryFailedError: el valor nulo en la columna «municipality_id» de la relación «employee_master» viola la restricción de no nulo
    at PostgresQueryRunner.query (C:\Users\ejecutivo\Desktop\mina_project\BackMina\src\driver\postgres\PostgresQueryRunner.ts:299:19)
    at processTicksAndRejections (node:internal/process/task_queues:95:5)
    at InsertQueryBuilder.execute (C:\Users\ejecutivo\Desktop\mina_project\BackMina\src\query-builder\InsertQueryBuilder.ts:163:33)
    at SubjectExecutor.executeInsertOperations (C:\Users\ejecutivo\Desktop\mina_project\BackMina\src\persistence\SubjectExecutor.ts:434:42)
    at SubjectExecutor.execute (C:\Users\ejecutivo\Desktop\mina_project\BackMina\src\persistence\SubjectExecutor.ts:137:9)
    at EntityPersistExecutor.execute (C:\Users\ejecutivo\Desktop\mina_project\BackMina\src\persistence\EntityPersistExecutor.ts:197:21)
2024-05-15 11:32:50:6246 http: [2024-05-15T16:32:50.624Z] ::ffff:127.0.0.1 "POST /api/v1/employee HTTP/1.1" 500 32 "http://localhost:3000/" "Mozilla/5.0 (Windows NT 10.0; Win64; x64; rv:127.0) Gecko/20100101 Firefox/127.0" {"documentTypeId":1,"documentNumber":"545345","name":"dgddf","firstLastName":"dfgf","secondLastName":"uyu","email":"utyfg","cellPhone":"1233","phone":"3434","departmentCode":"2","municipalityCode":"2","district":"2","address":"sefe545","bloodTypeId":"7","dateBirth":"1984-09-12T00:00:00.000Z","nationalityId":1,"departmentBirthCode":"2","municipalityBirthCode":"83","educationLevelId":"4","lastYearStudy":"11","genderId":1,"maritalStatusId":"2","children":"2","ageChildren":"13 y 10","lastCompany":"fsdfsf","monthsWorked":"8","workExperience":"sdfsdjeow fwo","workIncapacity":"sfsdkfeo skfl"} 177.902 ms
 
2024-05-15 14:20:52:7838 info: Database connected successfully! 
2024-05-15 14:20:53:2142 debug: EmployeeService:constructor 
2024-05-15 14:26:45:6156 http: [2024-05-15T19:26:45.614Z] ::1 "GET /api/v1/employee HTTP/1.1" 200 945 "-" "node" {} 186.878 ms
 
2024-05-15 14:26:45:98810 http: [2024-05-15T19:26:45.988Z] ::1 "GET /api/v1/employee HTTP/1.1" 200 945 "-" "node" {} 46.854 ms
 
2024-05-15 14:26:46:3383 http: [2024-05-15T19:26:46.337Z] ::1 "GET /api/v1/employee HTTP/1.1" 200 945 "-" "node" {} 42.894 ms
 
2024-05-15 14:26:46:5956 http: [2024-05-15T19:26:46.595Z] ::1 "GET /api/v1/employee HTTP/1.1" 200 945 "-" "node" {} 42.768 ms
 
2024-05-15 14:39:15:7738 debug: Creating data of 'EmployeeEntity' 
2024-05-15 14:39:15:99310 error: el valor nulo en la columna «municipality_id» de la relación «employee_master» viola la restricción de no nulo QueryFailedError: el valor nulo en la columna «municipality_id» de la relación «employee_master» viola la restricción de no nulo
    at PostgresQueryRunner.query (C:\Users\ejecutivo\Desktop\mina_project\BackMina\src\driver\postgres\PostgresQueryRunner.ts:299:19)
    at processTicksAndRejections (node:internal/process/task_queues:95:5)
    at InsertQueryBuilder.execute (C:\Users\ejecutivo\Desktop\mina_project\BackMina\src\query-builder\InsertQueryBuilder.ts:163:33)
    at SubjectExecutor.executeInsertOperations (C:\Users\ejecutivo\Desktop\mina_project\BackMina\src\persistence\SubjectExecutor.ts:434:42)
    at SubjectExecutor.execute (C:\Users\ejecutivo\Desktop\mina_project\BackMina\src\persistence\SubjectExecutor.ts:137:9)
    at EntityPersistExecutor.execute (C:\Users\ejecutivo\Desktop\mina_project\BackMina\src\persistence\EntityPersistExecutor.ts:197:21)
2024-05-15 14:39:16:1211 http: [2024-05-15T19:39:16.121Z] ::1 "POST /api/v1/employee HTTP/1.1" 500 32 "http://localhost:3000/" "Mozilla/5.0 (Windows NT 10.0; Win64; x64) AppleWebKit/537.36 (KHTML, like Gecko) Chrome/124.0.0.0 Safari/537.36" {"documentTypeId":1,"documentNumber":"32000000","name":"sdfsdfdsf","firstLastName":"sdfdfsd","secondLastName":"rtoiioi","email":"seuteirueirie@gmail.com","cellPhone":"3235657787","phone":"4545665","departmentCode":1,"municipalityCode":"12","district":"2","address":"sdf 54 - 89","bloodTypeId":"7","dateBirth":"1999-07-15T00:00:00.000Z","nationalityId":1,"departmentBirthCode":0,"municipalityBirthCode":0,"educationLevelId":"4","lastYearStudy":"11","genderId":1,"maritalStatusId":"2","children":"2","ageChildren":"17 y 12","lastCompany":"jkjkjk","monthsWorked":"8","workExperience":"asfkj sdkjfsd jfksdj","workIncapacity":"sdfeiwori eorio"} 348.716 ms
 
2024-05-15 14:54:15:4144 debug: Creating data of 'EmployeeEntity' 
2024-05-15 14:54:15:6547 http: [2024-05-15T19:54:15.653Z] ::1 "POST /api/v1/employee HTTP/1.1" 201 734 "http://localhost:3000/" "Mozilla/5.0 (Windows NT 10.0; Win64; x64) AppleWebKit/537.36 (KHTML, like Gecko) Chrome/124.0.0.0 Safari/537.36" {"documentTypeId":1,"documentNumber":"32000000","name":"sdfsdfdsf","firstLastName":"sdfdfsd","secondLastName":"rtoiioi","email":"sdfghfg@gmail.com","cellPhone":"3235657787","phone":"4545665","municipalityId":0,"departmentCode":1,"municipalityCode":1,"district":"2","address":"sdf 54 - 89","bloodTypeId":"6","dateBirth":"1998-11-15T00:00:00.000Z","nationalityId":1,"departmentBirthCode":0,"municipalityBirthCode":0,"educationLevelId":"4","lastYearStudy":"11","genderId":1,"maritalStatusId":"2","children":"2","ageChildren":"17 y 12","lastCompany":"jkjkjk","monthsWorked":"8","workExperience":"asfkj sdkjfsd jfksdj","workIncapacity":"sdfeiwori eorio"} 239.115 ms
 
2024-05-15 20:12:41:3954 info: Database connected successfully! 
2024-05-15 20:12:41:7688 debug: EmployeeService:constructor 
2024-05-15 21:00:43:3163 http: [2024-05-16T02:00:43.315Z] ::1 "GET /api/v1/employee HTTP/1.1" 200 - "-" "node" {} 178.413 ms
 
2024-05-15 21:00:43:4825 http: [2024-05-16T02:00:43.482Z] ::1 "GET /api/v1/employee HTTP/1.1" 200 - "-" "node" {} 24.883 ms
 
2024-05-15 21:00:43:6166 http: [2024-05-16T02:00:43.615Z] ::1 "GET /api/v1/employee HTTP/1.1" 200 - "-" "node" {} 27.140 ms
 
2024-05-15 21:00:51:5285 http: [2024-05-16T02:00:51.528Z] ::1 "GET /api/v1/employee HTTP/1.1" 200 - "-" "node" {} 21.676 ms
 
2024-05-15 21:34:25:1231 http: [2024-05-16T02:34:25.123Z] ::1 "GET /api/v1/employee HTTP/1.1" 200 - "-" "node" {} 91.341 ms
 
2024-05-15 21:34:25:3694 http: [2024-05-16T02:34:25.368Z] ::1 "GET /api/v1/employee HTTP/1.1" 200 - "-" "node" {} 36.768 ms
 
2024-05-15 21:34:25:4865 http: [2024-05-16T02:34:25.485Z] ::1 "GET /api/v1/employee HTTP/1.1" 200 - "-" "node" {} 24.586 ms
 
2024-05-15 21:34:25:8869 http: [2024-05-16T02:34:25.885Z] ::1 "GET /api/v1/employee HTTP/1.1" 200 - "-" "node" {} 21.242 ms
 
2024-05-15 21:34:26:0581 http: [2024-05-16T02:34:26.058Z] ::1 "GET /api/v1/employee HTTP/1.1" 200 - "-" "node" {} 24.622 ms
 
2024-05-15 21:34:43:1311 http: [2024-05-16T02:34:43.130Z] ::1 "GET /api/v1/employee HTTP/1.1" 200 - "-" "node" {} 77.836 ms
 
2024-05-15 21:35:17:5105 http: [2024-05-16T02:35:17.509Z] ::1 "GET /api/v1/employee HTTP/1.1" 200 - "-" "node" {} 79.157 ms
 
2024-05-15 23:20:45:3914 info: Database connected successfully! 
2024-05-15 23:20:45:7417 debug: EmployeeService:constructor 
2024-05-15 23:20:54:1782 http: [2024-05-16T04:20:54.176Z] ::ffff:127.0.0.1 "GET /swagger/ HTTP/1.1" - - "-" "Mozilla/5.0 (Windows NT 10.0; Win64; x64; rv:127.0) Gecko/20100101 Firefox/127.0" {} - ms
 
2024-05-15 23:20:54:3383 http: [2024-05-16T04:20:54.338Z] ::ffff:127.0.0.1 "GET /swagger/favicon-16x16.png HTTP/1.1" - - "http://localhost:3401/swagger/" "Mozilla/5.0 (Windows NT 10.0; Win64; x64; rv:127.0) Gecko/20100101 Firefox/127.0" {} - ms
 
2024-05-15 23:20:59:6817 http: [2024-05-16T04:20:59.680Z] ::ffff:127.0.0.1 "GET /swagger/ HTTP/1.1" 304 - "-" "Mozilla/5.0 (Windows NT 10.0; Win64; x64; rv:127.0) Gecko/20100101 Firefox/127.0" {} 1.453 ms
 
2024-05-15 23:20:59:7237 http: [2024-05-16T04:20:59.723Z] ::ffff:127.0.0.1 "GET /swagger/swagger-ui.css HTTP/1.1" 304 - "http://localhost:3401/swagger/" "Mozilla/5.0 (Windows NT 10.0; Win64; x64; rv:127.0) Gecko/20100101 Firefox/127.0" {} 6.810 ms
 
2024-05-15 23:20:59:7267 http: [2024-05-16T04:20:59.726Z] ::ffff:127.0.0.1 "GET /swagger/swagger-ui-bundle.js HTTP/1.1" 304 - "http://localhost:3401/swagger/" "Mozilla/5.0 (Windows NT 10.0; Win64; x64; rv:127.0) Gecko/20100101 Firefox/127.0" {} 5.382 ms
 
2024-05-15 23:20:59:7367 http: [2024-05-16T04:20:59.735Z] ::ffff:127.0.0.1 "GET /swagger/swagger-ui-standalone-preset.js HTTP/1.1" 304 - "http://localhost:3401/swagger/" "Mozilla/5.0 (Windows NT 10.0; Win64; x64; rv:127.0) Gecko/20100101 Firefox/127.0" {} 13.497 ms
 
2024-05-15 23:20:59:7417 http: [2024-05-16T04:20:59.740Z] ::ffff:127.0.0.1 "GET /swagger/swagger-ui-init.js HTTP/1.1" 304 - "http://localhost:3401/swagger/" "Mozilla/5.0 (Windows NT 10.0; Win64; x64; rv:127.0) Gecko/20100101 Firefox/127.0" {} 0.797 ms
 
2024-05-15 23:21:07:8448 http: [2024-05-16T04:21:07.844Z] ::ffff:127.0.0.1 "GET /api/v1/employee HTTP/1.1" 200 - "http://localhost:3401/swagger/" "Mozilla/5.0 (Windows NT 10.0; Win64; x64; rv:127.0) Gecko/20100101 Firefox/127.0" {} 105.416 ms
 
2024-05-15 23:30:26:6126 info: Database connected successfully! 
2024-05-15 23:30:26:8529 debug: EmployeeService:constructor 
2024-05-15 23:31:18:3473 http: [2024-05-16T04:31:18.347Z] ::1 "GET /api/v1/employee HTTP/1.1" 200 - "-" "node" {} 98.912 ms
 
2024-05-15 23:31:18:5315 http: [2024-05-16T04:31:18.531Z] ::1 "GET /api/v1/employee HTTP/1.1" 200 - "-" "node" {} 29.081 ms
 
2024-05-15 23:31:18:6507 http: [2024-05-16T04:31:18.650Z] ::1 "GET /api/v1/employee HTTP/1.1" 200 - "-" "node" {} 23.317 ms
 
2024-05-15 23:31:18:7407 http: [2024-05-16T04:31:18.740Z] ::1 "GET /api/v1/employee HTTP/1.1" 200 - "-" "node" {} 23.102 ms
 
2024-05-15 23:31:18:8589 http: [2024-05-16T04:31:18.858Z] ::1 "GET /api/v1/employee HTTP/1.1" 200 - "-" "node" {} 31.210 ms
 
2024-05-15 23:33:20:96610 debug: Creating data of 'EmployeeEntity' 
2024-05-15 23:33:21:0801 http: [2024-05-16T04:33:21.080Z] ::1 "POST /api/v1/employee HTTP/1.1" 201 700 "http://localhost:3000/" "Mozilla/5.0 (Windows NT 10.0; Win64; x64) AppleWebKit/537.36 (KHTML, like Gecko) Chrome/124.0.0.0 Safari/537.36" {"documentTypeId":1,"documentNumber":"6766868","name":"uiuiuiuiui","firstLastName":"oopopo","secondLastName":"popopop","email":"fdfdfdf@gmail.com","cellPhone":"34354545","phone":"4343434","municipalityId":0,"departmentCode":"8","municipalityCode":"16","district":"9","address":"sdf 54 - 89","bloodTypeId":1,"dateBirth":"1996-06-04T00:00:00.000Z","nationalityId":1,"departmentBirthCode":0,"municipalityBirthCode":0,"educationLevelId":1,"lastYearStudy":"5","genderId":"2","maritalStatusId":1,"children":0,"ageChildren":"","lastCompany":"","monthsWorked":0,"workExperience":"tytyrttrutyt","workIncapacity":"xcxcxcxcx"} 113.169 ms
 
