2024-05-28 09:01:10:2152 error: Cannot set headers after they are sent to the client Error: Cannot set headers after they are sent to the client
    at ServerResponse.setHeader (node:_http_outgoing:652:11)
    at ServerResponse.header (C:\Users\ejecutivo\Desktop\mina_project\BackMina\node_modules\express\lib\response.js:794:10)
    at ServerResponse.json (C:\Users\ejecutivo\Desktop\mina_project\BackMina\node_modules\express\lib\response.js:275:10)
    at C:\Users\ejecutivo\Desktop\mina_project\BackMina\src\routes\v1\employeeRouter.ts:43:23
    at processTicksAndRejections (node:internal/process/task_queues:95:5)
2024-05-28 09:35:56:8458 error: Cannot set headers after they are sent to the client Error: Cannot set headers after they are sent to the client
    at ServerResponse.setHeader (node:_http_outgoing:652:11)
    at ServerResponse.header (C:\Users\ejecutivo\Desktop\mina_project\BackMina\node_modules\express\lib\response.js:794:10)
    at ServerResponse.json (C:\Users\ejecutivo\Desktop\mina_project\BackMina\node_modules\express\lib\response.js:275:10)
    at C:\Users\ejecutivo\Desktop\mina_project\BackMina\src\routes\v1\employeeRouter.ts:43:23
    at processTicksAndRejections (node:internal/process/task_queues:95:5)
2024-05-28 10:17:49:4454 error: Cannot set headers after they are sent to the client Error: Cannot set headers after they are sent to the client
    at ServerResponse.setHeader (node:_http_outgoing:652:11)
    at ServerResponse.header (C:\Users\ejecutivo\Desktop\mina_project\BackMina\node_modules\express\lib\response.js:794:10)
    at ServerResponse.json (C:\Users\ejecutivo\Desktop\mina_project\BackMina\node_modules\express\lib\response.js:275:10)
    at C:\Users\ejecutivo\Desktop\mina_project\BackMina\src\routes\v1\employeeRouter.ts:43:23
    at processTicksAndRejections (node:internal/process/task_queues:95:5)
2024-05-28 10:18:57:6456 error: Cannot set headers after they are sent to the client Error: Cannot set headers after they are sent to the client
    at ServerResponse.setHeader (node:_http_outgoing:652:11)
    at ServerResponse.header (C:\Users\ejecutivo\Desktop\mina_project\BackMina\node_modules\express\lib\response.js:794:10)
    at ServerResponse.json (C:\Users\ejecutivo\Desktop\mina_project\BackMina\node_modules\express\lib\response.js:275:10)
    at C:\Users\ejecutivo\Desktop\mina_project\BackMina\src\routes\v1\employeeRouter.ts:43:23
    at processTicksAndRejections (node:internal/process/task_queues:95:5)
2024-05-28 10:29:04:6326 error: Cannot set headers after they are sent to the client Error: Cannot set headers after they are sent to the client
    at ServerResponse.setHeader (node:_http_outgoing:652:11)
    at ServerResponse.header (C:\Users\ejecutivo\Desktop\mina_project\BackMina\node_modules\express\lib\response.js:794:10)
    at ServerResponse.json (C:\Users\ejecutivo\Desktop\mina_project\BackMina\node_modules\express\lib\response.js:275:10)
    at C:\Users\ejecutivo\Desktop\mina_project\BackMina\src\routes\v1\employeeRouter.ts:43:23
    at processTicksAndRejections (node:internal/process/task_queues:95:5)
2024-05-28 10:52:38:1662 error: Cannot set headers after they are sent to the client Error: Cannot set headers after they are sent to the client
    at ServerResponse.setHeader (node:_http_outgoing:652:11)
    at ServerResponse.header (C:\Users\ejecutivo\Desktop\mina_project\BackMina\node_modules\express\lib\response.js:794:10)
    at ServerResponse.json (C:\Users\ejecutivo\Desktop\mina_project\BackMina\node_modules\express\lib\response.js:275:10)
    at C:\Users\ejecutivo\Desktop\mina_project\BackMina\src\routes\v1\employeeRouter.ts:43:23
    at processTicksAndRejections (node:internal/process/task_queues:95:5)
2024-05-28 10:55:03:6967 error: Cannot set headers after they are sent to the client Error: Cannot set headers after they are sent to the client
    at ServerResponse.setHeader (node:_http_outgoing:652:11)
    at ServerResponse.header (C:\Users\ejecutivo\Desktop\mina_project\BackMina\node_modules\express\lib\response.js:794:10)
    at ServerResponse.json (C:\Users\ejecutivo\Desktop\mina_project\BackMina\node_modules\express\lib\response.js:275:10)
    at C:\Users\ejecutivo\Desktop\mina_project\BackMina\src\routes\v1\employeeRouter.ts:43:23
    at processTicksAndRejections (node:internal/process/task_queues:95:5)
2024-05-28 11:23:25:2142 error: Cannot set headers after they are sent to the client Error: Cannot set headers after they are sent to the client
    at ServerResponse.setHeader (node:_http_outgoing:652:11)
    at ServerResponse.header (C:\Users\ejecutivo\Desktop\mina_project\BackMina\node_modules\express\lib\response.js:794:10)
    at ServerResponse.json (C:\Users\ejecutivo\Desktop\mina_project\BackMina\node_modules\express\lib\response.js:275:10)
    at C:\Users\ejecutivo\Desktop\mina_project\BackMina\src\routes\v1\employeeRouter.ts:43:23
    at processTicksAndRejections (node:internal/process/task_queues:95:5)
2024-05-28 11:23:30:2893 error: Cannot set headers after they are sent to the client Error: Cannot set headers after they are sent to the client
    at ServerResponse.setHeader (node:_http_outgoing:652:11)
    at ServerResponse.header (C:\Users\ejecutivo\Desktop\mina_project\BackMina\node_modules\express\lib\response.js:794:10)
    at ServerResponse.json (C:\Users\ejecutivo\Desktop\mina_project\BackMina\node_modules\express\lib\response.js:275:10)
    at C:\Users\ejecutivo\Desktop\mina_project\BackMina\src\routes\v1\employeeRouter.ts:43:23
    at processTicksAndRejections (node:internal/process/task_queues:95:5)
2024-05-28 11:23:38:8649 error: Cannot destructure property 'deletedAt' of '_a' as it is null. TypeError: Cannot destructure property 'deletedAt' of '_a' as it is null.
    at EmployeeMapper.mapToDto (C:\Users\ejecutivo\Desktop\mina_project\BackMina\src\domain\models\employeeModel.ts:53:13)
    at EmployeeService.<anonymous> (C:\Users\ejecutivo\Desktop\mina_project\BackMina\src\app\services\employeeService.ts:110:36)
    at Generator.next (<anonymous>)
    at fulfilled (C:\Users\ejecutivo\Desktop\mina_project\BackMina\src\app\services\employeeService.ts:17:58)
    at processTicksAndRejections (node:internal/process/task_queues:95:5)
2024-05-28 11:23:39:0210 error: Cannot destructure property 'deletedAt' of '_a' as it is null. TypeError: Cannot destructure property 'deletedAt' of '_a' as it is null.
    at EmployeeMapper.mapToDto (C:\Users\ejecutivo\Desktop\mina_project\BackMina\src\domain\models\employeeModel.ts:53:13)
    at EmployeeService.<anonymous> (C:\Users\ejecutivo\Desktop\mina_project\BackMina\src\app\services\employeeService.ts:110:36)
    at Generator.next (<anonymous>)
    at fulfilled (C:\Users\ejecutivo\Desktop\mina_project\BackMina\src\app\services\employeeService.ts:17:58)
    at processTicksAndRejections (node:internal/process/task_queues:95:5)
2024-05-28 11:23:40:9289 error: Cannot set headers after they are sent to the client Error: Cannot set headers after they are sent to the client
    at ServerResponse.setHeader (node:_http_outgoing:652:11)
    at ServerResponse.header (C:\Users\ejecutivo\Desktop\mina_project\BackMina\node_modules\express\lib\response.js:794:10)
    at ServerResponse.json (C:\Users\ejecutivo\Desktop\mina_project\BackMina\node_modules\express\lib\response.js:275:10)
    at C:\Users\ejecutivo\Desktop\mina_project\BackMina\src\routes\v1\employeeRouter.ts:43:23
    at processTicksAndRejections (node:internal/process/task_queues:95:5)
2024-05-28 11:26:08:1111 error: Cannot destructure property 'deletedAt' of '_a' as it is null. TypeError: Cannot destructure property 'deletedAt' of '_a' as it is null.
    at EmployeeMapper.mapToDto (C:\Users\ejecutivo\Desktop\mina_project\BackMina\src\domain\models\employeeModel.ts:53:13)
    at EmployeeService.<anonymous> (C:\Users\ejecutivo\Desktop\mina_project\BackMina\src\app\services\employeeService.ts:110:36)
    at Generator.next (<anonymous>)
    at fulfilled (C:\Users\ejecutivo\Desktop\mina_project\BackMina\src\app\services\employeeService.ts:17:58)
    at processTicksAndRejections (node:internal/process/task_queues:95:5)
2024-05-28 11:26:08:2252 error: Cannot destructure property 'deletedAt' of '_a' as it is null. TypeError: Cannot destructure property 'deletedAt' of '_a' as it is null.
    at EmployeeMapper.mapToDto (C:\Users\ejecutivo\Desktop\mina_project\BackMina\src\domain\models\employeeModel.ts:53:13)
    at EmployeeService.<anonymous> (C:\Users\ejecutivo\Desktop\mina_project\BackMina\src\app\services\employeeService.ts:110:36)
    at Generator.next (<anonymous>)
    at fulfilled (C:\Users\ejecutivo\Desktop\mina_project\BackMina\src\app\services\employeeService.ts:17:58)
    at processTicksAndRejections (node:internal/process/task_queues:95:5)
2024-05-28 11:26:08:2863 error: Cannot destructure property 'deletedAt' of '_a' as it is null. TypeError: Cannot destructure property 'deletedAt' of '_a' as it is null.
    at EmployeeMapper.mapToDto (C:\Users\ejecutivo\Desktop\mina_project\BackMina\src\domain\models\employeeModel.ts:53:13)
    at EmployeeService.<anonymous> (C:\Users\ejecutivo\Desktop\mina_project\BackMina\src\app\services\employeeService.ts:110:36)
    at Generator.next (<anonymous>)
    at fulfilled (C:\Users\ejecutivo\Desktop\mina_project\BackMina\src\app\services\employeeService.ts:17:58)
    at processTicksAndRejections (node:internal/process/task_queues:95:5)
2024-05-28 11:26:08:3914 error: Cannot destructure property 'deletedAt' of '_a' as it is null. TypeError: Cannot destructure property 'deletedAt' of '_a' as it is null.
    at EmployeeMapper.mapToDto (C:\Users\ejecutivo\Desktop\mina_project\BackMina\src\domain\models\employeeModel.ts:53:13)
    at EmployeeService.<anonymous> (C:\Users\ejecutivo\Desktop\mina_project\BackMina\src\app\services\employeeService.ts:110:36)
    at Generator.next (<anonymous>)
    at fulfilled (C:\Users\ejecutivo\Desktop\mina_project\BackMina\src\app\services\employeeService.ts:17:58)
    at processTicksAndRejections (node:internal/process/task_queues:95:5)
2024-05-28 11:26:08:5245 error: Cannot destructure property 'deletedAt' of '_a' as it is null. TypeError: Cannot destructure property 'deletedAt' of '_a' as it is null.
    at EmployeeMapper.mapToDto (C:\Users\ejecutivo\Desktop\mina_project\BackMina\src\domain\models\employeeModel.ts:53:13)
    at EmployeeService.<anonymous> (C:\Users\ejecutivo\Desktop\mina_project\BackMina\src\app\services\employeeService.ts:110:36)
    at Generator.next (<anonymous>)
    at fulfilled (C:\Users\ejecutivo\Desktop\mina_project\BackMina\src\app\services\employeeService.ts:17:58)
    at processTicksAndRejections (node:internal/process/task_queues:95:5)
2024-05-28 11:26:08:6336 error: Cannot destructure property 'deletedAt' of '_a' as it is null. TypeError: Cannot destructure property 'deletedAt' of '_a' as it is null.
    at EmployeeMapper.mapToDto (C:\Users\ejecutivo\Desktop\mina_project\BackMina\src\domain\models\employeeModel.ts:53:13)
    at EmployeeService.<anonymous> (C:\Users\ejecutivo\Desktop\mina_project\BackMina\src\app\services\employeeService.ts:110:36)
    at Generator.next (<anonymous>)
    at fulfilled (C:\Users\ejecutivo\Desktop\mina_project\BackMina\src\app\services\employeeService.ts:17:58)
    at processTicksAndRejections (node:internal/process/task_queues:95:5)
2024-05-28 11:26:08:8979 error: Cannot destructure property 'deletedAt' of '_a' as it is null. TypeError: Cannot destructure property 'deletedAt' of '_a' as it is null.
    at EmployeeMapper.mapToDto (C:\Users\ejecutivo\Desktop\mina_project\BackMina\src\domain\models\employeeModel.ts:53:13)
    at EmployeeService.<anonymous> (C:\Users\ejecutivo\Desktop\mina_project\BackMina\src\app\services\employeeService.ts:110:36)
    at Generator.next (<anonymous>)
    at fulfilled (C:\Users\ejecutivo\Desktop\mina_project\BackMina\src\app\services\employeeService.ts:17:58)
    at processTicksAndRejections (node:internal/process/task_queues:95:5)
2024-05-28 11:26:08:9379 error: Cannot destructure property 'deletedAt' of '_a' as it is null. TypeError: Cannot destructure property 'deletedAt' of '_a' as it is null.
    at EmployeeMapper.mapToDto (C:\Users\ejecutivo\Desktop\mina_project\BackMina\src\domain\models\employeeModel.ts:53:13)
    at EmployeeService.<anonymous> (C:\Users\ejecutivo\Desktop\mina_project\BackMina\src\app\services\employeeService.ts:110:36)
    at Generator.next (<anonymous>)
    at fulfilled (C:\Users\ejecutivo\Desktop\mina_project\BackMina\src\app\services\employeeService.ts:17:58)
    at processTicksAndRejections (node:internal/process/task_queues:95:5)
2024-05-28 11:26:08:9479 error: Cannot destructure property 'deletedAt' of '_a' as it is null. TypeError: Cannot destructure property 'deletedAt' of '_a' as it is null.
    at EmployeeMapper.mapToDto (C:\Users\ejecutivo\Desktop\mina_project\BackMina\src\domain\models\employeeModel.ts:53:13)
    at EmployeeService.<anonymous> (C:\Users\ejecutivo\Desktop\mina_project\BackMina\src\app\services\employeeService.ts:110:36)
    at Generator.next (<anonymous>)
    at fulfilled (C:\Users\ejecutivo\Desktop\mina_project\BackMina\src\app\services\employeeService.ts:17:58)
    at processTicksAndRejections (node:internal/process/task_queues:95:5)
2024-05-28 11:26:09:6627 error: Cannot destructure property 'deletedAt' of '_a' as it is null. TypeError: Cannot destructure property 'deletedAt' of '_a' as it is null.
    at EmployeeMapper.mapToDto (C:\Users\ejecutivo\Desktop\mina_project\BackMina\src\domain\models\employeeModel.ts:53:13)
    at EmployeeService.<anonymous> (C:\Users\ejecutivo\Desktop\mina_project\BackMina\src\app\services\employeeService.ts:110:36)
    at Generator.next (<anonymous>)
    at fulfilled (C:\Users\ejecutivo\Desktop\mina_project\BackMina\src\app\services\employeeService.ts:17:58)
    at processTicksAndRejections (node:internal/process/task_queues:95:5)
2024-05-28 11:26:09:7868 error: Cannot destructure property 'deletedAt' of '_a' as it is null. TypeError: Cannot destructure property 'deletedAt' of '_a' as it is null.
    at EmployeeMapper.mapToDto (C:\Users\ejecutivo\Desktop\mina_project\BackMina\src\domain\models\employeeModel.ts:53:13)
    at EmployeeService.<anonymous> (C:\Users\ejecutivo\Desktop\mina_project\BackMina\src\app\services\employeeService.ts:110:36)
    at Generator.next (<anonymous>)
    at fulfilled (C:\Users\ejecutivo\Desktop\mina_project\BackMina\src\app\services\employeeService.ts:17:58)
    at processTicksAndRejections (node:internal/process/task_queues:95:5)
2024-05-28 11:26:09:96010 error: Cannot destructure property 'deletedAt' of '_a' as it is null. TypeError: Cannot destructure property 'deletedAt' of '_a' as it is null.
    at EmployeeMapper.mapToDto (C:\Users\ejecutivo\Desktop\mina_project\BackMina\src\domain\models\employeeModel.ts:53:13)
    at EmployeeService.<anonymous> (C:\Users\ejecutivo\Desktop\mina_project\BackMina\src\app\services\employeeService.ts:110:36)
    at Generator.next (<anonymous>)
    at fulfilled (C:\Users\ejecutivo\Desktop\mina_project\BackMina\src\app\services\employeeService.ts:17:58)
    at processTicksAndRejections (node:internal/process/task_queues:95:5)
2024-05-28 11:26:10:2372 error: Cannot destructure property 'deletedAt' of '_a' as it is null. TypeError: Cannot destructure property 'deletedAt' of '_a' as it is null.
    at EmployeeMapper.mapToDto (C:\Users\ejecutivo\Desktop\mina_project\BackMina\src\domain\models\employeeModel.ts:53:13)
    at EmployeeService.<anonymous> (C:\Users\ejecutivo\Desktop\mina_project\BackMina\src\app\services\employeeService.ts:110:36)
    at Generator.next (<anonymous>)
    at fulfilled (C:\Users\ejecutivo\Desktop\mina_project\BackMina\src\app\services\employeeService.ts:17:58)
    at processTicksAndRejections (node:internal/process/task_queues:95:5)
2024-05-28 11:26:10:2412 error: Cannot destructure property 'deletedAt' of '_a' as it is null. TypeError: Cannot destructure property 'deletedAt' of '_a' as it is null.
    at EmployeeMapper.mapToDto (C:\Users\ejecutivo\Desktop\mina_project\BackMina\src\domain\models\employeeModel.ts:53:13)
    at EmployeeService.<anonymous> (C:\Users\ejecutivo\Desktop\mina_project\BackMina\src\app\services\employeeService.ts:110:36)
    at Generator.next (<anonymous>)
    at fulfilled (C:\Users\ejecutivo\Desktop\mina_project\BackMina\src\app\services\employeeService.ts:17:58)
    at processTicksAndRejections (node:internal/process/task_queues:95:5)
2024-05-28 11:26:10:3864 error: Cannot destructure property 'deletedAt' of '_a' as it is null. TypeError: Cannot destructure property 'deletedAt' of '_a' as it is null.
    at EmployeeMapper.mapToDto (C:\Users\ejecutivo\Desktop\mina_project\BackMina\src\domain\models\employeeModel.ts:53:13)
    at EmployeeService.<anonymous> (C:\Users\ejecutivo\Desktop\mina_project\BackMina\src\app\services\employeeService.ts:110:36)
    at Generator.next (<anonymous>)
    at fulfilled (C:\Users\ejecutivo\Desktop\mina_project\BackMina\src\app\services\employeeService.ts:17:58)
    at processTicksAndRejections (node:internal/process/task_queues:95:5)
2024-05-28 11:26:11:0501 error: Cannot destructure property 'deletedAt' of '_a' as it is null. TypeError: Cannot destructure property 'deletedAt' of '_a' as it is null.
    at EmployeeMapper.mapToDto (C:\Users\ejecutivo\Desktop\mina_project\BackMina\src\domain\models\employeeModel.ts:53:13)
    at EmployeeService.<anonymous> (C:\Users\ejecutivo\Desktop\mina_project\BackMina\src\app\services\employeeService.ts:110:36)
    at Generator.next (<anonymous>)
    at fulfilled (C:\Users\ejecutivo\Desktop\mina_project\BackMina\src\app\services\employeeService.ts:17:58)
    at processTicksAndRejections (node:internal/process/task_queues:95:5)
2024-05-28 11:26:11:1612 error: Cannot destructure property 'deletedAt' of '_a' as it is null. TypeError: Cannot destructure property 'deletedAt' of '_a' as it is null.
    at EmployeeMapper.mapToDto (C:\Users\ejecutivo\Desktop\mina_project\BackMina\src\domain\models\employeeModel.ts:53:13)
    at EmployeeService.<anonymous> (C:\Users\ejecutivo\Desktop\mina_project\BackMina\src\app\services\employeeService.ts:110:36)
    at Generator.next (<anonymous>)
    at fulfilled (C:\Users\ejecutivo\Desktop\mina_project\BackMina\src\app\services\employeeService.ts:17:58)
    at processTicksAndRejections (node:internal/process/task_queues:95:5)
2024-05-28 11:26:12:6026 error: Cannot destructure property 'deletedAt' of '_a' as it is null. TypeError: Cannot destructure property 'deletedAt' of '_a' as it is null.
    at EmployeeMapper.mapToDto (C:\Users\ejecutivo\Desktop\mina_project\BackMina\src\domain\models\employeeModel.ts:53:13)
    at EmployeeService.<anonymous> (C:\Users\ejecutivo\Desktop\mina_project\BackMina\src\app\services\employeeService.ts:110:36)
    at Generator.next (<anonymous>)
    at fulfilled (C:\Users\ejecutivo\Desktop\mina_project\BackMina\src\app\services\employeeService.ts:17:58)
    at processTicksAndRejections (node:internal/process/task_queues:95:5)
2024-05-28 15:31:59:9259 error: Cannot destructure property 'deletedAt' of '_a' as it is null. TypeError: Cannot destructure property 'deletedAt' of '_a' as it is null.
    at EmployeeMapper.mapToDto (C:\Users\ejecutivo\Desktop\mina_project\BackMina\src\domain\models\employeeModel.ts:53:13)
    at EmployeeService.<anonymous> (C:\Users\ejecutivo\Desktop\mina_project\BackMina\src\app\services\employeeService.ts:110:36)
    at Generator.next (<anonymous>)
    at fulfilled (C:\Users\ejecutivo\Desktop\mina_project\BackMina\src\app\services\employeeService.ts:17:58)
    at processTicksAndRejections (node:internal/process/task_queues:95:5)
2024-05-28 15:32:00:0240 error: Cannot destructure property 'deletedAt' of '_a' as it is null. TypeError: Cannot destructure property 'deletedAt' of '_a' as it is null.
    at EmployeeMapper.mapToDto (C:\Users\ejecutivo\Desktop\mina_project\BackMina\src\domain\models\employeeModel.ts:53:13)
    at EmployeeService.<anonymous> (C:\Users\ejecutivo\Desktop\mina_project\BackMina\src\app\services\employeeService.ts:110:36)
    at Generator.next (<anonymous>)
    at fulfilled (C:\Users\ejecutivo\Desktop\mina_project\BackMina\src\app\services\employeeService.ts:17:58)
    at processTicksAndRejections (node:internal/process/task_queues:95:5)
2024-05-28 15:32:00:2172 error: Cannot destructure property 'deletedAt' of '_a' as it is null. TypeError: Cannot destructure property 'deletedAt' of '_a' as it is null.
    at EmployeeMapper.mapToDto (C:\Users\ejecutivo\Desktop\mina_project\BackMina\src\domain\models\employeeModel.ts:53:13)
    at EmployeeService.<anonymous> (C:\Users\ejecutivo\Desktop\mina_project\BackMina\src\app\services\employeeService.ts:110:36)
    at Generator.next (<anonymous>)
    at fulfilled (C:\Users\ejecutivo\Desktop\mina_project\BackMina\src\app\services\employeeService.ts:17:58)
    at processTicksAndRejections (node:internal/process/task_queues:95:5)
2024-05-28 15:32:00:4214 error: Cannot destructure property 'deletedAt' of '_a' as it is null. TypeError: Cannot destructure property 'deletedAt' of '_a' as it is null.
    at EmployeeMapper.mapToDto (C:\Users\ejecutivo\Desktop\mina_project\BackMina\src\domain\models\employeeModel.ts:53:13)
    at EmployeeService.<anonymous> (C:\Users\ejecutivo\Desktop\mina_project\BackMina\src\app\services\employeeService.ts:110:36)
    at Generator.next (<anonymous>)
    at fulfilled (C:\Users\ejecutivo\Desktop\mina_project\BackMina\src\app\services\employeeService.ts:17:58)
    at processTicksAndRejections (node:internal/process/task_queues:95:5)
2024-05-28 15:32:00:7317 error: Cannot destructure property 'deletedAt' of '_a' as it is null. TypeError: Cannot destructure property 'deletedAt' of '_a' as it is null.
    at EmployeeMapper.mapToDto (C:\Users\ejecutivo\Desktop\mina_project\BackMina\src\domain\models\employeeModel.ts:53:13)
    at EmployeeService.<anonymous> (C:\Users\ejecutivo\Desktop\mina_project\BackMina\src\app\services\employeeService.ts:110:36)
    at Generator.next (<anonymous>)
    at fulfilled (C:\Users\ejecutivo\Desktop\mina_project\BackMina\src\app\services\employeeService.ts:17:58)
    at processTicksAndRejections (node:internal/process/task_queues:95:5)
2024-05-28 15:32:00:8749 error: Cannot destructure property 'deletedAt' of '_a' as it is null. TypeError: Cannot destructure property 'deletedAt' of '_a' as it is null.
    at EmployeeMapper.mapToDto (C:\Users\ejecutivo\Desktop\mina_project\BackMina\src\domain\models\employeeModel.ts:53:13)
    at EmployeeService.<anonymous> (C:\Users\ejecutivo\Desktop\mina_project\BackMina\src\app\services\employeeService.ts:110:36)
    at Generator.next (<anonymous>)
    at fulfilled (C:\Users\ejecutivo\Desktop\mina_project\BackMina\src\app\services\employeeService.ts:17:58)
    at processTicksAndRejections (node:internal/process/task_queues:95:5)
2024-05-28 15:32:01:0210 error: Cannot destructure property 'deletedAt' of '_a' as it is null. TypeError: Cannot destructure property 'deletedAt' of '_a' as it is null.
    at EmployeeMapper.mapToDto (C:\Users\ejecutivo\Desktop\mina_project\BackMina\src\domain\models\employeeModel.ts:53:13)
    at EmployeeService.<anonymous> (C:\Users\ejecutivo\Desktop\mina_project\BackMina\src\app\services\employeeService.ts:110:36)
    at Generator.next (<anonymous>)
    at fulfilled (C:\Users\ejecutivo\Desktop\mina_project\BackMina\src\app\services\employeeService.ts:17:58)
    at processTicksAndRejections (node:internal/process/task_queues:95:5)
2024-05-28 15:32:01:1792 error: Cannot destructure property 'deletedAt' of '_a' as it is null. TypeError: Cannot destructure property 'deletedAt' of '_a' as it is null.
    at EmployeeMapper.mapToDto (C:\Users\ejecutivo\Desktop\mina_project\BackMina\src\domain\models\employeeModel.ts:53:13)
    at EmployeeService.<anonymous> (C:\Users\ejecutivo\Desktop\mina_project\BackMina\src\app\services\employeeService.ts:110:36)
    at Generator.next (<anonymous>)
    at fulfilled (C:\Users\ejecutivo\Desktop\mina_project\BackMina\src\app\services\employeeService.ts:17:58)
    at processTicksAndRejections (node:internal/process/task_queues:95:5)
2024-05-28 15:32:01:8048 error: Cannot destructure property 'deletedAt' of '_a' as it is null. TypeError: Cannot destructure property 'deletedAt' of '_a' as it is null.
    at EmployeeMapper.mapToDto (C:\Users\ejecutivo\Desktop\mina_project\BackMina\src\domain\models\employeeModel.ts:53:13)
    at EmployeeService.<anonymous> (C:\Users\ejecutivo\Desktop\mina_project\BackMina\src\app\services\employeeService.ts:110:36)
    at Generator.next (<anonymous>)
    at fulfilled (C:\Users\ejecutivo\Desktop\mina_project\BackMina\src\app\services\employeeService.ts:17:58)
    at processTicksAndRejections (node:internal/process/task_queues:95:5)
2024-05-28 15:32:01:8579 error: Cannot destructure property 'deletedAt' of '_a' as it is null. TypeError: Cannot destructure property 'deletedAt' of '_a' as it is null.
    at EmployeeMapper.mapToDto (C:\Users\ejecutivo\Desktop\mina_project\BackMina\src\domain\models\employeeModel.ts:53:13)
    at EmployeeService.<anonymous> (C:\Users\ejecutivo\Desktop\mina_project\BackMina\src\app\services\employeeService.ts:110:36)
    at Generator.next (<anonymous>)
    at fulfilled (C:\Users\ejecutivo\Desktop\mina_project\BackMina\src\app\services\employeeService.ts:17:58)
    at processTicksAndRejections (node:internal/process/task_queues:95:5)
2024-05-28 15:32:01:8919 error: Cannot destructure property 'deletedAt' of '_a' as it is null. TypeError: Cannot destructure property 'deletedAt' of '_a' as it is null.
    at EmployeeMapper.mapToDto (C:\Users\ejecutivo\Desktop\mina_project\BackMina\src\domain\models\employeeModel.ts:53:13)
    at EmployeeService.<anonymous> (C:\Users\ejecutivo\Desktop\mina_project\BackMina\src\app\services\employeeService.ts:110:36)
    at Generator.next (<anonymous>)
    at fulfilled (C:\Users\ejecutivo\Desktop\mina_project\BackMina\src\app\services\employeeService.ts:17:58)
    at processTicksAndRejections (node:internal/process/task_queues:95:5)
2024-05-28 15:32:01:9299 error: Cannot destructure property 'deletedAt' of '_a' as it is null. TypeError: Cannot destructure property 'deletedAt' of '_a' as it is null.
    at EmployeeMapper.mapToDto (C:\Users\ejecutivo\Desktop\mina_project\BackMina\src\domain\models\employeeModel.ts:53:13)
    at EmployeeService.<anonymous> (C:\Users\ejecutivo\Desktop\mina_project\BackMina\src\app\services\employeeService.ts:110:36)
    at Generator.next (<anonymous>)
    at fulfilled (C:\Users\ejecutivo\Desktop\mina_project\BackMina\src\app\services\employeeService.ts:17:58)
    at processTicksAndRejections (node:internal/process/task_queues:95:5)
2024-05-28 15:32:01:96210 error: Cannot destructure property 'deletedAt' of '_a' as it is null. TypeError: Cannot destructure property 'deletedAt' of '_a' as it is null.
    at EmployeeMapper.mapToDto (C:\Users\ejecutivo\Desktop\mina_project\BackMina\src\domain\models\employeeModel.ts:53:13)
    at EmployeeService.<anonymous> (C:\Users\ejecutivo\Desktop\mina_project\BackMina\src\app\services\employeeService.ts:110:36)
    at Generator.next (<anonymous>)
    at fulfilled (C:\Users\ejecutivo\Desktop\mina_project\BackMina\src\app\services\employeeService.ts:17:58)
    at processTicksAndRejections (node:internal/process/task_queues:95:5)
2024-05-28 15:32:02:0711 error: Cannot destructure property 'deletedAt' of '_a' as it is null. TypeError: Cannot destructure property 'deletedAt' of '_a' as it is null.
    at EmployeeMapper.mapToDto (C:\Users\ejecutivo\Desktop\mina_project\BackMina\src\domain\models\employeeModel.ts:53:13)
    at EmployeeService.<anonymous> (C:\Users\ejecutivo\Desktop\mina_project\BackMina\src\app\services\employeeService.ts:110:36)
    at Generator.next (<anonymous>)
    at fulfilled (C:\Users\ejecutivo\Desktop\mina_project\BackMina\src\app\services\employeeService.ts:17:58)
    at processTicksAndRejections (node:internal/process/task_queues:95:5)
2024-05-28 15:32:02:1552 error: Cannot destructure property 'deletedAt' of '_a' as it is null. TypeError: Cannot destructure property 'deletedAt' of '_a' as it is null.
    at EmployeeMapper.mapToDto (C:\Users\ejecutivo\Desktop\mina_project\BackMina\src\domain\models\employeeModel.ts:53:13)
    at EmployeeService.<anonymous> (C:\Users\ejecutivo\Desktop\mina_project\BackMina\src\app\services\employeeService.ts:110:36)
    at Generator.next (<anonymous>)
    at fulfilled (C:\Users\ejecutivo\Desktop\mina_project\BackMina\src\app\services\employeeService.ts:17:58)
    at processTicksAndRejections (node:internal/process/task_queues:95:5)
2024-05-28 15:32:02:1882 error: Cannot destructure property 'deletedAt' of '_a' as it is null. TypeError: Cannot destructure property 'deletedAt' of '_a' as it is null.
    at EmployeeMapper.mapToDto (C:\Users\ejecutivo\Desktop\mina_project\BackMina\src\domain\models\employeeModel.ts:53:13)
    at EmployeeService.<anonymous> (C:\Users\ejecutivo\Desktop\mina_project\BackMina\src\app\services\employeeService.ts:110:36)
    at Generator.next (<anonymous>)
    at fulfilled (C:\Users\ejecutivo\Desktop\mina_project\BackMina\src\app\services\employeeService.ts:17:58)
    at processTicksAndRejections (node:internal/process/task_queues:95:5)
2024-05-28 15:32:02:2362 error: Cannot destructure property 'deletedAt' of '_a' as it is null. TypeError: Cannot destructure property 'deletedAt' of '_a' as it is null.
    at EmployeeMapper.mapToDto (C:\Users\ejecutivo\Desktop\mina_project\BackMina\src\domain\models\employeeModel.ts:53:13)
    at EmployeeService.<anonymous> (C:\Users\ejecutivo\Desktop\mina_project\BackMina\src\app\services\employeeService.ts:110:36)
    at Generator.next (<anonymous>)
    at fulfilled (C:\Users\ejecutivo\Desktop\mina_project\BackMina\src\app\services\employeeService.ts:17:58)
    at processTicksAndRejections (node:internal/process/task_queues:95:5)
2024-05-28 15:32:02:2703 error: Cannot destructure property 'deletedAt' of '_a' as it is null. TypeError: Cannot destructure property 'deletedAt' of '_a' as it is null.
    at EmployeeMapper.mapToDto (C:\Users\ejecutivo\Desktop\mina_project\BackMina\src\domain\models\employeeModel.ts:53:13)
    at EmployeeService.<anonymous> (C:\Users\ejecutivo\Desktop\mina_project\BackMina\src\app\services\employeeService.ts:110:36)
    at Generator.next (<anonymous>)
    at fulfilled (C:\Users\ejecutivo\Desktop\mina_project\BackMina\src\app\services\employeeService.ts:17:58)
    at processTicksAndRejections (node:internal/process/task_queues:95:5)
2024-05-28 15:32:02:3153 error: Cannot destructure property 'deletedAt' of '_a' as it is null. TypeError: Cannot destructure property 'deletedAt' of '_a' as it is null.
    at EmployeeMapper.mapToDto (C:\Users\ejecutivo\Desktop\mina_project\BackMina\src\domain\models\employeeModel.ts:53:13)
    at EmployeeService.<anonymous> (C:\Users\ejecutivo\Desktop\mina_project\BackMina\src\app\services\employeeService.ts:110:36)
    at Generator.next (<anonymous>)
    at fulfilled (C:\Users\ejecutivo\Desktop\mina_project\BackMina\src\app\services\employeeService.ts:17:58)
    at processTicksAndRejections (node:internal/process/task_queues:95:5)
2024-05-28 15:32:02:3493 error: Cannot destructure property 'deletedAt' of '_a' as it is null. TypeError: Cannot destructure property 'deletedAt' of '_a' as it is null.
    at EmployeeMapper.mapToDto (C:\Users\ejecutivo\Desktop\mina_project\BackMina\src\domain\models\employeeModel.ts:53:13)
    at EmployeeService.<anonymous> (C:\Users\ejecutivo\Desktop\mina_project\BackMina\src\app\services\employeeService.ts:110:36)
    at Generator.next (<anonymous>)
    at fulfilled (C:\Users\ejecutivo\Desktop\mina_project\BackMina\src\app\services\employeeService.ts:17:58)
    at processTicksAndRejections (node:internal/process/task_queues:95:5)
2024-05-28 15:32:02:3804 error: Cannot destructure property 'deletedAt' of '_a' as it is null. TypeError: Cannot destructure property 'deletedAt' of '_a' as it is null.
    at EmployeeMapper.mapToDto (C:\Users\ejecutivo\Desktop\mina_project\BackMina\src\domain\models\employeeModel.ts:53:13)
    at EmployeeService.<anonymous> (C:\Users\ejecutivo\Desktop\mina_project\BackMina\src\app\services\employeeService.ts:110:36)
    at Generator.next (<anonymous>)
    at fulfilled (C:\Users\ejecutivo\Desktop\mina_project\BackMina\src\app\services\employeeService.ts:17:58)
    at processTicksAndRejections (node:internal/process/task_queues:95:5)
2024-05-28 15:32:02:4765 error: Cannot destructure property 'deletedAt' of '_a' as it is null. TypeError: Cannot destructure property 'deletedAt' of '_a' as it is null.
    at EmployeeMapper.mapToDto (C:\Users\ejecutivo\Desktop\mina_project\BackMina\src\domain\models\employeeModel.ts:53:13)
    at EmployeeService.<anonymous> (C:\Users\ejecutivo\Desktop\mina_project\BackMina\src\app\services\employeeService.ts:110:36)
    at Generator.next (<anonymous>)
    at fulfilled (C:\Users\ejecutivo\Desktop\mina_project\BackMina\src\app\services\employeeService.ts:17:58)
    at processTicksAndRejections (node:internal/process/task_queues:95:5)
2024-05-28 15:32:02:6016 error: Cannot destructure property 'deletedAt' of '_a' as it is null. TypeError: Cannot destructure property 'deletedAt' of '_a' as it is null.
    at EmployeeMapper.mapToDto (C:\Users\ejecutivo\Desktop\mina_project\BackMina\src\domain\models\employeeModel.ts:53:13)
    at EmployeeService.<anonymous> (C:\Users\ejecutivo\Desktop\mina_project\BackMina\src\app\services\employeeService.ts:110:36)
    at Generator.next (<anonymous>)
    at fulfilled (C:\Users\ejecutivo\Desktop\mina_project\BackMina\src\app\services\employeeService.ts:17:58)
    at processTicksAndRejections (node:internal/process/task_queues:95:5)
2024-05-28 15:32:02:9109 error: Cannot destructure property 'deletedAt' of '_a' as it is null. TypeError: Cannot destructure property 'deletedAt' of '_a' as it is null.
    at EmployeeMapper.mapToDto (C:\Users\ejecutivo\Desktop\mina_project\BackMina\src\domain\models\employeeModel.ts:53:13)
    at EmployeeService.<anonymous> (C:\Users\ejecutivo\Desktop\mina_project\BackMina\src\app\services\employeeService.ts:110:36)
    at Generator.next (<anonymous>)
    at fulfilled (C:\Users\ejecutivo\Desktop\mina_project\BackMina\src\app\services\employeeService.ts:17:58)
    at processTicksAndRejections (node:internal/process/task_queues:95:5)
2024-05-28 15:32:03:1371 error: Cannot destructure property 'deletedAt' of '_a' as it is null. TypeError: Cannot destructure property 'deletedAt' of '_a' as it is null.
    at EmployeeMapper.mapToDto (C:\Users\ejecutivo\Desktop\mina_project\BackMina\src\domain\models\employeeModel.ts:53:13)
    at EmployeeService.<anonymous> (C:\Users\ejecutivo\Desktop\mina_project\BackMina\src\app\services\employeeService.ts:110:36)
    at Generator.next (<anonymous>)
    at fulfilled (C:\Users\ejecutivo\Desktop\mina_project\BackMina\src\app\services\employeeService.ts:17:58)
    at processTicksAndRejections (node:internal/process/task_queues:95:5)
2024-05-28 15:32:03:3624 error: Cannot destructure property 'deletedAt' of '_a' as it is null. TypeError: Cannot destructure property 'deletedAt' of '_a' as it is null.
    at EmployeeMapper.mapToDto (C:\Users\ejecutivo\Desktop\mina_project\BackMina\src\domain\models\employeeModel.ts:53:13)
    at EmployeeService.<anonymous> (C:\Users\ejecutivo\Desktop\mina_project\BackMina\src\app\services\employeeService.ts:110:36)
    at Generator.next (<anonymous>)
    at fulfilled (C:\Users\ejecutivo\Desktop\mina_project\BackMina\src\app\services\employeeService.ts:17:58)
    at processTicksAndRejections (node:internal/process/task_queues:95:5)
2024-05-28 15:36:53:1632 error: Cannot destructure property 'deletedAt' of '_a' as it is null. TypeError: Cannot destructure property 'deletedAt' of '_a' as it is null.
    at EmployeeMapper.mapToDto (C:\Users\ejecutivo\Desktop\mina_project\BackMina\src\domain\models\employeeModel.ts:53:13)
    at EmployeeService.<anonymous> (C:\Users\ejecutivo\Desktop\mina_project\BackMina\src\app\services\employeeService.ts:110:36)
    at Generator.next (<anonymous>)
    at fulfilled (C:\Users\ejecutivo\Desktop\mina_project\BackMina\src\app\services\employeeService.ts:17:58)
    at processTicksAndRejections (node:internal/process/task_queues:95:5)
2024-05-28 15:36:53:3373 error: Cannot destructure property 'deletedAt' of '_a' as it is null. TypeError: Cannot destructure property 'deletedAt' of '_a' as it is null.
    at EmployeeMapper.mapToDto (C:\Users\ejecutivo\Desktop\mina_project\BackMina\src\domain\models\employeeModel.ts:53:13)
    at EmployeeService.<anonymous> (C:\Users\ejecutivo\Desktop\mina_project\BackMina\src\app\services\employeeService.ts:110:36)
    at Generator.next (<anonymous>)
    at fulfilled (C:\Users\ejecutivo\Desktop\mina_project\BackMina\src\app\services\employeeService.ts:17:58)
    at processTicksAndRejections (node:internal/process/task_queues:95:5)
2024-05-28 15:36:55:7367 error: Cannot destructure property 'deletedAt' of '_a' as it is null. TypeError: Cannot destructure property 'deletedAt' of '_a' as it is null.
    at EmployeeMapper.mapToDto (C:\Users\ejecutivo\Desktop\mina_project\BackMina\src\domain\models\employeeModel.ts:53:13)
    at EmployeeService.<anonymous> (C:\Users\ejecutivo\Desktop\mina_project\BackMina\src\app\services\employeeService.ts:110:36)
    at Generator.next (<anonymous>)
    at fulfilled (C:\Users\ejecutivo\Desktop\mina_project\BackMina\src\app\services\employeeService.ts:17:58)
    at processTicksAndRejections (node:internal/process/task_queues:95:5)
2024-05-28 15:36:56:5726 error: Cannot destructure property 'deletedAt' of '_a' as it is null. TypeError: Cannot destructure property 'deletedAt' of '_a' as it is null.
    at EmployeeMapper.mapToDto (C:\Users\ejecutivo\Desktop\mina_project\BackMina\src\domain\models\employeeModel.ts:53:13)
    at EmployeeService.<anonymous> (C:\Users\ejecutivo\Desktop\mina_project\BackMina\src\app\services\employeeService.ts:110:36)
    at Generator.next (<anonymous>)
    at fulfilled (C:\Users\ejecutivo\Desktop\mina_project\BackMina\src\app\services\employeeService.ts:17:58)
    at processTicksAndRejections (node:internal/process/task_queues:95:5)
2024-05-28 15:36:56:8248 error: Cannot destructure property 'deletedAt' of '_a' as it is null. TypeError: Cannot destructure property 'deletedAt' of '_a' as it is null.
    at EmployeeMapper.mapToDto (C:\Users\ejecutivo\Desktop\mina_project\BackMina\src\domain\models\employeeModel.ts:53:13)
    at EmployeeService.<anonymous> (C:\Users\ejecutivo\Desktop\mina_project\BackMina\src\app\services\employeeService.ts:110:36)
    at Generator.next (<anonymous>)
    at fulfilled (C:\Users\ejecutivo\Desktop\mina_project\BackMina\src\app\services\employeeService.ts:17:58)
    at processTicksAndRejections (node:internal/process/task_queues:95:5)
2024-05-28 15:36:58:3584 error: Cannot destructure property 'deletedAt' of '_a' as it is null. TypeError: Cannot destructure property 'deletedAt' of '_a' as it is null.
    at EmployeeMapper.mapToDto (C:\Users\ejecutivo\Desktop\mina_project\BackMina\src\domain\models\employeeModel.ts:53:13)
    at EmployeeService.<anonymous> (C:\Users\ejecutivo\Desktop\mina_project\BackMina\src\app\services\employeeService.ts:110:36)
    at Generator.next (<anonymous>)
    at fulfilled (C:\Users\ejecutivo\Desktop\mina_project\BackMina\src\app\services\employeeService.ts:17:58)
    at processTicksAndRejections (node:internal/process/task_queues:95:5)
2024-05-28 15:36:58:5275 error: Cannot destructure property 'deletedAt' of '_a' as it is null. TypeError: Cannot destructure property 'deletedAt' of '_a' as it is null.
    at EmployeeMapper.mapToDto (C:\Users\ejecutivo\Desktop\mina_project\BackMina\src\domain\models\employeeModel.ts:53:13)
    at EmployeeService.<anonymous> (C:\Users\ejecutivo\Desktop\mina_project\BackMina\src\app\services\employeeService.ts:110:36)
    at Generator.next (<anonymous>)
    at fulfilled (C:\Users\ejecutivo\Desktop\mina_project\BackMina\src\app\services\employeeService.ts:17:58)
    at processTicksAndRejections (node:internal/process/task_queues:95:5)
2024-05-28 15:36:59:3824 error: Cannot destructure property 'deletedAt' of '_a' as it is null. TypeError: Cannot destructure property 'deletedAt' of '_a' as it is null.
    at EmployeeMapper.mapToDto (C:\Users\ejecutivo\Desktop\mina_project\BackMina\src\domain\models\employeeModel.ts:53:13)
    at EmployeeService.<anonymous> (C:\Users\ejecutivo\Desktop\mina_project\BackMina\src\app\services\employeeService.ts:110:36)
    at Generator.next (<anonymous>)
    at fulfilled (C:\Users\ejecutivo\Desktop\mina_project\BackMina\src\app\services\employeeService.ts:17:58)
    at processTicksAndRejections (node:internal/process/task_queues:95:5)
2024-05-28 15:37:05:2252 error: Cannot destructure property 'deletedAt' of '_a' as it is null. TypeError: Cannot destructure property 'deletedAt' of '_a' as it is null.
    at EmployeeMapper.mapToDto (C:\Users\ejecutivo\Desktop\mina_project\BackMina\src\domain\models\employeeModel.ts:53:13)
    at EmployeeService.<anonymous> (C:\Users\ejecutivo\Desktop\mina_project\BackMina\src\app\services\employeeService.ts:110:36)
    at Generator.next (<anonymous>)
    at fulfilled (C:\Users\ejecutivo\Desktop\mina_project\BackMina\src\app\services\employeeService.ts:17:58)
    at processTicksAndRejections (node:internal/process/task_queues:95:5)
2024-05-28 15:39:55:0140 error: Cannot destructure property 'deletedAt' of '_a' as it is null. TypeError: Cannot destructure property 'deletedAt' of '_a' as it is null.
    at EmployeeMapper.mapToDto (C:\Users\ejecutivo\Desktop\mina_project\BackMina\src\domain\models\employeeModel.ts:53:13)
    at EmployeeService.<anonymous> (C:\Users\ejecutivo\Desktop\mina_project\BackMina\src\app\services\employeeService.ts:110:36)
    at Generator.next (<anonymous>)
    at fulfilled (C:\Users\ejecutivo\Desktop\mina_project\BackMina\src\app\services\employeeService.ts:17:58)
    at processTicksAndRejections (node:internal/process/task_queues:95:5)
2024-05-28 15:39:56:1471 error: Cannot destructure property 'deletedAt' of '_a' as it is null. TypeError: Cannot destructure property 'deletedAt' of '_a' as it is null.
    at EmployeeMapper.mapToDto (C:\Users\ejecutivo\Desktop\mina_project\BackMina\src\domain\models\employeeModel.ts:53:13)
    at EmployeeService.<anonymous> (C:\Users\ejecutivo\Desktop\mina_project\BackMina\src\app\services\employeeService.ts:110:36)
    at Generator.next (<anonymous>)
    at fulfilled (C:\Users\ejecutivo\Desktop\mina_project\BackMina\src\app\services\employeeService.ts:17:58)
    at processTicksAndRejections (node:internal/process/task_queues:95:5)
2024-05-28 15:39:56:3193 error: Cannot destructure property 'deletedAt' of '_a' as it is null. TypeError: Cannot destructure property 'deletedAt' of '_a' as it is null.
    at EmployeeMapper.mapToDto (C:\Users\ejecutivo\Desktop\mina_project\BackMina\src\domain\models\employeeModel.ts:53:13)
    at EmployeeService.<anonymous> (C:\Users\ejecutivo\Desktop\mina_project\BackMina\src\app\services\employeeService.ts:110:36)
    at Generator.next (<anonymous>)
    at fulfilled (C:\Users\ejecutivo\Desktop\mina_project\BackMina\src\app\services\employeeService.ts:17:58)
    at processTicksAndRejections (node:internal/process/task_queues:95:5)
2024-05-28 15:39:57:7868 error: Cannot destructure property 'deletedAt' of '_a' as it is null. TypeError: Cannot destructure property 'deletedAt' of '_a' as it is null.
    at EmployeeMapper.mapToDto (C:\Users\ejecutivo\Desktop\mina_project\BackMina\src\domain\models\employeeModel.ts:53:13)
    at EmployeeService.<anonymous> (C:\Users\ejecutivo\Desktop\mina_project\BackMina\src\app\services\employeeService.ts:110:36)
    at Generator.next (<anonymous>)
    at fulfilled (C:\Users\ejecutivo\Desktop\mina_project\BackMina\src\app\services\employeeService.ts:17:58)
    at processTicksAndRejections (node:internal/process/task_queues:95:5)
2024-05-28 15:39:57:96310 error: Cannot destructure property 'deletedAt' of '_a' as it is null. TypeError: Cannot destructure property 'deletedAt' of '_a' as it is null.
    at EmployeeMapper.mapToDto (C:\Users\ejecutivo\Desktop\mina_project\BackMina\src\domain\models\employeeModel.ts:53:13)
    at EmployeeService.<anonymous> (C:\Users\ejecutivo\Desktop\mina_project\BackMina\src\app\services\employeeService.ts:110:36)
    at Generator.next (<anonymous>)
    at fulfilled (C:\Users\ejecutivo\Desktop\mina_project\BackMina\src\app\services\employeeService.ts:17:58)
    at processTicksAndRejections (node:internal/process/task_queues:95:5)
2024-05-28 15:39:58:4134 error: Cannot destructure property 'deletedAt' of '_a' as it is null. TypeError: Cannot destructure property 'deletedAt' of '_a' as it is null.
    at EmployeeMapper.mapToDto (C:\Users\ejecutivo\Desktop\mina_project\BackMina\src\domain\models\employeeModel.ts:53:13)
    at EmployeeService.<anonymous> (C:\Users\ejecutivo\Desktop\mina_project\BackMina\src\app\services\employeeService.ts:110:36)
    at Generator.next (<anonymous>)
    at fulfilled (C:\Users\ejecutivo\Desktop\mina_project\BackMina\src\app\services\employeeService.ts:17:58)
    at processTicksAndRejections (node:internal/process/task_queues:95:5)
2024-05-28 15:40:00:8989 error: Cannot destructure property 'deletedAt' of '_a' as it is null. TypeError: Cannot destructure property 'deletedAt' of '_a' as it is null.
    at EmployeeMapper.mapToDto (C:\Users\ejecutivo\Desktop\mina_project\BackMina\src\domain\models\employeeModel.ts:53:13)
    at EmployeeService.<anonymous> (C:\Users\ejecutivo\Desktop\mina_project\BackMina\src\app\services\employeeService.ts:110:36)
    at Generator.next (<anonymous>)
    at fulfilled (C:\Users\ejecutivo\Desktop\mina_project\BackMina\src\app\services\employeeService.ts:17:58)
    at processTicksAndRejections (node:internal/process/task_queues:95:5)
2024-05-28 15:40:01:0971 error: Cannot destructure property 'deletedAt' of '_a' as it is null. TypeError: Cannot destructure property 'deletedAt' of '_a' as it is null.
    at EmployeeMapper.mapToDto (C:\Users\ejecutivo\Desktop\mina_project\BackMina\src\domain\models\employeeModel.ts:53:13)
    at EmployeeService.<anonymous> (C:\Users\ejecutivo\Desktop\mina_project\BackMina\src\app\services\employeeService.ts:110:36)
    at Generator.next (<anonymous>)
    at fulfilled (C:\Users\ejecutivo\Desktop\mina_project\BackMina\src\app\services\employeeService.ts:17:58)
    at processTicksAndRejections (node:internal/process/task_queues:95:5)
2024-05-28 15:40:01:3463 error: Cannot destructure property 'deletedAt' of '_a' as it is null. TypeError: Cannot destructure property 'deletedAt' of '_a' as it is null.
    at EmployeeMapper.mapToDto (C:\Users\ejecutivo\Desktop\mina_project\BackMina\src\domain\models\employeeModel.ts:53:13)
    at EmployeeService.<anonymous> (C:\Users\ejecutivo\Desktop\mina_project\BackMina\src\app\services\employeeService.ts:110:36)
    at Generator.next (<anonymous>)
    at fulfilled (C:\Users\ejecutivo\Desktop\mina_project\BackMina\src\app\services\employeeService.ts:17:58)
    at processTicksAndRejections (node:internal/process/task_queues:95:5)
2024-05-28 15:40:23:1441 error: el valor nulo en la columna «date_birth» de la relación «employee_master» viola la restricción de no nulo QueryFailedError: el valor nulo en la columna «date_birth» de la relación «employee_master» viola la restricción de no nulo
    at PostgresQueryRunner.query (C:\Users\ejecutivo\Desktop\mina_project\BackMina\src\driver\postgres\PostgresQueryRunner.ts:299:19)
    at processTicksAndRejections (node:internal/process/task_queues:95:5)
    at InsertQueryBuilder.execute (C:\Users\ejecutivo\Desktop\mina_project\BackMina\src\query-builder\InsertQueryBuilder.ts:163:33)
    at SubjectExecutor.executeInsertOperations (C:\Users\ejecutivo\Desktop\mina_project\BackMina\src\persistence\SubjectExecutor.ts:434:42)
    at SubjectExecutor.execute (C:\Users\ejecutivo\Desktop\mina_project\BackMina\src\persistence\SubjectExecutor.ts:137:9)
    at EntityPersistExecutor.execute (C:\Users\ejecutivo\Desktop\mina_project\BackMina\src\persistence\EntityPersistExecutor.ts:197:21)
2024-05-28 15:46:09:9359 error: Cannot destructure property 'deletedAt' of '_a' as it is null. TypeError: Cannot destructure property 'deletedAt' of '_a' as it is null.
    at EmployeeMapper.mapToDto (C:\Users\ejecutivo\Desktop\mina_project\BackMina\src\domain\models\employeeModel.ts:53:13)
    at EmployeeService.<anonymous> (C:\Users\ejecutivo\Desktop\mina_project\BackMina\src\app\services\employeeService.ts:110:36)
    at Generator.next (<anonymous>)
    at fulfilled (C:\Users\ejecutivo\Desktop\mina_project\BackMina\src\app\services\employeeService.ts:17:58)
    at processTicksAndRejections (node:internal/process/task_queues:95:5)
2024-05-28 15:46:09:99010 error: Cannot destructure property 'deletedAt' of '_a' as it is null. TypeError: Cannot destructure property 'deletedAt' of '_a' as it is null.
    at EmployeeMapper.mapToDto (C:\Users\ejecutivo\Desktop\mina_project\BackMina\src\domain\models\employeeModel.ts:53:13)
    at EmployeeService.<anonymous> (C:\Users\ejecutivo\Desktop\mina_project\BackMina\src\app\services\employeeService.ts:110:36)
    at Generator.next (<anonymous>)
    at fulfilled (C:\Users\ejecutivo\Desktop\mina_project\BackMina\src\app\services\employeeService.ts:17:58)
    at processTicksAndRejections (node:internal/process/task_queues:95:5)
2024-05-28 15:46:12:4274 error: Cannot destructure property 'deletedAt' of '_a' as it is null. TypeError: Cannot destructure property 'deletedAt' of '_a' as it is null.
    at EmployeeMapper.mapToDto (C:\Users\ejecutivo\Desktop\mina_project\BackMina\src\domain\models\employeeModel.ts:53:13)
    at EmployeeService.<anonymous> (C:\Users\ejecutivo\Desktop\mina_project\BackMina\src\app\services\employeeService.ts:110:36)
    at Generator.next (<anonymous>)
    at fulfilled (C:\Users\ejecutivo\Desktop\mina_project\BackMina\src\app\services\employeeService.ts:17:58)
    at processTicksAndRejections (node:internal/process/task_queues:95:5)
2024-05-28 15:46:12:5806 error: Cannot destructure property 'deletedAt' of '_a' as it is null. TypeError: Cannot destructure property 'deletedAt' of '_a' as it is null.
    at EmployeeMapper.mapToDto (C:\Users\ejecutivo\Desktop\mina_project\BackMina\src\domain\models\employeeModel.ts:53:13)
    at EmployeeService.<anonymous> (C:\Users\ejecutivo\Desktop\mina_project\BackMina\src\app\services\employeeService.ts:110:36)
    at Generator.next (<anonymous>)
    at fulfilled (C:\Users\ejecutivo\Desktop\mina_project\BackMina\src\app\services\employeeService.ts:17:58)
    at processTicksAndRejections (node:internal/process/task_queues:95:5)
2024-05-28 15:46:15:5546 error: Cannot destructure property 'deletedAt' of '_a' as it is null. TypeError: Cannot destructure property 'deletedAt' of '_a' as it is null.
    at EmployeeMapper.mapToDto (C:\Users\ejecutivo\Desktop\mina_project\BackMina\src\domain\models\employeeModel.ts:53:13)
    at EmployeeService.<anonymous> (C:\Users\ejecutivo\Desktop\mina_project\BackMina\src\app\services\employeeService.ts:110:36)
    at Generator.next (<anonymous>)
    at fulfilled (C:\Users\ejecutivo\Desktop\mina_project\BackMina\src\app\services\employeeService.ts:17:58)
    at processTicksAndRejections (node:internal/process/task_queues:95:5)
2024-05-28 15:46:19:0360 error: Cannot destructure property 'deletedAt' of '_a' as it is null. TypeError: Cannot destructure property 'deletedAt' of '_a' as it is null.
    at EmployeeMapper.mapToDto (C:\Users\ejecutivo\Desktop\mina_project\BackMina\src\domain\models\employeeModel.ts:53:13)
    at EmployeeService.<anonymous> (C:\Users\ejecutivo\Desktop\mina_project\BackMina\src\app\services\employeeService.ts:110:36)
    at Generator.next (<anonymous>)
    at fulfilled (C:\Users\ejecutivo\Desktop\mina_project\BackMina\src\app\services\employeeService.ts:17:58)
    at processTicksAndRejections (node:internal/process/task_queues:95:5)
2024-05-28 15:46:19:2192 error: Cannot destructure property 'deletedAt' of '_a' as it is null. TypeError: Cannot destructure property 'deletedAt' of '_a' as it is null.
    at EmployeeMapper.mapToDto (C:\Users\ejecutivo\Desktop\mina_project\BackMina\src\domain\models\employeeModel.ts:53:13)
    at EmployeeService.<anonymous> (C:\Users\ejecutivo\Desktop\mina_project\BackMina\src\app\services\employeeService.ts:110:36)
    at Generator.next (<anonymous>)
    at fulfilled (C:\Users\ejecutivo\Desktop\mina_project\BackMina\src\app\services\employeeService.ts:17:58)
    at processTicksAndRejections (node:internal/process/task_queues:95:5)
2024-05-28 15:46:20:2923 error: Cannot destructure property 'deletedAt' of '_a' as it is null. TypeError: Cannot destructure property 'deletedAt' of '_a' as it is null.
    at EmployeeMapper.mapToDto (C:\Users\ejecutivo\Desktop\mina_project\BackMina\src\domain\models\employeeModel.ts:53:13)
    at EmployeeService.<anonymous> (C:\Users\ejecutivo\Desktop\mina_project\BackMina\src\app\services\employeeService.ts:110:36)
    at Generator.next (<anonymous>)
    at fulfilled (C:\Users\ejecutivo\Desktop\mina_project\BackMina\src\app\services\employeeService.ts:17:58)
    at processTicksAndRejections (node:internal/process/task_queues:95:5)
2024-05-28 15:46:20:4484 error: Cannot set headers after they are sent to the client Error: Cannot set headers after they are sent to the client
    at ServerResponse.setHeader (node:_http_outgoing:652:11)
    at ServerResponse.header (C:\Users\ejecutivo\Desktop\mina_project\BackMina\node_modules\express\lib\response.js:794:10)
    at ServerResponse.json (C:\Users\ejecutivo\Desktop\mina_project\BackMina\node_modules\express\lib\response.js:275:10)
    at C:\Users\ejecutivo\Desktop\mina_project\BackMina\src\routes\v1\employeeRouter.ts:43:23
    at processTicksAndRejections (node:internal/process/task_queues:95:5)
2024-05-28 16:31:29:4595 error: Cannot set headers after they are sent to the client Error: Cannot set headers after they are sent to the client
    at ServerResponse.setHeader (node:_http_outgoing:652:11)
    at ServerResponse.header (C:\Users\ejecutivo\Desktop\mina_project\BackMina\node_modules\express\lib\response.js:794:10)
    at ServerResponse.json (C:\Users\ejecutivo\Desktop\mina_project\BackMina\node_modules\express\lib\response.js:275:10)
    at C:\Users\ejecutivo\Desktop\mina_project\BackMina\src\routes\v1\employeeRouter.ts:43:23
    at processTicksAndRejections (node:internal/process/task_queues:95:5)
2024-05-28 16:32:22:4775 error: Cannot set headers after they are sent to the client Error: Cannot set headers after they are sent to the client
    at ServerResponse.setHeader (node:_http_outgoing:652:11)
    at ServerResponse.header (C:\Users\ejecutivo\Desktop\mina_project\BackMina\node_modules\express\lib\response.js:794:10)
    at ServerResponse.json (C:\Users\ejecutivo\Desktop\mina_project\BackMina\node_modules\express\lib\response.js:275:10)
    at C:\Users\ejecutivo\Desktop\mina_project\BackMina\src\routes\v1\employeeRouter.ts:43:23
    at processTicksAndRejections (node:internal/process/task_queues:95:5)
2024-05-28 17:12:11:2162 error: Cannot set headers after they are sent to the client Error: Cannot set headers after they are sent to the client
    at ServerResponse.setHeader (node:_http_outgoing:652:11)
    at ServerResponse.header (C:\Users\ejecutivo\Desktop\mina_project\BackMina\node_modules\express\lib\response.js:794:10)
    at ServerResponse.json (C:\Users\ejecutivo\Desktop\mina_project\BackMina\node_modules\express\lib\response.js:275:10)
    at C:\Users\ejecutivo\Desktop\mina_project\BackMina\src\routes\v1\employeeRouter.ts:43:23
    at processTicksAndRejections (node:internal/process/task_queues:95:5)
2024-05-28 17:12:31:5065 error: Cannot set headers after they are sent to the client Error: Cannot set headers after they are sent to the client
    at ServerResponse.setHeader (node:_http_outgoing:652:11)
    at ServerResponse.header (C:\Users\ejecutivo\Desktop\mina_project\BackMina\node_modules\express\lib\response.js:794:10)
    at ServerResponse.json (C:\Users\ejecutivo\Desktop\mina_project\BackMina\node_modules\express\lib\response.js:275:10)
    at C:\Users\ejecutivo\Desktop\mina_project\BackMina\src\routes\v1\employeeRouter.ts:43:23
    at processTicksAndRejections (node:internal/process/task_queues:95:5)
2024-05-28 20:21:02:2533 error: Cannot destructure property 'deletedAt' of '_a' as it is null. TypeError: Cannot destructure property 'deletedAt' of '_a' as it is null.
    at EmployeeMapper.mapToDto (C:\Users\ejecutivo\Desktop\mina_project\BackMina\src\domain\models\employeeModel.ts:53:13)
    at EmployeeService.<anonymous> (C:\Users\ejecutivo\Desktop\mina_project\BackMina\src\app\services\employeeService.ts:110:36)
    at Generator.next (<anonymous>)
    at fulfilled (C:\Users\ejecutivo\Desktop\mina_project\BackMina\src\app\services\employeeService.ts:17:58)
    at processTicksAndRejections (node:internal/process/task_queues:95:5)
2024-05-28 20:21:02:7578 error: Cannot destructure property 'deletedAt' of '_a' as it is null. TypeError: Cannot destructure property 'deletedAt' of '_a' as it is null.
    at EmployeeMapper.mapToDto (C:\Users\ejecutivo\Desktop\mina_project\BackMina\src\domain\models\employeeModel.ts:53:13)
    at EmployeeService.<anonymous> (C:\Users\ejecutivo\Desktop\mina_project\BackMina\src\app\services\employeeService.ts:110:36)
    at Generator.next (<anonymous>)
    at fulfilled (C:\Users\ejecutivo\Desktop\mina_project\BackMina\src\app\services\employeeService.ts:17:58)
    at processTicksAndRejections (node:internal/process/task_queues:95:5)
2024-05-28 20:21:05:0841 error: Cannot destructure property 'deletedAt' of '_a' as it is null. TypeError: Cannot destructure property 'deletedAt' of '_a' as it is null.
    at EmployeeMapper.mapToDto (C:\Users\ejecutivo\Desktop\mina_project\BackMina\src\domain\models\employeeModel.ts:53:13)
    at EmployeeService.<anonymous> (C:\Users\ejecutivo\Desktop\mina_project\BackMina\src\app\services\employeeService.ts:110:36)
    at Generator.next (<anonymous>)
    at fulfilled (C:\Users\ejecutivo\Desktop\mina_project\BackMina\src\app\services\employeeService.ts:17:58)
    at processTicksAndRejections (node:internal/process/task_queues:95:5)
2024-05-28 20:21:05:5916 error: Cannot destructure property 'deletedAt' of '_a' as it is null. TypeError: Cannot destructure property 'deletedAt' of '_a' as it is null.
    at EmployeeMapper.mapToDto (C:\Users\ejecutivo\Desktop\mina_project\BackMina\src\domain\models\employeeModel.ts:53:13)
    at EmployeeService.<anonymous> (C:\Users\ejecutivo\Desktop\mina_project\BackMina\src\app\services\employeeService.ts:110:36)
    at Generator.next (<anonymous>)
    at fulfilled (C:\Users\ejecutivo\Desktop\mina_project\BackMina\src\app\services\employeeService.ts:17:58)
    at processTicksAndRejections (node:internal/process/task_queues:95:5)
2024-05-28 20:29:52:5105 error: Cannot set headers after they are sent to the client Error: Cannot set headers after they are sent to the client
    at ServerResponse.setHeader (node:_http_outgoing:652:11)
    at ServerResponse.header (C:\Users\ejecutivo\Desktop\mina_project\BackMina\node_modules\express\lib\response.js:794:10)
    at ServerResponse.json (C:\Users\ejecutivo\Desktop\mina_project\BackMina\node_modules\express\lib\response.js:275:10)
    at C:\Users\ejecutivo\Desktop\mina_project\BackMina\src\routes\v1\employeeRouter.ts:43:23
    at processTicksAndRejections (node:internal/process/task_queues:95:5)
2024-05-28 20:30:53:2523 error: Cannot set headers after they are sent to the client Error: Cannot set headers after they are sent to the client
    at ServerResponse.setHeader (node:_http_outgoing:652:11)
    at ServerResponse.header (C:\Users\ejecutivo\Desktop\mina_project\BackMina\node_modules\express\lib\response.js:794:10)
    at ServerResponse.json (C:\Users\ejecutivo\Desktop\mina_project\BackMina\node_modules\express\lib\response.js:275:10)
    at C:\Users\ejecutivo\Desktop\mina_project\BackMina\src\routes\v1\employeeRouter.ts:43:23
    at processTicksAndRejections (node:internal/process/task_queues:95:5)
2024-05-28 20:32:27:6627 error: Cannot set headers after they are sent to the client Error: Cannot set headers after they are sent to the client
    at ServerResponse.setHeader (node:_http_outgoing:652:11)
    at ServerResponse.header (C:\Users\ejecutivo\Desktop\mina_project\BackMina\node_modules\express\lib\response.js:794:10)
    at ServerResponse.json (C:\Users\ejecutivo\Desktop\mina_project\BackMina\node_modules\express\lib\response.js:275:10)
    at C:\Users\ejecutivo\Desktop\mina_project\BackMina\src\routes\v1\employeeRouter.ts:43:23
    at processTicksAndRejections (node:internal/process/task_queues:95:5)
2024-05-28 20:32:39:6977 error: Cannot destructure property 'deletedAt' of '_a' as it is null. TypeError: Cannot destructure property 'deletedAt' of '_a' as it is null.
    at EmployeeMapper.mapToDto (C:\Users\ejecutivo\Desktop\mina_project\BackMina\src\domain\models\employeeModel.ts:53:13)
    at EmployeeService.<anonymous> (C:\Users\ejecutivo\Desktop\mina_project\BackMina\src\app\services\employeeService.ts:110:36)
    at Generator.next (<anonymous>)
    at fulfilled (C:\Users\ejecutivo\Desktop\mina_project\BackMina\src\app\services\employeeService.ts:17:58)
    at processTicksAndRejections (node:internal/process/task_queues:95:5)
2024-05-28 20:32:39:8438 error: Cannot destructure property 'deletedAt' of '_a' as it is null. TypeError: Cannot destructure property 'deletedAt' of '_a' as it is null.
    at EmployeeMapper.mapToDto (C:\Users\ejecutivo\Desktop\mina_project\BackMina\src\domain\models\employeeModel.ts:53:13)
    at EmployeeService.<anonymous> (C:\Users\ejecutivo\Desktop\mina_project\BackMina\src\app\services\employeeService.ts:110:36)
    at Generator.next (<anonymous>)
    at fulfilled (C:\Users\ejecutivo\Desktop\mina_project\BackMina\src\app\services\employeeService.ts:17:58)
    at processTicksAndRejections (node:internal/process/task_queues:95:5)
2024-05-28 20:32:40:1722 error: Cannot destructure property 'deletedAt' of '_a' as it is null. TypeError: Cannot destructure property 'deletedAt' of '_a' as it is null.
    at EmployeeMapper.mapToDto (C:\Users\ejecutivo\Desktop\mina_project\BackMina\src\domain\models\employeeModel.ts:53:13)
    at EmployeeService.<anonymous> (C:\Users\ejecutivo\Desktop\mina_project\BackMina\src\app\services\employeeService.ts:110:36)
    at Generator.next (<anonymous>)
    at fulfilled (C:\Users\ejecutivo\Desktop\mina_project\BackMina\src\app\services\employeeService.ts:17:58)
    at processTicksAndRejections (node:internal/process/task_queues:95:5)
2024-05-28 20:33:00:6967 error: Cannot destructure property 'deletedAt' of '_a' as it is null. TypeError: Cannot destructure property 'deletedAt' of '_a' as it is null.
    at EmployeeMapper.mapToDto (C:\Users\ejecutivo\Desktop\mina_project\BackMina\src\domain\models\employeeModel.ts:53:13)
    at EmployeeService.<anonymous> (C:\Users\ejecutivo\Desktop\mina_project\BackMina\src\app\services\employeeService.ts:110:36)
    at Generator.next (<anonymous>)
    at fulfilled (C:\Users\ejecutivo\Desktop\mina_project\BackMina\src\app\services\employeeService.ts:17:58)
    at processTicksAndRejections (node:internal/process/task_queues:95:5)
2024-05-28 20:33:00:8418 error: Cannot destructure property 'deletedAt' of '_a' as it is null. TypeError: Cannot destructure property 'deletedAt' of '_a' as it is null.
    at EmployeeMapper.mapToDto (C:\Users\ejecutivo\Desktop\mina_project\BackMina\src\domain\models\employeeModel.ts:53:13)
    at EmployeeService.<anonymous> (C:\Users\ejecutivo\Desktop\mina_project\BackMina\src\app\services\employeeService.ts:110:36)
    at Generator.next (<anonymous>)
    at fulfilled (C:\Users\ejecutivo\Desktop\mina_project\BackMina\src\app\services\employeeService.ts:17:58)
    at processTicksAndRejections (node:internal/process/task_queues:95:5)
2024-05-28 20:33:01:3734 error: Cannot destructure property 'deletedAt' of '_a' as it is null. TypeError: Cannot destructure property 'deletedAt' of '_a' as it is null.
    at EmployeeMapper.mapToDto (C:\Users\ejecutivo\Desktop\mina_project\BackMina\src\domain\models\employeeModel.ts:53:13)
    at EmployeeService.<anonymous> (C:\Users\ejecutivo\Desktop\mina_project\BackMina\src\app\services\employeeService.ts:110:36)
    at Generator.next (<anonymous>)
    at fulfilled (C:\Users\ejecutivo\Desktop\mina_project\BackMina\src\app\services\employeeService.ts:17:58)
    at processTicksAndRejections (node:internal/process/task_queues:95:5)
2024-05-28 20:33:01:5536 error: Cannot destructure property 'deletedAt' of '_a' as it is null. TypeError: Cannot destructure property 'deletedAt' of '_a' as it is null.
    at EmployeeMapper.mapToDto (C:\Users\ejecutivo\Desktop\mina_project\BackMina\src\domain\models\employeeModel.ts:53:13)
    at EmployeeService.<anonymous> (C:\Users\ejecutivo\Desktop\mina_project\BackMina\src\app\services\employeeService.ts:110:36)
    at Generator.next (<anonymous>)
    at fulfilled (C:\Users\ejecutivo\Desktop\mina_project\BackMina\src\app\services\employeeService.ts:17:58)
    at processTicksAndRejections (node:internal/process/task_queues:95:5)
2024-05-28 20:33:03:0511 error: Cannot set headers after they are sent to the client Error: Cannot set headers after they are sent to the client
    at ServerResponse.setHeader (node:_http_outgoing:652:11)
    at ServerResponse.header (C:\Users\ejecutivo\Desktop\mina_project\BackMina\node_modules\express\lib\response.js:794:10)
    at ServerResponse.json (C:\Users\ejecutivo\Desktop\mina_project\BackMina\node_modules\express\lib\response.js:275:10)
    at C:\Users\ejecutivo\Desktop\mina_project\BackMina\src\routes\v1\employeeRouter.ts:43:23
    at processTicksAndRejections (node:internal/process/task_queues:95:5)
2024-05-28 20:33:56:5706 error: Cannot destructure property 'deletedAt' of '_a' as it is null. TypeError: Cannot destructure property 'deletedAt' of '_a' as it is null.
    at EmployeeMapper.mapToDto (C:\Users\ejecutivo\Desktop\mina_project\BackMina\src\domain\models\employeeModel.ts:53:13)
    at EmployeeService.<anonymous> (C:\Users\ejecutivo\Desktop\mina_project\BackMina\src\app\services\employeeService.ts:110:36)
    at Generator.next (<anonymous>)
    at fulfilled (C:\Users\ejecutivo\Desktop\mina_project\BackMina\src\app\services\employeeService.ts:17:58)
    at processTicksAndRejections (node:internal/process/task_queues:95:5)
2024-05-28 20:33:56:6837 error: Cannot destructure property 'deletedAt' of '_a' as it is null. TypeError: Cannot destructure property 'deletedAt' of '_a' as it is null.
    at EmployeeMapper.mapToDto (C:\Users\ejecutivo\Desktop\mina_project\BackMina\src\domain\models\employeeModel.ts:53:13)
    at EmployeeService.<anonymous> (C:\Users\ejecutivo\Desktop\mina_project\BackMina\src\app\services\employeeService.ts:110:36)
    at Generator.next (<anonymous>)
    at fulfilled (C:\Users\ejecutivo\Desktop\mina_project\BackMina\src\app\services\employeeService.ts:17:58)
    at processTicksAndRejections (node:internal/process/task_queues:95:5)
2024-05-28 20:33:56:8769 error: Cannot destructure property 'deletedAt' of '_a' as it is null. TypeError: Cannot destructure property 'deletedAt' of '_a' as it is null.
    at EmployeeMapper.mapToDto (C:\Users\ejecutivo\Desktop\mina_project\BackMina\src\domain\models\employeeModel.ts:53:13)
    at EmployeeService.<anonymous> (C:\Users\ejecutivo\Desktop\mina_project\BackMina\src\app\services\employeeService.ts:110:36)
    at Generator.next (<anonymous>)
    at fulfilled (C:\Users\ejecutivo\Desktop\mina_project\BackMina\src\app\services\employeeService.ts:17:58)
    at processTicksAndRejections (node:internal/process/task_queues:95:5)
2024-05-28 20:33:58:97310 error: Cannot destructure property 'deletedAt' of '_a' as it is null. TypeError: Cannot destructure property 'deletedAt' of '_a' as it is null.
    at EmployeeMapper.mapToDto (C:\Users\ejecutivo\Desktop\mina_project\BackMina\src\domain\models\employeeModel.ts:53:13)
    at EmployeeService.<anonymous> (C:\Users\ejecutivo\Desktop\mina_project\BackMina\src\app\services\employeeService.ts:110:36)
    at Generator.next (<anonymous>)
    at fulfilled (C:\Users\ejecutivo\Desktop\mina_project\BackMina\src\app\services\employeeService.ts:17:58)
    at processTicksAndRejections (node:internal/process/task_queues:95:5)
2024-05-28 20:33:59:1161 error: Cannot destructure property 'deletedAt' of '_a' as it is null. TypeError: Cannot destructure property 'deletedAt' of '_a' as it is null.
    at EmployeeMapper.mapToDto (C:\Users\ejecutivo\Desktop\mina_project\BackMina\src\domain\models\employeeModel.ts:53:13)
    at EmployeeService.<anonymous> (C:\Users\ejecutivo\Desktop\mina_project\BackMina\src\app\services\employeeService.ts:110:36)
    at Generator.next (<anonymous>)
    at fulfilled (C:\Users\ejecutivo\Desktop\mina_project\BackMina\src\app\services\employeeService.ts:17:58)
    at processTicksAndRejections (node:internal/process/task_queues:95:5)
2024-05-28 20:33:59:3604 error: Cannot destructure property 'deletedAt' of '_a' as it is null. TypeError: Cannot destructure property 'deletedAt' of '_a' as it is null.
    at EmployeeMapper.mapToDto (C:\Users\ejecutivo\Desktop\mina_project\BackMina\src\domain\models\employeeModel.ts:53:13)
    at EmployeeService.<anonymous> (C:\Users\ejecutivo\Desktop\mina_project\BackMina\src\app\services\employeeService.ts:110:36)
    at Generator.next (<anonymous>)
    at fulfilled (C:\Users\ejecutivo\Desktop\mina_project\BackMina\src\app\services\employeeService.ts:17:58)
    at processTicksAndRejections (node:internal/process/task_queues:95:5)
2024-05-28 20:33:59:4625 error: Cannot destructure property 'deletedAt' of '_a' as it is null. TypeError: Cannot destructure property 'deletedAt' of '_a' as it is null.
    at EmployeeMapper.mapToDto (C:\Users\ejecutivo\Desktop\mina_project\BackMina\src\domain\models\employeeModel.ts:53:13)
    at EmployeeService.<anonymous> (C:\Users\ejecutivo\Desktop\mina_project\BackMina\src\app\services\employeeService.ts:110:36)
    at Generator.next (<anonymous>)
    at fulfilled (C:\Users\ejecutivo\Desktop\mina_project\BackMina\src\app\services\employeeService.ts:17:58)
    at processTicksAndRejections (node:internal/process/task_queues:95:5)
2024-05-28 20:34:01:2613 error: Cannot set headers after they are sent to the client Error: Cannot set headers after they are sent to the client
    at ServerResponse.setHeader (node:_http_outgoing:652:11)
    at ServerResponse.header (C:\Users\ejecutivo\Desktop\mina_project\BackMina\node_modules\express\lib\response.js:794:10)
    at ServerResponse.json (C:\Users\ejecutivo\Desktop\mina_project\BackMina\node_modules\express\lib\response.js:275:10)
    at C:\Users\ejecutivo\Desktop\mina_project\BackMina\src\routes\v1\employeeRouter.ts:43:23
    at processTicksAndRejections (node:internal/process/task_queues:95:5)
2024-05-28 20:34:20:4845 error: Cannot destructure property 'deletedAt' of '_a' as it is null. TypeError: Cannot destructure property 'deletedAt' of '_a' as it is null.
    at EmployeeMapper.mapToDto (C:\Users\ejecutivo\Desktop\mina_project\BackMina\src\domain\models\employeeModel.ts:53:13)
    at EmployeeService.<anonymous> (C:\Users\ejecutivo\Desktop\mina_project\BackMina\src\app\services\employeeService.ts:110:36)
    at Generator.next (<anonymous>)
    at fulfilled (C:\Users\ejecutivo\Desktop\mina_project\BackMina\src\app\services\employeeService.ts:17:58)
    at processTicksAndRejections (node:internal/process/task_queues:95:5)
2024-05-28 20:34:20:6336 error: Cannot destructure property 'deletedAt' of '_a' as it is null. TypeError: Cannot destructure property 'deletedAt' of '_a' as it is null.
    at EmployeeMapper.mapToDto (C:\Users\ejecutivo\Desktop\mina_project\BackMina\src\domain\models\employeeModel.ts:53:13)
    at EmployeeService.<anonymous> (C:\Users\ejecutivo\Desktop\mina_project\BackMina\src\app\services\employeeService.ts:110:36)
    at Generator.next (<anonymous>)
    at fulfilled (C:\Users\ejecutivo\Desktop\mina_project\BackMina\src\app\services\employeeService.ts:17:58)
    at processTicksAndRejections (node:internal/process/task_queues:95:5)
2024-05-28 20:34:21:7177 error: Cannot set headers after they are sent to the client Error: Cannot set headers after they are sent to the client
    at ServerResponse.setHeader (node:_http_outgoing:652:11)
    at ServerResponse.header (C:\Users\ejecutivo\Desktop\mina_project\BackMina\node_modules\express\lib\response.js:794:10)
    at ServerResponse.json (C:\Users\ejecutivo\Desktop\mina_project\BackMina\node_modules\express\lib\response.js:275:10)
    at C:\Users\ejecutivo\Desktop\mina_project\BackMina\src\routes\v1\employeeRouter.ts:43:23
    at processTicksAndRejections (node:internal/process/task_queues:95:5)
2024-05-28 20:36:34:7257 error: Cannot destructure property 'deletedAt' of '_a' as it is null. TypeError: Cannot destructure property 'deletedAt' of '_a' as it is null.
    at EmployeeMapper.mapToDto (C:\Users\ejecutivo\Desktop\mina_project\BackMina\src\domain\models\employeeModel.ts:53:13)
    at EmployeeService.<anonymous> (C:\Users\ejecutivo\Desktop\mina_project\BackMina\src\app\services\employeeService.ts:110:36)
    at Generator.next (<anonymous>)
    at fulfilled (C:\Users\ejecutivo\Desktop\mina_project\BackMina\src\app\services\employeeService.ts:17:58)
    at processTicksAndRejections (node:internal/process/task_queues:95:5)
2024-05-28 20:36:35:7738 error: Cannot destructure property 'deletedAt' of '_a' as it is null. TypeError: Cannot destructure property 'deletedAt' of '_a' as it is null.
    at EmployeeMapper.mapToDto (C:\Users\ejecutivo\Desktop\mina_project\BackMina\src\domain\models\employeeModel.ts:53:13)
    at EmployeeService.<anonymous> (C:\Users\ejecutivo\Desktop\mina_project\BackMina\src\app\services\employeeService.ts:110:36)
    at Generator.next (<anonymous>)
    at fulfilled (C:\Users\ejecutivo\Desktop\mina_project\BackMina\src\app\services\employeeService.ts:17:58)
    at processTicksAndRejections (node:internal/process/task_queues:95:5)
2024-05-28 20:36:36:0951 error: Cannot destructure property 'deletedAt' of '_a' as it is null. TypeError: Cannot destructure property 'deletedAt' of '_a' as it is null.
    at EmployeeMapper.mapToDto (C:\Users\ejecutivo\Desktop\mina_project\BackMina\src\domain\models\employeeModel.ts:53:13)
    at EmployeeService.<anonymous> (C:\Users\ejecutivo\Desktop\mina_project\BackMina\src\app\services\employeeService.ts:110:36)
    at Generator.next (<anonymous>)
    at fulfilled (C:\Users\ejecutivo\Desktop\mina_project\BackMina\src\app\services\employeeService.ts:17:58)
    at processTicksAndRejections (node:internal/process/task_queues:95:5)
2024-05-28 20:36:36:4264 error: Cannot destructure property 'deletedAt' of '_a' as it is null. TypeError: Cannot destructure property 'deletedAt' of '_a' as it is null.
    at EmployeeMapper.mapToDto (C:\Users\ejecutivo\Desktop\mina_project\BackMina\src\domain\models\employeeModel.ts:53:13)
    at EmployeeService.<anonymous> (C:\Users\ejecutivo\Desktop\mina_project\BackMina\src\app\services\employeeService.ts:110:36)
    at Generator.next (<anonymous>)
    at fulfilled (C:\Users\ejecutivo\Desktop\mina_project\BackMina\src\app\services\employeeService.ts:17:58)
    at processTicksAndRejections (node:internal/process/task_queues:95:5)
2024-05-28 20:36:37:2072 error: Cannot destructure property 'deletedAt' of '_a' as it is null. TypeError: Cannot destructure property 'deletedAt' of '_a' as it is null.
    at EmployeeMapper.mapToDto (C:\Users\ejecutivo\Desktop\mina_project\BackMina\src\domain\models\employeeModel.ts:53:13)
    at EmployeeService.<anonymous> (C:\Users\ejecutivo\Desktop\mina_project\BackMina\src\app\services\employeeService.ts:110:36)
    at Generator.next (<anonymous>)
    at fulfilled (C:\Users\ejecutivo\Desktop\mina_project\BackMina\src\app\services\employeeService.ts:17:58)
    at processTicksAndRejections (node:internal/process/task_queues:95:5)
2024-05-28 20:36:37:4975 error: Cannot destructure property 'deletedAt' of '_a' as it is null. TypeError: Cannot destructure property 'deletedAt' of '_a' as it is null.
    at EmployeeMapper.mapToDto (C:\Users\ejecutivo\Desktop\mina_project\BackMina\src\domain\models\employeeModel.ts:53:13)
    at EmployeeService.<anonymous> (C:\Users\ejecutivo\Desktop\mina_project\BackMina\src\app\services\employeeService.ts:110:36)
    at Generator.next (<anonymous>)
    at fulfilled (C:\Users\ejecutivo\Desktop\mina_project\BackMina\src\app\services\employeeService.ts:17:58)
    at processTicksAndRejections (node:internal/process/task_queues:95:5)
2024-05-28 20:36:37:7648 error: Cannot destructure property 'deletedAt' of '_a' as it is null. TypeError: Cannot destructure property 'deletedAt' of '_a' as it is null.
    at EmployeeMapper.mapToDto (C:\Users\ejecutivo\Desktop\mina_project\BackMina\src\domain\models\employeeModel.ts:53:13)
    at EmployeeService.<anonymous> (C:\Users\ejecutivo\Desktop\mina_project\BackMina\src\app\services\employeeService.ts:110:36)
    at Generator.next (<anonymous>)
    at fulfilled (C:\Users\ejecutivo\Desktop\mina_project\BackMina\src\app\services\employeeService.ts:17:58)
    at processTicksAndRejections (node:internal/process/task_queues:95:5)
2024-05-28 20:36:41:0811 error: Cannot destructure property 'deletedAt' of '_a' as it is null. TypeError: Cannot destructure property 'deletedAt' of '_a' as it is null.
    at EmployeeMapper.mapToDto (C:\Users\ejecutivo\Desktop\mina_project\BackMina\src\domain\models\employeeModel.ts:53:13)
    at EmployeeService.<anonymous> (C:\Users\ejecutivo\Desktop\mina_project\BackMina\src\app\services\employeeService.ts:110:36)
    at Generator.next (<anonymous>)
    at fulfilled (C:\Users\ejecutivo\Desktop\mina_project\BackMina\src\app\services\employeeService.ts:17:58)
    at processTicksAndRejections (node:internal/process/task_queues:95:5)
2024-05-28 20:36:41:3033 error: Cannot destructure property 'deletedAt' of '_a' as it is null. TypeError: Cannot destructure property 'deletedAt' of '_a' as it is null.
    at EmployeeMapper.mapToDto (C:\Users\ejecutivo\Desktop\mina_project\BackMina\src\domain\models\employeeModel.ts:53:13)
    at EmployeeService.<anonymous> (C:\Users\ejecutivo\Desktop\mina_project\BackMina\src\app\services\employeeService.ts:110:36)
    at Generator.next (<anonymous>)
    at fulfilled (C:\Users\ejecutivo\Desktop\mina_project\BackMina\src\app\services\employeeService.ts:17:58)
    at processTicksAndRejections (node:internal/process/task_queues:95:5)
2024-05-28 20:36:41:5325 error: Cannot destructure property 'deletedAt' of '_a' as it is null. TypeError: Cannot destructure property 'deletedAt' of '_a' as it is null.
    at EmployeeMapper.mapToDto (C:\Users\ejecutivo\Desktop\mina_project\BackMina\src\domain\models\employeeModel.ts:53:13)
    at EmployeeService.<anonymous> (C:\Users\ejecutivo\Desktop\mina_project\BackMina\src\app\services\employeeService.ts:110:36)
    at Generator.next (<anonymous>)
    at fulfilled (C:\Users\ejecutivo\Desktop\mina_project\BackMina\src\app\services\employeeService.ts:17:58)
    at processTicksAndRejections (node:internal/process/task_queues:95:5)
2024-05-28 20:38:20:5526 error: Cannot destructure property 'deletedAt' of '_a' as it is null. TypeError: Cannot destructure property 'deletedAt' of '_a' as it is null.
    at EmployeeMapper.mapToDto (C:\Users\ejecutivo\Desktop\mina_project\BackMina\src\domain\models\employeeModel.ts:53:13)
    at EmployeeService.<anonymous> (C:\Users\ejecutivo\Desktop\mina_project\BackMina\src\app\services\employeeService.ts:110:36)
    at Generator.next (<anonymous>)
    at fulfilled (C:\Users\ejecutivo\Desktop\mina_project\BackMina\src\app\services\employeeService.ts:17:58)
    at processTicksAndRejections (node:internal/process/task_queues:95:5)
2024-05-28 20:38:20:99710 error: Cannot destructure property 'deletedAt' of '_a' as it is null. TypeError: Cannot destructure property 'deletedAt' of '_a' as it is null.
    at EmployeeMapper.mapToDto (C:\Users\ejecutivo\Desktop\mina_project\BackMina\src\domain\models\employeeModel.ts:53:13)
    at EmployeeService.<anonymous> (C:\Users\ejecutivo\Desktop\mina_project\BackMina\src\app\services\employeeService.ts:110:36)
    at Generator.next (<anonymous>)
    at fulfilled (C:\Users\ejecutivo\Desktop\mina_project\BackMina\src\app\services\employeeService.ts:17:58)
    at processTicksAndRejections (node:internal/process/task_queues:95:5)
2024-05-28 20:38:21:2873 error: Cannot destructure property 'deletedAt' of '_a' as it is null. TypeError: Cannot destructure property 'deletedAt' of '_a' as it is null.
    at EmployeeMapper.mapToDto (C:\Users\ejecutivo\Desktop\mina_project\BackMina\src\domain\models\employeeModel.ts:53:13)
    at EmployeeService.<anonymous> (C:\Users\ejecutivo\Desktop\mina_project\BackMina\src\app\services\employeeService.ts:110:36)
    at Generator.next (<anonymous>)
    at fulfilled (C:\Users\ejecutivo\Desktop\mina_project\BackMina\src\app\services\employeeService.ts:17:58)
    at processTicksAndRejections (node:internal/process/task_queues:95:5)
2024-05-28 20:38:21:7297 error: Cannot destructure property 'deletedAt' of '_a' as it is null. TypeError: Cannot destructure property 'deletedAt' of '_a' as it is null.
    at EmployeeMapper.mapToDto (C:\Users\ejecutivo\Desktop\mina_project\BackMina\src\domain\models\employeeModel.ts:53:13)
    at EmployeeService.<anonymous> (C:\Users\ejecutivo\Desktop\mina_project\BackMina\src\app\services\employeeService.ts:110:36)
    at Generator.next (<anonymous>)
    at fulfilled (C:\Users\ejecutivo\Desktop\mina_project\BackMina\src\app\services\employeeService.ts:17:58)
    at processTicksAndRejections (node:internal/process/task_queues:95:5)
2024-05-28 20:38:23:3323 error: Cannot destructure property 'deletedAt' of '_a' as it is null. TypeError: Cannot destructure property 'deletedAt' of '_a' as it is null.
    at EmployeeMapper.mapToDto (C:\Users\ejecutivo\Desktop\mina_project\BackMina\src\domain\models\employeeModel.ts:53:13)
    at EmployeeService.<anonymous> (C:\Users\ejecutivo\Desktop\mina_project\BackMina\src\app\services\employeeService.ts:110:36)
    at Generator.next (<anonymous>)
    at fulfilled (C:\Users\ejecutivo\Desktop\mina_project\BackMina\src\app\services\employeeService.ts:17:58)
    at processTicksAndRejections (node:internal/process/task_queues:95:5)
2024-05-28 21:04:01:96410 error: Cannot set headers after they are sent to the client Error: Cannot set headers after they are sent to the client
    at ServerResponse.setHeader (node:_http_outgoing:652:11)
    at ServerResponse.header (C:\Users\ejecutivo\Desktop\mina_project\BackMina\node_modules\express\lib\response.js:794:10)
    at ServerResponse.json (C:\Users\ejecutivo\Desktop\mina_project\BackMina\node_modules\express\lib\response.js:275:10)
    at C:\Users\ejecutivo\Desktop\mina_project\BackMina\src\routes\v1\employeeRouter.ts:43:23
    at processTicksAndRejections (node:internal/process/task_queues:95:5)
2024-05-28 22:43:55:3734 error: Cannot destructure property 'deletedAt' of '_a' as it is null. TypeError: Cannot destructure property 'deletedAt' of '_a' as it is null.
    at EmployeeMapper.mapToDto (C:\Users\ejecutivo\Desktop\mina_project\BackMina\src\domain\models\employeeModel.ts:53:13)
    at EmployeeService.<anonymous> (C:\Users\ejecutivo\Desktop\mina_project\BackMina\src\app\services\employeeService.ts:110:36)
    at Generator.next (<anonymous>)
    at fulfilled (C:\Users\ejecutivo\Desktop\mina_project\BackMina\src\app\services\employeeService.ts:17:58)
    at processTicksAndRejections (node:internal/process/task_queues:95:5)
2024-05-28 22:43:55:4935 error: Cannot destructure property 'deletedAt' of '_a' as it is null. TypeError: Cannot destructure property 'deletedAt' of '_a' as it is null.
    at EmployeeMapper.mapToDto (C:\Users\ejecutivo\Desktop\mina_project\BackMina\src\domain\models\employeeModel.ts:53:13)
    at EmployeeService.<anonymous> (C:\Users\ejecutivo\Desktop\mina_project\BackMina\src\app\services\employeeService.ts:110:36)
    at Generator.next (<anonymous>)
    at fulfilled (C:\Users\ejecutivo\Desktop\mina_project\BackMina\src\app\services\employeeService.ts:17:58)
    at processTicksAndRejections (node:internal/process/task_queues:95:5)
2024-05-28 22:43:55:6356 error: Cannot destructure property 'deletedAt' of '_a' as it is null. TypeError: Cannot destructure property 'deletedAt' of '_a' as it is null.
    at EmployeeMapper.mapToDto (C:\Users\ejecutivo\Desktop\mina_project\BackMina\src\domain\models\employeeModel.ts:53:13)
    at EmployeeService.<anonymous> (C:\Users\ejecutivo\Desktop\mina_project\BackMina\src\app\services\employeeService.ts:110:36)
    at Generator.next (<anonymous>)
    at fulfilled (C:\Users\ejecutivo\Desktop\mina_project\BackMina\src\app\services\employeeService.ts:17:58)
    at processTicksAndRejections (node:internal/process/task_queues:95:5)
2024-05-28 22:43:55:7778 error: Cannot destructure property 'deletedAt' of '_a' as it is null. TypeError: Cannot destructure property 'deletedAt' of '_a' as it is null.
    at EmployeeMapper.mapToDto (C:\Users\ejecutivo\Desktop\mina_project\BackMina\src\domain\models\employeeModel.ts:53:13)
    at EmployeeService.<anonymous> (C:\Users\ejecutivo\Desktop\mina_project\BackMina\src\app\services\employeeService.ts:110:36)
    at Generator.next (<anonymous>)
    at fulfilled (C:\Users\ejecutivo\Desktop\mina_project\BackMina\src\app\services\employeeService.ts:17:58)
    at processTicksAndRejections (node:internal/process/task_queues:95:5)
2024-05-28 22:43:56:0440 error: Cannot destructure property 'deletedAt' of '_a' as it is null. TypeError: Cannot destructure property 'deletedAt' of '_a' as it is null.
    at EmployeeMapper.mapToDto (C:\Users\ejecutivo\Desktop\mina_project\BackMina\src\domain\models\employeeModel.ts:53:13)
    at EmployeeService.<anonymous> (C:\Users\ejecutivo\Desktop\mina_project\BackMina\src\app\services\employeeService.ts:110:36)
    at Generator.next (<anonymous>)
    at fulfilled (C:\Users\ejecutivo\Desktop\mina_project\BackMina\src\app\services\employeeService.ts:17:58)
    at processTicksAndRejections (node:internal/process/task_queues:95:5)
2024-05-28 22:43:56:1892 error: Cannot destructure property 'deletedAt' of '_a' as it is null. TypeError: Cannot destructure property 'deletedAt' of '_a' as it is null.
    at EmployeeMapper.mapToDto (C:\Users\ejecutivo\Desktop\mina_project\BackMina\src\domain\models\employeeModel.ts:53:13)
    at EmployeeService.<anonymous> (C:\Users\ejecutivo\Desktop\mina_project\BackMina\src\app\services\employeeService.ts:110:36)
    at Generator.next (<anonymous>)
    at fulfilled (C:\Users\ejecutivo\Desktop\mina_project\BackMina\src\app\services\employeeService.ts:17:58)
    at processTicksAndRejections (node:internal/process/task_queues:95:5)
2024-05-28 22:43:56:3594 error: Cannot destructure property 'deletedAt' of '_a' as it is null. TypeError: Cannot destructure property 'deletedAt' of '_a' as it is null.
    at EmployeeMapper.mapToDto (C:\Users\ejecutivo\Desktop\mina_project\BackMina\src\domain\models\employeeModel.ts:53:13)
    at EmployeeService.<anonymous> (C:\Users\ejecutivo\Desktop\mina_project\BackMina\src\app\services\employeeService.ts:110:36)
    at Generator.next (<anonymous>)
    at fulfilled (C:\Users\ejecutivo\Desktop\mina_project\BackMina\src\app\services\employeeService.ts:17:58)
    at processTicksAndRejections (node:internal/process/task_queues:95:5)
2024-05-28 22:43:56:7688 error: Cannot destructure property 'deletedAt' of '_a' as it is null. TypeError: Cannot destructure property 'deletedAt' of '_a' as it is null.
    at EmployeeMapper.mapToDto (C:\Users\ejecutivo\Desktop\mina_project\BackMina\src\domain\models\employeeModel.ts:53:13)
    at EmployeeService.<anonymous> (C:\Users\ejecutivo\Desktop\mina_project\BackMina\src\app\services\employeeService.ts:110:36)
    at Generator.next (<anonymous>)
    at fulfilled (C:\Users\ejecutivo\Desktop\mina_project\BackMina\src\app\services\employeeService.ts:17:58)
    at processTicksAndRejections (node:internal/process/task_queues:95:5)
2024-05-28 22:43:56:8519 error: Cannot destructure property 'deletedAt' of '_a' as it is null. TypeError: Cannot destructure property 'deletedAt' of '_a' as it is null.
    at EmployeeMapper.mapToDto (C:\Users\ejecutivo\Desktop\mina_project\BackMina\src\domain\models\employeeModel.ts:53:13)
    at EmployeeService.<anonymous> (C:\Users\ejecutivo\Desktop\mina_project\BackMina\src\app\services\employeeService.ts:110:36)
    at Generator.next (<anonymous>)
    at fulfilled (C:\Users\ejecutivo\Desktop\mina_project\BackMina\src\app\services\employeeService.ts:17:58)
    at processTicksAndRejections (node:internal/process/task_queues:95:5)
2024-05-28 22:43:56:97310 error: Cannot destructure property 'deletedAt' of '_a' as it is null. TypeError: Cannot destructure property 'deletedAt' of '_a' as it is null.
    at EmployeeMapper.mapToDto (C:\Users\ejecutivo\Desktop\mina_project\BackMina\src\domain\models\employeeModel.ts:53:13)
    at EmployeeService.<anonymous> (C:\Users\ejecutivo\Desktop\mina_project\BackMina\src\app\services\employeeService.ts:110:36)
    at Generator.next (<anonymous>)
    at fulfilled (C:\Users\ejecutivo\Desktop\mina_project\BackMina\src\app\services\employeeService.ts:17:58)
    at processTicksAndRejections (node:internal/process/task_queues:95:5)
2024-05-28 23:10:12:4755 error: Cannot destructure property 'deletedAt' of '_a' as it is null. TypeError: Cannot destructure property 'deletedAt' of '_a' as it is null.
    at EmployeeMapper.mapToDto (C:\Users\ejecutivo\Desktop\mina_project\BackMina\src\domain\models\employeeModel.ts:53:13)
    at EmployeeService.<anonymous> (C:\Users\ejecutivo\Desktop\mina_project\BackMina\src\app\services\employeeService.ts:110:36)
    at Generator.next (<anonymous>)
    at fulfilled (C:\Users\ejecutivo\Desktop\mina_project\BackMina\src\app\services\employeeService.ts:17:58)
    at processTicksAndRejections (node:internal/process/task_queues:95:5)
2024-05-28 23:10:12:5546 error: Cannot destructure property 'deletedAt' of '_a' as it is null. TypeError: Cannot destructure property 'deletedAt' of '_a' as it is null.
    at EmployeeMapper.mapToDto (C:\Users\ejecutivo\Desktop\mina_project\BackMina\src\domain\models\employeeModel.ts:53:13)
    at EmployeeService.<anonymous> (C:\Users\ejecutivo\Desktop\mina_project\BackMina\src\app\services\employeeService.ts:110:36)
    at Generator.next (<anonymous>)
    at fulfilled (C:\Users\ejecutivo\Desktop\mina_project\BackMina\src\app\services\employeeService.ts:17:58)
    at processTicksAndRejections (node:internal/process/task_queues:95:5)
2024-05-28 23:10:12:7928 error: Cannot destructure property 'deletedAt' of '_a' as it is null. TypeError: Cannot destructure property 'deletedAt' of '_a' as it is null.
    at EmployeeMapper.mapToDto (C:\Users\ejecutivo\Desktop\mina_project\BackMina\src\domain\models\employeeModel.ts:53:13)
    at EmployeeService.<anonymous> (C:\Users\ejecutivo\Desktop\mina_project\BackMina\src\app\services\employeeService.ts:110:36)
    at Generator.next (<anonymous>)
    at fulfilled (C:\Users\ejecutivo\Desktop\mina_project\BackMina\src\app\services\employeeService.ts:17:58)
    at processTicksAndRejections (node:internal/process/task_queues:95:5)
2024-05-28 23:10:12:8569 error: Cannot destructure property 'deletedAt' of '_a' as it is null. TypeError: Cannot destructure property 'deletedAt' of '_a' as it is null.
    at EmployeeMapper.mapToDto (C:\Users\ejecutivo\Desktop\mina_project\BackMina\src\domain\models\employeeModel.ts:53:13)
    at EmployeeService.<anonymous> (C:\Users\ejecutivo\Desktop\mina_project\BackMina\src\app\services\employeeService.ts:110:36)
    at Generator.next (<anonymous>)
    at fulfilled (C:\Users\ejecutivo\Desktop\mina_project\BackMina\src\app\services\employeeService.ts:17:58)
    at processTicksAndRejections (node:internal/process/task_queues:95:5)
2024-05-28 23:10:12:9359 error: Cannot destructure property 'deletedAt' of '_a' as it is null. TypeError: Cannot destructure property 'deletedAt' of '_a' as it is null.
    at EmployeeMapper.mapToDto (C:\Users\ejecutivo\Desktop\mina_project\BackMina\src\domain\models\employeeModel.ts:53:13)
    at EmployeeService.<anonymous> (C:\Users\ejecutivo\Desktop\mina_project\BackMina\src\app\services\employeeService.ts:110:36)
    at Generator.next (<anonymous>)
    at fulfilled (C:\Users\ejecutivo\Desktop\mina_project\BackMina\src\app\services\employeeService.ts:17:58)
    at processTicksAndRejections (node:internal/process/task_queues:95:5)
2024-05-28 23:10:13:0160 error: Cannot destructure property 'deletedAt' of '_a' as it is null. TypeError: Cannot destructure property 'deletedAt' of '_a' as it is null.
    at EmployeeMapper.mapToDto (C:\Users\ejecutivo\Desktop\mina_project\BackMina\src\domain\models\employeeModel.ts:53:13)
    at EmployeeService.<anonymous> (C:\Users\ejecutivo\Desktop\mina_project\BackMina\src\app\services\employeeService.ts:110:36)
    at Generator.next (<anonymous>)
    at fulfilled (C:\Users\ejecutivo\Desktop\mina_project\BackMina\src\app\services\employeeService.ts:17:58)
    at processTicksAndRejections (node:internal/process/task_queues:95:5)
2024-05-28 23:10:13:2172 error: Cannot destructure property 'deletedAt' of '_a' as it is null. TypeError: Cannot destructure property 'deletedAt' of '_a' as it is null.
    at EmployeeMapper.mapToDto (C:\Users\ejecutivo\Desktop\mina_project\BackMina\src\domain\models\employeeModel.ts:53:13)
    at EmployeeService.<anonymous> (C:\Users\ejecutivo\Desktop\mina_project\BackMina\src\app\services\employeeService.ts:110:36)
    at Generator.next (<anonymous>)
    at fulfilled (C:\Users\ejecutivo\Desktop\mina_project\BackMina\src\app\services\employeeService.ts:17:58)
    at processTicksAndRejections (node:internal/process/task_queues:95:5)
2024-05-28 23:10:13:4164 error: Cannot destructure property 'deletedAt' of '_a' as it is null. TypeError: Cannot destructure property 'deletedAt' of '_a' as it is null.
    at EmployeeMapper.mapToDto (C:\Users\ejecutivo\Desktop\mina_project\BackMina\src\domain\models\employeeModel.ts:53:13)
    at EmployeeService.<anonymous> (C:\Users\ejecutivo\Desktop\mina_project\BackMina\src\app\services\employeeService.ts:110:36)
    at Generator.next (<anonymous>)
    at fulfilled (C:\Users\ejecutivo\Desktop\mina_project\BackMina\src\app\services\employeeService.ts:17:58)
    at processTicksAndRejections (node:internal/process/task_queues:95:5)
2024-05-28 23:10:14:0521 error: Cannot destructure property 'deletedAt' of '_a' as it is null. TypeError: Cannot destructure property 'deletedAt' of '_a' as it is null.
    at EmployeeMapper.mapToDto (C:\Users\ejecutivo\Desktop\mina_project\BackMina\src\domain\models\employeeModel.ts:53:13)
    at EmployeeService.<anonymous> (C:\Users\ejecutivo\Desktop\mina_project\BackMina\src\app\services\employeeService.ts:110:36)
    at Generator.next (<anonymous>)
    at fulfilled (C:\Users\ejecutivo\Desktop\mina_project\BackMina\src\app\services\employeeService.ts:17:58)
    at processTicksAndRejections (node:internal/process/task_queues:95:5)
2024-05-28 23:10:14:4134 error: Cannot destructure property 'deletedAt' of '_a' as it is null. TypeError: Cannot destructure property 'deletedAt' of '_a' as it is null.
    at EmployeeMapper.mapToDto (C:\Users\ejecutivo\Desktop\mina_project\BackMina\src\domain\models\employeeModel.ts:53:13)
    at EmployeeService.<anonymous> (C:\Users\ejecutivo\Desktop\mina_project\BackMina\src\app\services\employeeService.ts:110:36)
    at Generator.next (<anonymous>)
    at fulfilled (C:\Users\ejecutivo\Desktop\mina_project\BackMina\src\app\services\employeeService.ts:17:58)
    at processTicksAndRejections (node:internal/process/task_queues:95:5)
2024-05-28 23:10:14:7888 error: Cannot destructure property 'deletedAt' of '_a' as it is null. TypeError: Cannot destructure property 'deletedAt' of '_a' as it is null.
    at EmployeeMapper.mapToDto (C:\Users\ejecutivo\Desktop\mina_project\BackMina\src\domain\models\employeeModel.ts:53:13)
    at EmployeeService.<anonymous> (C:\Users\ejecutivo\Desktop\mina_project\BackMina\src\app\services\employeeService.ts:110:36)
    at Generator.next (<anonymous>)
    at fulfilled (C:\Users\ejecutivo\Desktop\mina_project\BackMina\src\app\services\employeeService.ts:17:58)
    at processTicksAndRejections (node:internal/process/task_queues:95:5)
2024-05-28 23:10:15:2583 error: Cannot destructure property 'deletedAt' of '_a' as it is null. TypeError: Cannot destructure property 'deletedAt' of '_a' as it is null.
    at EmployeeMapper.mapToDto (C:\Users\ejecutivo\Desktop\mina_project\BackMina\src\domain\models\employeeModel.ts:53:13)
    at EmployeeService.<anonymous> (C:\Users\ejecutivo\Desktop\mina_project\BackMina\src\app\services\employeeService.ts:110:36)
    at Generator.next (<anonymous>)
    at fulfilled (C:\Users\ejecutivo\Desktop\mina_project\BackMina\src\app\services\employeeService.ts:17:58)
    at processTicksAndRejections (node:internal/process/task_queues:95:5)
