2024-11-27 09:12:46:6216 error: ER_NO_REFERENCED_ROW_2: Cannot add or update a child row: a foreign key constraint fails (`cop16_api`.`events`, CONSTRAINT `fk_task_event` FOREIGN KEY (`task_id`) REFERENCES `tasks` (`id`) ON DELETE CASCADE ON UPDATE CASCADE) QueryFailedError: ER_NO_REFERENCED_ROW_2: Cannot add or update a child row: a foreign key constraint fails (`cop16_api`.`events`, CONSTRAINT `fk_task_event` FOREIGN KEY (`task_id`) REFERENCES `tasks` (`id`) ON DELETE CASCADE ON UPDATE CASCADE)
    at Query.<anonymous> (C:\Users\Lenovo\Downloads\arquitectura_limpia\src\driver\mysql\MysqlQueryRunner.ts:246:33)
    at Query.<anonymous> (C:\Users\Lenovo\Downloads\arquitectura_limpia\node_modules\mysql\lib\Connection.js:526:10)
    at Query._callback (C:\Users\Lenovo\Downloads\arquitectura_limpia\node_modules\mysql\lib\Connection.js:488:16)
    at Query.Sequence.end (C:\Users\Lenovo\Downloads\arquitectura_limpia\node_modules\mysql\lib\protocol\sequences\Sequence.js:83:24)
    at Query.ErrorPacket (C:\Users\Lenovo\Downloads\arquitectura_limpia\node_modules\mysql\lib\protocol\sequences\Query.js:92:8)
    at Protocol._parsePacket (C:\Users\Lenovo\Downloads\arquitectura_limpia\node_modules\mysql\lib\protocol\Protocol.js:291:23)
    at Parser._parsePacket (C:\Users\Lenovo\Downloads\arquitectura_limpia\node_modules\mysql\lib\protocol\Parser.js:433:10)
    at Parser.write (C:\Users\Lenovo\Downloads\arquitectura_limpia\node_modules\mysql\lib\protocol\Parser.js:43:10)
    at Protocol.write (C:\Users\Lenovo\Downloads\arquitectura_limpia\node_modules\mysql\lib\protocol\Protocol.js:38:16)
    at Socket.<anonymous> (C:\Users\Lenovo\Downloads\arquitectura_limpia\node_modules\mysql\lib\Connection.js:88:28)
2024-11-27 09:15:21:4735 error: Data type "jsonb" in "EventEntity.attendees" is not supported by "mysql" database. DataTypeNotSupportedError: Data type "jsonb" in "EventEntity.attendees" is not supported by "mysql" database.
    at C:\Users\Lenovo\Downloads\arquitectura_limpia\src\metadata-builder\EntityMetadataValidator.ts:136:31
    at Array.forEach (<anonymous>)
    at EntityMetadataValidator.validate (C:\Users\Lenovo\Downloads\arquitectura_limpia\src\metadata-builder\EntityMetadataValidator.ts:128:18)
    at C:\Users\Lenovo\Downloads\arquitectura_limpia\src\metadata-builder\EntityMetadataValidator.ts:43:18
    at Array.forEach (<anonymous>)
    at EntityMetadataValidator.validateMany (C:\Users\Lenovo\Downloads\arquitectura_limpia\src\metadata-builder\EntityMetadataValidator.ts:42:25)
    at DataSource.buildMetadatas (C:\Users\Lenovo\Downloads\arquitectura_limpia\src\data-source\DataSource.ts:730:33)
    at processTicksAndRejections (node:internal/process/task_queues:105:5)
    at DataSource.initialize (C:\Users\Lenovo\Downloads\arquitectura_limpia\src\data-source\DataSource.ts:263:13)
2024-11-27 09:15:44:0390 error: Data type "Array" in "EventEntity.attendees" is not supported by "mysql" database. DataTypeNotSupportedError: Data type "Array" in "EventEntity.attendees" is not supported by "mysql" database.
    at C:\Users\Lenovo\Downloads\arquitectura_limpia\src\metadata-builder\EntityMetadataValidator.ts:136:31
    at Array.forEach (<anonymous>)
    at EntityMetadataValidator.validate (C:\Users\Lenovo\Downloads\arquitectura_limpia\src\metadata-builder\EntityMetadataValidator.ts:128:18)
    at C:\Users\Lenovo\Downloads\arquitectura_limpia\src\metadata-builder\EntityMetadataValidator.ts:43:18
    at Array.forEach (<anonymous>)
    at EntityMetadataValidator.validateMany (C:\Users\Lenovo\Downloads\arquitectura_limpia\src\metadata-builder\EntityMetadataValidator.ts:42:25)
    at DataSource.buildMetadatas (C:\Users\Lenovo\Downloads\arquitectura_limpia\src\data-source\DataSource.ts:730:33)
    at processTicksAndRejections (node:internal/process/task_queues:105:5)
    at DataSource.initialize (C:\Users\Lenovo\Downloads\arquitectura_limpia\src\data-source\DataSource.ts:263:13)
2024-11-27 09:15:54:5485 error: Data type "Array" in "EventEntity.attendees" is not supported by "mysql" database. DataTypeNotSupportedError: Data type "Array" in "EventEntity.attendees" is not supported by "mysql" database.
    at C:\Users\Lenovo\Downloads\arquitectura_limpia\src\metadata-builder\EntityMetadataValidator.ts:136:31
    at Array.forEach (<anonymous>)
    at EntityMetadataValidator.validate (C:\Users\Lenovo\Downloads\arquitectura_limpia\src\metadata-builder\EntityMetadataValidator.ts:128:18)
    at C:\Users\Lenovo\Downloads\arquitectura_limpia\src\metadata-builder\EntityMetadataValidator.ts:43:18
    at Array.forEach (<anonymous>)
    at EntityMetadataValidator.validateMany (C:\Users\Lenovo\Downloads\arquitectura_limpia\src\metadata-builder\EntityMetadataValidator.ts:42:25)
    at DataSource.buildMetadatas (C:\Users\Lenovo\Downloads\arquitectura_limpia\src\data-source\DataSource.ts:730:33)
    at processTicksAndRejections (node:internal/process/task_queues:105:5)
    at DataSource.initialize (C:\Users\Lenovo\Downloads\arquitectura_limpia\src\data-source\DataSource.ts:263:13)
2024-11-27 09:16:15:9019 error: Data type "Array" in "EventEntity.attendees" is not supported by "mysql" database. DataTypeNotSupportedError: Data type "Array" in "EventEntity.attendees" is not supported by "mysql" database.
    at C:\Users\Lenovo\Downloads\arquitectura_limpia\src\metadata-builder\EntityMetadataValidator.ts:136:31
    at Array.forEach (<anonymous>)
    at EntityMetadataValidator.validate (C:\Users\Lenovo\Downloads\arquitectura_limpia\src\metadata-builder\EntityMetadataValidator.ts:128:18)
    at C:\Users\Lenovo\Downloads\arquitectura_limpia\src\metadata-builder\EntityMetadataValidator.ts:43:18
    at Array.forEach (<anonymous>)
    at EntityMetadataValidator.validateMany (C:\Users\Lenovo\Downloads\arquitectura_limpia\src\metadata-builder\EntityMetadataValidator.ts:42:25)
    at DataSource.buildMetadatas (C:\Users\Lenovo\Downloads\arquitectura_limpia\src\data-source\DataSource.ts:730:33)
    at processTicksAndRejections (node:internal/process/task_queues:105:5)
    at DataSource.initialize (C:\Users\Lenovo\Downloads\arquitectura_limpia\src\data-source\DataSource.ts:263:13)
2024-11-27 09:16:19:1051 error: Data type "Array" in "EventEntity.attendees" is not supported by "mysql" database. DataTypeNotSupportedError: Data type "Array" in "EventEntity.attendees" is not supported by "mysql" database.
    at C:\Users\Lenovo\Downloads\arquitectura_limpia\src\metadata-builder\EntityMetadataValidator.ts:136:31
    at Array.forEach (<anonymous>)
    at EntityMetadataValidator.validate (C:\Users\Lenovo\Downloads\arquitectura_limpia\src\metadata-builder\EntityMetadataValidator.ts:128:18)
    at C:\Users\Lenovo\Downloads\arquitectura_limpia\src\metadata-builder\EntityMetadataValidator.ts:43:18
    at Array.forEach (<anonymous>)
    at EntityMetadataValidator.validateMany (C:\Users\Lenovo\Downloads\arquitectura_limpia\src\metadata-builder\EntityMetadataValidator.ts:42:25)
    at DataSource.buildMetadatas (C:\Users\Lenovo\Downloads\arquitectura_limpia\src\data-source\DataSource.ts:730:33)
    at processTicksAndRejections (node:internal/process/task_queues:105:5)
    at DataSource.initialize (C:\Users\Lenovo\Downloads\arquitectura_limpia\src\data-source\DataSource.ts:263:13)
2024-11-27 09:16:23:1672 error: Data type "Array" in "EventEntity.attendees" is not supported by "mysql" database. DataTypeNotSupportedError: Data type "Array" in "EventEntity.attendees" is not supported by "mysql" database.
    at C:\Users\Lenovo\Downloads\arquitectura_limpia\src\metadata-builder\EntityMetadataValidator.ts:136:31
    at Array.forEach (<anonymous>)
    at EntityMetadataValidator.validate (C:\Users\Lenovo\Downloads\arquitectura_limpia\src\metadata-builder\EntityMetadataValidator.ts:128:18)
    at C:\Users\Lenovo\Downloads\arquitectura_limpia\src\metadata-builder\EntityMetadataValidator.ts:43:18
    at Array.forEach (<anonymous>)
    at EntityMetadataValidator.validateMany (C:\Users\Lenovo\Downloads\arquitectura_limpia\src\metadata-builder\EntityMetadataValidator.ts:42:25)
    at DataSource.buildMetadatas (C:\Users\Lenovo\Downloads\arquitectura_limpia\src\data-source\DataSource.ts:730:33)
    at processTicksAndRejections (node:internal/process/task_queues:105:5)
    at DataSource.initialize (C:\Users\Lenovo\Downloads\arquitectura_limpia\src\data-source\DataSource.ts:263:13)
2024-11-27 09:16:28:9489 error: Data type "Array" in "EventEntity.attendees" is not supported by "mysql" database. DataTypeNotSupportedError: Data type "Array" in "EventEntity.attendees" is not supported by "mysql" database.
    at C:\Users\Lenovo\Downloads\arquitectura_limpia\src\metadata-builder\EntityMetadataValidator.ts:136:31
    at Array.forEach (<anonymous>)
    at EntityMetadataValidator.validate (C:\Users\Lenovo\Downloads\arquitectura_limpia\src\metadata-builder\EntityMetadataValidator.ts:128:18)
    at C:\Users\Lenovo\Downloads\arquitectura_limpia\src\metadata-builder\EntityMetadataValidator.ts:43:18
    at Array.forEach (<anonymous>)
    at EntityMetadataValidator.validateMany (C:\Users\Lenovo\Downloads\arquitectura_limpia\src\metadata-builder\EntityMetadataValidator.ts:42:25)
    at DataSource.buildMetadatas (C:\Users\Lenovo\Downloads\arquitectura_limpia\src\data-source\DataSource.ts:730:33)
    at processTicksAndRejections (node:internal/process/task_queues:105:5)
    at DataSource.initialize (C:\Users\Lenovo\Downloads\arquitectura_limpia\src\data-source\DataSource.ts:263:13)
2024-11-27 09:17:58:2683 error: Data type "Array" in "EventEntity.attendees" is not supported by "mysql" database. DataTypeNotSupportedError: Data type "Array" in "EventEntity.attendees" is not supported by "mysql" database.
    at C:\Users\Lenovo\Downloads\arquitectura_limpia\src\metadata-builder\EntityMetadataValidator.ts:136:31
    at Array.forEach (<anonymous>)
    at EntityMetadataValidator.validate (C:\Users\Lenovo\Downloads\arquitectura_limpia\src\metadata-builder\EntityMetadataValidator.ts:128:18)
    at C:\Users\Lenovo\Downloads\arquitectura_limpia\src\metadata-builder\EntityMetadataValidator.ts:43:18
    at Array.forEach (<anonymous>)
    at EntityMetadataValidator.validateMany (C:\Users\Lenovo\Downloads\arquitectura_limpia\src\metadata-builder\EntityMetadataValidator.ts:42:25)
    at DataSource.buildMetadatas (C:\Users\Lenovo\Downloads\arquitectura_limpia\src\data-source\DataSource.ts:730:33)
    at processTicksAndRejections (node:internal/process/task_queues:105:5)
    at DataSource.initialize (C:\Users\Lenovo\Downloads\arquitectura_limpia\src\data-source\DataSource.ts:263:13)
2024-11-27 09:18:02:1672 error: Data type "Array" in "EventEntity.attendees" is not supported by "mysql" database. DataTypeNotSupportedError: Data type "Array" in "EventEntity.attendees" is not supported by "mysql" database.
    at C:\Users\Lenovo\Downloads\arquitectura_limpia\src\metadata-builder\EntityMetadataValidator.ts:136:31
    at Array.forEach (<anonymous>)
    at EntityMetadataValidator.validate (C:\Users\Lenovo\Downloads\arquitectura_limpia\src\metadata-builder\EntityMetadataValidator.ts:128:18)
    at C:\Users\Lenovo\Downloads\arquitectura_limpia\src\metadata-builder\EntityMetadataValidator.ts:43:18
    at Array.forEach (<anonymous>)
    at EntityMetadataValidator.validateMany (C:\Users\Lenovo\Downloads\arquitectura_limpia\src\metadata-builder\EntityMetadataValidator.ts:42:25)
    at DataSource.buildMetadatas (C:\Users\Lenovo\Downloads\arquitectura_limpia\src\data-source\DataSource.ts:730:33)
    at processTicksAndRejections (node:internal/process/task_queues:105:5)
    at DataSource.initialize (C:\Users\Lenovo\Downloads\arquitectura_limpia\src\data-source\DataSource.ts:263:13)
2024-11-27 09:18:09:3023 error: Data type "Array" in "EventEntity.taskI" is not supported by "mysql" database. DataTypeNotSupportedError: Data type "Array" in "EventEntity.taskI" is not supported by "mysql" database.
    at C:\Users\Lenovo\Downloads\arquitectura_limpia\src\metadata-builder\EntityMetadataValidator.ts:136:31
    at Array.forEach (<anonymous>)
    at EntityMetadataValidator.validate (C:\Users\Lenovo\Downloads\arquitectura_limpia\src\metadata-builder\EntityMetadataValidator.ts:128:18)
    at C:\Users\Lenovo\Downloads\arquitectura_limpia\src\metadata-builder\EntityMetadataValidator.ts:43:18
    at Array.forEach (<anonymous>)
    at EntityMetadataValidator.validateMany (C:\Users\Lenovo\Downloads\arquitectura_limpia\src\metadata-builder\EntityMetadataValidator.ts:42:25)
    at DataSource.buildMetadatas (C:\Users\Lenovo\Downloads\arquitectura_limpia\src\data-source\DataSource.ts:730:33)
    at processTicksAndRejections (node:internal/process/task_queues:105:5)
    at DataSource.initialize (C:\Users\Lenovo\Downloads\arquitectura_limpia\src\data-source\DataSource.ts:263:13)
2024-11-27 09:18:13:0300 error: Data type "Array" in "EventEntity.taskId" is not supported by "mysql" database. DataTypeNotSupportedError: Data type "Array" in "EventEntity.taskId" is not supported by "mysql" database.
    at C:\Users\Lenovo\Downloads\arquitectura_limpia\src\metadata-builder\EntityMetadataValidator.ts:136:31
    at Array.forEach (<anonymous>)
    at EntityMetadataValidator.validate (C:\Users\Lenovo\Downloads\arquitectura_limpia\src\metadata-builder\EntityMetadataValidator.ts:128:18)
    at C:\Users\Lenovo\Downloads\arquitectura_limpia\src\metadata-builder\EntityMetadataValidator.ts:43:18
    at Array.forEach (<anonymous>)
    at EntityMetadataValidator.validateMany (C:\Users\Lenovo\Downloads\arquitectura_limpia\src\metadata-builder\EntityMetadataValidator.ts:42:25)
    at DataSource.buildMetadatas (C:\Users\Lenovo\Downloads\arquitectura_limpia\src\data-source\DataSource.ts:730:33)
    at processTicksAndRejections (node:internal/process/task_queues:105:5)
    at DataSource.initialize (C:\Users\Lenovo\Downloads\arquitectura_limpia\src\data-source\DataSource.ts:263:13)
2024-11-27 09:19:26:3914 error: Data type "Array" in "EventEntity.taskId" is not supported by "mysql" database. DataTypeNotSupportedError: Data type "Array" in "EventEntity.taskId" is not supported by "mysql" database.
    at C:\Users\Lenovo\Downloads\arquitectura_limpia\src\metadata-builder\EntityMetadataValidator.ts:136:31
    at Array.forEach (<anonymous>)
    at EntityMetadataValidator.validate (C:\Users\Lenovo\Downloads\arquitectura_limpia\src\metadata-builder\EntityMetadataValidator.ts:128:18)
    at C:\Users\Lenovo\Downloads\arquitectura_limpia\src\metadata-builder\EntityMetadataValidator.ts:43:18
    at Array.forEach (<anonymous>)
    at EntityMetadataValidator.validateMany (C:\Users\Lenovo\Downloads\arquitectura_limpia\src\metadata-builder\EntityMetadataValidator.ts:42:25)
    at DataSource.buildMetadatas (C:\Users\Lenovo\Downloads\arquitectura_limpia\src\data-source\DataSource.ts:730:33)
    at processTicksAndRejections (node:internal/process/task_queues:105:5)
    at DataSource.initialize (C:\Users\Lenovo\Downloads\arquitectura_limpia\src\data-source\DataSource.ts:263:13)
2024-11-27 09:19:30:9049 error: Data type "Array" in "EventEntity.taskId" is not supported by "mysql" database. DataTypeNotSupportedError: Data type "Array" in "EventEntity.taskId" is not supported by "mysql" database.
    at C:\Users\Lenovo\Downloads\arquitectura_limpia\src\metadata-builder\EntityMetadataValidator.ts:136:31
    at Array.forEach (<anonymous>)
    at EntityMetadataValidator.validate (C:\Users\Lenovo\Downloads\arquitectura_limpia\src\metadata-builder\EntityMetadataValidator.ts:128:18)
    at C:\Users\Lenovo\Downloads\arquitectura_limpia\src\metadata-builder\EntityMetadataValidator.ts:43:18
    at Array.forEach (<anonymous>)
    at EntityMetadataValidator.validateMany (C:\Users\Lenovo\Downloads\arquitectura_limpia\src\metadata-builder\EntityMetadataValidator.ts:42:25)
    at DataSource.buildMetadatas (C:\Users\Lenovo\Downloads\arquitectura_limpia\src\data-source\DataSource.ts:730:33)
    at processTicksAndRejections (node:internal/process/task_queues:105:5)
    at DataSource.initialize (C:\Users\Lenovo\Downloads\arquitectura_limpia\src\data-source\DataSource.ts:263:13)
2024-11-27 09:20:12:5516 error: Data type "Array" in "EventEntity.taskId" is not supported by "mysql" database. DataTypeNotSupportedError: Data type "Array" in "EventEntity.taskId" is not supported by "mysql" database.
    at C:\Users\Lenovo\Downloads\arquitectura_limpia\src\metadata-builder\EntityMetadataValidator.ts:136:31
    at Array.forEach (<anonymous>)
    at EntityMetadataValidator.validate (C:\Users\Lenovo\Downloads\arquitectura_limpia\src\metadata-builder\EntityMetadataValidator.ts:128:18)
    at C:\Users\Lenovo\Downloads\arquitectura_limpia\src\metadata-builder\EntityMetadataValidator.ts:43:18
    at Array.forEach (<anonymous>)
    at EntityMetadataValidator.validateMany (C:\Users\Lenovo\Downloads\arquitectura_limpia\src\metadata-builder\EntityMetadataValidator.ts:42:25)
    at DataSource.buildMetadatas (C:\Users\Lenovo\Downloads\arquitectura_limpia\src\data-source\DataSource.ts:730:33)
    at processTicksAndRejections (node:internal/process/task_queues:105:5)
    at DataSource.initialize (C:\Users\Lenovo\Downloads\arquitectura_limpia\src\data-source\DataSource.ts:263:13)
