2024-11-26 18:35:18:5846 error: No metadata for "EventEntity" was found. EntityMetadataNotFoundError: No metadata for "EventEntity" was found.
    at DataSource.getMetadata (C:\Users\Lenovo\Downloads\arquitectura_limpia\src\data-source\DataSource.ts:450:30)
    at Repository.get metadata [as metadata] (C:\Users\Lenovo\Downloads\arquitectura_limpia\src\repository\Repository.ts:53:40)
    at Repository.create (C:\Users\Lenovo\Downloads\arquitectura_limpia\src\repository\Repository.ts:130:18)
    at DefaultCrudRepository.<anonymous> (C:\Users\Lenovo\Downloads\arquitectura_limpia\src\infrastructure\persistence\repositories\DefaultCrudRepository.ts:23:31)
    at Generator.next (<anonymous>)
    at C:\Users\Lenovo\Downloads\arquitectura_limpia\src\infrastructure\persistence\repositories\DefaultCrudRepository.ts:8:71
    at new Promise (<anonymous>)
    at __awaiter (C:\Users\Lenovo\Downloads\arquitectura_limpia\src\infrastructure\persistence\repositories\DefaultCrudRepository.ts:4:12)
    at DefaultCrudRepository.create (C:\Users\Lenovo\Downloads\arquitectura_limpia\src\infrastructure\persistence\repositories\DefaultCrudRepository.ts:24:16)
    at EventRepository.<anonymous> (C:\Users\Lenovo\Downloads\arquitectura_limpia\src\infrastructure\persistence\repositories\eventsRepository.ts:20:49)
2024-11-26 18:44:35:4314 error: ER_BAD_FIELD_ERROR: Unknown column 'id' in 'field list' QueryFailedError: ER_BAD_FIELD_ERROR: Unknown column 'id' in 'field list'
    at Query.<anonymous> (C:\Users\Lenovo\Downloads\arquitectura_limpia\src\driver\mysql\MysqlQueryRunner.ts:246:33)
    at Query.<anonymous> (C:\Users\Lenovo\Downloads\arquitectura_limpia\node_modules\mysql\lib\Connection.js:526:10)
    at Query._callback (C:\Users\Lenovo\Downloads\arquitectura_limpia\node_modules\mysql\lib\Connection.js:488:16)
    at Query.Sequence.end (C:\Users\Lenovo\Downloads\arquitectura_limpia\node_modules\mysql\lib\protocol\sequences\Sequence.js:83:24)
    at Query.ErrorPacket (C:\Users\Lenovo\Downloads\arquitectura_limpia\node_modules\mysql\lib\protocol\sequences\Query.js:92:8)
    at Protocol._parsePacket (C:\Users\Lenovo\Downloads\arquitectura_limpia\node_modules\mysql\lib\protocol\Protocol.js:291:23)
    at Parser._parsePacket (C:\Users\Lenovo\Downloads\arquitectura_limpia\node_modules\mysql\lib\protocol\Parser.js:433:10)
    at Parser.write (C:\Users\Lenovo\Downloads\arquitectura_limpia\node_modules\mysql\lib\protocol\Parser.js:43:10)
    at Protocol.write (C:\Users\Lenovo\Downloads\arquitectura_limpia\node_modules\mysql\lib\protocol\Protocol.js:38:16)
    at Socket.<anonymous> (C:\Users\Lenovo\Downloads\arquitectura_limpia\node_modules\mysql\lib\Connection.js:88:28)
2024-11-26 18:46:21:4404 error: ER_BAD_FIELD_ERROR: Unknown column 'name' in 'field list' QueryFailedError: ER_BAD_FIELD_ERROR: Unknown column 'name' in 'field list'
    at Query.<anonymous> (C:\Users\Lenovo\Downloads\arquitectura_limpia\src\driver\mysql\MysqlQueryRunner.ts:246:33)
    at Query.<anonymous> (C:\Users\Lenovo\Downloads\arquitectura_limpia\node_modules\mysql\lib\Connection.js:526:10)
    at Query._callback (C:\Users\Lenovo\Downloads\arquitectura_limpia\node_modules\mysql\lib\Connection.js:488:16)
    at Query.Sequence.end (C:\Users\Lenovo\Downloads\arquitectura_limpia\node_modules\mysql\lib\protocol\sequences\Sequence.js:83:24)
    at Query.ErrorPacket (C:\Users\Lenovo\Downloads\arquitectura_limpia\node_modules\mysql\lib\protocol\sequences\Query.js:92:8)
    at Protocol._parsePacket (C:\Users\Lenovo\Downloads\arquitectura_limpia\node_modules\mysql\lib\protocol\Protocol.js:291:23)
    at Parser._parsePacket (C:\Users\Lenovo\Downloads\arquitectura_limpia\node_modules\mysql\lib\protocol\Parser.js:433:10)
    at Parser.write (C:\Users\Lenovo\Downloads\arquitectura_limpia\node_modules\mysql\lib\protocol\Parser.js:43:10)
    at Protocol.write (C:\Users\Lenovo\Downloads\arquitectura_limpia\node_modules\mysql\lib\protocol\Protocol.js:38:16)
    at Socket.<anonymous> (C:\Users\Lenovo\Downloads\arquitectura_limpia\node_modules\mysql\lib\Connection.js:88:28)
2024-11-26 18:49:11:5125 error: ER_BAD_FIELD_ERROR: Unknown column 'name' in 'field list' QueryFailedError: ER_BAD_FIELD_ERROR: Unknown column 'name' in 'field list'
    at Query.<anonymous> (C:\Users\Lenovo\Downloads\arquitectura_limpia\src\driver\mysql\MysqlQueryRunner.ts:246:33)
    at Query.<anonymous> (C:\Users\Lenovo\Downloads\arquitectura_limpia\node_modules\mysql\lib\Connection.js:526:10)
    at Query._callback (C:\Users\Lenovo\Downloads\arquitectura_limpia\node_modules\mysql\lib\Connection.js:488:16)
    at Query.Sequence.end (C:\Users\Lenovo\Downloads\arquitectura_limpia\node_modules\mysql\lib\protocol\sequences\Sequence.js:83:24)
    at Query.ErrorPacket (C:\Users\Lenovo\Downloads\arquitectura_limpia\node_modules\mysql\lib\protocol\sequences\Query.js:92:8)
    at Protocol._parsePacket (C:\Users\Lenovo\Downloads\arquitectura_limpia\node_modules\mysql\lib\protocol\Protocol.js:291:23)
    at Parser._parsePacket (C:\Users\Lenovo\Downloads\arquitectura_limpia\node_modules\mysql\lib\protocol\Parser.js:433:10)
    at Parser.write (C:\Users\Lenovo\Downloads\arquitectura_limpia\node_modules\mysql\lib\protocol\Parser.js:43:10)
    at Protocol.write (C:\Users\Lenovo\Downloads\arquitectura_limpia\node_modules\mysql\lib\protocol\Protocol.js:38:16)
    at Socket.<anonymous> (C:\Users\Lenovo\Downloads\arquitectura_limpia\node_modules\mysql\lib\Connection.js:88:28)
2024-11-26 18:51:35:5155 error: ER_BAD_FIELD_ERROR: Unknown column 'description' in 'field list' QueryFailedError: ER_BAD_FIELD_ERROR: Unknown column 'description' in 'field list'
    at Query.<anonymous> (C:\Users\Lenovo\Downloads\arquitectura_limpia\src\driver\mysql\MysqlQueryRunner.ts:246:33)
    at Query.<anonymous> (C:\Users\Lenovo\Downloads\arquitectura_limpia\node_modules\mysql\lib\Connection.js:526:10)
    at Query._callback (C:\Users\Lenovo\Downloads\arquitectura_limpia\node_modules\mysql\lib\Connection.js:488:16)
    at Query.Sequence.end (C:\Users\Lenovo\Downloads\arquitectura_limpia\node_modules\mysql\lib\protocol\sequences\Sequence.js:83:24)
    at Query.ErrorPacket (C:\Users\Lenovo\Downloads\arquitectura_limpia\node_modules\mysql\lib\protocol\sequences\Query.js:92:8)
    at Protocol._parsePacket (C:\Users\Lenovo\Downloads\arquitectura_limpia\node_modules\mysql\lib\protocol\Protocol.js:291:23)
    at Parser._parsePacket (C:\Users\Lenovo\Downloads\arquitectura_limpia\node_modules\mysql\lib\protocol\Parser.js:433:10)
    at Parser.write (C:\Users\Lenovo\Downloads\arquitectura_limpia\node_modules\mysql\lib\protocol\Parser.js:43:10)
    at Protocol.write (C:\Users\Lenovo\Downloads\arquitectura_limpia\node_modules\mysql\lib\protocol\Protocol.js:38:16)
    at Socket.<anonymous> (C:\Users\Lenovo\Downloads\arquitectura_limpia\node_modules\mysql\lib\Connection.js:88:28)
2024-11-26 18:56:06:7047 error: ER_BAD_FIELD_ERROR: Unknown column 'location' in 'field list' QueryFailedError: ER_BAD_FIELD_ERROR: Unknown column 'location' in 'field list'
    at Query.<anonymous> (C:\Users\Lenovo\Downloads\arquitectura_limpia\src\driver\mysql\MysqlQueryRunner.ts:246:33)
    at Query.<anonymous> (C:\Users\Lenovo\Downloads\arquitectura_limpia\node_modules\mysql\lib\Connection.js:526:10)
    at Query._callback (C:\Users\Lenovo\Downloads\arquitectura_limpia\node_modules\mysql\lib\Connection.js:488:16)
    at Query.Sequence.end (C:\Users\Lenovo\Downloads\arquitectura_limpia\node_modules\mysql\lib\protocol\sequences\Sequence.js:83:24)
    at Query.ErrorPacket (C:\Users\Lenovo\Downloads\arquitectura_limpia\node_modules\mysql\lib\protocol\sequences\Query.js:92:8)
    at Protocol._parsePacket (C:\Users\Lenovo\Downloads\arquitectura_limpia\node_modules\mysql\lib\protocol\Protocol.js:291:23)
    at Parser._parsePacket (C:\Users\Lenovo\Downloads\arquitectura_limpia\node_modules\mysql\lib\protocol\Parser.js:433:10)
    at Parser.write (C:\Users\Lenovo\Downloads\arquitectura_limpia\node_modules\mysql\lib\protocol\Parser.js:43:10)
    at Protocol.write (C:\Users\Lenovo\Downloads\arquitectura_limpia\node_modules\mysql\lib\protocol\Protocol.js:38:16)
    at Socket.<anonymous> (C:\Users\Lenovo\Downloads\arquitectura_limpia\node_modules\mysql\lib\Connection.js:88:28)
2024-11-26 18:58:17:0881 error: ER_BAD_FIELD_ERROR: Unknown column 'start_date' in 'field list' QueryFailedError: ER_BAD_FIELD_ERROR: Unknown column 'start_date' in 'field list'
    at Query.<anonymous> (C:\Users\Lenovo\Downloads\arquitectura_limpia\src\driver\mysql\MysqlQueryRunner.ts:246:33)
    at Query.<anonymous> (C:\Users\Lenovo\Downloads\arquitectura_limpia\node_modules\mysql\lib\Connection.js:526:10)
    at Query._callback (C:\Users\Lenovo\Downloads\arquitectura_limpia\node_modules\mysql\lib\Connection.js:488:16)
    at Query.Sequence.end (C:\Users\Lenovo\Downloads\arquitectura_limpia\node_modules\mysql\lib\protocol\sequences\Sequence.js:83:24)
    at Query.ErrorPacket (C:\Users\Lenovo\Downloads\arquitectura_limpia\node_modules\mysql\lib\protocol\sequences\Query.js:92:8)
    at Protocol._parsePacket (C:\Users\Lenovo\Downloads\arquitectura_limpia\node_modules\mysql\lib\protocol\Protocol.js:291:23)
    at Parser._parsePacket (C:\Users\Lenovo\Downloads\arquitectura_limpia\node_modules\mysql\lib\protocol\Parser.js:433:10)
    at Parser.write (C:\Users\Lenovo\Downloads\arquitectura_limpia\node_modules\mysql\lib\protocol\Parser.js:43:10)
    at Protocol.write (C:\Users\Lenovo\Downloads\arquitectura_limpia\node_modules\mysql\lib\protocol\Protocol.js:38:16)
    at Socket.<anonymous> (C:\Users\Lenovo\Downloads\arquitectura_limpia\node_modules\mysql\lib\Connection.js:88:28)
2024-11-26 19:00:30:3193 error: ER_BAD_FIELD_ERROR: Unknown column 'start_date' in 'field list' QueryFailedError: ER_BAD_FIELD_ERROR: Unknown column 'start_date' in 'field list'
    at Query.<anonymous> (C:\Users\Lenovo\Downloads\arquitectura_limpia\src\driver\mysql\MysqlQueryRunner.ts:246:33)
    at Query.<anonymous> (C:\Users\Lenovo\Downloads\arquitectura_limpia\node_modules\mysql\lib\Connection.js:526:10)
    at Query._callback (C:\Users\Lenovo\Downloads\arquitectura_limpia\node_modules\mysql\lib\Connection.js:488:16)
    at Query.Sequence.end (C:\Users\Lenovo\Downloads\arquitectura_limpia\node_modules\mysql\lib\protocol\sequences\Sequence.js:83:24)
    at Query.ErrorPacket (C:\Users\Lenovo\Downloads\arquitectura_limpia\node_modules\mysql\lib\protocol\sequences\Query.js:92:8)
    at Protocol._parsePacket (C:\Users\Lenovo\Downloads\arquitectura_limpia\node_modules\mysql\lib\protocol\Protocol.js:291:23)
    at Parser._parsePacket (C:\Users\Lenovo\Downloads\arquitectura_limpia\node_modules\mysql\lib\protocol\Parser.js:433:10)
    at Parser.write (C:\Users\Lenovo\Downloads\arquitectura_limpia\node_modules\mysql\lib\protocol\Parser.js:43:10)
    at Protocol.write (C:\Users\Lenovo\Downloads\arquitectura_limpia\node_modules\mysql\lib\protocol\Protocol.js:38:16)
    at Socket.<anonymous> (C:\Users\Lenovo\Downloads\arquitectura_limpia\node_modules\mysql\lib\Connection.js:88:28)
2024-11-26 19:00:54:8358 error: ER_BAD_FIELD_ERROR: Unknown column 'end_date' in 'field list' QueryFailedError: ER_BAD_FIELD_ERROR: Unknown column 'end_date' in 'field list'
    at Query.<anonymous> (C:\Users\Lenovo\Downloads\arquitectura_limpia\src\driver\mysql\MysqlQueryRunner.ts:246:33)
    at Query.<anonymous> (C:\Users\Lenovo\Downloads\arquitectura_limpia\node_modules\mysql\lib\Connection.js:526:10)
    at Query._callback (C:\Users\Lenovo\Downloads\arquitectura_limpia\node_modules\mysql\lib\Connection.js:488:16)
    at Query.Sequence.end (C:\Users\Lenovo\Downloads\arquitectura_limpia\node_modules\mysql\lib\protocol\sequences\Sequence.js:83:24)
    at Query.ErrorPacket (C:\Users\Lenovo\Downloads\arquitectura_limpia\node_modules\mysql\lib\protocol\sequences\Query.js:92:8)
    at Protocol._parsePacket (C:\Users\Lenovo\Downloads\arquitectura_limpia\node_modules\mysql\lib\protocol\Protocol.js:291:23)
    at Parser._parsePacket (C:\Users\Lenovo\Downloads\arquitectura_limpia\node_modules\mysql\lib\protocol\Parser.js:433:10)
    at Parser.write (C:\Users\Lenovo\Downloads\arquitectura_limpia\node_modules\mysql\lib\protocol\Parser.js:43:10)
    at Protocol.write (C:\Users\Lenovo\Downloads\arquitectura_limpia\node_modules\mysql\lib\protocol\Protocol.js:38:16)
    at Socket.<anonymous> (C:\Users\Lenovo\Downloads\arquitectura_limpia\node_modules\mysql\lib\Connection.js:88:28)
2024-11-26 19:02:13:8889 error: ER_BAD_FIELD_ERROR: Unknown column 'is_public' in 'field list' QueryFailedError: ER_BAD_FIELD_ERROR: Unknown column 'is_public' in 'field list'
    at Query.<anonymous> (C:\Users\Lenovo\Downloads\arquitectura_limpia\src\driver\mysql\MysqlQueryRunner.ts:246:33)
    at Query.<anonymous> (C:\Users\Lenovo\Downloads\arquitectura_limpia\node_modules\mysql\lib\Connection.js:526:10)
    at Query._callback (C:\Users\Lenovo\Downloads\arquitectura_limpia\node_modules\mysql\lib\Connection.js:488:16)
    at Query.Sequence.end (C:\Users\Lenovo\Downloads\arquitectura_limpia\node_modules\mysql\lib\protocol\sequences\Sequence.js:83:24)
    at Query.ErrorPacket (C:\Users\Lenovo\Downloads\arquitectura_limpia\node_modules\mysql\lib\protocol\sequences\Query.js:92:8)
    at Protocol._parsePacket (C:\Users\Lenovo\Downloads\arquitectura_limpia\node_modules\mysql\lib\protocol\Protocol.js:291:23)
    at Parser._parsePacket (C:\Users\Lenovo\Downloads\arquitectura_limpia\node_modules\mysql\lib\protocol\Parser.js:433:10)
    at Parser.write (C:\Users\Lenovo\Downloads\arquitectura_limpia\node_modules\mysql\lib\protocol\Parser.js:43:10)
    at Protocol.write (C:\Users\Lenovo\Downloads\arquitectura_limpia\node_modules\mysql\lib\protocol\Protocol.js:38:16)
    at Socket.<anonymous> (C:\Users\Lenovo\Downloads\arquitectura_limpia\node_modules\mysql\lib\Connection.js:88:28)
2024-11-26 19:02:44:0631 error: ER_BAD_FIELD_ERROR: Unknown column 'created_at' in 'field list' QueryFailedError: ER_BAD_FIELD_ERROR: Unknown column 'created_at' in 'field list'
    at Query.<anonymous> (C:\Users\Lenovo\Downloads\arquitectura_limpia\src\driver\mysql\MysqlQueryRunner.ts:246:33)
    at Query.<anonymous> (C:\Users\Lenovo\Downloads\arquitectura_limpia\node_modules\mysql\lib\Connection.js:526:10)
    at Query._callback (C:\Users\Lenovo\Downloads\arquitectura_limpia\node_modules\mysql\lib\Connection.js:488:16)
    at Query.Sequence.end (C:\Users\Lenovo\Downloads\arquitectura_limpia\node_modules\mysql\lib\protocol\sequences\Sequence.js:83:24)
    at Query.ErrorPacket (C:\Users\Lenovo\Downloads\arquitectura_limpia\node_modules\mysql\lib\protocol\sequences\Query.js:92:8)
    at Protocol._parsePacket (C:\Users\Lenovo\Downloads\arquitectura_limpia\node_modules\mysql\lib\protocol\Protocol.js:291:23)
    at Parser._parsePacket (C:\Users\Lenovo\Downloads\arquitectura_limpia\node_modules\mysql\lib\protocol\Parser.js:433:10)
    at Parser.write (C:\Users\Lenovo\Downloads\arquitectura_limpia\node_modules\mysql\lib\protocol\Parser.js:43:10)
    at Protocol.write (C:\Users\Lenovo\Downloads\arquitectura_limpia\node_modules\mysql\lib\protocol\Protocol.js:38:16)
    at Socket.<anonymous> (C:\Users\Lenovo\Downloads\arquitectura_limpia\node_modules\mysql\lib\Connection.js:88:28)
2024-11-26 19:04:10:6537 error: ER_NO_REFERENCED_ROW_2: Cannot add or update a child row: a foreign key constraint fails (`cop16_api`.`events`, CONSTRAINT `fk_task_event` FOREIGN KEY (`task_id`) REFERENCES `tasks` (`id`) ON DELETE CASCADE ON UPDATE CASCADE) QueryFailedError: ER_NO_REFERENCED_ROW_2: Cannot add or update a child row: a foreign key constraint fails (`cop16_api`.`events`, CONSTRAINT `fk_task_event` FOREIGN KEY (`task_id`) REFERENCES `tasks` (`id`) ON DELETE CASCADE ON UPDATE CASCADE)
    at Query.<anonymous> (C:\Users\Lenovo\Downloads\arquitectura_limpia\src\driver\mysql\MysqlQueryRunner.ts:246:33)
    at Query.<anonymous> (C:\Users\Lenovo\Downloads\arquitectura_limpia\node_modules\mysql\lib\Connection.js:526:10)
    at Query._callback (C:\Users\Lenovo\Downloads\arquitectura_limpia\node_modules\mysql\lib\Connection.js:488:16)
    at Query.Sequence.end (C:\Users\Lenovo\Downloads\arquitectura_limpia\node_modules\mysql\lib\protocol\sequences\Sequence.js:83:24)
    at Query.ErrorPacket (C:\Users\Lenovo\Downloads\arquitectura_limpia\node_modules\mysql\lib\protocol\sequences\Query.js:92:8)
    at Protocol._parsePacket (C:\Users\Lenovo\Downloads\arquitectura_limpia\node_modules\mysql\lib\protocol\Protocol.js:291:23)
    at Parser._parsePacket (C:\Users\Lenovo\Downloads\arquitectura_limpia\node_modules\mysql\lib\protocol\Parser.js:433:10)
    at Parser.write (C:\Users\Lenovo\Downloads\arquitectura_limpia\node_modules\mysql\lib\protocol\Parser.js:43:10)
    at Protocol.write (C:\Users\Lenovo\Downloads\arquitectura_limpia\node_modules\mysql\lib\protocol\Protocol.js:38:16)
    at Socket.<anonymous> (C:\Users\Lenovo\Downloads\arquitectura_limpia\node_modules\mysql\lib\Connection.js:88:28)
2024-11-26 19:07:26:2633 error: ER_NO_REFERENCED_ROW_2: Cannot add or update a child row: a foreign key constraint fails (`cop16_api`.`events`, CONSTRAINT `fk_task_event` FOREIGN KEY (`task_id`) REFERENCES `tasks` (`task_id`) ON DELETE CASCADE ON UPDATE CASCADE) QueryFailedError: ER_NO_REFERENCED_ROW_2: Cannot add or update a child row: a foreign key constraint fails (`cop16_api`.`events`, CONSTRAINT `fk_task_event` FOREIGN KEY (`task_id`) REFERENCES `tasks` (`task_id`) ON DELETE CASCADE ON UPDATE CASCADE)
    at Query.<anonymous> (C:\Users\Lenovo\Downloads\arquitectura_limpia\src\driver\mysql\MysqlQueryRunner.ts:246:33)
    at Query.<anonymous> (C:\Users\Lenovo\Downloads\arquitectura_limpia\node_modules\mysql\lib\Connection.js:526:10)
    at Query._callback (C:\Users\Lenovo\Downloads\arquitectura_limpia\node_modules\mysql\lib\Connection.js:488:16)
    at Query.Sequence.end (C:\Users\Lenovo\Downloads\arquitectura_limpia\node_modules\mysql\lib\protocol\sequences\Sequence.js:83:24)
    at Query.ErrorPacket (C:\Users\Lenovo\Downloads\arquitectura_limpia\node_modules\mysql\lib\protocol\sequences\Query.js:92:8)
    at Protocol._parsePacket (C:\Users\Lenovo\Downloads\arquitectura_limpia\node_modules\mysql\lib\protocol\Protocol.js:291:23)
    at Parser._parsePacket (C:\Users\Lenovo\Downloads\arquitectura_limpia\node_modules\mysql\lib\protocol\Parser.js:433:10)
    at Parser.write (C:\Users\Lenovo\Downloads\arquitectura_limpia\node_modules\mysql\lib\protocol\Parser.js:43:10)
    at Protocol.write (C:\Users\Lenovo\Downloads\arquitectura_limpia\node_modules\mysql\lib\protocol\Protocol.js:38:16)
    at Socket.<anonymous> (C:\Users\Lenovo\Downloads\arquitectura_limpia\node_modules\mysql\lib\Connection.js:88:28)
2024-11-26 19:09:23:5696 error: ER_NO_REFERENCED_ROW_2: Cannot add or update a child row: a foreign key constraint fails (`cop16_api`.`events`, CONSTRAINT `fk_task_event` FOREIGN KEY (`task_id`) REFERENCES `tasks` (`id`) ON DELETE CASCADE ON UPDATE CASCADE) QueryFailedError: ER_NO_REFERENCED_ROW_2: Cannot add or update a child row: a foreign key constraint fails (`cop16_api`.`events`, CONSTRAINT `fk_task_event` FOREIGN KEY (`task_id`) REFERENCES `tasks` (`id`) ON DELETE CASCADE ON UPDATE CASCADE)
    at Query.<anonymous> (C:\Users\Lenovo\Downloads\arquitectura_limpia\src\driver\mysql\MysqlQueryRunner.ts:246:33)
    at Query.<anonymous> (C:\Users\Lenovo\Downloads\arquitectura_limpia\node_modules\mysql\lib\Connection.js:526:10)
    at Query._callback (C:\Users\Lenovo\Downloads\arquitectura_limpia\node_modules\mysql\lib\Connection.js:488:16)
    at Query.Sequence.end (C:\Users\Lenovo\Downloads\arquitectura_limpia\node_modules\mysql\lib\protocol\sequences\Sequence.js:83:24)
    at Query.ErrorPacket (C:\Users\Lenovo\Downloads\arquitectura_limpia\node_modules\mysql\lib\protocol\sequences\Query.js:92:8)
    at Protocol._parsePacket (C:\Users\Lenovo\Downloads\arquitectura_limpia\node_modules\mysql\lib\protocol\Protocol.js:291:23)
    at Parser._parsePacket (C:\Users\Lenovo\Downloads\arquitectura_limpia\node_modules\mysql\lib\protocol\Parser.js:433:10)
    at Parser.write (C:\Users\Lenovo\Downloads\arquitectura_limpia\node_modules\mysql\lib\protocol\Parser.js:43:10)
    at Protocol.write (C:\Users\Lenovo\Downloads\arquitectura_limpia\node_modules\mysql\lib\protocol\Protocol.js:38:16)
    at Socket.<anonymous> (C:\Users\Lenovo\Downloads\arquitectura_limpia\node_modules\mysql\lib\Connection.js:88:28)
2024-11-26 19:17:59:0851 error: ER_NO_REFERENCED_ROW_2: Cannot add or update a child row: a foreign key constraint fails (`cop16_api`.`events`, CONSTRAINT `fk_task_event` FOREIGN KEY (`task_id`) REFERENCES `tasks` (`id`) ON DELETE CASCADE ON UPDATE CASCADE) QueryFailedError: ER_NO_REFERENCED_ROW_2: Cannot add or update a child row: a foreign key constraint fails (`cop16_api`.`events`, CONSTRAINT `fk_task_event` FOREIGN KEY (`task_id`) REFERENCES `tasks` (`id`) ON DELETE CASCADE ON UPDATE CASCADE)
    at Query.<anonymous> (C:\Users\Lenovo\Downloads\arquitectura_limpia\src\driver\mysql\MysqlQueryRunner.ts:246:33)
    at Query.<anonymous> (C:\Users\Lenovo\Downloads\arquitectura_limpia\node_modules\mysql\lib\Connection.js:526:10)
    at Query._callback (C:\Users\Lenovo\Downloads\arquitectura_limpia\node_modules\mysql\lib\Connection.js:488:16)
    at Query.Sequence.end (C:\Users\Lenovo\Downloads\arquitectura_limpia\node_modules\mysql\lib\protocol\sequences\Sequence.js:83:24)
    at Query.ErrorPacket (C:\Users\Lenovo\Downloads\arquitectura_limpia\node_modules\mysql\lib\protocol\sequences\Query.js:92:8)
    at Protocol._parsePacket (C:\Users\Lenovo\Downloads\arquitectura_limpia\node_modules\mysql\lib\protocol\Protocol.js:291:23)
    at Parser._parsePacket (C:\Users\Lenovo\Downloads\arquitectura_limpia\node_modules\mysql\lib\protocol\Parser.js:433:10)
    at Parser.write (C:\Users\Lenovo\Downloads\arquitectura_limpia\node_modules\mysql\lib\protocol\Parser.js:43:10)
    at Protocol.write (C:\Users\Lenovo\Downloads\arquitectura_limpia\node_modules\mysql\lib\protocol\Protocol.js:38:16)
    at Socket.<anonymous> (C:\Users\Lenovo\Downloads\arquitectura_limpia\node_modules\mysql\lib\Connection.js:88:28)
