2024-08-20 10:37:51:9379 error: Ambiguous match found for serviceIdentifier: Symbol(UserController) Error: Ambiguous match found for serviceIdentifier: Symbol(UserController)
    at _validateActiveBindingCount (C:\Users\ejecutivo\Desktop\mina_project\BackMina\node_modules\inversify\lib\planning\planner.js:92:23)
    at _getActiveBindings (C:\Users\ejecutivo\Desktop\mina_project\BackMina\node_modules\inversify\lib\planning\planner.js:68:5)
    at _createSubRequests (C:\Users\ejecutivo\Desktop\mina_project\BackMina\node_modules\inversify\lib\planning\planner.js:103:26)
    at plan (C:\Users\ejecutivo\Desktop\mina_project\BackMina\node_modules\inversify\lib\planning\planner.js:154:9)
    at C:\Users\ejecutivo\Desktop\mina_project\BackMina\node_modules\inversify\lib\container\container.js:626:46
    at Container._get (C:\Users\ejecutivo\Desktop\mina_project\BackMina\node_modules\inversify\lib\container\container.js:596:38)
    at Container._getButThrowIfAsync (C:\Users\ejecutivo\Desktop\mina_project\BackMina\node_modules\inversify\lib\container\container.js:599:27)
    at Container.get (C:\Users\ejecutivo\Desktop\mina_project\BackMina\node_modules\inversify\lib\container\container.js:374:21)
    at ServiceCollection.get (C:\Users\ejecutivo\Desktop\mina_project\BackMina\src\bootstrap\ioc\serviceCollection.ts:16:27)
    at Object.<anonymous> (C:\Users\ejecutivo\Desktop\mina_project\BackMina\src\routes\v1\userRouter.ts:8:24)
2024-08-20 10:39:12:2382 error: Ambiguous match found for serviceIdentifier: Symbol(UserController) Error: Ambiguous match found for serviceIdentifier: Symbol(UserController)
    at _validateActiveBindingCount (C:\Users\ejecutivo\Desktop\mina_project\BackMina\node_modules\inversify\lib\planning\planner.js:92:23)
    at _getActiveBindings (C:\Users\ejecutivo\Desktop\mina_project\BackMina\node_modules\inversify\lib\planning\planner.js:68:5)
    at _createSubRequests (C:\Users\ejecutivo\Desktop\mina_project\BackMina\node_modules\inversify\lib\planning\planner.js:103:26)
    at plan (C:\Users\ejecutivo\Desktop\mina_project\BackMina\node_modules\inversify\lib\planning\planner.js:154:9)
    at C:\Users\ejecutivo\Desktop\mina_project\BackMina\node_modules\inversify\lib\container\container.js:626:46
    at Container._get (C:\Users\ejecutivo\Desktop\mina_project\BackMina\node_modules\inversify\lib\container\container.js:596:38)
    at Container._getButThrowIfAsync (C:\Users\ejecutivo\Desktop\mina_project\BackMina\node_modules\inversify\lib\container\container.js:599:27)
    at Container.get (C:\Users\ejecutivo\Desktop\mina_project\BackMina\node_modules\inversify\lib\container\container.js:374:21)
    at ServiceCollection.get (C:\Users\ejecutivo\Desktop\mina_project\BackMina\src\bootstrap\ioc\serviceCollection.ts:16:27)
    at Object.<anonymous> (C:\Users\ejecutivo\Desktop\mina_project\BackMina\src\routes\v1\userRouter.ts:8:24)
2024-08-20 10:43:02:7588 error: Ambiguous match found for serviceIdentifier: Symbol(UserController) Error: Ambiguous match found for serviceIdentifier: Symbol(UserController)
    at _validateActiveBindingCount (C:\Users\ejecutivo\Desktop\mina_project\BackMina\node_modules\inversify\lib\planning\planner.js:92:23)
    at _getActiveBindings (C:\Users\ejecutivo\Desktop\mina_project\BackMina\node_modules\inversify\lib\planning\planner.js:68:5)
    at _createSubRequests (C:\Users\ejecutivo\Desktop\mina_project\BackMina\node_modules\inversify\lib\planning\planner.js:103:26)
    at plan (C:\Users\ejecutivo\Desktop\mina_project\BackMina\node_modules\inversify\lib\planning\planner.js:154:9)
    at C:\Users\ejecutivo\Desktop\mina_project\BackMina\node_modules\inversify\lib\container\container.js:626:46
    at Container._get (C:\Users\ejecutivo\Desktop\mina_project\BackMina\node_modules\inversify\lib\container\container.js:596:38)
    at Container._getButThrowIfAsync (C:\Users\ejecutivo\Desktop\mina_project\BackMina\node_modules\inversify\lib\container\container.js:599:27)
    at Container.get (C:\Users\ejecutivo\Desktop\mina_project\BackMina\node_modules\inversify\lib\container\container.js:374:21)
    at ServiceCollection.get (C:\Users\ejecutivo\Desktop\mina_project\BackMina\src\bootstrap\ioc\serviceCollection.ts:16:27)
    at Object.<anonymous> (C:\Users\ejecutivo\Desktop\mina_project\BackMina\src\routes\v1\userRouter.ts:8:24)
2024-08-20 10:43:24:3283 error: Ambiguous match found for serviceIdentifier: Symbol(UserController) Error: Ambiguous match found for serviceIdentifier: Symbol(UserController)
    at _validateActiveBindingCount (C:\Users\ejecutivo\Desktop\mina_project\BackMina\node_modules\inversify\lib\planning\planner.js:92:23)
    at _getActiveBindings (C:\Users\ejecutivo\Desktop\mina_project\BackMina\node_modules\inversify\lib\planning\planner.js:68:5)
    at _createSubRequests (C:\Users\ejecutivo\Desktop\mina_project\BackMina\node_modules\inversify\lib\planning\planner.js:103:26)
    at plan (C:\Users\ejecutivo\Desktop\mina_project\BackMina\node_modules\inversify\lib\planning\planner.js:154:9)
    at C:\Users\ejecutivo\Desktop\mina_project\BackMina\node_modules\inversify\lib\container\container.js:626:46
    at Container._get (C:\Users\ejecutivo\Desktop\mina_project\BackMina\node_modules\inversify\lib\container\container.js:596:38)
    at Container._getButThrowIfAsync (C:\Users\ejecutivo\Desktop\mina_project\BackMina\node_modules\inversify\lib\container\container.js:599:27)
    at Container.get (C:\Users\ejecutivo\Desktop\mina_project\BackMina\node_modules\inversify\lib\container\container.js:374:21)
    at ServiceCollection.get (C:\Users\ejecutivo\Desktop\mina_project\BackMina\src\bootstrap\ioc\serviceCollection.ts:16:27)
    at Object.<anonymous> (C:\Users\ejecutivo\Desktop\mina_project\BackMina\src\routes\v1\userRouter.ts:8:24)
2024-08-20 10:55:30:7347 error: Ambiguous match found for serviceIdentifier: Symbol(UserController) Error: Ambiguous match found for serviceIdentifier: Symbol(UserController)
    at _validateActiveBindingCount (C:\Users\ejecutivo\Desktop\mina_project\BackMina\node_modules\inversify\lib\planning\planner.js:92:23)
    at _getActiveBindings (C:\Users\ejecutivo\Desktop\mina_project\BackMina\node_modules\inversify\lib\planning\planner.js:68:5)
    at _createSubRequests (C:\Users\ejecutivo\Desktop\mina_project\BackMina\node_modules\inversify\lib\planning\planner.js:103:26)
    at plan (C:\Users\ejecutivo\Desktop\mina_project\BackMina\node_modules\inversify\lib\planning\planner.js:154:9)
    at C:\Users\ejecutivo\Desktop\mina_project\BackMina\node_modules\inversify\lib\container\container.js:626:46
    at Container._get (C:\Users\ejecutivo\Desktop\mina_project\BackMina\node_modules\inversify\lib\container\container.js:596:38)
    at Container._getButThrowIfAsync (C:\Users\ejecutivo\Desktop\mina_project\BackMina\node_modules\inversify\lib\container\container.js:599:27)
    at Container.get (C:\Users\ejecutivo\Desktop\mina_project\BackMina\node_modules\inversify\lib\container\container.js:374:21)
    at ServiceCollection.get (C:\Users\ejecutivo\Desktop\mina_project\BackMina\src\bootstrap\ioc\serviceCollection.ts:16:27)
    at Object.<anonymous> (C:\Users\ejecutivo\Desktop\mina_project\BackMina\src\routes\v1\userRouter.ts:8:24)
2024-08-20 10:57:59:9399 error: No metadata for "UserEntity" was found. EntityMetadataNotFoundError: No metadata for "UserEntity" was found.
    at DataSource.getMetadata (C:\Users\ejecutivo\Desktop\mina_project\BackMina\src\data-source\DataSource.ts:450:30)
    at Repository.get metadata [as metadata] (C:\Users\ejecutivo\Desktop\mina_project\BackMina\src\repository\Repository.ts:53:40)
    at Repository.find (C:\Users\ejecutivo\Desktop\mina_project\BackMina\src\repository\Repository.ts:544:39)
    at DefaultCrudRepository.<anonymous> (C:\Users\ejecutivo\Desktop\mina_project\BackMina\src\infrastructure\persistence\repositories\DefaultCrudRepository.ts:55:29)
    at Generator.next (<anonymous>)
    at C:\Users\ejecutivo\Desktop\mina_project\BackMina\src\infrastructure\persistence\repositories\DefaultCrudRepository.ts:8:71
    at new Promise (<anonymous>)
    at __awaiter (C:\Users\ejecutivo\Desktop\mina_project\BackMina\src\infrastructure\persistence\repositories\DefaultCrudRepository.ts:4:12)
    at DefaultCrudRepository.list (C:\Users\ejecutivo\Desktop\mina_project\BackMina\src\infrastructure\persistence\repositories\DefaultCrudRepository.ts:54:16)
    at UserRepository.<anonymous> (C:\Users\ejecutivo\Desktop\mina_project\BackMina\src\infrastructure\persistence\repositories\userRepository.ts:29:45)
2024-08-20 11:01:36:2372 error: relation "user" does not exist QueryFailedError: relation "user" does not exist
    at PostgresQueryRunner.query (C:\Users\ejecutivo\Desktop\mina_project\BackMina\src\driver\postgres\PostgresQueryRunner.ts:331:19)
    at processTicksAndRejections (node:internal/process/task_queues:95:5)
    at SelectQueryBuilder.loadRawResults (C:\Users\ejecutivo\Desktop\mina_project\BackMina\src\query-builder\SelectQueryBuilder.ts:3805:25)
    at SelectQueryBuilder.executeEntitiesAndRawResults (C:\Users\ejecutivo\Desktop\mina_project\BackMina\src\query-builder\SelectQueryBuilder.ts:3551:26)
    at SelectQueryBuilder.getRawAndEntities (C:\Users\ejecutivo\Desktop\mina_project\BackMina\src\query-builder\SelectQueryBuilder.ts:1670:29)
    at SelectQueryBuilder.getMany (C:\Users\ejecutivo\Desktop\mina_project\BackMina\src\query-builder\SelectQueryBuilder.ts:1760:25)
2024-08-20 11:08:15:3874 error: llave duplicada viola restricción de unicidad «UQ_2356e187b2a6e1490e4f06f7508» QueryFailedError: llave duplicada viola restricción de unicidad «UQ_2356e187b2a6e1490e4f06f7508»
    at PostgresQueryRunner.query (C:\Users\ejecutivo\Desktop\mina_project\BackMina\src\driver\postgres\PostgresQueryRunner.ts:331:19)
    at processTicksAndRejections (node:internal/process/task_queues:95:5)
    at InsertQueryBuilder.execute (C:\Users\ejecutivo\Desktop\mina_project\BackMina\src\query-builder\InsertQueryBuilder.ts:163:33)
    at SubjectExecutor.executeInsertOperations (C:\Users\ejecutivo\Desktop\mina_project\BackMina\src\persistence\SubjectExecutor.ts:435:42)
    at SubjectExecutor.execute (C:\Users\ejecutivo\Desktop\mina_project\BackMina\src\persistence\SubjectExecutor.ts:137:9)
    at EntityPersistExecutor.execute (C:\Users\ejecutivo\Desktop\mina_project\BackMina\src\persistence\EntityPersistExecutor.ts:182:21)
2024-08-20 11:09:21:98510 error: llave duplicada viola restricción de unicidad «UQ_2356e187b2a6e1490e4f06f7508» QueryFailedError: llave duplicada viola restricción de unicidad «UQ_2356e187b2a6e1490e4f06f7508»
    at PostgresQueryRunner.query (C:\Users\ejecutivo\Desktop\mina_project\BackMina\src\driver\postgres\PostgresQueryRunner.ts:331:19)
    at processTicksAndRejections (node:internal/process/task_queues:95:5)
    at InsertQueryBuilder.execute (C:\Users\ejecutivo\Desktop\mina_project\BackMina\src\query-builder\InsertQueryBuilder.ts:163:33)
    at SubjectExecutor.executeInsertOperations (C:\Users\ejecutivo\Desktop\mina_project\BackMina\src\persistence\SubjectExecutor.ts:435:42)
    at SubjectExecutor.execute (C:\Users\ejecutivo\Desktop\mina_project\BackMina\src\persistence\SubjectExecutor.ts:137:9)
    at EntityPersistExecutor.execute (C:\Users\ejecutivo\Desktop\mina_project\BackMina\src\persistence\EntityPersistExecutor.ts:182:21)
2024-08-20 11:13:31:5566 error: llave duplicada viola restricción de unicidad «UQ_2356e187b2a6e1490e4f06f7508» QueryFailedError: llave duplicada viola restricción de unicidad «UQ_2356e187b2a6e1490e4f06f7508»
    at PostgresQueryRunner.query (C:\Users\ejecutivo\Desktop\mina_project\BackMina\src\driver\postgres\PostgresQueryRunner.ts:331:19)
    at processTicksAndRejections (node:internal/process/task_queues:95:5)
    at InsertQueryBuilder.execute (C:\Users\ejecutivo\Desktop\mina_project\BackMina\src\query-builder\InsertQueryBuilder.ts:163:33)
    at SubjectExecutor.executeInsertOperations (C:\Users\ejecutivo\Desktop\mina_project\BackMina\src\persistence\SubjectExecutor.ts:435:42)
    at SubjectExecutor.execute (C:\Users\ejecutivo\Desktop\mina_project\BackMina\src\persistence\SubjectExecutor.ts:137:9)
    at EntityPersistExecutor.execute (C:\Users\ejecutivo\Desktop\mina_project\BackMina\src\persistence\EntityPersistExecutor.ts:182:21)
2024-08-20 11:14:25:98310 error: llave duplicada viola restricción de unicidad «UQ_2356e187b2a6e1490e4f06f7508» QueryFailedError: llave duplicada viola restricción de unicidad «UQ_2356e187b2a6e1490e4f06f7508»
    at PostgresQueryRunner.query (C:\Users\ejecutivo\Desktop\mina_project\BackMina\src\driver\postgres\PostgresQueryRunner.ts:331:19)
    at processTicksAndRejections (node:internal/process/task_queues:95:5)
    at InsertQueryBuilder.execute (C:\Users\ejecutivo\Desktop\mina_project\BackMina\src\query-builder\InsertQueryBuilder.ts:163:33)
    at SubjectExecutor.executeInsertOperations (C:\Users\ejecutivo\Desktop\mina_project\BackMina\src\persistence\SubjectExecutor.ts:435:42)
    at SubjectExecutor.execute (C:\Users\ejecutivo\Desktop\mina_project\BackMina\src\persistence\SubjectExecutor.ts:137:9)
    at EntityPersistExecutor.execute (C:\Users\ejecutivo\Desktop\mina_project\BackMina\src\persistence\EntityPersistExecutor.ts:182:21)
2024-08-20 11:15:55:2302 error: llave duplicada viola restricción de unicidad «UQ_2356e187b2a6e1490e4f06f7508» QueryFailedError: llave duplicada viola restricción de unicidad «UQ_2356e187b2a6e1490e4f06f7508»
    at PostgresQueryRunner.query (C:\Users\ejecutivo\Desktop\mina_project\BackMina\src\driver\postgres\PostgresQueryRunner.ts:331:19)
    at processTicksAndRejections (node:internal/process/task_queues:95:5)
    at InsertQueryBuilder.execute (C:\Users\ejecutivo\Desktop\mina_project\BackMina\src\query-builder\InsertQueryBuilder.ts:163:33)
    at SubjectExecutor.executeInsertOperations (C:\Users\ejecutivo\Desktop\mina_project\BackMina\src\persistence\SubjectExecutor.ts:435:42)
    at SubjectExecutor.execute (C:\Users\ejecutivo\Desktop\mina_project\BackMina\src\persistence\SubjectExecutor.ts:137:9)
    at EntityPersistExecutor.execute (C:\Users\ejecutivo\Desktop\mina_project\BackMina\src\persistence\EntityPersistExecutor.ts:182:21)
2024-08-20 11:20:09:5265 error: getaddrinfo ENOTFOUND base Error: getaddrinfo ENOTFOUND base
    at GetAddrInfoReqWrap.onlookupall [as oncomplete] (node:dns:118:26)
