2024-07-28 20:27:16:4625 error: Entity metadata for EmployeeEntity#userRegisterEntity was not found. Check if you specified a correct entity object and if it's connected in the connection options. TypeORMError: Entity metadata for EmployeeEntity#userRegisterEntity was not found. Check if you specified a correct entity object and if it's connected in the connection options.
    at C:\Users\ejecutivo\Desktop\mina_project\BackMina\src\metadata-builder\EntityMetadataBuilder.ts:1121:23
    at Array.forEach (<anonymous>)
    at EntityMetadataBuilder.computeInverseProperties (C:\Users\ejecutivo\Desktop\mina_project\BackMina\src\metadata-builder\EntityMetadataBuilder.ts:1111:34)
    at C:\Users\ejecutivo\Desktop\mina_project\BackMina\src\metadata-builder\EntityMetadataBuilder.ts:158:18
    at Array.forEach (<anonymous>)
    at EntityMetadataBuilder.build (C:\Users\ejecutivo\Desktop\mina_project\BackMina\src\metadata-builder\EntityMetadataBuilder.ts:157:25)
    at ConnectionMetadataBuilder.buildEntityMetadatas (C:\Users\ejecutivo\Desktop\mina_project\BackMina\src\connection\ConnectionMetadataBuilder.ts:106:11)
    at processTicksAndRejections (node:internal/process/task_queues:95:5)
    at DataSource.buildMetadatas (C:\Users\ejecutivo\Desktop\mina_project\BackMina\src\data-source\DataSource.ts:710:13)
    at DataSource.initialize (C:\Users\ejecutivo\Desktop\mina_project\BackMina\src\data-source\DataSource.ts:263:13)
2024-07-28 20:39:53:5125 error: No matching bindings found for serviceIdentifier: Symbol(LogController) Error: No matching bindings found for serviceIdentifier: Symbol(LogController)
    at _validateActiveBindingCount (C:\Users\ejecutivo\Desktop\mina_project\BackMina\node_modules\inversify\lib\planning\planner.js:82:23)
    at _getActiveBindings (C:\Users\ejecutivo\Desktop\mina_project\BackMina\node_modules\inversify\lib\planning\planner.js:68:5)
    at _createSubRequests (C:\Users\ejecutivo\Desktop\mina_project\BackMina\node_modules\inversify\lib\planning\planner.js:103:26)
    at plan (C:\Users\ejecutivo\Desktop\mina_project\BackMina\node_modules\inversify\lib\planning\planner.js:154:9)
    at C:\Users\ejecutivo\Desktop\mina_project\BackMina\node_modules\inversify\lib\container\container.js:626:46
    at Container._get (C:\Users\ejecutivo\Desktop\mina_project\BackMina\node_modules\inversify\lib\container\container.js:596:38)
    at Container._getButThrowIfAsync (C:\Users\ejecutivo\Desktop\mina_project\BackMina\node_modules\inversify\lib\container\container.js:599:27)
    at Container.get (C:\Users\ejecutivo\Desktop\mina_project\BackMina\node_modules\inversify\lib\container\container.js:374:21)
    at ServiceCollection.get (C:\Users\ejecutivo\Desktop\mina_project\BackMina\src\bootstrap\ioc\serviceCollection.ts:16:27)
    at Object.<anonymous> (C:\Users\ejecutivo\Desktop\mina_project\BackMina\src\routes\v1\logRouter.ts:9:24)
2024-07-28 20:41:29:96710 error: No matching bindings found for serviceIdentifier: Symbol(LogController) Error: No matching bindings found for serviceIdentifier: Symbol(LogController)
    at _validateActiveBindingCount (C:\Users\ejecutivo\Desktop\mina_project\BackMina\node_modules\inversify\lib\planning\planner.js:82:23)
    at _getActiveBindings (C:\Users\ejecutivo\Desktop\mina_project\BackMina\node_modules\inversify\lib\planning\planner.js:68:5)
    at _createSubRequests (C:\Users\ejecutivo\Desktop\mina_project\BackMina\node_modules\inversify\lib\planning\planner.js:103:26)
    at plan (C:\Users\ejecutivo\Desktop\mina_project\BackMina\node_modules\inversify\lib\planning\planner.js:154:9)
    at C:\Users\ejecutivo\Desktop\mina_project\BackMina\node_modules\inversify\lib\container\container.js:626:46
    at Container._get (C:\Users\ejecutivo\Desktop\mina_project\BackMina\node_modules\inversify\lib\container\container.js:596:38)
    at Container._getButThrowIfAsync (C:\Users\ejecutivo\Desktop\mina_project\BackMina\node_modules\inversify\lib\container\container.js:599:27)
    at Container.get (C:\Users\ejecutivo\Desktop\mina_project\BackMina\node_modules\inversify\lib\container\container.js:374:21)
    at ServiceCollection.get (C:\Users\ejecutivo\Desktop\mina_project\BackMina\src\bootstrap\ioc\serviceCollection.ts:16:27)
    at Object.<anonymous> (C:\Users\ejecutivo\Desktop\mina_project\BackMina\src\routes\v1\logRouter.ts:9:24)
2024-07-28 21:39:28:8749 error: relation "user" does not exist QueryFailedError: relation "user" does not exist
    at PostgresQueryRunner.query (C:\Users\ejecutivo\Desktop\mina_project\BackMina\src\driver\postgres\PostgresQueryRunner.ts:331:19)
    at processTicksAndRejections (node:internal/process/task_queues:95:5)
    at InsertQueryBuilder.execute (C:\Users\ejecutivo\Desktop\mina_project\BackMina\src\query-builder\InsertQueryBuilder.ts:163:33)
    at SubjectExecutor.executeInsertOperations (C:\Users\ejecutivo\Desktop\mina_project\BackMina\src\persistence\SubjectExecutor.ts:435:42)
    at SubjectExecutor.execute (C:\Users\ejecutivo\Desktop\mina_project\BackMina\src\persistence\SubjectExecutor.ts:137:9)
    at EntityPersistExecutor.execute (C:\Users\ejecutivo\Desktop\mina_project\BackMina\src\persistence\EntityPersistExecutor.ts:182:21)
