2024-07-20 18:09:24:7367 error: Cannot destructure property 'deletedAt' of '_a' as it is null. TypeError: Cannot destructure property 'deletedAt' of '_a' as it is null.
    at EmployeeMapper.mapToDto (C:\Users\ejecutivo\Desktop\mina_project\BackMina\src\domain\models\employeeModel.ts:63:13)
    at EmployeeService.<anonymous> (C:\Users\ejecutivo\Desktop\mina_project\BackMina\src\app\services\employeeService.ts:110:36)
    at Generator.next (<anonymous>)
    at fulfilled (C:\Users\ejecutivo\Desktop\mina_project\BackMina\src\app\services\employeeService.ts:17:58)
    at processTicksAndRejections (node:internal/process/task_queues:95:5)
2024-07-20 18:09:24:8218 error: Cannot destructure property 'deletedAt' of '_a' as it is null. TypeError: Cannot destructure property 'deletedAt' of '_a' as it is null.
    at EmployeeMapper.mapToDto (C:\Users\ejecutivo\Desktop\mina_project\BackMina\src\domain\models\employeeModel.ts:63:13)
    at EmployeeService.<anonymous> (C:\Users\ejecutivo\Desktop\mina_project\BackMina\src\app\services\employeeService.ts:110:36)
    at Generator.next (<anonymous>)
    at fulfilled (C:\Users\ejecutivo\Desktop\mina_project\BackMina\src\app\services\employeeService.ts:17:58)
    at processTicksAndRejections (node:internal/process/task_queues:95:5)
2024-07-20 18:09:24:9249 error: Cannot destructure property 'deletedAt' of '_a' as it is null. TypeError: Cannot destructure property 'deletedAt' of '_a' as it is null.
    at EmployeeMapper.mapToDto (C:\Users\ejecutivo\Desktop\mina_project\BackMina\src\domain\models\employeeModel.ts:63:13)
    at EmployeeService.<anonymous> (C:\Users\ejecutivo\Desktop\mina_project\BackMina\src\app\services\employeeService.ts:110:36)
    at Generator.next (<anonymous>)
    at fulfilled (C:\Users\ejecutivo\Desktop\mina_project\BackMina\src\app\services\employeeService.ts:17:58)
    at processTicksAndRejections (node:internal/process/task_queues:95:5)
2024-07-20 18:09:25:0330 error: Cannot destructure property 'deletedAt' of '_a' as it is null. TypeError: Cannot destructure property 'deletedAt' of '_a' as it is null.
    at EmployeeMapper.mapToDto (C:\Users\ejecutivo\Desktop\mina_project\BackMina\src\domain\models\employeeModel.ts:63:13)
    at EmployeeService.<anonymous> (C:\Users\ejecutivo\Desktop\mina_project\BackMina\src\app\services\employeeService.ts:110:36)
    at Generator.next (<anonymous>)
    at fulfilled (C:\Users\ejecutivo\Desktop\mina_project\BackMina\src\app\services\employeeService.ts:17:58)
    at processTicksAndRejections (node:internal/process/task_queues:95:5)
2024-07-20 18:09:33:0761 error: Cannot destructure property 'deletedAt' of '_a' as it is null. TypeError: Cannot destructure property 'deletedAt' of '_a' as it is null.
    at EmployeeMapper.mapToDto (C:\Users\ejecutivo\Desktop\mina_project\BackMina\src\domain\models\employeeModel.ts:63:13)
    at EmployeeService.<anonymous> (C:\Users\ejecutivo\Desktop\mina_project\BackMina\src\app\services\employeeService.ts:110:36)
    at Generator.next (<anonymous>)
    at fulfilled (C:\Users\ejecutivo\Desktop\mina_project\BackMina\src\app\services\employeeService.ts:17:58)
    at processTicksAndRejections (node:internal/process/task_queues:95:5)
2024-07-20 18:09:36:5295 error: Cannot destructure property 'deletedAt' of '_a' as it is null. TypeError: Cannot destructure property 'deletedAt' of '_a' as it is null.
    at EmployeeMapper.mapToDto (C:\Users\ejecutivo\Desktop\mina_project\BackMina\src\domain\models\employeeModel.ts:63:13)
    at EmployeeService.<anonymous> (C:\Users\ejecutivo\Desktop\mina_project\BackMina\src\app\services\employeeService.ts:110:36)
    at Generator.next (<anonymous>)
    at fulfilled (C:\Users\ejecutivo\Desktop\mina_project\BackMina\src\app\services\employeeService.ts:17:58)
    at processTicksAndRejections (node:internal/process/task_queues:95:5)
2024-07-20 18:09:36:7237 error: Cannot destructure property 'deletedAt' of '_a' as it is null. TypeError: Cannot destructure property 'deletedAt' of '_a' as it is null.
    at EmployeeMapper.mapToDto (C:\Users\ejecutivo\Desktop\mina_project\BackMina\src\domain\models\employeeModel.ts:63:13)
    at EmployeeService.<anonymous> (C:\Users\ejecutivo\Desktop\mina_project\BackMina\src\app\services\employeeService.ts:110:36)
    at Generator.next (<anonymous>)
    at fulfilled (C:\Users\ejecutivo\Desktop\mina_project\BackMina\src\app\services\employeeService.ts:17:58)
    at processTicksAndRejections (node:internal/process/task_queues:95:5)
2024-07-20 18:09:37:4525 error: Cannot destructure property 'deletedAt' of '_a' as it is null. TypeError: Cannot destructure property 'deletedAt' of '_a' as it is null.
    at EmployeeMapper.mapToDto (C:\Users\ejecutivo\Desktop\mina_project\BackMina\src\domain\models\employeeModel.ts:63:13)
    at EmployeeService.<anonymous> (C:\Users\ejecutivo\Desktop\mina_project\BackMina\src\app\services\employeeService.ts:110:36)
    at Generator.next (<anonymous>)
    at fulfilled (C:\Users\ejecutivo\Desktop\mina_project\BackMina\src\app\services\employeeService.ts:17:58)
    at processTicksAndRejections (node:internal/process/task_queues:95:5)
2024-07-20 18:09:37:8138 error: Cannot destructure property 'deletedAt' of '_a' as it is null. TypeError: Cannot destructure property 'deletedAt' of '_a' as it is null.
    at EmployeeMapper.mapToDto (C:\Users\ejecutivo\Desktop\mina_project\BackMina\src\domain\models\employeeModel.ts:63:13)
    at EmployeeService.<anonymous> (C:\Users\ejecutivo\Desktop\mina_project\BackMina\src\app\services\employeeService.ts:110:36)
    at Generator.next (<anonymous>)
    at fulfilled (C:\Users\ejecutivo\Desktop\mina_project\BackMina\src\app\services\employeeService.ts:17:58)
    at processTicksAndRejections (node:internal/process/task_queues:95:5)
2024-07-20 18:09:38:2823 error: Cannot destructure property 'deletedAt' of '_a' as it is null. TypeError: Cannot destructure property 'deletedAt' of '_a' as it is null.
    at EmployeeMapper.mapToDto (C:\Users\ejecutivo\Desktop\mina_project\BackMina\src\domain\models\employeeModel.ts:63:13)
    at EmployeeService.<anonymous> (C:\Users\ejecutivo\Desktop\mina_project\BackMina\src\app\services\employeeService.ts:110:36)
    at Generator.next (<anonymous>)
    at fulfilled (C:\Users\ejecutivo\Desktop\mina_project\BackMina\src\app\services\employeeService.ts:17:58)
    at processTicksAndRejections (node:internal/process/task_queues:95:5)
2024-07-20 18:09:39:0961 error: Cannot destructure property 'deletedAt' of '_a' as it is null. TypeError: Cannot destructure property 'deletedAt' of '_a' as it is null.
    at EmployeeMapper.mapToDto (C:\Users\ejecutivo\Desktop\mina_project\BackMina\src\domain\models\employeeModel.ts:63:13)
    at EmployeeService.<anonymous> (C:\Users\ejecutivo\Desktop\mina_project\BackMina\src\app\services\employeeService.ts:110:36)
    at Generator.next (<anonymous>)
    at fulfilled (C:\Users\ejecutivo\Desktop\mina_project\BackMina\src\app\services\employeeService.ts:17:58)
    at processTicksAndRejections (node:internal/process/task_queues:95:5)
2024-07-20 18:09:39:3864 error: Cannot destructure property 'deletedAt' of '_a' as it is null. TypeError: Cannot destructure property 'deletedAt' of '_a' as it is null.
    at EmployeeMapper.mapToDto (C:\Users\ejecutivo\Desktop\mina_project\BackMina\src\domain\models\employeeModel.ts:63:13)
    at EmployeeService.<anonymous> (C:\Users\ejecutivo\Desktop\mina_project\BackMina\src\app\services\employeeService.ts:110:36)
    at Generator.next (<anonymous>)
    at fulfilled (C:\Users\ejecutivo\Desktop\mina_project\BackMina\src\app\services\employeeService.ts:17:58)
    at processTicksAndRejections (node:internal/process/task_queues:95:5)
2024-07-20 21:46:29:6386 error: Cannot destructure property 'deletedAt' of '_a' as it is null. TypeError: Cannot destructure property 'deletedAt' of '_a' as it is null.
    at EmployeeMapper.mapToDto (C:\Users\ejecutivo\Desktop\mina_project\BackMina\src\domain\models\employeeModel.ts:63:13)
    at EmployeeService.<anonymous> (C:\Users\ejecutivo\Desktop\mina_project\BackMina\src\app\services\employeeService.ts:110:36)
    at Generator.next (<anonymous>)
    at fulfilled (C:\Users\ejecutivo\Desktop\mina_project\BackMina\src\app\services\employeeService.ts:17:58)
    at processTicksAndRejections (node:internal/process/task_queues:95:5)
2024-07-20 21:46:29:8458 error: Cannot destructure property 'deletedAt' of '_a' as it is null. TypeError: Cannot destructure property 'deletedAt' of '_a' as it is null.
    at EmployeeMapper.mapToDto (C:\Users\ejecutivo\Desktop\mina_project\BackMina\src\domain\models\employeeModel.ts:63:13)
    at EmployeeService.<anonymous> (C:\Users\ejecutivo\Desktop\mina_project\BackMina\src\app\services\employeeService.ts:110:36)
    at Generator.next (<anonymous>)
    at fulfilled (C:\Users\ejecutivo\Desktop\mina_project\BackMina\src\app\services\employeeService.ts:17:58)
    at processTicksAndRejections (node:internal/process/task_queues:95:5)
2024-07-20 21:46:30:2843 error: Cannot destructure property 'deletedAt' of '_a' as it is null. TypeError: Cannot destructure property 'deletedAt' of '_a' as it is null.
    at EmployeeMapper.mapToDto (C:\Users\ejecutivo\Desktop\mina_project\BackMina\src\domain\models\employeeModel.ts:63:13)
    at EmployeeService.<anonymous> (C:\Users\ejecutivo\Desktop\mina_project\BackMina\src\app\services\employeeService.ts:110:36)
    at Generator.next (<anonymous>)
    at fulfilled (C:\Users\ejecutivo\Desktop\mina_project\BackMina\src\app\services\employeeService.ts:17:58)
    at processTicksAndRejections (node:internal/process/task_queues:95:5)
2024-07-20 21:46:31:0490 error: Cannot destructure property 'deletedAt' of '_a' as it is null. TypeError: Cannot destructure property 'deletedAt' of '_a' as it is null.
    at EmployeeMapper.mapToDto (C:\Users\ejecutivo\Desktop\mina_project\BackMina\src\domain\models\employeeModel.ts:63:13)
    at EmployeeService.<anonymous> (C:\Users\ejecutivo\Desktop\mina_project\BackMina\src\app\services\employeeService.ts:110:36)
    at Generator.next (<anonymous>)
    at fulfilled (C:\Users\ejecutivo\Desktop\mina_project\BackMina\src\app\services\employeeService.ts:17:58)
    at processTicksAndRejections (node:internal/process/task_queues:95:5)
2024-07-20 21:46:31:4404 error: Cannot destructure property 'deletedAt' of '_a' as it is null. TypeError: Cannot destructure property 'deletedAt' of '_a' as it is null.
    at EmployeeMapper.mapToDto (C:\Users\ejecutivo\Desktop\mina_project\BackMina\src\domain\models\employeeModel.ts:63:13)
    at EmployeeService.<anonymous> (C:\Users\ejecutivo\Desktop\mina_project\BackMina\src\app\services\employeeService.ts:110:36)
    at Generator.next (<anonymous>)
    at fulfilled (C:\Users\ejecutivo\Desktop\mina_project\BackMina\src\app\services\employeeService.ts:17:58)
    at processTicksAndRejections (node:internal/process/task_queues:95:5)
2024-07-20 21:46:31:7037 error: Cannot destructure property 'deletedAt' of '_a' as it is null. TypeError: Cannot destructure property 'deletedAt' of '_a' as it is null.
    at EmployeeMapper.mapToDto (C:\Users\ejecutivo\Desktop\mina_project\BackMina\src\domain\models\employeeModel.ts:63:13)
    at EmployeeService.<anonymous> (C:\Users\ejecutivo\Desktop\mina_project\BackMina\src\app\services\employeeService.ts:110:36)
    at Generator.next (<anonymous>)
    at fulfilled (C:\Users\ejecutivo\Desktop\mina_project\BackMina\src\app\services\employeeService.ts:17:58)
    at processTicksAndRejections (node:internal/process/task_queues:95:5)
2024-07-20 21:46:32:0150 error: Cannot destructure property 'deletedAt' of '_a' as it is null. TypeError: Cannot destructure property 'deletedAt' of '_a' as it is null.
    at EmployeeMapper.mapToDto (C:\Users\ejecutivo\Desktop\mina_project\BackMina\src\domain\models\employeeModel.ts:63:13)
    at EmployeeService.<anonymous> (C:\Users\ejecutivo\Desktop\mina_project\BackMina\src\app\services\employeeService.ts:110:36)
    at Generator.next (<anonymous>)
    at fulfilled (C:\Users\ejecutivo\Desktop\mina_project\BackMina\src\app\services\employeeService.ts:17:58)
    at processTicksAndRejections (node:internal/process/task_queues:95:5)
2024-07-20 21:46:32:6777 error: Cannot destructure property 'deletedAt' of '_a' as it is null. TypeError: Cannot destructure property 'deletedAt' of '_a' as it is null.
    at EmployeeMapper.mapToDto (C:\Users\ejecutivo\Desktop\mina_project\BackMina\src\domain\models\employeeModel.ts:63:13)
    at EmployeeService.<anonymous> (C:\Users\ejecutivo\Desktop\mina_project\BackMina\src\app\services\employeeService.ts:110:36)
    at Generator.next (<anonymous>)
    at fulfilled (C:\Users\ejecutivo\Desktop\mina_project\BackMina\src\app\services\employeeService.ts:17:58)
    at processTicksAndRejections (node:internal/process/task_queues:95:5)
2024-07-20 21:59:10:4104 error: Cannot destructure property 'deletedAt' of '_a' as it is null. TypeError: Cannot destructure property 'deletedAt' of '_a' as it is null.
    at EmployeeMapper.mapToDto (C:\Users\ejecutivo\Desktop\mina_project\BackMina\src\domain\models\employeeModel.ts:63:13)
    at EmployeeService.<anonymous> (C:\Users\ejecutivo\Desktop\mina_project\BackMina\src\app\services\employeeService.ts:110:36)
    at Generator.next (<anonymous>)
    at fulfilled (C:\Users\ejecutivo\Desktop\mina_project\BackMina\src\app\services\employeeService.ts:17:58)
    at processTicksAndRejections (node:internal/process/task_queues:95:5)
2024-07-20 21:59:10:5175 error: Cannot destructure property 'deletedAt' of '_a' as it is null. TypeError: Cannot destructure property 'deletedAt' of '_a' as it is null.
    at EmployeeMapper.mapToDto (C:\Users\ejecutivo\Desktop\mina_project\BackMina\src\domain\models\employeeModel.ts:63:13)
    at EmployeeService.<anonymous> (C:\Users\ejecutivo\Desktop\mina_project\BackMina\src\app\services\employeeService.ts:110:36)
    at Generator.next (<anonymous>)
    at fulfilled (C:\Users\ejecutivo\Desktop\mina_project\BackMina\src\app\services\employeeService.ts:17:58)
    at processTicksAndRejections (node:internal/process/task_queues:95:5)
2024-07-20 21:59:13:0260 error: Cannot destructure property 'deletedAt' of '_a' as it is null. TypeError: Cannot destructure property 'deletedAt' of '_a' as it is null.
    at EmployeeMapper.mapToDto (C:\Users\ejecutivo\Desktop\mina_project\BackMina\src\domain\models\employeeModel.ts:63:13)
    at EmployeeService.<anonymous> (C:\Users\ejecutivo\Desktop\mina_project\BackMina\src\app\services\employeeService.ts:110:36)
    at Generator.next (<anonymous>)
    at fulfilled (C:\Users\ejecutivo\Desktop\mina_project\BackMina\src\app\services\employeeService.ts:17:58)
    at processTicksAndRejections (node:internal/process/task_queues:95:5)
2024-07-20 21:59:13:6827 error: Cannot destructure property 'deletedAt' of '_a' as it is null. TypeError: Cannot destructure property 'deletedAt' of '_a' as it is null.
    at EmployeeMapper.mapToDto (C:\Users\ejecutivo\Desktop\mina_project\BackMina\src\domain\models\employeeModel.ts:63:13)
    at EmployeeService.<anonymous> (C:\Users\ejecutivo\Desktop\mina_project\BackMina\src\app\services\employeeService.ts:110:36)
    at Generator.next (<anonymous>)
    at fulfilled (C:\Users\ejecutivo\Desktop\mina_project\BackMina\src\app\services\employeeService.ts:17:58)
    at processTicksAndRejections (node:internal/process/task_queues:95:5)
2024-07-20 21:59:14:95310 error: Cannot destructure property 'deletedAt' of '_a' as it is null. TypeError: Cannot destructure property 'deletedAt' of '_a' as it is null.
    at EmployeeMapper.mapToDto (C:\Users\ejecutivo\Desktop\mina_project\BackMina\src\domain\models\employeeModel.ts:63:13)
    at EmployeeService.<anonymous> (C:\Users\ejecutivo\Desktop\mina_project\BackMina\src\app\services\employeeService.ts:110:36)
    at Generator.next (<anonymous>)
    at fulfilled (C:\Users\ejecutivo\Desktop\mina_project\BackMina\src\app\services\employeeService.ts:17:58)
    at processTicksAndRejections (node:internal/process/task_queues:95:5)
2024-07-20 21:59:15:1562 error: Cannot destructure property 'deletedAt' of '_a' as it is null. TypeError: Cannot destructure property 'deletedAt' of '_a' as it is null.
    at EmployeeMapper.mapToDto (C:\Users\ejecutivo\Desktop\mina_project\BackMina\src\domain\models\employeeModel.ts:63:13)
    at EmployeeService.<anonymous> (C:\Users\ejecutivo\Desktop\mina_project\BackMina\src\app\services\employeeService.ts:110:36)
    at Generator.next (<anonymous>)
    at fulfilled (C:\Users\ejecutivo\Desktop\mina_project\BackMina\src\app\services\employeeService.ts:17:58)
    at processTicksAndRejections (node:internal/process/task_queues:95:5)
2024-07-20 21:59:15:3614 error: Cannot destructure property 'deletedAt' of '_a' as it is null. TypeError: Cannot destructure property 'deletedAt' of '_a' as it is null.
    at EmployeeMapper.mapToDto (C:\Users\ejecutivo\Desktop\mina_project\BackMina\src\domain\models\employeeModel.ts:63:13)
    at EmployeeService.<anonymous> (C:\Users\ejecutivo\Desktop\mina_project\BackMina\src\app\services\employeeService.ts:110:36)
    at Generator.next (<anonymous>)
    at fulfilled (C:\Users\ejecutivo\Desktop\mina_project\BackMina\src\app\services\employeeService.ts:17:58)
    at processTicksAndRejections (node:internal/process/task_queues:95:5)
2024-07-20 21:59:16:5866 error: Cannot destructure property 'deletedAt' of '_a' as it is null. TypeError: Cannot destructure property 'deletedAt' of '_a' as it is null.
    at EmployeeMapper.mapToDto (C:\Users\ejecutivo\Desktop\mina_project\BackMina\src\domain\models\employeeModel.ts:63:13)
    at EmployeeService.<anonymous> (C:\Users\ejecutivo\Desktop\mina_project\BackMina\src\app\services\employeeService.ts:110:36)
    at Generator.next (<anonymous>)
    at fulfilled (C:\Users\ejecutivo\Desktop\mina_project\BackMina\src\app\services\employeeService.ts:17:58)
    at processTicksAndRejections (node:internal/process/task_queues:95:5)
2024-07-20 21:59:16:8689 error: Cannot destructure property 'deletedAt' of '_a' as it is null. TypeError: Cannot destructure property 'deletedAt' of '_a' as it is null.
    at EmployeeMapper.mapToDto (C:\Users\ejecutivo\Desktop\mina_project\BackMina\src\domain\models\employeeModel.ts:63:13)
    at EmployeeService.<anonymous> (C:\Users\ejecutivo\Desktop\mina_project\BackMina\src\app\services\employeeService.ts:110:36)
    at Generator.next (<anonymous>)
    at fulfilled (C:\Users\ejecutivo\Desktop\mina_project\BackMina\src\app\services\employeeService.ts:17:58)
    at processTicksAndRejections (node:internal/process/task_queues:95:5)
2024-07-20 21:59:17:2492 error: Cannot destructure property 'deletedAt' of '_a' as it is null. TypeError: Cannot destructure property 'deletedAt' of '_a' as it is null.
    at EmployeeMapper.mapToDto (C:\Users\ejecutivo\Desktop\mina_project\BackMina\src\domain\models\employeeModel.ts:63:13)
    at EmployeeService.<anonymous> (C:\Users\ejecutivo\Desktop\mina_project\BackMina\src\app\services\employeeService.ts:110:36)
    at Generator.next (<anonymous>)
    at fulfilled (C:\Users\ejecutivo\Desktop\mina_project\BackMina\src\app\services\employeeService.ts:17:58)
    at processTicksAndRejections (node:internal/process/task_queues:95:5)
2024-07-20 22:27:33:0020 error: Cannot destructure property 'deletedAt' of '_a' as it is null. TypeError: Cannot destructure property 'deletedAt' of '_a' as it is null.
    at EmployeeMapper.mapToDto (C:\Users\ejecutivo\Desktop\mina_project\BackMina\src\domain\models\employeeModel.ts:63:13)
    at EmployeeService.<anonymous> (C:\Users\ejecutivo\Desktop\mina_project\BackMina\src\app\services\employeeService.ts:110:36)
    at Generator.next (<anonymous>)
    at fulfilled (C:\Users\ejecutivo\Desktop\mina_project\BackMina\src\app\services\employeeService.ts:17:58)
    at processTicksAndRejections (node:internal/process/task_queues:95:5)
2024-07-20 22:28:08:0170 error: Cannot destructure property 'deletedAt' of '_a' as it is null. TypeError: Cannot destructure property 'deletedAt' of '_a' as it is null.
    at EmployeeMapper.mapToDto (C:\Users\ejecutivo\Desktop\mina_project\BackMina\src\domain\models\employeeModel.ts:63:13)
    at EmployeeService.<anonymous> (C:\Users\ejecutivo\Desktop\mina_project\BackMina\src\app\services\employeeService.ts:110:36)
    at Generator.next (<anonymous>)
    at fulfilled (C:\Users\ejecutivo\Desktop\mina_project\BackMina\src\app\services\employeeService.ts:17:58)
    at processTicksAndRejections (node:internal/process/task_queues:95:5)
2024-07-20 22:28:08:0601 error: Cannot destructure property 'deletedAt' of '_a' as it is null. TypeError: Cannot destructure property 'deletedAt' of '_a' as it is null.
    at EmployeeMapper.mapToDto (C:\Users\ejecutivo\Desktop\mina_project\BackMina\src\domain\models\employeeModel.ts:63:13)
    at EmployeeService.<anonymous> (C:\Users\ejecutivo\Desktop\mina_project\BackMina\src\app\services\employeeService.ts:110:36)
    at Generator.next (<anonymous>)
    at fulfilled (C:\Users\ejecutivo\Desktop\mina_project\BackMina\src\app\services\employeeService.ts:17:58)
    at processTicksAndRejections (node:internal/process/task_queues:95:5)
2024-07-20 22:28:12:3534 error: Cannot destructure property 'deletedAt' of '_a' as it is null. TypeError: Cannot destructure property 'deletedAt' of '_a' as it is null.
    at EmployeeMapper.mapToDto (C:\Users\ejecutivo\Desktop\mina_project\BackMina\src\domain\models\employeeModel.ts:63:13)
    at EmployeeService.<anonymous> (C:\Users\ejecutivo\Desktop\mina_project\BackMina\src\app\services\employeeService.ts:110:36)
    at Generator.next (<anonymous>)
    at fulfilled (C:\Users\ejecutivo\Desktop\mina_project\BackMina\src\app\services\employeeService.ts:17:58)
    at processTicksAndRejections (node:internal/process/task_queues:95:5)
2024-07-20 22:28:12:6346 error: Cannot destructure property 'deletedAt' of '_a' as it is null. TypeError: Cannot destructure property 'deletedAt' of '_a' as it is null.
    at EmployeeMapper.mapToDto (C:\Users\ejecutivo\Desktop\mina_project\BackMina\src\domain\models\employeeModel.ts:63:13)
    at EmployeeService.<anonymous> (C:\Users\ejecutivo\Desktop\mina_project\BackMina\src\app\services\employeeService.ts:110:36)
    at Generator.next (<anonymous>)
    at fulfilled (C:\Users\ejecutivo\Desktop\mina_project\BackMina\src\app\services\employeeService.ts:17:58)
    at processTicksAndRejections (node:internal/process/task_queues:95:5)
2024-07-20 22:28:12:8448 error: Cannot destructure property 'deletedAt' of '_a' as it is null. TypeError: Cannot destructure property 'deletedAt' of '_a' as it is null.
    at EmployeeMapper.mapToDto (C:\Users\ejecutivo\Desktop\mina_project\BackMina\src\domain\models\employeeModel.ts:63:13)
    at EmployeeService.<anonymous> (C:\Users\ejecutivo\Desktop\mina_project\BackMina\src\app\services\employeeService.ts:110:36)
    at Generator.next (<anonymous>)
    at fulfilled (C:\Users\ejecutivo\Desktop\mina_project\BackMina\src\app\services\employeeService.ts:17:58)
    at processTicksAndRejections (node:internal/process/task_queues:95:5)
2024-07-20 22:28:13:0751 error: Cannot destructure property 'deletedAt' of '_a' as it is null. TypeError: Cannot destructure property 'deletedAt' of '_a' as it is null.
    at EmployeeMapper.mapToDto (C:\Users\ejecutivo\Desktop\mina_project\BackMina\src\domain\models\employeeModel.ts:63:13)
    at EmployeeService.<anonymous> (C:\Users\ejecutivo\Desktop\mina_project\BackMina\src\app\services\employeeService.ts:110:36)
    at Generator.next (<anonymous>)
    at fulfilled (C:\Users\ejecutivo\Desktop\mina_project\BackMina\src\app\services\employeeService.ts:17:58)
    at processTicksAndRejections (node:internal/process/task_queues:95:5)
2024-07-20 22:28:13:3383 error: Cannot destructure property 'deletedAt' of '_a' as it is null. TypeError: Cannot destructure property 'deletedAt' of '_a' as it is null.
    at EmployeeMapper.mapToDto (C:\Users\ejecutivo\Desktop\mina_project\BackMina\src\domain\models\employeeModel.ts:63:13)
    at EmployeeService.<anonymous> (C:\Users\ejecutivo\Desktop\mina_project\BackMina\src\app\services\employeeService.ts:110:36)
    at Generator.next (<anonymous>)
    at fulfilled (C:\Users\ejecutivo\Desktop\mina_project\BackMina\src\app\services\employeeService.ts:17:58)
    at processTicksAndRejections (node:internal/process/task_queues:95:5)
2024-07-20 22:28:16:8458 error: Cannot destructure property 'deletedAt' of '_a' as it is null. TypeError: Cannot destructure property 'deletedAt' of '_a' as it is null.
    at EmployeeMapper.mapToDto (C:\Users\ejecutivo\Desktop\mina_project\BackMina\src\domain\models\employeeModel.ts:63:13)
    at EmployeeService.<anonymous> (C:\Users\ejecutivo\Desktop\mina_project\BackMina\src\app\services\employeeService.ts:110:36)
    at Generator.next (<anonymous>)
    at fulfilled (C:\Users\ejecutivo\Desktop\mina_project\BackMina\src\app\services\employeeService.ts:17:58)
    at processTicksAndRejections (node:internal/process/task_queues:95:5)
2024-07-20 22:28:17:4835 error: Cannot destructure property 'deletedAt' of '_a' as it is null. TypeError: Cannot destructure property 'deletedAt' of '_a' as it is null.
    at EmployeeMapper.mapToDto (C:\Users\ejecutivo\Desktop\mina_project\BackMina\src\domain\models\employeeModel.ts:63:13)
    at EmployeeService.<anonymous> (C:\Users\ejecutivo\Desktop\mina_project\BackMina\src\app\services\employeeService.ts:110:36)
    at Generator.next (<anonymous>)
    at fulfilled (C:\Users\ejecutivo\Desktop\mina_project\BackMina\src\app\services\employeeService.ts:17:58)
    at processTicksAndRejections (node:internal/process/task_queues:95:5)
2024-07-20 22:28:17:6857 error: Cannot destructure property 'deletedAt' of '_a' as it is null. TypeError: Cannot destructure property 'deletedAt' of '_a' as it is null.
    at EmployeeMapper.mapToDto (C:\Users\ejecutivo\Desktop\mina_project\BackMina\src\domain\models\employeeModel.ts:63:13)
    at EmployeeService.<anonymous> (C:\Users\ejecutivo\Desktop\mina_project\BackMina\src\app\services\employeeService.ts:110:36)
    at Generator.next (<anonymous>)
    at fulfilled (C:\Users\ejecutivo\Desktop\mina_project\BackMina\src\app\services\employeeService.ts:17:58)
    at processTicksAndRejections (node:internal/process/task_queues:95:5)
2024-07-20 22:28:18:1612 error: Cannot destructure property 'deletedAt' of '_a' as it is null. TypeError: Cannot destructure property 'deletedAt' of '_a' as it is null.
    at EmployeeMapper.mapToDto (C:\Users\ejecutivo\Desktop\mina_project\BackMina\src\domain\models\employeeModel.ts:63:13)
    at EmployeeService.<anonymous> (C:\Users\ejecutivo\Desktop\mina_project\BackMina\src\app\services\employeeService.ts:110:36)
    at Generator.next (<anonymous>)
    at fulfilled (C:\Users\ejecutivo\Desktop\mina_project\BackMina\src\app\services\employeeService.ts:17:58)
    at processTicksAndRejections (node:internal/process/task_queues:95:5)
2024-07-20 22:28:19:1832 error: Cannot destructure property 'deletedAt' of '_a' as it is null. TypeError: Cannot destructure property 'deletedAt' of '_a' as it is null.
    at EmployeeMapper.mapToDto (C:\Users\ejecutivo\Desktop\mina_project\BackMina\src\domain\models\employeeModel.ts:63:13)
    at EmployeeService.<anonymous> (C:\Users\ejecutivo\Desktop\mina_project\BackMina\src\app\services\employeeService.ts:110:36)
    at Generator.next (<anonymous>)
    at fulfilled (C:\Users\ejecutivo\Desktop\mina_project\BackMina\src\app\services\employeeService.ts:17:58)
    at processTicksAndRejections (node:internal/process/task_queues:95:5)
2024-07-20 22:28:19:5516 error: Cannot destructure property 'deletedAt' of '_a' as it is null. TypeError: Cannot destructure property 'deletedAt' of '_a' as it is null.
    at EmployeeMapper.mapToDto (C:\Users\ejecutivo\Desktop\mina_project\BackMina\src\domain\models\employeeModel.ts:63:13)
    at EmployeeService.<anonymous> (C:\Users\ejecutivo\Desktop\mina_project\BackMina\src\app\services\employeeService.ts:110:36)
    at Generator.next (<anonymous>)
    at fulfilled (C:\Users\ejecutivo\Desktop\mina_project\BackMina\src\app\services\employeeService.ts:17:58)
    at processTicksAndRejections (node:internal/process/task_queues:95:5)
2024-07-20 22:28:19:9159 error: Cannot destructure property 'deletedAt' of '_a' as it is null. TypeError: Cannot destructure property 'deletedAt' of '_a' as it is null.
    at EmployeeMapper.mapToDto (C:\Users\ejecutivo\Desktop\mina_project\BackMina\src\domain\models\employeeModel.ts:63:13)
    at EmployeeService.<anonymous> (C:\Users\ejecutivo\Desktop\mina_project\BackMina\src\app\services\employeeService.ts:110:36)
    at Generator.next (<anonymous>)
    at fulfilled (C:\Users\ejecutivo\Desktop\mina_project\BackMina\src\app\services\employeeService.ts:17:58)
    at processTicksAndRejections (node:internal/process/task_queues:95:5)
2024-07-20 22:28:41:8128 error: Cannot destructure property 'deletedAt' of '_a' as it is null. TypeError: Cannot destructure property 'deletedAt' of '_a' as it is null.
    at EmployeeMapper.mapToDto (C:\Users\ejecutivo\Desktop\mina_project\BackMina\src\domain\models\employeeModel.ts:63:13)
    at EmployeeService.<anonymous> (C:\Users\ejecutivo\Desktop\mina_project\BackMina\src\app\services\employeeService.ts:110:36)
    at Generator.next (<anonymous>)
    at fulfilled (C:\Users\ejecutivo\Desktop\mina_project\BackMina\src\app\services\employeeService.ts:17:58)
    at processTicksAndRejections (node:internal/process/task_queues:95:5)
2024-07-20 22:28:46:4515 error: Cannot destructure property 'deletedAt' of '_a' as it is null. TypeError: Cannot destructure property 'deletedAt' of '_a' as it is null.
    at EmployeeMapper.mapToDto (C:\Users\ejecutivo\Desktop\mina_project\BackMina\src\domain\models\employeeModel.ts:63:13)
    at EmployeeService.<anonymous> (C:\Users\ejecutivo\Desktop\mina_project\BackMina\src\app\services\employeeService.ts:110:36)
    at Generator.next (<anonymous>)
    at fulfilled (C:\Users\ejecutivo\Desktop\mina_project\BackMina\src\app\services\employeeService.ts:17:58)
    at processTicksAndRejections (node:internal/process/task_queues:95:5)
2024-07-20 22:28:50:2352 error: Cannot destructure property 'deletedAt' of '_a' as it is null. TypeError: Cannot destructure property 'deletedAt' of '_a' as it is null.
    at EmployeeMapper.mapToDto (C:\Users\ejecutivo\Desktop\mina_project\BackMina\src\domain\models\employeeModel.ts:63:13)
    at EmployeeService.<anonymous> (C:\Users\ejecutivo\Desktop\mina_project\BackMina\src\app\services\employeeService.ts:110:36)
    at Generator.next (<anonymous>)
    at fulfilled (C:\Users\ejecutivo\Desktop\mina_project\BackMina\src\app\services\employeeService.ts:17:58)
    at processTicksAndRejections (node:internal/process/task_queues:95:5)
2024-07-20 22:28:50:8659 error: Cannot destructure property 'deletedAt' of '_a' as it is null. TypeError: Cannot destructure property 'deletedAt' of '_a' as it is null.
    at EmployeeMapper.mapToDto (C:\Users\ejecutivo\Desktop\mina_project\BackMina\src\domain\models\employeeModel.ts:63:13)
    at EmployeeService.<anonymous> (C:\Users\ejecutivo\Desktop\mina_project\BackMina\src\app\services\employeeService.ts:110:36)
    at Generator.next (<anonymous>)
    at fulfilled (C:\Users\ejecutivo\Desktop\mina_project\BackMina\src\app\services\employeeService.ts:17:58)
    at processTicksAndRejections (node:internal/process/task_queues:95:5)
