2024-05-03 11:05:40:3313 error: llave duplicada viola restricción de unicidad «regional_pkey» QueryFailedError: llave duplicada viola restricción de unicidad «regional_pkey»
    at PostgresQueryRunner.query (C:\Users\ejecutivo\Desktop\sigti_project\BackProgramming\src\driver\postgres\PostgresQueryRunner.ts:299:19)
    at processTicksAndRejections (node:internal/process/task_queues:95:5)
    at InsertQueryBuilder.execute (C:\Users\ejecutivo\Desktop\sigti_project\BackProgramming\src\query-builder\InsertQueryBuilder.ts:163:33)
    at SubjectExecutor.executeInsertOperations (C:\Users\ejecutivo\Desktop\sigti_project\BackProgramming\src\persistence\SubjectExecutor.ts:434:42)
    at SubjectExecutor.execute (C:\Users\ejecutivo\Desktop\sigti_project\BackProgramming\src\persistence\SubjectExecutor.ts:137:9)
    at EntityPersistExecutor.execute (C:\Users\ejecutivo\Desktop\sigti_project\BackProgramming\src\persistence\EntityPersistExecutor.ts:197:21)
2024-05-03 11:06:30:2262 error: llave duplicada viola restricción de unicidad «regional_pkey» QueryFailedError: llave duplicada viola restricción de unicidad «regional_pkey»
    at PostgresQueryRunner.query (C:\Users\ejecutivo\Desktop\sigti_project\BackProgramming\src\driver\postgres\PostgresQueryRunner.ts:299:19)
    at processTicksAndRejections (node:internal/process/task_queues:95:5)
    at InsertQueryBuilder.execute (C:\Users\ejecutivo\Desktop\sigti_project\BackProgramming\src\query-builder\InsertQueryBuilder.ts:163:33)
    at SubjectExecutor.executeInsertOperations (C:\Users\ejecutivo\Desktop\sigti_project\BackProgramming\src\persistence\SubjectExecutor.ts:434:42)
    at SubjectExecutor.execute (C:\Users\ejecutivo\Desktop\sigti_project\BackProgramming\src\persistence\SubjectExecutor.ts:137:9)
    at EntityPersistExecutor.execute (C:\Users\ejecutivo\Desktop\sigti_project\BackProgramming\src\persistence\EntityPersistExecutor.ts:197:21)
2024-05-03 13:27:23:4374 error: inserción o actualización en la tabla «regional» viola la llave foránea «regional_ibfk_1» QueryFailedError: inserción o actualización en la tabla «regional» viola la llave foránea «regional_ibfk_1»
    at PostgresQueryRunner.query (C:\Users\ejecutivo\Desktop\sigti_project\BackProgramming\src\driver\postgres\PostgresQueryRunner.ts:299:19)
    at processTicksAndRejections (node:internal/process/task_queues:95:5)
    at InsertQueryBuilder.execute (C:\Users\ejecutivo\Desktop\sigti_project\BackProgramming\src\query-builder\InsertQueryBuilder.ts:163:33)
    at SubjectExecutor.executeInsertOperations (C:\Users\ejecutivo\Desktop\sigti_project\BackProgramming\src\persistence\SubjectExecutor.ts:434:42)
    at SubjectExecutor.execute (C:\Users\ejecutivo\Desktop\sigti_project\BackProgramming\src\persistence\SubjectExecutor.ts:137:9)
    at EntityPersistExecutor.execute (C:\Users\ejecutivo\Desktop\sigti_project\BackProgramming\src\persistence\EntityPersistExecutor.ts:197:21)
2024-05-03 13:30:49:0711 error: inserción o actualización en la tabla «regional» viola la llave foránea «regional_ibfk_1» QueryFailedError: inserción o actualización en la tabla «regional» viola la llave foránea «regional_ibfk_1»
    at PostgresQueryRunner.query (C:\Users\ejecutivo\Desktop\sigti_project\BackProgramming\src\driver\postgres\PostgresQueryRunner.ts:299:19)
    at processTicksAndRejections (node:internal/process/task_queues:95:5)
    at InsertQueryBuilder.execute (C:\Users\ejecutivo\Desktop\sigti_project\BackProgramming\src\query-builder\InsertQueryBuilder.ts:163:33)
    at SubjectExecutor.executeInsertOperations (C:\Users\ejecutivo\Desktop\sigti_project\BackProgramming\src\persistence\SubjectExecutor.ts:434:42)
    at SubjectExecutor.execute (C:\Users\ejecutivo\Desktop\sigti_project\BackProgramming\src\persistence\SubjectExecutor.ts:137:9)
    at EntityPersistExecutor.execute (C:\Users\ejecutivo\Desktop\sigti_project\BackProgramming\src\persistence\EntityPersistExecutor.ts:197:21)
2024-05-03 13:43:27:0811 error: inserción o actualización en la tabla «regional» viola la llave foránea «regional_ibfk_1» QueryFailedError: inserción o actualización en la tabla «regional» viola la llave foránea «regional_ibfk_1»
    at PostgresQueryRunner.query (C:\Users\ejecutivo\Desktop\sigti_project\BackProgramming\src\driver\postgres\PostgresQueryRunner.ts:299:19)
    at processTicksAndRejections (node:internal/process/task_queues:95:5)
    at InsertQueryBuilder.execute (C:\Users\ejecutivo\Desktop\sigti_project\BackProgramming\src\query-builder\InsertQueryBuilder.ts:163:33)
    at SubjectExecutor.executeInsertOperations (C:\Users\ejecutivo\Desktop\sigti_project\BackProgramming\src\persistence\SubjectExecutor.ts:434:42)
    at SubjectExecutor.execute (C:\Users\ejecutivo\Desktop\sigti_project\BackProgramming\src\persistence\SubjectExecutor.ts:137:9)
    at EntityPersistExecutor.execute (C:\Users\ejecutivo\Desktop\sigti_project\BackProgramming\src\persistence\EntityPersistExecutor.ts:197:21)
