2024-07-24 14:52:13:3073 info: Database connected successfully! 
2024-07-24 14:52:13:7518 debug: EmployeeService:constructor 
2024-07-24 14:52:22:9469 http: [2024-07-24T19:52:22.945Z] ::1 "GET /swagger/swagger-ui.css HTTP/1.1" 304 - "http://localhost:3401/swagger/" "Mozilla/5.0 (Windows NT 10.0; Win64; x64) AppleWebKit/537.36 (KHTML, like Gecko) Chrome/126.0.0.0 Safari/537.36" {} 12.595 ms
 
2024-07-24 14:52:22:95210 http: [2024-07-24T19:52:22.952Z] ::1 "GET /swagger/swagger-ui-bundle.js HTTP/1.1" 304 - "http://localhost:3401/swagger/" "Mozilla/5.0 (Windows NT 10.0; Win64; x64) AppleWebKit/537.36 (KHTML, like Gecko) Chrome/126.0.0.0 Safari/537.36" {} 16.084 ms
 
2024-07-24 14:52:22:96610 http: [2024-07-24T19:52:22.966Z] ::1 "GET /swagger/swagger-ui-init.js HTTP/1.1" 304 - "http://localhost:3401/swagger/" "Mozilla/5.0 (Windows NT 10.0; Win64; x64) AppleWebKit/537.36 (KHTML, like Gecko) Chrome/126.0.0.0 Safari/537.36" {} 3.306 ms
 
2024-07-24 14:52:22:98010 http: [2024-07-24T19:52:22.980Z] ::1 "GET /swagger/swagger-ui-standalone-preset.js HTTP/1.1" 304 - "http://localhost:3401/swagger/" "Mozilla/5.0 (Windows NT 10.0; Win64; x64) AppleWebKit/537.36 (KHTML, like Gecko) Chrome/126.0.0.0 Safari/537.36" {} 20.709 ms
 
2024-07-24 14:52:25:6156 http: [2024-07-24T19:52:25.615Z] ::1 "GET /swagger/ HTTP/1.1" 304 - "-" "Mozilla/5.0 (Windows NT 10.0; Win64; x64) AppleWebKit/537.36 (KHTML, like Gecko) Chrome/126.0.0.0 Safari/537.36" {} 2.040 ms
 
2024-07-24 14:52:25:6607 http: [2024-07-24T19:52:25.660Z] ::1 "GET /swagger/swagger-ui.css HTTP/1.1" 304 - "http://localhost:3401/swagger/" "Mozilla/5.0 (Windows NT 10.0; Win64; x64) AppleWebKit/537.36 (KHTML, like Gecko) Chrome/126.0.0.0 Safari/537.36" {} 4.804 ms
 
2024-07-24 14:52:25:6637 http: [2024-07-24T19:52:25.663Z] ::1 "GET /swagger/swagger-ui-bundle.js HTTP/1.1" 304 - "http://localhost:3401/swagger/" "Mozilla/5.0 (Windows NT 10.0; Win64; x64) AppleWebKit/537.36 (KHTML, like Gecko) Chrome/126.0.0.0 Safari/537.36" {} 6.513 ms
 
2024-07-24 14:52:25:6697 http: [2024-07-24T19:52:25.668Z] ::1 "GET /swagger/swagger-ui-standalone-preset.js HTTP/1.1" 304 - "http://localhost:3401/swagger/" "Mozilla/5.0 (Windows NT 10.0; Win64; x64) AppleWebKit/537.36 (KHTML, like Gecko) Chrome/126.0.0.0 Safari/537.36" {} 10.158 ms
 
2024-07-24 14:52:25:6767 http: [2024-07-24T19:52:25.676Z] ::1 "GET /swagger/swagger-ui-init.js HTTP/1.1" 304 - "http://localhost:3401/swagger/" "Mozilla/5.0 (Windows NT 10.0; Win64; x64) AppleWebKit/537.36 (KHTML, like Gecko) Chrome/126.0.0.0 Safari/537.36" {} 1.093 ms
 
2024-07-24 14:52:26:1321 http: [2024-07-24T19:52:26.132Z] ::1 "GET /swagger/favicon-32x32.png HTTP/1.1" 304 - "http://localhost:3401/swagger/" "Mozilla/5.0 (Windows NT 10.0; Win64; x64) AppleWebKit/537.36 (KHTML, like Gecko) Chrome/126.0.0.0 Safari/537.36" {} 1.495 ms
 
2024-07-24 14:52:33:0290 http: [2024-07-24T19:52:33.028Z] ::1 "GET /api/v1/employee HTTP/1.1" 200 - "http://localhost:3401/swagger/" "Mozilla/5.0 (Windows NT 10.0; Win64; x64) AppleWebKit/537.36 (KHTML, like Gecko) Chrome/126.0.0.0 Safari/537.36" {} 218.319 ms
 
2024-07-24 16:05:23:5205 info: Database connected successfully! 
2024-07-24 16:05:23:8408 debug: EmployeeService:constructor 
2024-07-24 16:05:37:1231 http: [2024-07-24T21:05:37.121Z] ::1 "GET /swagger/ HTTP/1.1" 304 - "-" "Mozilla/5.0 (Windows NT 10.0; Win64; x64) AppleWebKit/537.36 (KHTML, like Gecko) Chrome/126.0.0.0 Safari/537.36" {} 18.244 ms
 
2024-07-24 16:05:37:1902 http: [2024-07-24T21:05:37.189Z] ::1 "GET /swagger/swagger-ui.css HTTP/1.1" 304 - "http://localhost:3401/swagger/" "Mozilla/5.0 (Windows NT 10.0; Win64; x64) AppleWebKit/537.36 (KHTML, like Gecko) Chrome/126.0.0.0 Safari/537.36" {} 7.178 ms
 
2024-07-24 16:05:37:1962 http: [2024-07-24T21:05:37.196Z] ::1 "GET /swagger/swagger-ui-bundle.js HTTP/1.1" 304 - "http://localhost:3401/swagger/" "Mozilla/5.0 (Windows NT 10.0; Win64; x64) AppleWebKit/537.36 (KHTML, like Gecko) Chrome/126.0.0.0 Safari/537.36" {} 11.385 ms
 
2024-07-24 16:05:37:2052 http: [2024-07-24T21:05:37.205Z] ::1 "GET /swagger/swagger-ui-init.js HTTP/1.1" 304 - "http://localhost:3401/swagger/" "Mozilla/5.0 (Windows NT 10.0; Win64; x64) AppleWebKit/537.36 (KHTML, like Gecko) Chrome/126.0.0.0 Safari/537.36" {} 1.250 ms
 
2024-07-24 16:05:37:2112 http: [2024-07-24T21:05:37.211Z] ::1 "GET /swagger/swagger-ui-standalone-preset.js HTTP/1.1" 304 - "http://localhost:3401/swagger/" "Mozilla/5.0 (Windows NT 10.0; Win64; x64) AppleWebKit/537.36 (KHTML, like Gecko) Chrome/126.0.0.0 Safari/537.36" {} 9.979 ms
 
2024-07-24 16:05:37:8859 http: [2024-07-24T21:05:37.885Z] ::1 "GET /swagger/favicon-32x32.png HTTP/1.1" 304 - "http://localhost:3401/swagger/" "Mozilla/5.0 (Windows NT 10.0; Win64; x64) AppleWebKit/537.36 (KHTML, like Gecko) Chrome/126.0.0.0 Safari/537.36" {} 1.569 ms
 
2024-07-24 16:05:42:4164 http: [2024-07-24T21:05:42.416Z] ::1 "GET /api/v1/employee HTTP/1.1" 200 - "http://localhost:3401/swagger/" "Mozilla/5.0 (Windows NT 10.0; Win64; x64) AppleWebKit/537.36 (KHTML, like Gecko) Chrome/126.0.0.0 Safari/537.36" {} 219.181 ms
 
2024-07-24 16:05:48:6667 http: [2024-07-24T21:05:48.665Z] ::1 "GET /api/v1/employee HTTP/1.1" 304 - "http://localhost:3401/swagger/" "Mozilla/5.0 (Windows NT 10.0; Win64; x64) AppleWebKit/537.36 (KHTML, like Gecko) Chrome/126.0.0.0 Safari/537.36" {} 117.744 ms
 
2024-07-24 16:09:52:9089 info: Database connected successfully! 
2024-07-24 16:09:53:2272 debug: EmployeeService:constructor 
2024-07-24 16:09:59:8438 http: [2024-07-24T21:09:59.842Z] ::1 "GET /swagger/ HTTP/1.1" 304 - "-" "Mozilla/5.0 (Windows NT 10.0; Win64; x64) AppleWebKit/537.36 (KHTML, like Gecko) Chrome/126.0.0.0 Safari/537.36" {} 15.998 ms
 
2024-07-24 16:09:59:9109 http: [2024-07-24T21:09:59.910Z] ::1 "GET /swagger/swagger-ui.css HTTP/1.1" 304 - "http://localhost:3401/swagger/" "Mozilla/5.0 (Windows NT 10.0; Win64; x64) AppleWebKit/537.36 (KHTML, like Gecko) Chrome/126.0.0.0 Safari/537.36" {} 7.256 ms
 
2024-07-24 16:09:59:9149 http: [2024-07-24T21:09:59.914Z] ::1 "GET /swagger/swagger-ui-bundle.js HTTP/1.1" 304 - "http://localhost:3401/swagger/" "Mozilla/5.0 (Windows NT 10.0; Win64; x64) AppleWebKit/537.36 (KHTML, like Gecko) Chrome/126.0.0.0 Safari/537.36" {} 10.587 ms
 
2024-07-24 16:09:59:9299 http: [2024-07-24T21:09:59.929Z] ::1 "GET /swagger/swagger-ui-standalone-preset.js HTTP/1.1" 304 - "http://localhost:3401/swagger/" "Mozilla/5.0 (Windows NT 10.0; Win64; x64) AppleWebKit/537.36 (KHTML, like Gecko) Chrome/126.0.0.0 Safari/537.36" {} 10.424 ms
 
2024-07-24 16:09:59:9369 http: [2024-07-24T21:09:59.936Z] ::1 "GET /swagger/swagger-ui-init.js HTTP/1.1" 200 - "http://localhost:3401/swagger/" "Mozilla/5.0 (Windows NT 10.0; Win64; x64) AppleWebKit/537.36 (KHTML, like Gecko) Chrome/126.0.0.0 Safari/537.36" {} 6.641 ms
 
2024-07-24 16:10:00:6446 http: [2024-07-24T21:10:00.644Z] ::1 "GET /swagger/favicon-32x32.png HTTP/1.1" 304 - "http://localhost:3401/swagger/" "Mozilla/5.0 (Windows NT 10.0; Win64; x64) AppleWebKit/537.36 (KHTML, like Gecko) Chrome/126.0.0.0 Safari/537.36" {} 2.225 ms
 
2024-07-24 16:10:04:9379 error: no existe la columna __root.work_center QueryFailedError: no existe la columna __root.work_center
    at PostgresQueryRunner.query (C:\Users\ejecutivo\Desktop\mina_project\BackMina\src\driver\postgres\PostgresQueryRunner.ts:331:19)
    at processTicksAndRejections (node:internal/process/task_queues:95:5)
    at SelectQueryBuilder.loadRawResults (C:\Users\ejecutivo\Desktop\mina_project\BackMina\src\query-builder\SelectQueryBuilder.ts:3805:25)
    at SelectQueryBuilder.executeEntitiesAndRawResults (C:\Users\ejecutivo\Desktop\mina_project\BackMina\src\query-builder\SelectQueryBuilder.ts:3551:26)
    at SelectQueryBuilder.getManyAndCount (C:\Users\ejecutivo\Desktop\mina_project\BackMina\src\query-builder\SelectQueryBuilder.ts:1873:36)
    at paginate (C:\Users\ejecutivo\Desktop\mina_project\BackMina\node_modules\nestjs-paginate\src\paginate.ts:353:32)
2024-07-24 16:10:04:9469 http: [2024-07-24T21:10:04.946Z] ::1 "GET /api/v1/employee HTTP/1.1" 500 32 "http://localhost:3401/swagger/" "Mozilla/5.0 (Windows NT 10.0; Win64; x64) AppleWebKit/537.36 (KHTML, like Gecko) Chrome/126.0.0.0 Safari/537.36" {} 423.953 ms
 
2024-07-24 16:17:19:5195 info: Database connected successfully! 
2024-07-24 16:17:19:8659 debug: EmployeeService:constructor 
2024-07-24 16:17:27:0701 http: [2024-07-24T21:17:27.069Z] ::1 "GET /swagger/ HTTP/1.1" 304 - "-" "Mozilla/5.0 (Windows NT 10.0; Win64; x64) AppleWebKit/537.36 (KHTML, like Gecko) Chrome/126.0.0.0 Safari/537.36" {} 12.939 ms
 
2024-07-24 16:17:27:1041 http: [2024-07-24T21:17:27.104Z] ::1 "GET /swagger/swagger-ui.css HTTP/1.1" 304 - "http://localhost:3401/swagger/" "Mozilla/5.0 (Windows NT 10.0; Win64; x64) AppleWebKit/537.36 (KHTML, like Gecko) Chrome/126.0.0.0 Safari/537.36" {} 12.044 ms
 
2024-07-24 16:17:27:1161 http: [2024-07-24T21:17:27.115Z] ::1 "GET /swagger/swagger-ui-bundle.js HTTP/1.1" 304 - "http://localhost:3401/swagger/" "Mozilla/5.0 (Windows NT 10.0; Win64; x64) AppleWebKit/537.36 (KHTML, like Gecko) Chrome/126.0.0.0 Safari/537.36" {} 5.839 ms
 
2024-07-24 16:17:27:1211 http: [2024-07-24T21:17:27.120Z] ::1 "GET /swagger/swagger-ui-standalone-preset.js HTTP/1.1" 304 - "http://localhost:3401/swagger/" "Mozilla/5.0 (Windows NT 10.0; Win64; x64) AppleWebKit/537.36 (KHTML, like Gecko) Chrome/126.0.0.0 Safari/537.36" {} 7.474 ms
 
2024-07-24 16:17:27:1411 http: [2024-07-24T21:17:27.141Z] ::1 "GET /swagger/swagger-ui-init.js HTTP/1.1" 200 - "http://localhost:3401/swagger/" "Mozilla/5.0 (Windows NT 10.0; Win64; x64) AppleWebKit/537.36 (KHTML, like Gecko) Chrome/126.0.0.0 Safari/537.36" {} 6.385 ms
 
2024-07-24 16:17:27:4294 http: [2024-07-24T21:17:27.429Z] ::1 "GET /swagger/favicon-32x32.png HTTP/1.1" 304 - "http://localhost:3401/swagger/" "Mozilla/5.0 (Windows NT 10.0; Win64; x64) AppleWebKit/537.36 (KHTML, like Gecko) Chrome/126.0.0.0 Safari/537.36" {} 1.578 ms
 
2024-07-24 16:17:32:3694 http: [2024-07-24T21:17:32.368Z] ::1 "GET /api/v1/employee HTTP/1.1" 200 - "http://localhost:3401/swagger/" "Mozilla/5.0 (Windows NT 10.0; Win64; x64) AppleWebKit/537.36 (KHTML, like Gecko) Chrome/126.0.0.0 Safari/537.36" {} 217.996 ms
 
2024-07-24 16:20:25:2072 info: Database connected successfully! 
2024-07-24 16:20:25:5295 debug: EmployeeService:constructor 
2024-07-24 16:20:29:4384 http: [2024-07-24T21:20:29.437Z] ::1 "GET /swagger/ HTTP/1.1" 304 - "-" "Mozilla/5.0 (Windows NT 10.0; Win64; x64) AppleWebKit/537.36 (KHTML, like Gecko) Chrome/126.0.0.0 Safari/537.36" {} 11.002 ms
 
2024-07-24 16:20:29:4685 http: [2024-07-24T21:20:29.468Z] ::1 "GET /swagger/swagger-ui.css HTTP/1.1" 304 - "http://localhost:3401/swagger/" "Mozilla/5.0 (Windows NT 10.0; Win64; x64) AppleWebKit/537.36 (KHTML, like Gecko) Chrome/126.0.0.0 Safari/537.36" {} 4.163 ms
 
2024-07-24 16:20:29:4795 http: [2024-07-24T21:20:29.479Z] ::1 "GET /swagger/swagger-ui-init.js HTTP/1.1" 304 - "http://localhost:3401/swagger/" "Mozilla/5.0 (Windows NT 10.0; Win64; x64) AppleWebKit/537.36 (KHTML, like Gecko) Chrome/126.0.0.0 Safari/537.36" {} 1.013 ms
 
2024-07-24 16:20:29:4845 http: [2024-07-24T21:20:29.484Z] ::1 "GET /swagger/swagger-ui-bundle.js HTTP/1.1" 304 - "http://localhost:3401/swagger/" "Mozilla/5.0 (Windows NT 10.0; Win64; x64) AppleWebKit/537.36 (KHTML, like Gecko) Chrome/126.0.0.0 Safari/537.36" {} 11.651 ms
 
2024-07-24 16:20:29:4895 http: [2024-07-24T21:20:29.489Z] ::1 "GET /swagger/swagger-ui-standalone-preset.js HTTP/1.1" 304 - "http://localhost:3401/swagger/" "Mozilla/5.0 (Windows NT 10.0; Win64; x64) AppleWebKit/537.36 (KHTML, like Gecko) Chrome/126.0.0.0 Safari/537.36" {} 13.429 ms
 
2024-07-24 16:20:29:8088 http: [2024-07-24T21:20:29.808Z] ::1 "GET /swagger/favicon-32x32.png HTTP/1.1" 304 - "http://localhost:3401/swagger/" "Mozilla/5.0 (Windows NT 10.0; Win64; x64) AppleWebKit/537.36 (KHTML, like Gecko) Chrome/126.0.0.0 Safari/537.36" {} 1.430 ms
 
2024-07-24 16:20:36:9419 http: [2024-07-24T21:20:36.940Z] ::1 "GET /api/v1/employee HTTP/1.1" 304 - "http://localhost:3401/swagger/" "Mozilla/5.0 (Windows NT 10.0; Win64; x64) AppleWebKit/537.36 (KHTML, like Gecko) Chrome/126.0.0.0 Safari/537.36" {} 169.556 ms
 
2024-07-24 21:09:26:98210 error: Entity metadata for EmployeeEntity#userRegisters was not found. Check if you specified a correct entity object and if it's connected in the connection options. TypeORMError: Entity metadata for EmployeeEntity#userRegisters was not found. Check if you specified a correct entity object and if it's connected in the connection options.
    at C:\Users\ejecutivo\Desktop\mina_project\BackMina\src\metadata-builder\EntityMetadataBuilder.ts:1121:23
    at Array.forEach (<anonymous>)
    at EntityMetadataBuilder.computeInverseProperties (C:\Users\ejecutivo\Desktop\mina_project\BackMina\src\metadata-builder\EntityMetadataBuilder.ts:1111:34)
    at C:\Users\ejecutivo\Desktop\mina_project\BackMina\src\metadata-builder\EntityMetadataBuilder.ts:158:18
    at Array.forEach (<anonymous>)
    at EntityMetadataBuilder.build (C:\Users\ejecutivo\Desktop\mina_project\BackMina\src\metadata-builder\EntityMetadataBuilder.ts:157:25)
    at ConnectionMetadataBuilder.buildEntityMetadatas (C:\Users\ejecutivo\Desktop\mina_project\BackMina\src\connection\ConnectionMetadataBuilder.ts:106:11)
    at processTicksAndRejections (node:internal/process/task_queues:95:5)
    at DataSource.buildMetadatas (C:\Users\ejecutivo\Desktop\mina_project\BackMina\src\data-source\DataSource.ts:710:13)
    at DataSource.initialize (C:\Users\ejecutivo\Desktop\mina_project\BackMina\src\data-source\DataSource.ts:263:13)
2024-07-24 21:16:54:8118 error: Entity metadata for EmployeeEntity#userRegister was not found. Check if you specified a correct entity object and if it's connected in the connection options. TypeORMError: Entity metadata for EmployeeEntity#userRegister was not found. Check if you specified a correct entity object and if it's connected in the connection options.
    at C:\Users\ejecutivo\Desktop\mina_project\BackMina\src\metadata-builder\EntityMetadataBuilder.ts:1121:23
    at Array.forEach (<anonymous>)
    at EntityMetadataBuilder.computeInverseProperties (C:\Users\ejecutivo\Desktop\mina_project\BackMina\src\metadata-builder\EntityMetadataBuilder.ts:1111:34)
    at C:\Users\ejecutivo\Desktop\mina_project\BackMina\src\metadata-builder\EntityMetadataBuilder.ts:158:18
    at Array.forEach (<anonymous>)
    at EntityMetadataBuilder.build (C:\Users\ejecutivo\Desktop\mina_project\BackMina\src\metadata-builder\EntityMetadataBuilder.ts:157:25)
    at ConnectionMetadataBuilder.buildEntityMetadatas (C:\Users\ejecutivo\Desktop\mina_project\BackMina\src\connection\ConnectionMetadataBuilder.ts:106:11)
    at processTicksAndRejections (node:internal/process/task_queues:95:5)
    at DataSource.buildMetadatas (C:\Users\ejecutivo\Desktop\mina_project\BackMina\src\data-source\DataSource.ts:710:13)
    at DataSource.initialize (C:\Users\ejecutivo\Desktop\mina_project\BackMina\src\data-source\DataSource.ts:263:13)
2024-07-24 21:25:56:4134 error: Entity metadata for EmployeeEntity#userRegisters was not found. Check if you specified a correct entity object and if it's connected in the connection options. TypeORMError: Entity metadata for EmployeeEntity#userRegisters was not found. Check if you specified a correct entity object and if it's connected in the connection options.
    at C:\Users\ejecutivo\Desktop\mina_project\BackMina\src\metadata-builder\EntityMetadataBuilder.ts:1121:23
    at Array.forEach (<anonymous>)
    at EntityMetadataBuilder.computeInverseProperties (C:\Users\ejecutivo\Desktop\mina_project\BackMina\src\metadata-builder\EntityMetadataBuilder.ts:1111:34)
    at C:\Users\ejecutivo\Desktop\mina_project\BackMina\src\metadata-builder\EntityMetadataBuilder.ts:158:18
    at Array.forEach (<anonymous>)
    at EntityMetadataBuilder.build (C:\Users\ejecutivo\Desktop\mina_project\BackMina\src\metadata-builder\EntityMetadataBuilder.ts:157:25)
    at ConnectionMetadataBuilder.buildEntityMetadatas (C:\Users\ejecutivo\Desktop\mina_project\BackMina\src\connection\ConnectionMetadataBuilder.ts:106:11)
    at processTicksAndRejections (node:internal/process/task_queues:95:5)
    at DataSource.buildMetadatas (C:\Users\ejecutivo\Desktop\mina_project\BackMina\src\data-source\DataSource.ts:710:13)
    at DataSource.initialize (C:\Users\ejecutivo\Desktop\mina_project\BackMina\src\data-source\DataSource.ts:263:13)
2024-07-24 21:28:34:4575 error: Entity metadata for EmployeeEntity#userRegisters was not found. Check if you specified a correct entity object and if it's connected in the connection options. TypeORMError: Entity metadata for EmployeeEntity#userRegisters was not found. Check if you specified a correct entity object and if it's connected in the connection options.
    at C:\Users\ejecutivo\Desktop\mina_project\BackMina\src\metadata-builder\EntityMetadataBuilder.ts:1121:23
    at Array.forEach (<anonymous>)
    at EntityMetadataBuilder.computeInverseProperties (C:\Users\ejecutivo\Desktop\mina_project\BackMina\src\metadata-builder\EntityMetadataBuilder.ts:1111:34)
    at C:\Users\ejecutivo\Desktop\mina_project\BackMina\src\metadata-builder\EntityMetadataBuilder.ts:158:18
    at Array.forEach (<anonymous>)
    at EntityMetadataBuilder.build (C:\Users\ejecutivo\Desktop\mina_project\BackMina\src\metadata-builder\EntityMetadataBuilder.ts:157:25)
    at ConnectionMetadataBuilder.buildEntityMetadatas (C:\Users\ejecutivo\Desktop\mina_project\BackMina\src\connection\ConnectionMetadataBuilder.ts:106:11)
    at processTicksAndRejections (node:internal/process/task_queues:95:5)
    at DataSource.buildMetadatas (C:\Users\ejecutivo\Desktop\mina_project\BackMina\src\data-source\DataSource.ts:710:13)
    at DataSource.initialize (C:\Users\ejecutivo\Desktop\mina_project\BackMina\src\data-source\DataSource.ts:263:13)
2024-07-24 21:28:56:5536 error: Entity metadata for EmployeeEntity#userRegisters was not found. Check if you specified a correct entity object and if it's connected in the connection options. TypeORMError: Entity metadata for EmployeeEntity#userRegisters was not found. Check if you specified a correct entity object and if it's connected in the connection options.
    at C:\Users\ejecutivo\Desktop\mina_project\BackMina\src\metadata-builder\EntityMetadataBuilder.ts:1121:23
    at Array.forEach (<anonymous>)
    at EntityMetadataBuilder.computeInverseProperties (C:\Users\ejecutivo\Desktop\mina_project\BackMina\src\metadata-builder\EntityMetadataBuilder.ts:1111:34)
    at C:\Users\ejecutivo\Desktop\mina_project\BackMina\src\metadata-builder\EntityMetadataBuilder.ts:158:18
    at Array.forEach (<anonymous>)
    at EntityMetadataBuilder.build (C:\Users\ejecutivo\Desktop\mina_project\BackMina\src\metadata-builder\EntityMetadataBuilder.ts:157:25)
    at ConnectionMetadataBuilder.buildEntityMetadatas (C:\Users\ejecutivo\Desktop\mina_project\BackMina\src\connection\ConnectionMetadataBuilder.ts:106:11)
    at processTicksAndRejections (node:internal/process/task_queues:95:5)
    at DataSource.buildMetadatas (C:\Users\ejecutivo\Desktop\mina_project\BackMina\src\data-source\DataSource.ts:710:13)
    at DataSource.initialize (C:\Users\ejecutivo\Desktop\mina_project\BackMina\src\data-source\DataSource.ts:263:13)
2024-07-24 21:29:17:3994 error: Entity metadata for EmployeeEntity#userRegisters was not found. Check if you specified a correct entity object and if it's connected in the connection options. TypeORMError: Entity metadata for EmployeeEntity#userRegisters was not found. Check if you specified a correct entity object and if it's connected in the connection options.
    at C:\Users\ejecutivo\Desktop\mina_project\BackMina\src\metadata-builder\EntityMetadataBuilder.ts:1121:23
    at Array.forEach (<anonymous>)
    at EntityMetadataBuilder.computeInverseProperties (C:\Users\ejecutivo\Desktop\mina_project\BackMina\src\metadata-builder\EntityMetadataBuilder.ts:1111:34)
    at C:\Users\ejecutivo\Desktop\mina_project\BackMina\src\metadata-builder\EntityMetadataBuilder.ts:158:18
    at Array.forEach (<anonymous>)
    at EntityMetadataBuilder.build (C:\Users\ejecutivo\Desktop\mina_project\BackMina\src\metadata-builder\EntityMetadataBuilder.ts:157:25)
    at ConnectionMetadataBuilder.buildEntityMetadatas (C:\Users\ejecutivo\Desktop\mina_project\BackMina\src\connection\ConnectionMetadataBuilder.ts:106:11)
    at processTicksAndRejections (node:internal/process/task_queues:95:5)
    at DataSource.buildMetadatas (C:\Users\ejecutivo\Desktop\mina_project\BackMina\src\data-source\DataSource.ts:710:13)
    at DataSource.initialize (C:\Users\ejecutivo\Desktop\mina_project\BackMina\src\data-source\DataSource.ts:263:13)
2024-07-24 21:29:40:7287 error: Entity metadata for EmployeeEntity#userRegisters was not found. Check if you specified a correct entity object and if it's connected in the connection options. TypeORMError: Entity metadata for EmployeeEntity#userRegisters was not found. Check if you specified a correct entity object and if it's connected in the connection options.
    at C:\Users\ejecutivo\Desktop\mina_project\BackMina\src\metadata-builder\EntityMetadataBuilder.ts:1121:23
    at Array.forEach (<anonymous>)
    at EntityMetadataBuilder.computeInverseProperties (C:\Users\ejecutivo\Desktop\mina_project\BackMina\src\metadata-builder\EntityMetadataBuilder.ts:1111:34)
    at C:\Users\ejecutivo\Desktop\mina_project\BackMina\src\metadata-builder\EntityMetadataBuilder.ts:158:18
    at Array.forEach (<anonymous>)
    at EntityMetadataBuilder.build (C:\Users\ejecutivo\Desktop\mina_project\BackMina\src\metadata-builder\EntityMetadataBuilder.ts:157:25)
    at ConnectionMetadataBuilder.buildEntityMetadatas (C:\Users\ejecutivo\Desktop\mina_project\BackMina\src\connection\ConnectionMetadataBuilder.ts:106:11)
    at processTicksAndRejections (node:internal/process/task_queues:95:5)
    at DataSource.buildMetadatas (C:\Users\ejecutivo\Desktop\mina_project\BackMina\src\data-source\DataSource.ts:710:13)
    at DataSource.initialize (C:\Users\ejecutivo\Desktop\mina_project\BackMina\src\data-source\DataSource.ts:263:13)
2024-07-24 21:29:56:2733 error: Entity metadata for EmployeeEntity#userRegisters was not found. Check if you specified a correct entity object and if it's connected in the connection options. TypeORMError: Entity metadata for EmployeeEntity#userRegisters was not found. Check if you specified a correct entity object and if it's connected in the connection options.
    at C:\Users\ejecutivo\Desktop\mina_project\BackMina\src\metadata-builder\EntityMetadataBuilder.ts:1121:23
    at Array.forEach (<anonymous>)
    at EntityMetadataBuilder.computeInverseProperties (C:\Users\ejecutivo\Desktop\mina_project\BackMina\src\metadata-builder\EntityMetadataBuilder.ts:1111:34)
    at C:\Users\ejecutivo\Desktop\mina_project\BackMina\src\metadata-builder\EntityMetadataBuilder.ts:158:18
    at Array.forEach (<anonymous>)
    at EntityMetadataBuilder.build (C:\Users\ejecutivo\Desktop\mina_project\BackMina\src\metadata-builder\EntityMetadataBuilder.ts:157:25)
    at ConnectionMetadataBuilder.buildEntityMetadatas (C:\Users\ejecutivo\Desktop\mina_project\BackMina\src\connection\ConnectionMetadataBuilder.ts:106:11)
    at processTicksAndRejections (node:internal/process/task_queues:95:5)
    at DataSource.buildMetadatas (C:\Users\ejecutivo\Desktop\mina_project\BackMina\src\data-source\DataSource.ts:710:13)
    at DataSource.initialize (C:\Users\ejecutivo\Desktop\mina_project\BackMina\src\data-source\DataSource.ts:263:13)
2024-07-24 21:31:58:6276 error: Entity metadata for EmployeeEntity#userRegisters was not found. Check if you specified a correct entity object and if it's connected in the connection options. TypeORMError: Entity metadata for EmployeeEntity#userRegisters was not found. Check if you specified a correct entity object and if it's connected in the connection options.
    at C:\Users\ejecutivo\Desktop\mina_project\BackMina\src\metadata-builder\EntityMetadataBuilder.ts:1121:23
    at Array.forEach (<anonymous>)
    at EntityMetadataBuilder.computeInverseProperties (C:\Users\ejecutivo\Desktop\mina_project\BackMina\src\metadata-builder\EntityMetadataBuilder.ts:1111:34)
    at C:\Users\ejecutivo\Desktop\mina_project\BackMina\src\metadata-builder\EntityMetadataBuilder.ts:158:18
    at Array.forEach (<anonymous>)
    at EntityMetadataBuilder.build (C:\Users\ejecutivo\Desktop\mina_project\BackMina\src\metadata-builder\EntityMetadataBuilder.ts:157:25)
    at ConnectionMetadataBuilder.buildEntityMetadatas (C:\Users\ejecutivo\Desktop\mina_project\BackMina\src\connection\ConnectionMetadataBuilder.ts:106:11)
    at processTicksAndRejections (node:internal/process/task_queues:95:5)
    at DataSource.buildMetadatas (C:\Users\ejecutivo\Desktop\mina_project\BackMina\src\data-source\DataSource.ts:710:13)
    at DataSource.initialize (C:\Users\ejecutivo\Desktop\mina_project\BackMina\src\data-source\DataSource.ts:263:13)
2024-07-24 22:41:13:4244 error: Entity metadata for EmployeeEntity#userRegisters was not found. Check if you specified a correct entity object and if it's connected in the connection options. TypeORMError: Entity metadata for EmployeeEntity#userRegisters was not found. Check if you specified a correct entity object and if it's connected in the connection options.
    at C:\Users\ejecutivo\Desktop\mina_project\BackMina\src\metadata-builder\EntityMetadataBuilder.ts:1121:23
    at Array.forEach (<anonymous>)
    at EntityMetadataBuilder.computeInverseProperties (C:\Users\ejecutivo\Desktop\mina_project\BackMina\src\metadata-builder\EntityMetadataBuilder.ts:1111:34)
    at C:\Users\ejecutivo\Desktop\mina_project\BackMina\src\metadata-builder\EntityMetadataBuilder.ts:158:18
    at Array.forEach (<anonymous>)
    at EntityMetadataBuilder.build (C:\Users\ejecutivo\Desktop\mina_project\BackMina\src\metadata-builder\EntityMetadataBuilder.ts:157:25)
    at ConnectionMetadataBuilder.buildEntityMetadatas (C:\Users\ejecutivo\Desktop\mina_project\BackMina\src\connection\ConnectionMetadataBuilder.ts:106:11)
    at processTicksAndRejections (node:internal/process/task_queues:95:5)
    at DataSource.buildMetadatas (C:\Users\ejecutivo\Desktop\mina_project\BackMina\src\data-source\DataSource.ts:710:13)
    at DataSource.initialize (C:\Users\ejecutivo\Desktop\mina_project\BackMina\src\data-source\DataSource.ts:263:13)
2024-07-24 22:48:32:5586 error: Entity metadata for EmployeeEntity#userRegisters was not found. Check if you specified a correct entity object and if it's connected in the connection options. TypeORMError: Entity metadata for EmployeeEntity#userRegisters was not found. Check if you specified a correct entity object and if it's connected in the connection options.
    at C:\Users\ejecutivo\Desktop\mina_project\BackMina\src\metadata-builder\EntityMetadataBuilder.ts:1121:23
    at Array.forEach (<anonymous>)
    at EntityMetadataBuilder.computeInverseProperties (C:\Users\ejecutivo\Desktop\mina_project\BackMina\src\metadata-builder\EntityMetadataBuilder.ts:1111:34)
    at C:\Users\ejecutivo\Desktop\mina_project\BackMina\src\metadata-builder\EntityMetadataBuilder.ts:158:18
    at Array.forEach (<anonymous>)
    at EntityMetadataBuilder.build (C:\Users\ejecutivo\Desktop\mina_project\BackMina\src\metadata-builder\EntityMetadataBuilder.ts:157:25)
    at ConnectionMetadataBuilder.buildEntityMetadatas (C:\Users\ejecutivo\Desktop\mina_project\BackMina\src\connection\ConnectionMetadataBuilder.ts:106:11)
    at processTicksAndRejections (node:internal/process/task_queues:95:5)
    at DataSource.buildMetadatas (C:\Users\ejecutivo\Desktop\mina_project\BackMina\src\data-source\DataSource.ts:710:13)
    at DataSource.initialize (C:\Users\ejecutivo\Desktop\mina_project\BackMina\src\data-source\DataSource.ts:263:13)
2024-07-24 22:50:09:8939 error: Entity metadata for EmployeeEntity#userRegisters was not found. Check if you specified a correct entity object and if it's connected in the connection options. TypeORMError: Entity metadata for EmployeeEntity#userRegisters was not found. Check if you specified a correct entity object and if it's connected in the connection options.
    at C:\Users\ejecutivo\Desktop\mina_project\BackMina\src\metadata-builder\EntityMetadataBuilder.ts:1121:23
    at Array.forEach (<anonymous>)
    at EntityMetadataBuilder.computeInverseProperties (C:\Users\ejecutivo\Desktop\mina_project\BackMina\src\metadata-builder\EntityMetadataBuilder.ts:1111:34)
    at C:\Users\ejecutivo\Desktop\mina_project\BackMina\src\metadata-builder\EntityMetadataBuilder.ts:158:18
    at Array.forEach (<anonymous>)
    at EntityMetadataBuilder.build (C:\Users\ejecutivo\Desktop\mina_project\BackMina\src\metadata-builder\EntityMetadataBuilder.ts:157:25)
    at ConnectionMetadataBuilder.buildEntityMetadatas (C:\Users\ejecutivo\Desktop\mina_project\BackMina\src\connection\ConnectionMetadataBuilder.ts:106:11)
    at processTicksAndRejections (node:internal/process/task_queues:95:5)
    at DataSource.buildMetadatas (C:\Users\ejecutivo\Desktop\mina_project\BackMina\src\data-source\DataSource.ts:710:13)
    at DataSource.initialize (C:\Users\ejecutivo\Desktop\mina_project\BackMina\src\data-source\DataSource.ts:263:13)
2024-07-24 22:50:28:2963 error: Entity metadata for EmployeeEntity#userRegisters was not found. Check if you specified a correct entity object and if it's connected in the connection options. TypeORMError: Entity metadata for EmployeeEntity#userRegisters was not found. Check if you specified a correct entity object and if it's connected in the connection options.
    at C:\Users\ejecutivo\Desktop\mina_project\BackMina\src\metadata-builder\EntityMetadataBuilder.ts:1121:23
    at Array.forEach (<anonymous>)
    at EntityMetadataBuilder.computeInverseProperties (C:\Users\ejecutivo\Desktop\mina_project\BackMina\src\metadata-builder\EntityMetadataBuilder.ts:1111:34)
    at C:\Users\ejecutivo\Desktop\mina_project\BackMina\src\metadata-builder\EntityMetadataBuilder.ts:158:18
    at Array.forEach (<anonymous>)
    at EntityMetadataBuilder.build (C:\Users\ejecutivo\Desktop\mina_project\BackMina\src\metadata-builder\EntityMetadataBuilder.ts:157:25)
    at ConnectionMetadataBuilder.buildEntityMetadatas (C:\Users\ejecutivo\Desktop\mina_project\BackMina\src\connection\ConnectionMetadataBuilder.ts:106:11)
    at processTicksAndRejections (node:internal/process/task_queues:95:5)
    at DataSource.buildMetadatas (C:\Users\ejecutivo\Desktop\mina_project\BackMina\src\data-source\DataSource.ts:710:13)
    at DataSource.initialize (C:\Users\ejecutivo\Desktop\mina_project\BackMina\src\data-source\DataSource.ts:263:13)
2024-07-24 22:50:49:7628 error: Entity metadata for EmployeeEntity#userRegisterss was not found. Check if you specified a correct entity object and if it's connected in the connection options. TypeORMError: Entity metadata for EmployeeEntity#userRegisterss was not found. Check if you specified a correct entity object and if it's connected in the connection options.
    at C:\Users\ejecutivo\Desktop\mina_project\BackMina\src\metadata-builder\EntityMetadataBuilder.ts:1121:23
    at Array.forEach (<anonymous>)
    at EntityMetadataBuilder.computeInverseProperties (C:\Users\ejecutivo\Desktop\mina_project\BackMina\src\metadata-builder\EntityMetadataBuilder.ts:1111:34)
    at C:\Users\ejecutivo\Desktop\mina_project\BackMina\src\metadata-builder\EntityMetadataBuilder.ts:158:18
    at Array.forEach (<anonymous>)
    at EntityMetadataBuilder.build (C:\Users\ejecutivo\Desktop\mina_project\BackMina\src\metadata-builder\EntityMetadataBuilder.ts:157:25)
    at ConnectionMetadataBuilder.buildEntityMetadatas (C:\Users\ejecutivo\Desktop\mina_project\BackMina\src\connection\ConnectionMetadataBuilder.ts:106:11)
    at processTicksAndRejections (node:internal/process/task_queues:95:5)
    at DataSource.buildMetadatas (C:\Users\ejecutivo\Desktop\mina_project\BackMina\src\data-source\DataSource.ts:710:13)
    at DataSource.initialize (C:\Users\ejecutivo\Desktop\mina_project\BackMina\src\data-source\DataSource.ts:263:13)
2024-07-24 22:51:10:3684 error: Entity metadata for EmployeeEntity#userRegisterss was not found. Check if you specified a correct entity object and if it's connected in the connection options. TypeORMError: Entity metadata for EmployeeEntity#userRegisterss was not found. Check if you specified a correct entity object and if it's connected in the connection options.
    at C:\Users\ejecutivo\Desktop\mina_project\BackMina\src\metadata-builder\EntityMetadataBuilder.ts:1121:23
    at Array.forEach (<anonymous>)
    at EntityMetadataBuilder.computeInverseProperties (C:\Users\ejecutivo\Desktop\mina_project\BackMina\src\metadata-builder\EntityMetadataBuilder.ts:1111:34)
    at C:\Users\ejecutivo\Desktop\mina_project\BackMina\src\metadata-builder\EntityMetadataBuilder.ts:158:18
    at Array.forEach (<anonymous>)
    at EntityMetadataBuilder.build (C:\Users\ejecutivo\Desktop\mina_project\BackMina\src\metadata-builder\EntityMetadataBuilder.ts:157:25)
    at ConnectionMetadataBuilder.buildEntityMetadatas (C:\Users\ejecutivo\Desktop\mina_project\BackMina\src\connection\ConnectionMetadataBuilder.ts:106:11)
    at processTicksAndRejections (node:internal/process/task_queues:95:5)
    at DataSource.buildMetadatas (C:\Users\ejecutivo\Desktop\mina_project\BackMina\src\data-source\DataSource.ts:710:13)
    at DataSource.initialize (C:\Users\ejecutivo\Desktop\mina_project\BackMina\src\data-source\DataSource.ts:263:13)
2024-07-24 22:51:41:0661 error: Entity metadata for EmployeeEntity#userRegisterss was not found. Check if you specified a correct entity object and if it's connected in the connection options. TypeORMError: Entity metadata for EmployeeEntity#userRegisterss was not found. Check if you specified a correct entity object and if it's connected in the connection options.
    at C:\Users\ejecutivo\Desktop\mina_project\BackMina\src\metadata-builder\EntityMetadataBuilder.ts:1121:23
    at Array.forEach (<anonymous>)
    at EntityMetadataBuilder.computeInverseProperties (C:\Users\ejecutivo\Desktop\mina_project\BackMina\src\metadata-builder\EntityMetadataBuilder.ts:1111:34)
    at C:\Users\ejecutivo\Desktop\mina_project\BackMina\src\metadata-builder\EntityMetadataBuilder.ts:158:18
    at Array.forEach (<anonymous>)
    at EntityMetadataBuilder.build (C:\Users\ejecutivo\Desktop\mina_project\BackMina\src\metadata-builder\EntityMetadataBuilder.ts:157:25)
    at ConnectionMetadataBuilder.buildEntityMetadatas (C:\Users\ejecutivo\Desktop\mina_project\BackMina\src\connection\ConnectionMetadataBuilder.ts:106:11)
    at processTicksAndRejections (node:internal/process/task_queues:95:5)
    at DataSource.buildMetadatas (C:\Users\ejecutivo\Desktop\mina_project\BackMina\src\data-source\DataSource.ts:710:13)
    at DataSource.initialize (C:\Users\ejecutivo\Desktop\mina_project\BackMina\src\data-source\DataSource.ts:263:13)
2024-07-24 22:53:59:1542 error: Entity metadata for EmployeeEntity#userRegisterss was not found. Check if you specified a correct entity object and if it's connected in the connection options. TypeORMError: Entity metadata for EmployeeEntity#userRegisterss was not found. Check if you specified a correct entity object and if it's connected in the connection options.
    at C:\Users\ejecutivo\Desktop\mina_project\BackMina\src\metadata-builder\EntityMetadataBuilder.ts:1121:23
    at Array.forEach (<anonymous>)
    at EntityMetadataBuilder.computeInverseProperties (C:\Users\ejecutivo\Desktop\mina_project\BackMina\src\metadata-builder\EntityMetadataBuilder.ts:1111:34)
    at C:\Users\ejecutivo\Desktop\mina_project\BackMina\src\metadata-builder\EntityMetadataBuilder.ts:158:18
    at Array.forEach (<anonymous>)
    at EntityMetadataBuilder.build (C:\Users\ejecutivo\Desktop\mina_project\BackMina\src\metadata-builder\EntityMetadataBuilder.ts:157:25)
    at ConnectionMetadataBuilder.buildEntityMetadatas (C:\Users\ejecutivo\Desktop\mina_project\BackMina\src\connection\ConnectionMetadataBuilder.ts:106:11)
    at processTicksAndRejections (node:internal/process/task_queues:95:5)
    at DataSource.buildMetadatas (C:\Users\ejecutivo\Desktop\mina_project\BackMina\src\data-source\DataSource.ts:710:13)
    at DataSource.initialize (C:\Users\ejecutivo\Desktop\mina_project\BackMina\src\data-source\DataSource.ts:263:13)
2024-07-24 22:56:44:9389 error: Entity metadata for EmployeeEntity#userRegisterss was not found. Check if you specified a correct entity object and if it's connected in the connection options. TypeORMError: Entity metadata for EmployeeEntity#userRegisterss was not found. Check if you specified a correct entity object and if it's connected in the connection options.
    at C:\Users\ejecutivo\Desktop\mina_project\BackMina\src\metadata-builder\EntityMetadataBuilder.ts:1121:23
    at Array.forEach (<anonymous>)
    at EntityMetadataBuilder.computeInverseProperties (C:\Users\ejecutivo\Desktop\mina_project\BackMina\src\metadata-builder\EntityMetadataBuilder.ts:1111:34)
    at C:\Users\ejecutivo\Desktop\mina_project\BackMina\src\metadata-builder\EntityMetadataBuilder.ts:158:18
    at Array.forEach (<anonymous>)
    at EntityMetadataBuilder.build (C:\Users\ejecutivo\Desktop\mina_project\BackMina\src\metadata-builder\EntityMetadataBuilder.ts:157:25)
    at ConnectionMetadataBuilder.buildEntityMetadatas (C:\Users\ejecutivo\Desktop\mina_project\BackMina\src\connection\ConnectionMetadataBuilder.ts:106:11)
    at processTicksAndRejections (node:internal/process/task_queues:95:5)
    at DataSource.buildMetadatas (C:\Users\ejecutivo\Desktop\mina_project\BackMina\src\data-source\DataSource.ts:710:13)
    at DataSource.initialize (C:\Users\ejecutivo\Desktop\mina_project\BackMina\src\data-source\DataSource.ts:263:13)
2024-07-24 23:01:47:2232 error: Entity metadata for EmployeeEntity#userRegisterss was not found. Check if you specified a correct entity object and if it's connected in the connection options. TypeORMError: Entity metadata for EmployeeEntity#userRegisterss was not found. Check if you specified a correct entity object and if it's connected in the connection options.
    at C:\Users\ejecutivo\Desktop\mina_project\BackMina\src\metadata-builder\EntityMetadataBuilder.ts:1121:23
    at Array.forEach (<anonymous>)
    at EntityMetadataBuilder.computeInverseProperties (C:\Users\ejecutivo\Desktop\mina_project\BackMina\src\metadata-builder\EntityMetadataBuilder.ts:1111:34)
    at C:\Users\ejecutivo\Desktop\mina_project\BackMina\src\metadata-builder\EntityMetadataBuilder.ts:158:18
    at Array.forEach (<anonymous>)
    at EntityMetadataBuilder.build (C:\Users\ejecutivo\Desktop\mina_project\BackMina\src\metadata-builder\EntityMetadataBuilder.ts:157:25)
    at ConnectionMetadataBuilder.buildEntityMetadatas (C:\Users\ejecutivo\Desktop\mina_project\BackMina\src\connection\ConnectionMetadataBuilder.ts:106:11)
    at processTicksAndRejections (node:internal/process/task_queues:95:5)
    at DataSource.buildMetadatas (C:\Users\ejecutivo\Desktop\mina_project\BackMina\src\data-source\DataSource.ts:710:13)
    at DataSource.initialize (C:\Users\ejecutivo\Desktop\mina_project\BackMina\src\data-source\DataSource.ts:263:13)
2024-07-24 23:04:08:0921 error: Entity metadata for EmployeeEntity#userRegisterss was not found. Check if you specified a correct entity object and if it's connected in the connection options. TypeORMError: Entity metadata for EmployeeEntity#userRegisterss was not found. Check if you specified a correct entity object and if it's connected in the connection options.
    at C:\Users\ejecutivo\Desktop\mina_project\BackMina\src\metadata-builder\EntityMetadataBuilder.ts:1121:23
    at Array.forEach (<anonymous>)
    at EntityMetadataBuilder.computeInverseProperties (C:\Users\ejecutivo\Desktop\mina_project\BackMina\src\metadata-builder\EntityMetadataBuilder.ts:1111:34)
    at C:\Users\ejecutivo\Desktop\mina_project\BackMina\src\metadata-builder\EntityMetadataBuilder.ts:158:18
    at Array.forEach (<anonymous>)
    at EntityMetadataBuilder.build (C:\Users\ejecutivo\Desktop\mina_project\BackMina\src\metadata-builder\EntityMetadataBuilder.ts:157:25)
    at ConnectionMetadataBuilder.buildEntityMetadatas (C:\Users\ejecutivo\Desktop\mina_project\BackMina\src\connection\ConnectionMetadataBuilder.ts:106:11)
    at processTicksAndRejections (node:internal/process/task_queues:95:5)
    at DataSource.buildMetadatas (C:\Users\ejecutivo\Desktop\mina_project\BackMina\src\data-source\DataSource.ts:710:13)
    at DataSource.initialize (C:\Users\ejecutivo\Desktop\mina_project\BackMina\src\data-source\DataSource.ts:263:13)
2024-07-24 23:07:16:0130 error: Entity metadata for EmployeeEntity#userRegisterss was not found. Check if you specified a correct entity object and if it's connected in the connection options. TypeORMError: Entity metadata for EmployeeEntity#userRegisterss was not found. Check if you specified a correct entity object and if it's connected in the connection options.
    at C:\Users\ejecutivo\Desktop\mina_project\BackMina\src\metadata-builder\EntityMetadataBuilder.ts:1121:23
    at Array.forEach (<anonymous>)
    at EntityMetadataBuilder.computeInverseProperties (C:\Users\ejecutivo\Desktop\mina_project\BackMina\src\metadata-builder\EntityMetadataBuilder.ts:1111:34)
    at C:\Users\ejecutivo\Desktop\mina_project\BackMina\src\metadata-builder\EntityMetadataBuilder.ts:158:18
    at Array.forEach (<anonymous>)
    at EntityMetadataBuilder.build (C:\Users\ejecutivo\Desktop\mina_project\BackMina\src\metadata-builder\EntityMetadataBuilder.ts:157:25)
    at ConnectionMetadataBuilder.buildEntityMetadatas (C:\Users\ejecutivo\Desktop\mina_project\BackMina\src\connection\ConnectionMetadataBuilder.ts:106:11)
    at processTicksAndRejections (node:internal/process/task_queues:95:5)
    at DataSource.buildMetadatas (C:\Users\ejecutivo\Desktop\mina_project\BackMina\src\data-source\DataSource.ts:710:13)
    at DataSource.initialize (C:\Users\ejecutivo\Desktop\mina_project\BackMina\src\data-source\DataSource.ts:263:13)
2024-07-24 23:07:59:2452 error: Entity metadata for EmployeeEntity#userRegisterss was not found. Check if you specified a correct entity object and if it's connected in the connection options. TypeORMError: Entity metadata for EmployeeEntity#userRegisterss was not found. Check if you specified a correct entity object and if it's connected in the connection options.
    at C:\Users\ejecutivo\Desktop\mina_project\BackMina\src\metadata-builder\EntityMetadataBuilder.ts:1121:23
    at Array.forEach (<anonymous>)
    at EntityMetadataBuilder.computeInverseProperties (C:\Users\ejecutivo\Desktop\mina_project\BackMina\src\metadata-builder\EntityMetadataBuilder.ts:1111:34)
    at C:\Users\ejecutivo\Desktop\mina_project\BackMina\src\metadata-builder\EntityMetadataBuilder.ts:158:18
    at Array.forEach (<anonymous>)
    at EntityMetadataBuilder.build (C:\Users\ejecutivo\Desktop\mina_project\BackMina\src\metadata-builder\EntityMetadataBuilder.ts:157:25)
    at ConnectionMetadataBuilder.buildEntityMetadatas (C:\Users\ejecutivo\Desktop\mina_project\BackMina\src\connection\ConnectionMetadataBuilder.ts:106:11)
    at processTicksAndRejections (node:internal/process/task_queues:95:5)
    at DataSource.buildMetadatas (C:\Users\ejecutivo\Desktop\mina_project\BackMina\src\data-source\DataSource.ts:710:13)
    at DataSource.initialize (C:\Users\ejecutivo\Desktop\mina_project\BackMina\src\data-source\DataSource.ts:263:13)
2024-07-24 23:09:01:5105 error: Entity metadata for EmployeeEntity#userRegisterss was not found. Check if you specified a correct entity object and if it's connected in the connection options. TypeORMError: Entity metadata for EmployeeEntity#userRegisterss was not found. Check if you specified a correct entity object and if it's connected in the connection options.
    at C:\Users\ejecutivo\Desktop\mina_project\BackMina\src\metadata-builder\EntityMetadataBuilder.ts:1121:23
    at Array.forEach (<anonymous>)
    at EntityMetadataBuilder.computeInverseProperties (C:\Users\ejecutivo\Desktop\mina_project\BackMina\src\metadata-builder\EntityMetadataBuilder.ts:1111:34)
    at C:\Users\ejecutivo\Desktop\mina_project\BackMina\src\metadata-builder\EntityMetadataBuilder.ts:158:18
    at Array.forEach (<anonymous>)
    at EntityMetadataBuilder.build (C:\Users\ejecutivo\Desktop\mina_project\BackMina\src\metadata-builder\EntityMetadataBuilder.ts:157:25)
    at ConnectionMetadataBuilder.buildEntityMetadatas (C:\Users\ejecutivo\Desktop\mina_project\BackMina\src\connection\ConnectionMetadataBuilder.ts:106:11)
    at processTicksAndRejections (node:internal/process/task_queues:95:5)
    at DataSource.buildMetadatas (C:\Users\ejecutivo\Desktop\mina_project\BackMina\src\data-source\DataSource.ts:710:13)
    at DataSource.initialize (C:\Users\ejecutivo\Desktop\mina_project\BackMina\src\data-source\DataSource.ts:263:13)
2024-07-24 23:09:32:1902 error: Entity metadata for EmployeeEntity#userRegisterss was not found. Check if you specified a correct entity object and if it's connected in the connection options. TypeORMError: Entity metadata for EmployeeEntity#userRegisterss was not found. Check if you specified a correct entity object and if it's connected in the connection options.
    at C:\Users\ejecutivo\Desktop\mina_project\BackMina\src\metadata-builder\EntityMetadataBuilder.ts:1121:23
    at Array.forEach (<anonymous>)
    at EntityMetadataBuilder.computeInverseProperties (C:\Users\ejecutivo\Desktop\mina_project\BackMina\src\metadata-builder\EntityMetadataBuilder.ts:1111:34)
    at C:\Users\ejecutivo\Desktop\mina_project\BackMina\src\metadata-builder\EntityMetadataBuilder.ts:158:18
    at Array.forEach (<anonymous>)
    at EntityMetadataBuilder.build (C:\Users\ejecutivo\Desktop\mina_project\BackMina\src\metadata-builder\EntityMetadataBuilder.ts:157:25)
    at ConnectionMetadataBuilder.buildEntityMetadatas (C:\Users\ejecutivo\Desktop\mina_project\BackMina\src\connection\ConnectionMetadataBuilder.ts:106:11)
    at processTicksAndRejections (node:internal/process/task_queues:95:5)
    at DataSource.buildMetadatas (C:\Users\ejecutivo\Desktop\mina_project\BackMina\src\data-source\DataSource.ts:710:13)
    at DataSource.initialize (C:\Users\ejecutivo\Desktop\mina_project\BackMina\src\data-source\DataSource.ts:263:13)
2024-07-24 23:09:41:4545 error: Entity metadata for EmployeeEntity#userRegisterss was not found. Check if you specified a correct entity object and if it's connected in the connection options. TypeORMError: Entity metadata for EmployeeEntity#userRegisterss was not found. Check if you specified a correct entity object and if it's connected in the connection options.
    at C:\Users\ejecutivo\Desktop\mina_project\BackMina\src\metadata-builder\EntityMetadataBuilder.ts:1121:23
    at Array.forEach (<anonymous>)
    at EntityMetadataBuilder.computeInverseProperties (C:\Users\ejecutivo\Desktop\mina_project\BackMina\src\metadata-builder\EntityMetadataBuilder.ts:1111:34)
    at C:\Users\ejecutivo\Desktop\mina_project\BackMina\src\metadata-builder\EntityMetadataBuilder.ts:158:18
    at Array.forEach (<anonymous>)
    at EntityMetadataBuilder.build (C:\Users\ejecutivo\Desktop\mina_project\BackMina\src\metadata-builder\EntityMetadataBuilder.ts:157:25)
    at ConnectionMetadataBuilder.buildEntityMetadatas (C:\Users\ejecutivo\Desktop\mina_project\BackMina\src\connection\ConnectionMetadataBuilder.ts:106:11)
    at processTicksAndRejections (node:internal/process/task_queues:95:5)
    at DataSource.buildMetadatas (C:\Users\ejecutivo\Desktop\mina_project\BackMina\src\data-source\DataSource.ts:710:13)
    at DataSource.initialize (C:\Users\ejecutivo\Desktop\mina_project\BackMina\src\data-source\DataSource.ts:263:13)
2024-07-24 23:11:05:8418 error: Entity metadata for EmployeeEntity#userRegisterss was not found. Check if you specified a correct entity object and if it's connected in the connection options. TypeORMError: Entity metadata for EmployeeEntity#userRegisterss was not found. Check if you specified a correct entity object and if it's connected in the connection options.
    at C:\Users\ejecutivo\Desktop\mina_project\BackMina\src\metadata-builder\EntityMetadataBuilder.ts:1121:23
    at Array.forEach (<anonymous>)
    at EntityMetadataBuilder.computeInverseProperties (C:\Users\ejecutivo\Desktop\mina_project\BackMina\src\metadata-builder\EntityMetadataBuilder.ts:1111:34)
    at C:\Users\ejecutivo\Desktop\mina_project\BackMina\src\metadata-builder\EntityMetadataBuilder.ts:158:18
    at Array.forEach (<anonymous>)
    at EntityMetadataBuilder.build (C:\Users\ejecutivo\Desktop\mina_project\BackMina\src\metadata-builder\EntityMetadataBuilder.ts:157:25)
    at ConnectionMetadataBuilder.buildEntityMetadatas (C:\Users\ejecutivo\Desktop\mina_project\BackMina\src\connection\ConnectionMetadataBuilder.ts:106:11)
    at processTicksAndRejections (node:internal/process/task_queues:95:5)
    at DataSource.buildMetadatas (C:\Users\ejecutivo\Desktop\mina_project\BackMina\src\data-source\DataSource.ts:710:13)
    at DataSource.initialize (C:\Users\ejecutivo\Desktop\mina_project\BackMina\src\data-source\DataSource.ts:263:13)
2024-07-24 23:11:23:4234 error: Entity metadata for EmployeeEntity#userRegisterss was not found. Check if you specified a correct entity object and if it's connected in the connection options. TypeORMError: Entity metadata for EmployeeEntity#userRegisterss was not found. Check if you specified a correct entity object and if it's connected in the connection options.
    at C:\Users\ejecutivo\Desktop\mina_project\BackMina\src\metadata-builder\EntityMetadataBuilder.ts:1121:23
    at Array.forEach (<anonymous>)
    at EntityMetadataBuilder.computeInverseProperties (C:\Users\ejecutivo\Desktop\mina_project\BackMina\src\metadata-builder\EntityMetadataBuilder.ts:1111:34)
    at C:\Users\ejecutivo\Desktop\mina_project\BackMina\src\metadata-builder\EntityMetadataBuilder.ts:158:18
    at Array.forEach (<anonymous>)
    at EntityMetadataBuilder.build (C:\Users\ejecutivo\Desktop\mina_project\BackMina\src\metadata-builder\EntityMetadataBuilder.ts:157:25)
    at ConnectionMetadataBuilder.buildEntityMetadatas (C:\Users\ejecutivo\Desktop\mina_project\BackMina\src\connection\ConnectionMetadataBuilder.ts:106:11)
    at processTicksAndRejections (node:internal/process/task_queues:95:5)
    at DataSource.buildMetadatas (C:\Users\ejecutivo\Desktop\mina_project\BackMina\src\data-source\DataSource.ts:710:13)
    at DataSource.initialize (C:\Users\ejecutivo\Desktop\mina_project\BackMina\src\data-source\DataSource.ts:263:13)
2024-07-24 23:11:35:7257 error: Entity metadata for EmployeeEntity#userRegisterss was not found. Check if you specified a correct entity object and if it's connected in the connection options. TypeORMError: Entity metadata for EmployeeEntity#userRegisterss was not found. Check if you specified a correct entity object and if it's connected in the connection options.
    at C:\Users\ejecutivo\Desktop\mina_project\BackMina\src\metadata-builder\EntityMetadataBuilder.ts:1121:23
    at Array.forEach (<anonymous>)
    at EntityMetadataBuilder.computeInverseProperties (C:\Users\ejecutivo\Desktop\mina_project\BackMina\src\metadata-builder\EntityMetadataBuilder.ts:1111:34)
    at C:\Users\ejecutivo\Desktop\mina_project\BackMina\src\metadata-builder\EntityMetadataBuilder.ts:158:18
    at Array.forEach (<anonymous>)
    at EntityMetadataBuilder.build (C:\Users\ejecutivo\Desktop\mina_project\BackMina\src\metadata-builder\EntityMetadataBuilder.ts:157:25)
    at ConnectionMetadataBuilder.buildEntityMetadatas (C:\Users\ejecutivo\Desktop\mina_project\BackMina\src\connection\ConnectionMetadataBuilder.ts:106:11)
    at processTicksAndRejections (node:internal/process/task_queues:95:5)
    at DataSource.buildMetadatas (C:\Users\ejecutivo\Desktop\mina_project\BackMina\src\data-source\DataSource.ts:710:13)
    at DataSource.initialize (C:\Users\ejecutivo\Desktop\mina_project\BackMina\src\data-source\DataSource.ts:263:13)
2024-07-24 23:11:42:6436 error: Entity metadata for EmployeeEntity#userRegisterss was not found. Check if you specified a correct entity object and if it's connected in the connection options. TypeORMError: Entity metadata for EmployeeEntity#userRegisterss was not found. Check if you specified a correct entity object and if it's connected in the connection options.
    at C:\Users\ejecutivo\Desktop\mina_project\BackMina\src\metadata-builder\EntityMetadataBuilder.ts:1121:23
    at Array.forEach (<anonymous>)
    at EntityMetadataBuilder.computeInverseProperties (C:\Users\ejecutivo\Desktop\mina_project\BackMina\src\metadata-builder\EntityMetadataBuilder.ts:1111:34)
    at C:\Users\ejecutivo\Desktop\mina_project\BackMina\src\metadata-builder\EntityMetadataBuilder.ts:158:18
    at Array.forEach (<anonymous>)
    at EntityMetadataBuilder.build (C:\Users\ejecutivo\Desktop\mina_project\BackMina\src\metadata-builder\EntityMetadataBuilder.ts:157:25)
    at ConnectionMetadataBuilder.buildEntityMetadatas (C:\Users\ejecutivo\Desktop\mina_project\BackMina\src\connection\ConnectionMetadataBuilder.ts:106:11)
    at processTicksAndRejections (node:internal/process/task_queues:95:5)
    at DataSource.buildMetadatas (C:\Users\ejecutivo\Desktop\mina_project\BackMina\src\data-source\DataSource.ts:710:13)
    at DataSource.initialize (C:\Users\ejecutivo\Desktop\mina_project\BackMina\src\data-source\DataSource.ts:263:13)
2024-07-24 23:13:40:2873 error: Entity metadata for EmployeeEntity#userRegisterss was not found. Check if you specified a correct entity object and if it's connected in the connection options. TypeORMError: Entity metadata for EmployeeEntity#userRegisterss was not found. Check if you specified a correct entity object and if it's connected in the connection options.
    at C:\Users\ejecutivo\Desktop\mina_project\BackMina\src\metadata-builder\EntityMetadataBuilder.ts:1121:23
    at Array.forEach (<anonymous>)
    at EntityMetadataBuilder.computeInverseProperties (C:\Users\ejecutivo\Desktop\mina_project\BackMina\src\metadata-builder\EntityMetadataBuilder.ts:1111:34)
    at C:\Users\ejecutivo\Desktop\mina_project\BackMina\src\metadata-builder\EntityMetadataBuilder.ts:158:18
    at Array.forEach (<anonymous>)
    at EntityMetadataBuilder.build (C:\Users\ejecutivo\Desktop\mina_project\BackMina\src\metadata-builder\EntityMetadataBuilder.ts:157:25)
    at ConnectionMetadataBuilder.buildEntityMetadatas (C:\Users\ejecutivo\Desktop\mina_project\BackMina\src\connection\ConnectionMetadataBuilder.ts:106:11)
    at processTicksAndRejections (node:internal/process/task_queues:95:5)
    at DataSource.buildMetadatas (C:\Users\ejecutivo\Desktop\mina_project\BackMina\src\data-source\DataSource.ts:710:13)
    at DataSource.initialize (C:\Users\ejecutivo\Desktop\mina_project\BackMina\src\data-source\DataSource.ts:263:13)
2024-07-24 23:13:50:5225 error: Entity metadata for EmployeeEntity#userRegisterss was not found. Check if you specified a correct entity object and if it's connected in the connection options. TypeORMError: Entity metadata for EmployeeEntity#userRegisterss was not found. Check if you specified a correct entity object and if it's connected in the connection options.
    at C:\Users\ejecutivo\Desktop\mina_project\BackMina\src\metadata-builder\EntityMetadataBuilder.ts:1121:23
    at Array.forEach (<anonymous>)
    at EntityMetadataBuilder.computeInverseProperties (C:\Users\ejecutivo\Desktop\mina_project\BackMina\src\metadata-builder\EntityMetadataBuilder.ts:1111:34)
    at C:\Users\ejecutivo\Desktop\mina_project\BackMina\src\metadata-builder\EntityMetadataBuilder.ts:158:18
    at Array.forEach (<anonymous>)
    at EntityMetadataBuilder.build (C:\Users\ejecutivo\Desktop\mina_project\BackMina\src\metadata-builder\EntityMetadataBuilder.ts:157:25)
    at ConnectionMetadataBuilder.buildEntityMetadatas (C:\Users\ejecutivo\Desktop\mina_project\BackMina\src\connection\ConnectionMetadataBuilder.ts:106:11)
    at processTicksAndRejections (node:internal/process/task_queues:95:5)
    at DataSource.buildMetadatas (C:\Users\ejecutivo\Desktop\mina_project\BackMina\src\data-source\DataSource.ts:710:13)
    at DataSource.initialize (C:\Users\ejecutivo\Desktop\mina_project\BackMina\src\data-source\DataSource.ts:263:13)
2024-07-24 23:17:01:6236 error: Entity metadata for EmployeeEntity#userRegisters was not found. Check if you specified a correct entity object and if it's connected in the connection options. TypeORMError: Entity metadata for EmployeeEntity#userRegisters was not found. Check if you specified a correct entity object and if it's connected in the connection options.
    at C:\Users\ejecutivo\Desktop\mina_project\BackMina\src\metadata-builder\EntityMetadataBuilder.ts:1121:23
    at Array.forEach (<anonymous>)
    at EntityMetadataBuilder.computeInverseProperties (C:\Users\ejecutivo\Desktop\mina_project\BackMina\src\metadata-builder\EntityMetadataBuilder.ts:1111:34)
    at C:\Users\ejecutivo\Desktop\mina_project\BackMina\src\metadata-builder\EntityMetadataBuilder.ts:158:18
    at Array.forEach (<anonymous>)
    at EntityMetadataBuilder.build (C:\Users\ejecutivo\Desktop\mina_project\BackMina\src\metadata-builder\EntityMetadataBuilder.ts:157:25)
    at ConnectionMetadataBuilder.buildEntityMetadatas (C:\Users\ejecutivo\Desktop\mina_project\BackMina\src\connection\ConnectionMetadataBuilder.ts:106:11)
    at processTicksAndRejections (node:internal/process/task_queues:95:5)
    at DataSource.buildMetadatas (C:\Users\ejecutivo\Desktop\mina_project\BackMina\src\data-source\DataSource.ts:710:13)
    at DataSource.initialize (C:\Users\ejecutivo\Desktop\mina_project\BackMina\src\data-source\DataSource.ts:263:13)
2024-07-24 23:17:45:8178 error: Entity metadata for EmployeeEntity#userRegisters was not found. Check if you specified a correct entity object and if it's connected in the connection options. TypeORMError: Entity metadata for EmployeeEntity#userRegisters was not found. Check if you specified a correct entity object and if it's connected in the connection options.
    at C:\Users\ejecutivo\Desktop\mina_project\BackMina\src\metadata-builder\EntityMetadataBuilder.ts:1121:23
    at Array.forEach (<anonymous>)
    at EntityMetadataBuilder.computeInverseProperties (C:\Users\ejecutivo\Desktop\mina_project\BackMina\src\metadata-builder\EntityMetadataBuilder.ts:1111:34)
    at C:\Users\ejecutivo\Desktop\mina_project\BackMina\src\metadata-builder\EntityMetadataBuilder.ts:158:18
    at Array.forEach (<anonymous>)
    at EntityMetadataBuilder.build (C:\Users\ejecutivo\Desktop\mina_project\BackMina\src\metadata-builder\EntityMetadataBuilder.ts:157:25)
    at ConnectionMetadataBuilder.buildEntityMetadatas (C:\Users\ejecutivo\Desktop\mina_project\BackMina\src\connection\ConnectionMetadataBuilder.ts:106:11)
    at processTicksAndRejections (node:internal/process/task_queues:95:5)
    at DataSource.buildMetadatas (C:\Users\ejecutivo\Desktop\mina_project\BackMina\src\data-source\DataSource.ts:710:13)
    at DataSource.initialize (C:\Users\ejecutivo\Desktop\mina_project\BackMina\src\data-source\DataSource.ts:263:13)
2024-07-24 23:18:44:5095 error: Entity metadata for EmployeeEntity#userRegisters was not found. Check if you specified a correct entity object and if it's connected in the connection options. TypeORMError: Entity metadata for EmployeeEntity#userRegisters was not found. Check if you specified a correct entity object and if it's connected in the connection options.
    at C:\Users\ejecutivo\Desktop\mina_project\BackMina\src\metadata-builder\EntityMetadataBuilder.ts:1121:23
    at Array.forEach (<anonymous>)
    at EntityMetadataBuilder.computeInverseProperties (C:\Users\ejecutivo\Desktop\mina_project\BackMina\src\metadata-builder\EntityMetadataBuilder.ts:1111:34)
    at C:\Users\ejecutivo\Desktop\mina_project\BackMina\src\metadata-builder\EntityMetadataBuilder.ts:158:18
    at Array.forEach (<anonymous>)
    at EntityMetadataBuilder.build (C:\Users\ejecutivo\Desktop\mina_project\BackMina\src\metadata-builder\EntityMetadataBuilder.ts:157:25)
    at ConnectionMetadataBuilder.buildEntityMetadatas (C:\Users\ejecutivo\Desktop\mina_project\BackMina\src\connection\ConnectionMetadataBuilder.ts:106:11)
    at processTicksAndRejections (node:internal/process/task_queues:95:5)
    at DataSource.buildMetadatas (C:\Users\ejecutivo\Desktop\mina_project\BackMina\src\data-source\DataSource.ts:710:13)
    at DataSource.initialize (C:\Users\ejecutivo\Desktop\mina_project\BackMina\src\data-source\DataSource.ts:263:13)
2024-07-24 23:19:01:0280 error: Entity metadata for EmployeeEntity#userRegisters was not found. Check if you specified a correct entity object and if it's connected in the connection options. TypeORMError: Entity metadata for EmployeeEntity#userRegisters was not found. Check if you specified a correct entity object and if it's connected in the connection options.
    at C:\Users\ejecutivo\Desktop\mina_project\BackMina\src\metadata-builder\EntityMetadataBuilder.ts:1121:23
    at Array.forEach (<anonymous>)
    at EntityMetadataBuilder.computeInverseProperties (C:\Users\ejecutivo\Desktop\mina_project\BackMina\src\metadata-builder\EntityMetadataBuilder.ts:1111:34)
    at C:\Users\ejecutivo\Desktop\mina_project\BackMina\src\metadata-builder\EntityMetadataBuilder.ts:158:18
    at Array.forEach (<anonymous>)
    at EntityMetadataBuilder.build (C:\Users\ejecutivo\Desktop\mina_project\BackMina\src\metadata-builder\EntityMetadataBuilder.ts:157:25)
    at ConnectionMetadataBuilder.buildEntityMetadatas (C:\Users\ejecutivo\Desktop\mina_project\BackMina\src\connection\ConnectionMetadataBuilder.ts:106:11)
    at processTicksAndRejections (node:internal/process/task_queues:95:5)
    at DataSource.buildMetadatas (C:\Users\ejecutivo\Desktop\mina_project\BackMina\src\data-source\DataSource.ts:710:13)
    at DataSource.initialize (C:\Users\ejecutivo\Desktop\mina_project\BackMina\src\data-source\DataSource.ts:263:13)
2024-07-24 23:22:50:0681 error: Entity metadata for EmployeeEntity#userRegisters was not found. Check if you specified a correct entity object and if it's connected in the connection options. TypeORMError: Entity metadata for EmployeeEntity#userRegisters was not found. Check if you specified a correct entity object and if it's connected in the connection options.
    at C:\Users\ejecutivo\Desktop\mina_project\BackMina\src\metadata-builder\EntityMetadataBuilder.ts:1121:23
    at Array.forEach (<anonymous>)
    at EntityMetadataBuilder.computeInverseProperties (C:\Users\ejecutivo\Desktop\mina_project\BackMina\src\metadata-builder\EntityMetadataBuilder.ts:1111:34)
    at C:\Users\ejecutivo\Desktop\mina_project\BackMina\src\metadata-builder\EntityMetadataBuilder.ts:158:18
    at Array.forEach (<anonymous>)
    at EntityMetadataBuilder.build (C:\Users\ejecutivo\Desktop\mina_project\BackMina\src\metadata-builder\EntityMetadataBuilder.ts:157:25)
    at ConnectionMetadataBuilder.buildEntityMetadatas (C:\Users\ejecutivo\Desktop\mina_project\BackMina\src\connection\ConnectionMetadataBuilder.ts:106:11)
    at processTicksAndRejections (node:internal/process/task_queues:95:5)
    at DataSource.buildMetadatas (C:\Users\ejecutivo\Desktop\mina_project\BackMina\src\data-source\DataSource.ts:710:13)
    at DataSource.initialize (C:\Users\ejecutivo\Desktop\mina_project\BackMina\src\data-source\DataSource.ts:263:13)
2024-07-24 23:23:12:9329 error: Entity metadata for EmployeeEntity#userRegister was not found. Check if you specified a correct entity object and if it's connected in the connection options. TypeORMError: Entity metadata for EmployeeEntity#userRegister was not found. Check if you specified a correct entity object and if it's connected in the connection options.
    at C:\Users\ejecutivo\Desktop\mina_project\BackMina\src\metadata-builder\EntityMetadataBuilder.ts:1121:23
    at Array.forEach (<anonymous>)
    at EntityMetadataBuilder.computeInverseProperties (C:\Users\ejecutivo\Desktop\mina_project\BackMina\src\metadata-builder\EntityMetadataBuilder.ts:1111:34)
    at C:\Users\ejecutivo\Desktop\mina_project\BackMina\src\metadata-builder\EntityMetadataBuilder.ts:158:18
    at Array.forEach (<anonymous>)
    at EntityMetadataBuilder.build (C:\Users\ejecutivo\Desktop\mina_project\BackMina\src\metadata-builder\EntityMetadataBuilder.ts:157:25)
    at ConnectionMetadataBuilder.buildEntityMetadatas (C:\Users\ejecutivo\Desktop\mina_project\BackMina\src\connection\ConnectionMetadataBuilder.ts:106:11)
    at processTicksAndRejections (node:internal/process/task_queues:95:5)
    at DataSource.buildMetadatas (C:\Users\ejecutivo\Desktop\mina_project\BackMina\src\data-source\DataSource.ts:710:13)
    at DataSource.initialize (C:\Users\ejecutivo\Desktop\mina_project\BackMina\src\data-source\DataSource.ts:263:13)
2024-07-24 23:23:55:7748 error: Entity metadata for EmployeeEntity#userRegister was not found. Check if you specified a correct entity object and if it's connected in the connection options. TypeORMError: Entity metadata for EmployeeEntity#userRegister was not found. Check if you specified a correct entity object and if it's connected in the connection options.
    at C:\Users\ejecutivo\Desktop\mina_project\BackMina\src\metadata-builder\EntityMetadataBuilder.ts:1121:23
    at Array.forEach (<anonymous>)
    at EntityMetadataBuilder.computeInverseProperties (C:\Users\ejecutivo\Desktop\mina_project\BackMina\src\metadata-builder\EntityMetadataBuilder.ts:1111:34)
    at C:\Users\ejecutivo\Desktop\mina_project\BackMina\src\metadata-builder\EntityMetadataBuilder.ts:158:18
    at Array.forEach (<anonymous>)
    at EntityMetadataBuilder.build (C:\Users\ejecutivo\Desktop\mina_project\BackMina\src\metadata-builder\EntityMetadataBuilder.ts:157:25)
    at ConnectionMetadataBuilder.buildEntityMetadatas (C:\Users\ejecutivo\Desktop\mina_project\BackMina\src\connection\ConnectionMetadataBuilder.ts:106:11)
    at processTicksAndRejections (node:internal/process/task_queues:95:5)
    at DataSource.buildMetadatas (C:\Users\ejecutivo\Desktop\mina_project\BackMina\src\data-source\DataSource.ts:710:13)
    at DataSource.initialize (C:\Users\ejecutivo\Desktop\mina_project\BackMina\src\data-source\DataSource.ts:263:13)
2024-07-24 23:24:23:5105 error: Entity metadata for EmployeeEntity#userRegister was not found. Check if you specified a correct entity object and if it's connected in the connection options. TypeORMError: Entity metadata for EmployeeEntity#userRegister was not found. Check if you specified a correct entity object and if it's connected in the connection options.
    at C:\Users\ejecutivo\Desktop\mina_project\BackMina\src\metadata-builder\EntityMetadataBuilder.ts:1121:23
    at Array.forEach (<anonymous>)
    at EntityMetadataBuilder.computeInverseProperties (C:\Users\ejecutivo\Desktop\mina_project\BackMina\src\metadata-builder\EntityMetadataBuilder.ts:1111:34)
    at C:\Users\ejecutivo\Desktop\mina_project\BackMina\src\metadata-builder\EntityMetadataBuilder.ts:158:18
    at Array.forEach (<anonymous>)
    at EntityMetadataBuilder.build (C:\Users\ejecutivo\Desktop\mina_project\BackMina\src\metadata-builder\EntityMetadataBuilder.ts:157:25)
    at ConnectionMetadataBuilder.buildEntityMetadatas (C:\Users\ejecutivo\Desktop\mina_project\BackMina\src\connection\ConnectionMetadataBuilder.ts:106:11)
    at processTicksAndRejections (node:internal/process/task_queues:95:5)
    at DataSource.buildMetadatas (C:\Users\ejecutivo\Desktop\mina_project\BackMina\src\data-source\DataSource.ts:710:13)
    at DataSource.initialize (C:\Users\ejecutivo\Desktop\mina_project\BackMina\src\data-source\DataSource.ts:263:13)
2024-07-24 23:24:29:6867 error: Entity metadata for EmployeeEntity#userRegister was not found. Check if you specified a correct entity object and if it's connected in the connection options. TypeORMError: Entity metadata for EmployeeEntity#userRegister was not found. Check if you specified a correct entity object and if it's connected in the connection options.
    at C:\Users\ejecutivo\Desktop\mina_project\BackMina\src\metadata-builder\EntityMetadataBuilder.ts:1121:23
    at Array.forEach (<anonymous>)
    at EntityMetadataBuilder.computeInverseProperties (C:\Users\ejecutivo\Desktop\mina_project\BackMina\src\metadata-builder\EntityMetadataBuilder.ts:1111:34)
    at C:\Users\ejecutivo\Desktop\mina_project\BackMina\src\metadata-builder\EntityMetadataBuilder.ts:158:18
    at Array.forEach (<anonymous>)
    at EntityMetadataBuilder.build (C:\Users\ejecutivo\Desktop\mina_project\BackMina\src\metadata-builder\EntityMetadataBuilder.ts:157:25)
    at ConnectionMetadataBuilder.buildEntityMetadatas (C:\Users\ejecutivo\Desktop\mina_project\BackMina\src\connection\ConnectionMetadataBuilder.ts:106:11)
    at processTicksAndRejections (node:internal/process/task_queues:95:5)
    at DataSource.buildMetadatas (C:\Users\ejecutivo\Desktop\mina_project\BackMina\src\data-source\DataSource.ts:710:13)
    at DataSource.initialize (C:\Users\ejecutivo\Desktop\mina_project\BackMina\src\data-source\DataSource.ts:263:13)
2024-07-24 23:26:16:96110 error: Entity metadata for EmployeeEntity#userRegister was not found. Check if you specified a correct entity object and if it's connected in the connection options. TypeORMError: Entity metadata for EmployeeEntity#userRegister was not found. Check if you specified a correct entity object and if it's connected in the connection options.
    at C:\Users\ejecutivo\Desktop\mina_project\BackMina\src\metadata-builder\EntityMetadataBuilder.ts:1121:23
    at Array.forEach (<anonymous>)
    at EntityMetadataBuilder.computeInverseProperties (C:\Users\ejecutivo\Desktop\mina_project\BackMina\src\metadata-builder\EntityMetadataBuilder.ts:1111:34)
    at C:\Users\ejecutivo\Desktop\mina_project\BackMina\src\metadata-builder\EntityMetadataBuilder.ts:158:18
    at Array.forEach (<anonymous>)
    at EntityMetadataBuilder.build (C:\Users\ejecutivo\Desktop\mina_project\BackMina\src\metadata-builder\EntityMetadataBuilder.ts:157:25)
    at ConnectionMetadataBuilder.buildEntityMetadatas (C:\Users\ejecutivo\Desktop\mina_project\BackMina\src\connection\ConnectionMetadataBuilder.ts:106:11)
    at processTicksAndRejections (node:internal/process/task_queues:95:5)
    at DataSource.buildMetadatas (C:\Users\ejecutivo\Desktop\mina_project\BackMina\src\data-source\DataSource.ts:710:13)
    at DataSource.initialize (C:\Users\ejecutivo\Desktop\mina_project\BackMina\src\data-source\DataSource.ts:263:13)
2024-07-24 23:26:43:1021 error: Entity metadata for EmployeeEntity#userRegister was not found. Check if you specified a correct entity object and if it's connected in the connection options. TypeORMError: Entity metadata for EmployeeEntity#userRegister was not found. Check if you specified a correct entity object and if it's connected in the connection options.
    at C:\Users\ejecutivo\Desktop\mina_project\BackMina\src\metadata-builder\EntityMetadataBuilder.ts:1121:23
    at Array.forEach (<anonymous>)
    at EntityMetadataBuilder.computeInverseProperties (C:\Users\ejecutivo\Desktop\mina_project\BackMina\src\metadata-builder\EntityMetadataBuilder.ts:1111:34)
    at C:\Users\ejecutivo\Desktop\mina_project\BackMina\src\metadata-builder\EntityMetadataBuilder.ts:158:18
    at Array.forEach (<anonymous>)
    at EntityMetadataBuilder.build (C:\Users\ejecutivo\Desktop\mina_project\BackMina\src\metadata-builder\EntityMetadataBuilder.ts:157:25)
    at ConnectionMetadataBuilder.buildEntityMetadatas (C:\Users\ejecutivo\Desktop\mina_project\BackMina\src\connection\ConnectionMetadataBuilder.ts:106:11)
    at processTicksAndRejections (node:internal/process/task_queues:95:5)
    at DataSource.buildMetadatas (C:\Users\ejecutivo\Desktop\mina_project\BackMina\src\data-source\DataSource.ts:710:13)
    at DataSource.initialize (C:\Users\ejecutivo\Desktop\mina_project\BackMina\src\data-source\DataSource.ts:263:13)
2024-07-24 23:27:29:8569 error: Entity metadata for EmployeeEntity#userRegister was not found. Check if you specified a correct entity object and if it's connected in the connection options. TypeORMError: Entity metadata for EmployeeEntity#userRegister was not found. Check if you specified a correct entity object and if it's connected in the connection options.
    at C:\Users\ejecutivo\Desktop\mina_project\BackMina\src\metadata-builder\EntityMetadataBuilder.ts:1121:23
    at Array.forEach (<anonymous>)
    at EntityMetadataBuilder.computeInverseProperties (C:\Users\ejecutivo\Desktop\mina_project\BackMina\src\metadata-builder\EntityMetadataBuilder.ts:1111:34)
    at C:\Users\ejecutivo\Desktop\mina_project\BackMina\src\metadata-builder\EntityMetadataBuilder.ts:158:18
    at Array.forEach (<anonymous>)
    at EntityMetadataBuilder.build (C:\Users\ejecutivo\Desktop\mina_project\BackMina\src\metadata-builder\EntityMetadataBuilder.ts:157:25)
    at ConnectionMetadataBuilder.buildEntityMetadatas (C:\Users\ejecutivo\Desktop\mina_project\BackMina\src\connection\ConnectionMetadataBuilder.ts:106:11)
    at processTicksAndRejections (node:internal/process/task_queues:95:5)
    at DataSource.buildMetadatas (C:\Users\ejecutivo\Desktop\mina_project\BackMina\src\data-source\DataSource.ts:710:13)
    at DataSource.initialize (C:\Users\ejecutivo\Desktop\mina_project\BackMina\src\data-source\DataSource.ts:263:13)
2024-07-24 23:29:07:5566 error: Entity metadata for EmployeeEntity#userRegister was not found. Check if you specified a correct entity object and if it's connected in the connection options. TypeORMError: Entity metadata for EmployeeEntity#userRegister was not found. Check if you specified a correct entity object and if it's connected in the connection options.
    at C:\Users\ejecutivo\Desktop\mina_project\BackMina\src\metadata-builder\EntityMetadataBuilder.ts:1121:23
    at Array.forEach (<anonymous>)
    at EntityMetadataBuilder.computeInverseProperties (C:\Users\ejecutivo\Desktop\mina_project\BackMina\src\metadata-builder\EntityMetadataBuilder.ts:1111:34)
    at C:\Users\ejecutivo\Desktop\mina_project\BackMina\src\metadata-builder\EntityMetadataBuilder.ts:158:18
    at Array.forEach (<anonymous>)
    at EntityMetadataBuilder.build (C:\Users\ejecutivo\Desktop\mina_project\BackMina\src\metadata-builder\EntityMetadataBuilder.ts:157:25)
    at ConnectionMetadataBuilder.buildEntityMetadatas (C:\Users\ejecutivo\Desktop\mina_project\BackMina\src\connection\ConnectionMetadataBuilder.ts:106:11)
    at processTicksAndRejections (node:internal/process/task_queues:95:5)
    at DataSource.buildMetadatas (C:\Users\ejecutivo\Desktop\mina_project\BackMina\src\data-source\DataSource.ts:710:13)
    at DataSource.initialize (C:\Users\ejecutivo\Desktop\mina_project\BackMina\src\data-source\DataSource.ts:263:13)
2024-07-24 23:29:17:4945 error: Entity metadata for EmployeeEntity#userRegister was not found. Check if you specified a correct entity object and if it's connected in the connection options. TypeORMError: Entity metadata for EmployeeEntity#userRegister was not found. Check if you specified a correct entity object and if it's connected in the connection options.
    at C:\Users\ejecutivo\Desktop\mina_project\BackMina\src\metadata-builder\EntityMetadataBuilder.ts:1121:23
    at Array.forEach (<anonymous>)
    at EntityMetadataBuilder.computeInverseProperties (C:\Users\ejecutivo\Desktop\mina_project\BackMina\src\metadata-builder\EntityMetadataBuilder.ts:1111:34)
    at C:\Users\ejecutivo\Desktop\mina_project\BackMina\src\metadata-builder\EntityMetadataBuilder.ts:158:18
    at Array.forEach (<anonymous>)
    at EntityMetadataBuilder.build (C:\Users\ejecutivo\Desktop\mina_project\BackMina\src\metadata-builder\EntityMetadataBuilder.ts:157:25)
    at ConnectionMetadataBuilder.buildEntityMetadatas (C:\Users\ejecutivo\Desktop\mina_project\BackMina\src\connection\ConnectionMetadataBuilder.ts:106:11)
    at processTicksAndRejections (node:internal/process/task_queues:95:5)
    at DataSource.buildMetadatas (C:\Users\ejecutivo\Desktop\mina_project\BackMina\src\data-source\DataSource.ts:710:13)
    at DataSource.initialize (C:\Users\ejecutivo\Desktop\mina_project\BackMina\src\data-source\DataSource.ts:263:13)
2024-07-24 23:29:36:4024 error: Entity metadata for EmployeeEntity#userRegister was not found. Check if you specified a correct entity object and if it's connected in the connection options. TypeORMError: Entity metadata for EmployeeEntity#userRegister was not found. Check if you specified a correct entity object and if it's connected in the connection options.
    at C:\Users\ejecutivo\Desktop\mina_project\BackMina\src\metadata-builder\EntityMetadataBuilder.ts:1121:23
    at Array.forEach (<anonymous>)
    at EntityMetadataBuilder.computeInverseProperties (C:\Users\ejecutivo\Desktop\mina_project\BackMina\src\metadata-builder\EntityMetadataBuilder.ts:1111:34)
    at C:\Users\ejecutivo\Desktop\mina_project\BackMina\src\metadata-builder\EntityMetadataBuilder.ts:158:18
    at Array.forEach (<anonymous>)
    at EntityMetadataBuilder.build (C:\Users\ejecutivo\Desktop\mina_project\BackMina\src\metadata-builder\EntityMetadataBuilder.ts:157:25)
    at ConnectionMetadataBuilder.buildEntityMetadatas (C:\Users\ejecutivo\Desktop\mina_project\BackMina\src\connection\ConnectionMetadataBuilder.ts:106:11)
    at processTicksAndRejections (node:internal/process/task_queues:95:5)
    at DataSource.buildMetadatas (C:\Users\ejecutivo\Desktop\mina_project\BackMina\src\data-source\DataSource.ts:710:13)
    at DataSource.initialize (C:\Users\ejecutivo\Desktop\mina_project\BackMina\src\data-source\DataSource.ts:263:13)
2024-07-24 23:30:32:8358 error: Entity metadata for EmployeeEntity#userRegister was not found. Check if you specified a correct entity object and if it's connected in the connection options. TypeORMError: Entity metadata for EmployeeEntity#userRegister was not found. Check if you specified a correct entity object and if it's connected in the connection options.
    at C:\Users\ejecutivo\Desktop\mina_project\BackMina\src\metadata-builder\EntityMetadataBuilder.ts:1121:23
    at Array.forEach (<anonymous>)
    at EntityMetadataBuilder.computeInverseProperties (C:\Users\ejecutivo\Desktop\mina_project\BackMina\src\metadata-builder\EntityMetadataBuilder.ts:1111:34)
    at C:\Users\ejecutivo\Desktop\mina_project\BackMina\src\metadata-builder\EntityMetadataBuilder.ts:158:18
    at Array.forEach (<anonymous>)
    at EntityMetadataBuilder.build (C:\Users\ejecutivo\Desktop\mina_project\BackMina\src\metadata-builder\EntityMetadataBuilder.ts:157:25)
    at ConnectionMetadataBuilder.buildEntityMetadatas (C:\Users\ejecutivo\Desktop\mina_project\BackMina\src\connection\ConnectionMetadataBuilder.ts:106:11)
    at processTicksAndRejections (node:internal/process/task_queues:95:5)
    at DataSource.buildMetadatas (C:\Users\ejecutivo\Desktop\mina_project\BackMina\src\data-source\DataSource.ts:710:13)
    at DataSource.initialize (C:\Users\ejecutivo\Desktop\mina_project\BackMina\src\data-source\DataSource.ts:263:13)
2024-07-24 23:34:09:8178 error: Entity metadata for EmployeeEntity#userRegister was not found. Check if you specified a correct entity object and if it's connected in the connection options. TypeORMError: Entity metadata for EmployeeEntity#userRegister was not found. Check if you specified a correct entity object and if it's connected in the connection options.
    at C:\Users\ejecutivo\Desktop\mina_project\BackMina\src\metadata-builder\EntityMetadataBuilder.ts:1121:23
    at Array.forEach (<anonymous>)
    at EntityMetadataBuilder.computeInverseProperties (C:\Users\ejecutivo\Desktop\mina_project\BackMina\src\metadata-builder\EntityMetadataBuilder.ts:1111:34)
    at C:\Users\ejecutivo\Desktop\mina_project\BackMina\src\metadata-builder\EntityMetadataBuilder.ts:158:18
    at Array.forEach (<anonymous>)
    at EntityMetadataBuilder.build (C:\Users\ejecutivo\Desktop\mina_project\BackMina\src\metadata-builder\EntityMetadataBuilder.ts:157:25)
    at ConnectionMetadataBuilder.buildEntityMetadatas (C:\Users\ejecutivo\Desktop\mina_project\BackMina\src\connection\ConnectionMetadataBuilder.ts:106:11)
    at processTicksAndRejections (node:internal/process/task_queues:95:5)
    at DataSource.buildMetadatas (C:\Users\ejecutivo\Desktop\mina_project\BackMina\src\data-source\DataSource.ts:710:13)
    at DataSource.initialize (C:\Users\ejecutivo\Desktop\mina_project\BackMina\src\data-source\DataSource.ts:263:13)
2024-07-24 23:37:16:1512 error: Entity metadata for EmployeeEntity#userRegister was not found. Check if you specified a correct entity object and if it's connected in the connection options. TypeORMError: Entity metadata for EmployeeEntity#userRegister was not found. Check if you specified a correct entity object and if it's connected in the connection options.
    at C:\Users\ejecutivo\Desktop\mina_project\BackMina\src\metadata-builder\EntityMetadataBuilder.ts:1121:23
    at Array.forEach (<anonymous>)
    at EntityMetadataBuilder.computeInverseProperties (C:\Users\ejecutivo\Desktop\mina_project\BackMina\src\metadata-builder\EntityMetadataBuilder.ts:1111:34)
    at C:\Users\ejecutivo\Desktop\mina_project\BackMina\src\metadata-builder\EntityMetadataBuilder.ts:158:18
    at Array.forEach (<anonymous>)
    at EntityMetadataBuilder.build (C:\Users\ejecutivo\Desktop\mina_project\BackMina\src\metadata-builder\EntityMetadataBuilder.ts:157:25)
    at ConnectionMetadataBuilder.buildEntityMetadatas (C:\Users\ejecutivo\Desktop\mina_project\BackMina\src\connection\ConnectionMetadataBuilder.ts:106:11)
    at processTicksAndRejections (node:internal/process/task_queues:95:5)
    at DataSource.buildMetadatas (C:\Users\ejecutivo\Desktop\mina_project\BackMina\src\data-source\DataSource.ts:710:13)
    at DataSource.initialize (C:\Users\ejecutivo\Desktop\mina_project\BackMina\src\data-source\DataSource.ts:263:13)
2024-07-24 23:37:27:5215 error: Entity metadata for EmployeeEntity#userRegister was not found. Check if you specified a correct entity object and if it's connected in the connection options. TypeORMError: Entity metadata for EmployeeEntity#userRegister was not found. Check if you specified a correct entity object and if it's connected in the connection options.
    at C:\Users\ejecutivo\Desktop\mina_project\BackMina\src\metadata-builder\EntityMetadataBuilder.ts:1121:23
    at Array.forEach (<anonymous>)
    at EntityMetadataBuilder.computeInverseProperties (C:\Users\ejecutivo\Desktop\mina_project\BackMina\src\metadata-builder\EntityMetadataBuilder.ts:1111:34)
    at C:\Users\ejecutivo\Desktop\mina_project\BackMina\src\metadata-builder\EntityMetadataBuilder.ts:158:18
    at Array.forEach (<anonymous>)
    at EntityMetadataBuilder.build (C:\Users\ejecutivo\Desktop\mina_project\BackMina\src\metadata-builder\EntityMetadataBuilder.ts:157:25)
    at ConnectionMetadataBuilder.buildEntityMetadatas (C:\Users\ejecutivo\Desktop\mina_project\BackMina\src\connection\ConnectionMetadataBuilder.ts:106:11)
    at processTicksAndRejections (node:internal/process/task_queues:95:5)
    at DataSource.buildMetadatas (C:\Users\ejecutivo\Desktop\mina_project\BackMina\src\data-source\DataSource.ts:710:13)
    at DataSource.initialize (C:\Users\ejecutivo\Desktop\mina_project\BackMina\src\data-source\DataSource.ts:263:13)
2024-07-24 23:37:49:1712 error: Entity metadata for EmployeeEntity#userRegister was not found. Check if you specified a correct entity object and if it's connected in the connection options. TypeORMError: Entity metadata for EmployeeEntity#userRegister was not found. Check if you specified a correct entity object and if it's connected in the connection options.
    at C:\Users\ejecutivo\Desktop\mina_project\BackMina\src\metadata-builder\EntityMetadataBuilder.ts:1121:23
    at Array.forEach (<anonymous>)
    at EntityMetadataBuilder.computeInverseProperties (C:\Users\ejecutivo\Desktop\mina_project\BackMina\src\metadata-builder\EntityMetadataBuilder.ts:1111:34)
    at C:\Users\ejecutivo\Desktop\mina_project\BackMina\src\metadata-builder\EntityMetadataBuilder.ts:158:18
    at Array.forEach (<anonymous>)
    at EntityMetadataBuilder.build (C:\Users\ejecutivo\Desktop\mina_project\BackMina\src\metadata-builder\EntityMetadataBuilder.ts:157:25)
    at ConnectionMetadataBuilder.buildEntityMetadatas (C:\Users\ejecutivo\Desktop\mina_project\BackMina\src\connection\ConnectionMetadataBuilder.ts:106:11)
    at processTicksAndRejections (node:internal/process/task_queues:95:5)
    at DataSource.buildMetadatas (C:\Users\ejecutivo\Desktop\mina_project\BackMina\src\data-source\DataSource.ts:710:13)
    at DataSource.initialize (C:\Users\ejecutivo\Desktop\mina_project\BackMina\src\data-source\DataSource.ts:263:13)
2024-07-24 23:39:08:5916 error: Entity metadata for EmployeeEntity#userRegister was not found. Check if you specified a correct entity object and if it's connected in the connection options. TypeORMError: Entity metadata for EmployeeEntity#userRegister was not found. Check if you specified a correct entity object and if it's connected in the connection options.
    at C:\Users\ejecutivo\Desktop\mina_project\BackMina\src\metadata-builder\EntityMetadataBuilder.ts:1121:23
    at Array.forEach (<anonymous>)
    at EntityMetadataBuilder.computeInverseProperties (C:\Users\ejecutivo\Desktop\mina_project\BackMina\src\metadata-builder\EntityMetadataBuilder.ts:1111:34)
    at C:\Users\ejecutivo\Desktop\mina_project\BackMina\src\metadata-builder\EntityMetadataBuilder.ts:158:18
    at Array.forEach (<anonymous>)
    at EntityMetadataBuilder.build (C:\Users\ejecutivo\Desktop\mina_project\BackMina\src\metadata-builder\EntityMetadataBuilder.ts:157:25)
    at ConnectionMetadataBuilder.buildEntityMetadatas (C:\Users\ejecutivo\Desktop\mina_project\BackMina\src\connection\ConnectionMetadataBuilder.ts:106:11)
    at processTicksAndRejections (node:internal/process/task_queues:95:5)
    at DataSource.buildMetadatas (C:\Users\ejecutivo\Desktop\mina_project\BackMina\src\data-source\DataSource.ts:710:13)
    at DataSource.initialize (C:\Users\ejecutivo\Desktop\mina_project\BackMina\src\data-source\DataSource.ts:263:13)
2024-07-24 23:39:17:96810 error: Entity metadata for EmployeeEntity#userRegister was not found. Check if you specified a correct entity object and if it's connected in the connection options. TypeORMError: Entity metadata for EmployeeEntity#userRegister was not found. Check if you specified a correct entity object and if it's connected in the connection options.
    at C:\Users\ejecutivo\Desktop\mina_project\BackMina\src\metadata-builder\EntityMetadataBuilder.ts:1121:23
    at Array.forEach (<anonymous>)
    at EntityMetadataBuilder.computeInverseProperties (C:\Users\ejecutivo\Desktop\mina_project\BackMina\src\metadata-builder\EntityMetadataBuilder.ts:1111:34)
    at C:\Users\ejecutivo\Desktop\mina_project\BackMina\src\metadata-builder\EntityMetadataBuilder.ts:158:18
    at Array.forEach (<anonymous>)
    at EntityMetadataBuilder.build (C:\Users\ejecutivo\Desktop\mina_project\BackMina\src\metadata-builder\EntityMetadataBuilder.ts:157:25)
    at ConnectionMetadataBuilder.buildEntityMetadatas (C:\Users\ejecutivo\Desktop\mina_project\BackMina\src\connection\ConnectionMetadataBuilder.ts:106:11)
    at processTicksAndRejections (node:internal/process/task_queues:95:5)
    at DataSource.buildMetadatas (C:\Users\ejecutivo\Desktop\mina_project\BackMina\src\data-source\DataSource.ts:710:13)
    at DataSource.initialize (C:\Users\ejecutivo\Desktop\mina_project\BackMina\src\data-source\DataSource.ts:263:13)
2024-07-24 23:39:34:1682 error: Entity metadata for EmployeeEntity#userRegister was not found. Check if you specified a correct entity object and if it's connected in the connection options. TypeORMError: Entity metadata for EmployeeEntity#userRegister was not found. Check if you specified a correct entity object and if it's connected in the connection options.
    at C:\Users\ejecutivo\Desktop\mina_project\BackMina\src\metadata-builder\EntityMetadataBuilder.ts:1121:23
    at Array.forEach (<anonymous>)
    at EntityMetadataBuilder.computeInverseProperties (C:\Users\ejecutivo\Desktop\mina_project\BackMina\src\metadata-builder\EntityMetadataBuilder.ts:1111:34)
    at C:\Users\ejecutivo\Desktop\mina_project\BackMina\src\metadata-builder\EntityMetadataBuilder.ts:158:18
    at Array.forEach (<anonymous>)
    at EntityMetadataBuilder.build (C:\Users\ejecutivo\Desktop\mina_project\BackMina\src\metadata-builder\EntityMetadataBuilder.ts:157:25)
    at ConnectionMetadataBuilder.buildEntityMetadatas (C:\Users\ejecutivo\Desktop\mina_project\BackMina\src\connection\ConnectionMetadataBuilder.ts:106:11)
    at processTicksAndRejections (node:internal/process/task_queues:95:5)
    at DataSource.buildMetadatas (C:\Users\ejecutivo\Desktop\mina_project\BackMina\src\data-source\DataSource.ts:710:13)
    at DataSource.initialize (C:\Users\ejecutivo\Desktop\mina_project\BackMina\src\data-source\DataSource.ts:263:13)
2024-07-24 23:40:34:3954 error: Entity metadata for EmployeeEntity#userRegister was not found. Check if you specified a correct entity object and if it's connected in the connection options. TypeORMError: Entity metadata for EmployeeEntity#userRegister was not found. Check if you specified a correct entity object and if it's connected in the connection options.
    at C:\Users\ejecutivo\Desktop\mina_project\BackMina\src\metadata-builder\EntityMetadataBuilder.ts:1121:23
    at Array.forEach (<anonymous>)
    at EntityMetadataBuilder.computeInverseProperties (C:\Users\ejecutivo\Desktop\mina_project\BackMina\src\metadata-builder\EntityMetadataBuilder.ts:1111:34)
    at C:\Users\ejecutivo\Desktop\mina_project\BackMina\src\metadata-builder\EntityMetadataBuilder.ts:158:18
    at Array.forEach (<anonymous>)
    at EntityMetadataBuilder.build (C:\Users\ejecutivo\Desktop\mina_project\BackMina\src\metadata-builder\EntityMetadataBuilder.ts:157:25)
    at ConnectionMetadataBuilder.buildEntityMetadatas (C:\Users\ejecutivo\Desktop\mina_project\BackMina\src\connection\ConnectionMetadataBuilder.ts:106:11)
    at processTicksAndRejections (node:internal/process/task_queues:95:5)
    at DataSource.buildMetadatas (C:\Users\ejecutivo\Desktop\mina_project\BackMina\src\data-source\DataSource.ts:710:13)
    at DataSource.initialize (C:\Users\ejecutivo\Desktop\mina_project\BackMina\src\data-source\DataSource.ts:263:13)
