2024-06-04 08:08:37:95510 info: Database connected successfully! 
2024-06-04 08:08:38:4074 debug: EmployeeService:constructor 
2024-06-04 08:08:54:6697 http: [2024-06-04T13:08:54.668Z] ::1 "GET /swagger/swagger-ui.css HTTP/1.1" 304 - "http://localhost:3401/swagger/" "Mozilla/5.0 (Windows NT 10.0; Win64; x64) AppleWebKit/537.36 (KHTML, like Gecko) Chrome/125.0.0.0 Safari/537.36" {} 17.060 ms
 
2024-06-04 08:08:54:6737 http: [2024-06-04T13:08:54.672Z] ::1 "GET /swagger/swagger-ui-bundle.js HTTP/1.1" 304 - "http://localhost:3401/swagger/" "Mozilla/5.0 (Windows NT 10.0; Win64; x64) AppleWebKit/537.36 (KHTML, like Gecko) Chrome/125.0.0.0 Safari/537.36" {} 16.674 ms
 
2024-06-04 08:08:54:7257 http: [2024-06-04T13:08:54.725Z] ::1 "GET /swagger/swagger-ui-init.js HTTP/1.1" 304 - "http://localhost:3401/swagger/" "Mozilla/5.0 (Windows NT 10.0; Win64; x64) AppleWebKit/537.36 (KHTML, like Gecko) Chrome/125.0.0.0 Safari/537.36" {} 5.628 ms
 
2024-06-04 08:08:54:7377 http: [2024-06-04T13:08:54.737Z] ::1 "GET /swagger/swagger-ui-standalone-preset.js HTTP/1.1" 304 - "http://localhost:3401/swagger/" "Mozilla/5.0 (Windows NT 10.0; Win64; x64) AppleWebKit/537.36 (KHTML, like Gecko) Chrome/125.0.0.0 Safari/537.36" {} 18.695 ms
 
2024-06-04 08:10:00:1371 http: [2024-06-04T13:10:00.137Z] ::1 "GET /api/v1/employee/document/224234545454 HTTP/1.1" 200 874 "http://localhost:3401/swagger/" "Mozilla/5.0 (Windows NT 10.0; Win64; x64) AppleWebKit/537.36 (KHTML, like Gecko) Chrome/125.0.0.0 Safari/537.36" {} 212.595 ms
 
2024-06-04 08:11:39:1682 http: [2024-06-04T13:11:39.168Z] ::1 "GET /api/v1/employee HTTP/1.1" 200 - "-" "node" {} 305.281 ms
 
2024-06-04 08:12:45:1792 http: [2024-06-04T13:12:45.178Z] ::1 "GET /api/v1/employee HTTP/1.1" 200 - "-" "node" {} 133.111 ms
 
2024-06-04 08:12:45:5395 http: [2024-06-04T13:12:45.538Z] ::1 "GET /api/v1/employee HTTP/1.1" 200 - "-" "node" {} 57.353 ms
 
2024-06-04 08:13:18:0450 debug: Finding data of 'EmployeeEntity' by id: 4 
2024-06-04 08:13:18:3133 http: [2024-06-04T13:13:18.312Z] ::1 "GET /api/v1/employee/4 HTTP/1.1" 200 882 "http://localhost:3000/" "Mozilla/5.0 (Windows NT 10.0; Win64; x64) AppleWebKit/537.36 (KHTML, like Gecko) Chrome/125.0.0.0 Safari/537.36" {} 267.271 ms
 
2024-06-04 08:13:26:7628 http: [2024-06-04T13:13:26.762Z] ::1 "GET /api/v1/employee HTTP/1.1" 200 - "-" "node" {} 47.630 ms
 
2024-06-04 08:13:37:4535 http: [2024-06-04T13:13:37.453Z] ::1 "GET /api/v1/employee HTTP/1.1" 200 - "-" "node" {} 167.791 ms
 
2024-06-04 08:13:45:1792 debug: Finding data of 'EmployeeEntity' by id: 18 
2024-06-04 08:13:45:2162 http: [2024-06-04T13:13:45.215Z] ::1 "GET /api/v1/employee/18 HTTP/1.1" 200 866 "http://localhost:3000/" "Mozilla/5.0 (Windows NT 10.0; Win64; x64) AppleWebKit/537.36 (KHTML, like Gecko) Chrome/125.0.0.0 Safari/537.36" {} 34.649 ms
 
2024-06-04 08:13:53:1502 http: [2024-06-04T13:13:53.150Z] ::1 "GET /api/v1/employee HTTP/1.1" 200 - "-" "node" {} 43.246 ms
 
2024-06-04 19:01:04:5145 info: Database connected successfully! 
2024-06-04 19:01:04:9459 debug: EmployeeService:constructor 
2024-06-04 19:01:16:4314 http: [2024-06-05T00:01:16.430Z] ::1 "GET /api/v1/employee HTTP/1.1" 200 - "-" "node" {} 227.791 ms
 
2024-06-04 19:01:30:7267 http: [2024-06-05T00:01:30.726Z] ::1 "GET /api/v1/employee HTTP/1.1" 200 - "-" "node" {} 158.136 ms
 
2024-06-04 19:01:32:5896 debug: Finding data of 'EmployeeEntity' by id: 16 
2024-06-04 19:01:32:6567 http: [2024-06-05T00:01:32.656Z] ::1 "GET /api/v1/employee/16 HTTP/1.1" 200 857 "http://localhost:3000/" "Mozilla/5.0 (Windows NT 10.0; Win64; x64) AppleWebKit/537.36 (KHTML, like Gecko) Chrome/125.0.0.0 Safari/537.36" {} 66.980 ms
 
2024-06-04 20:19:27:4304 info: Database connected successfully! 
2024-06-04 20:19:27:7397 debug: EmployeeService:constructor 
2024-06-04 20:20:57:8869 http: [2024-06-05T01:20:57.885Z] ::1 "GET /api/v1/employee HTTP/1.1" 200 - "-" "node" {} 344.300 ms
 
2024-06-04 20:20:58:7568 http: [2024-06-05T01:20:58.756Z] ::1 "GET /api/v1/employee HTTP/1.1" 200 - "-" "node" {} 58.758 ms
 
2024-06-04 20:20:59:1131 http: [2024-06-05T01:20:59.113Z] ::1 "GET /api/v1/employee HTTP/1.1" 200 - "-" "node" {} 63.718 ms
 
2024-06-04 20:21:09:7688 debug: Finding data of 'EmployeeEntity' by id: 15 
2024-06-04 20:21:10:0581 http: [2024-06-05T01:21:10.058Z] ::1 "GET /api/v1/employee/15 HTTP/1.1" 200 862 "http://localhost:3000/" "Mozilla/5.0 (Windows NT 10.0; Win64; x64) AppleWebKit/537.36 (KHTML, like Gecko) Chrome/125.0.0.0 Safari/537.36" {} 290.530 ms
 
2024-06-04 21:03:37:8158 http: [2024-06-05T02:03:37.815Z] ::1 "GET /api/v1/employee HTTP/1.1" 200 - "-" "node" {} 226.378 ms
 
2024-06-04 21:33:33:6296 http: [2024-06-05T02:33:33.629Z] ::1 "GET /api/v1/employee HTTP/1.1" 200 - "-" "node" {} 95.361 ms
 
