2024-05-12 01:15:58:2813 error: Method not implemented. Error: Method not implemented.
    at EmployeeMapper.mapToEntity (C:\Users\ejecutivo\Desktop\mina_project\BackMina\src\domain\models\employeeModel.ts:48:11)
    at EmployeeService.<anonymous> (C:\Users\ejecutivo\Desktop\mina_project\BackMina\src\app\services\employeeService.ts:83:52)
    at Generator.next (<anonymous>)
    at fulfilled (C:\Users\ejecutivo\Desktop\mina_project\BackMina\src\app\services\employeeService.ts:17:58)
    at processTicksAndRejections (node:internal/process/task_queues:95:5)
2024-05-12 01:24:57:4364 error: Method not implemented. Error: Method not implemented.
    at EmployeeMapper.mapToEntity (C:\Users\ejecutivo\Desktop\mina_project\BackMina\src\domain\models\employeeModel.ts:48:11)
    at EmployeeService.<anonymous> (C:\Users\ejecutivo\Desktop\mina_project\BackMina\src\app\services\employeeService.ts:83:52)
    at Generator.next (<anonymous>)
    at fulfilled (C:\Users\ejecutivo\Desktop\mina_project\BackMina\src\app\services\employeeService.ts:17:58)
    at processTicksAndRejections (node:internal/process/task_queues:95:5)
2024-05-12 01:27:24:1612 error: Method not implemented. Error: Method not implemented.
    at EmployeeMapper.mapToEntity (C:\Users\ejecutivo\Desktop\mina_project\BackMina\src\domain\models\employeeModel.ts:48:11)
    at EmployeeService.<anonymous> (C:\Users\ejecutivo\Desktop\mina_project\BackMina\src\app\services\employeeService.ts:83:52)
    at Generator.next (<anonymous>)
    at fulfilled (C:\Users\ejecutivo\Desktop\mina_project\BackMina\src\app\services\employeeService.ts:17:58)
    at processTicksAndRejections (node:internal/process/task_queues:95:5)
2024-05-12 01:46:51:2212 error: no existe la columna «is_active» en la relación «employee_master» QueryFailedError: no existe la columna «is_active» en la relación «employee_master»
    at PostgresQueryRunner.query (C:\Users\ejecutivo\Desktop\mina_project\BackMina\src\driver\postgres\PostgresQueryRunner.ts:299:19)
    at processTicksAndRejections (node:internal/process/task_queues:95:5)
    at InsertQueryBuilder.execute (C:\Users\ejecutivo\Desktop\mina_project\BackMina\src\query-builder\InsertQueryBuilder.ts:163:33)
    at SubjectExecutor.executeInsertOperations (C:\Users\ejecutivo\Desktop\mina_project\BackMina\src\persistence\SubjectExecutor.ts:434:42)
    at SubjectExecutor.execute (C:\Users\ejecutivo\Desktop\mina_project\BackMina\src\persistence\SubjectExecutor.ts:137:9)
    at EntityPersistExecutor.execute (C:\Users\ejecutivo\Desktop\mina_project\BackMina\src\persistence\EntityPersistExecutor.ts:197:21)
2024-05-12 01:49:40:8639 error: no existe la columna «documentTypeId» en la relación «employee_master» QueryFailedError: no existe la columna «documentTypeId» en la relación «employee_master»
    at PostgresQueryRunner.query (C:\Users\ejecutivo\Desktop\mina_project\BackMina\src\driver\postgres\PostgresQueryRunner.ts:299:19)
    at processTicksAndRejections (node:internal/process/task_queues:95:5)
    at InsertQueryBuilder.execute (C:\Users\ejecutivo\Desktop\mina_project\BackMina\src\query-builder\InsertQueryBuilder.ts:163:33)
    at SubjectExecutor.executeInsertOperations (C:\Users\ejecutivo\Desktop\mina_project\BackMina\src\persistence\SubjectExecutor.ts:434:42)
    at SubjectExecutor.execute (C:\Users\ejecutivo\Desktop\mina_project\BackMina\src\persistence\SubjectExecutor.ts:137:9)
    at EntityPersistExecutor.execute (C:\Users\ejecutivo\Desktop\mina_project\BackMina\src\persistence\EntityPersistExecutor.ts:197:21)
2024-05-12 01:57:04:9189 error: no existe la columna «documentTypeId» en la relación «employee_master» QueryFailedError: no existe la columna «documentTypeId» en la relación «employee_master»
    at PostgresQueryRunner.query (C:\Users\ejecutivo\Desktop\mina_project\BackMina\src\driver\postgres\PostgresQueryRunner.ts:299:19)
    at processTicksAndRejections (node:internal/process/task_queues:95:5)
    at InsertQueryBuilder.execute (C:\Users\ejecutivo\Desktop\mina_project\BackMina\src\query-builder\InsertQueryBuilder.ts:163:33)
    at SubjectExecutor.executeInsertOperations (C:\Users\ejecutivo\Desktop\mina_project\BackMina\src\persistence\SubjectExecutor.ts:434:42)
    at SubjectExecutor.execute (C:\Users\ejecutivo\Desktop\mina_project\BackMina\src\persistence\SubjectExecutor.ts:137:9)
    at EntityPersistExecutor.execute (C:\Users\ejecutivo\Desktop\mina_project\BackMina\src\persistence\EntityPersistExecutor.ts:197:21)
2024-05-12 02:19:20:1271 error: no existe la columna «documentTypeId» en la relación «employee_master» QueryFailedError: no existe la columna «documentTypeId» en la relación «employee_master»
    at PostgresQueryRunner.query (C:\Users\ejecutivo\Desktop\mina_project\BackMina\src\driver\postgres\PostgresQueryRunner.ts:299:19)
    at processTicksAndRejections (node:internal/process/task_queues:95:5)
    at InsertQueryBuilder.execute (C:\Users\ejecutivo\Desktop\mina_project\BackMina\src\query-builder\InsertQueryBuilder.ts:163:33)
    at SubjectExecutor.executeInsertOperations (C:\Users\ejecutivo\Desktop\mina_project\BackMina\src\persistence\SubjectExecutor.ts:434:42)
    at SubjectExecutor.execute (C:\Users\ejecutivo\Desktop\mina_project\BackMina\src\persistence\SubjectExecutor.ts:137:9)
    at EntityPersistExecutor.execute (C:\Users\ejecutivo\Desktop\mina_project\BackMina\src\persistence\EntityPersistExecutor.ts:197:21)
2024-05-12 02:21:57:97210 error: no existe la columna «bloodTypeId» en la relación «employee_master» QueryFailedError: no existe la columna «bloodTypeId» en la relación «employee_master»
    at PostgresQueryRunner.query (C:\Users\ejecutivo\Desktop\mina_project\BackMina\src\driver\postgres\PostgresQueryRunner.ts:299:19)
    at processTicksAndRejections (node:internal/process/task_queues:95:5)
    at InsertQueryBuilder.execute (C:\Users\ejecutivo\Desktop\mina_project\BackMina\src\query-builder\InsertQueryBuilder.ts:163:33)
    at SubjectExecutor.executeInsertOperations (C:\Users\ejecutivo\Desktop\mina_project\BackMina\src\persistence\SubjectExecutor.ts:434:42)
    at SubjectExecutor.execute (C:\Users\ejecutivo\Desktop\mina_project\BackMina\src\persistence\SubjectExecutor.ts:137:9)
    at EntityPersistExecutor.execute (C:\Users\ejecutivo\Desktop\mina_project\BackMina\src\persistence\EntityPersistExecutor.ts:197:21)
