2024-09-04 19:31:11:1712 error: res is not a function TypeError: res is not a function
    at EmployeeController.<anonymous> (C:\Users\ejecutivo\Desktop\mina_project\BackMina\src\app\controllers\employeeController.ts:230:5)
    at Generator.next (<anonymous>)
    at fulfilled (C:\Users\ejecutivo\Desktop\mina_project\BackMina\src\app\controllers\employeeController.ts:17:58)
2024-09-04 19:32:03:7808 error: res is not a function TypeError: res is not a function
    at EmployeeController.<anonymous> (C:\Users\ejecutivo\Desktop\mina_project\BackMina\src\app\controllers\employeeController.ts:229:5)
    at Generator.next (<anonymous>)
    at fulfilled (C:\Users\ejecutivo\Desktop\mina_project\BackMina\src\app\controllers\employeeController.ts:17:58)
2024-09-04 19:53:29:1151 error: res is not a function TypeError: res is not a function
    at EmployeeController.<anonymous> (C:\Users\ejecutivo\Desktop\mina_project\BackMina\src\app\controllers\employeeController.ts:232:5)
    at Generator.next (<anonymous>)
    at fulfilled (C:\Users\ejecutivo\Desktop\mina_project\BackMina\src\app\controllers\employeeController.ts:17:58)
2024-09-04 20:00:47:3123 error: res is not a function TypeError: res is not a function
    at EmployeeController.<anonymous> (C:\Users\ejecutivo\Desktop\mina_project\BackMina\src\app\controllers\employeeController.ts:231:7)
    at Generator.next (<anonymous>)
    at fulfilled (C:\Users\ejecutivo\Desktop\mina_project\BackMina\src\app\controllers\employeeController.ts:17:58)
2024-09-04 21:13:39:9239 error: invalid input syntax for type integer: "document" QueryFailedError: invalid input syntax for type integer: "document"
    at PostgresQueryRunner.query (C:\Users\ejecutivo\Desktop\mina_project\BackMina\src\driver\postgres\PostgresQueryRunner.ts:331:19)
    at processTicksAndRejections (node:internal/process/task_queues:95:5)
    at SelectQueryBuilder.loadRawResults (C:\Users\ejecutivo\Desktop\mina_project\BackMina\src\query-builder\SelectQueryBuilder.ts:3805:25)
    at SelectQueryBuilder.executeEntitiesAndRawResults (C:\Users\ejecutivo\Desktop\mina_project\BackMina\src\query-builder\SelectQueryBuilder.ts:3551:26)
    at SelectQueryBuilder.getRawAndEntities (C:\Users\ejecutivo\Desktop\mina_project\BackMina\src\query-builder\SelectQueryBuilder.ts:1670:29)
    at SelectQueryBuilder.getOne (C:\Users\ejecutivo\Desktop\mina_project\BackMina\src\query-builder\SelectQueryBuilder.ts:1697:25)
2024-09-04 21:13:47:0861 error: invalid input syntax for type integer: "document" QueryFailedError: invalid input syntax for type integer: "document"
    at PostgresQueryRunner.query (C:\Users\ejecutivo\Desktop\mina_project\BackMina\src\driver\postgres\PostgresQueryRunner.ts:331:19)
    at processTicksAndRejections (node:internal/process/task_queues:95:5)
    at SelectQueryBuilder.loadRawResults (C:\Users\ejecutivo\Desktop\mina_project\BackMina\src\query-builder\SelectQueryBuilder.ts:3805:25)
    at SelectQueryBuilder.executeEntitiesAndRawResults (C:\Users\ejecutivo\Desktop\mina_project\BackMina\src\query-builder\SelectQueryBuilder.ts:3551:26)
    at SelectQueryBuilder.getRawAndEntities (C:\Users\ejecutivo\Desktop\mina_project\BackMina\src\query-builder\SelectQueryBuilder.ts:1670:29)
    at SelectQueryBuilder.getOne (C:\Users\ejecutivo\Desktop\mina_project\BackMina\src\query-builder\SelectQueryBuilder.ts:1697:25)
