2024-07-29 09:29:44:8408 error: no existe la columna «deleted_at» en la relación «user» QueryFailedError: no existe la columna «deleted_at» en la relación «user»
    at PostgresQueryRunner.query (C:\Users\ejecutivo\Desktop\mina_project\BackMina\src\driver\postgres\PostgresQueryRunner.ts:331:19)
    at processTicksAndRejections (node:internal/process/task_queues:95:5)
    at InsertQueryBuilder.execute (C:\Users\ejecutivo\Desktop\mina_project\BackMina\src\query-builder\InsertQueryBuilder.ts:163:33)
    at SubjectExecutor.executeInsertOperations (C:\Users\ejecutivo\Desktop\mina_project\BackMina\src\persistence\SubjectExecutor.ts:435:42)
    at SubjectExecutor.execute (C:\Users\ejecutivo\Desktop\mina_project\BackMina\src\persistence\SubjectExecutor.ts:137:9)
    at EntityPersistExecutor.execute (C:\Users\ejecutivo\Desktop\mina_project\BackMina\src\persistence\EntityPersistExecutor.ts:182:21)
2024-07-29 09:35:22:98810 error: el valor nulo en la columna «auth0_id» de la relación «user» viola la restricción de no nulo QueryFailedError: el valor nulo en la columna «auth0_id» de la relación «user» viola la restricción de no nulo
    at PostgresQueryRunner.query (C:\Users\ejecutivo\Desktop\mina_project\BackMina\src\driver\postgres\PostgresQueryRunner.ts:331:19)
    at processTicksAndRejections (node:internal/process/task_queues:95:5)
    at InsertQueryBuilder.execute (C:\Users\ejecutivo\Desktop\mina_project\BackMina\src\query-builder\InsertQueryBuilder.ts:163:33)
    at SubjectExecutor.executeInsertOperations (C:\Users\ejecutivo\Desktop\mina_project\BackMina\src\persistence\SubjectExecutor.ts:435:42)
    at SubjectExecutor.execute (C:\Users\ejecutivo\Desktop\mina_project\BackMina\src\persistence\SubjectExecutor.ts:137:9)
    at EntityPersistExecutor.execute (C:\Users\ejecutivo\Desktop\mina_project\BackMina\src\persistence\EntityPersistExecutor.ts:182:21)
2024-07-29 09:38:36:2132 error: el valor nulo en la columna «auth0_id» de la relación «user» viola la restricción de no nulo QueryFailedError: el valor nulo en la columna «auth0_id» de la relación «user» viola la restricción de no nulo
    at PostgresQueryRunner.query (C:\Users\ejecutivo\Desktop\mina_project\BackMina\src\driver\postgres\PostgresQueryRunner.ts:331:19)
    at processTicksAndRejections (node:internal/process/task_queues:95:5)
    at InsertQueryBuilder.execute (C:\Users\ejecutivo\Desktop\mina_project\BackMina\src\query-builder\InsertQueryBuilder.ts:163:33)
    at SubjectExecutor.executeInsertOperations (C:\Users\ejecutivo\Desktop\mina_project\BackMina\src\persistence\SubjectExecutor.ts:435:42)
    at SubjectExecutor.execute (C:\Users\ejecutivo\Desktop\mina_project\BackMina\src\persistence\SubjectExecutor.ts:137:9)
    at EntityPersistExecutor.execute (C:\Users\ejecutivo\Desktop\mina_project\BackMina\src\persistence\EntityPersistExecutor.ts:182:21)
2024-07-29 09:39:28:0170 error: el valor nulo en la columna «auth0_id» de la relación «user» viola la restricción de no nulo QueryFailedError: el valor nulo en la columna «auth0_id» de la relación «user» viola la restricción de no nulo
    at PostgresQueryRunner.query (C:\Users\ejecutivo\Desktop\mina_project\BackMina\src\driver\postgres\PostgresQueryRunner.ts:331:19)
    at processTicksAndRejections (node:internal/process/task_queues:95:5)
    at InsertQueryBuilder.execute (C:\Users\ejecutivo\Desktop\mina_project\BackMina\src\query-builder\InsertQueryBuilder.ts:163:33)
    at SubjectExecutor.executeInsertOperations (C:\Users\ejecutivo\Desktop\mina_project\BackMina\src\persistence\SubjectExecutor.ts:435:42)
    at SubjectExecutor.execute (C:\Users\ejecutivo\Desktop\mina_project\BackMina\src\persistence\SubjectExecutor.ts:137:9)
    at EntityPersistExecutor.execute (C:\Users\ejecutivo\Desktop\mina_project\BackMina\src\persistence\EntityPersistExecutor.ts:182:21)
2024-07-29 09:55:41:1902 error: Invalid credentials Error: Invalid credentials
    at UserService.<anonymous> (C:\Users\ejecutivo\Desktop\mina_project\BackMina\src\app\services\userService.ts:40:19)
    at Generator.next (<anonymous>)
    at fulfilled (C:\Users\ejecutivo\Desktop\mina_project\BackMina\src\app\services\userService.ts:17:58)
2024-07-29 09:57:30:0881 error: Invalid credentials Error: Invalid credentials
    at UserService.<anonymous> (C:\Users\ejecutivo\Desktop\mina_project\BackMina\src\app\services\userService.ts:40:19)
    at Generator.next (<anonymous>)
    at fulfilled (C:\Users\ejecutivo\Desktop\mina_project\BackMina\src\app\services\userService.ts:17:58)
2024-07-29 10:43:50:1682 error: Invalid credentials Error: Invalid credentials
    at UserService.<anonymous> (C:\Users\ejecutivo\Desktop\mina_project\BackMina\src\app\services\userService.ts:40:19)
    at Generator.next (<anonymous>)
    at fulfilled (C:\Users\ejecutivo\Desktop\mina_project\BackMina\src\app\services\userService.ts:17:58)
2024-07-29 14:21:10:6597 error: Invalid credentials Error: Invalid credentials
    at UserService.<anonymous> (C:\Users\ejecutivo\Desktop\mina_project\BackMina\src\app\services\userService.ts:40:19)
    at Generator.next (<anonymous>)
    at fulfilled (C:\Users\ejecutivo\Desktop\mina_project\BackMina\src\app\services\userService.ts:17:58)
2024-07-29 15:03:48:7237 error: Invalid credentials Error: Invalid credentials
    at UserService.<anonymous> (C:\Users\ejecutivo\Desktop\mina_project\BackMina\src\app\services\userService.ts:40:19)
    at Generator.next (<anonymous>)
    at fulfilled (C:\Users\ejecutivo\Desktop\mina_project\BackMina\src\app\services\userService.ts:17:58)
2024-07-29 15:04:31:2663 error: Invalid credentials Error: Invalid credentials
    at UserService.<anonymous> (C:\Users\ejecutivo\Desktop\mina_project\BackMina\src\app\services\userService.ts:40:19)
    at Generator.next (<anonymous>)
    at fulfilled (C:\Users\ejecutivo\Desktop\mina_project\BackMina\src\app\services\userService.ts:17:58)
2024-07-29 15:52:41:97710 error: Invalid password 
2024-07-29 15:52:41:98010 error: Invalid credentials Error: Invalid credentials
    at UserService.<anonymous> (C:\Users\ejecutivo\Desktop\mina_project\BackMina\src\app\services\userService.ts:46:19)
    at Generator.next (<anonymous>)
    at fulfilled (C:\Users\ejecutivo\Desktop\mina_project\BackMina\src\app\services\userService.ts:17:58)
