2024-05-25 13:23:58:4414 info: Database connected successfully! 
2024-05-25 13:23:58:9119 debug: EmployeeService:constructor 
2024-05-25 13:25:28:3864 http: [2024-05-25T18:25:28.385Z] ::1 "GET /api/v1/employee HTTP/1.1" 200 - "-" "node" {} 246.211 ms
 
2024-05-25 13:29:01:9009 http: [2024-05-25T18:29:01.900Z] ::1 "GET /api/v1/employee HTTP/1.1" 200 - "-" "node" {} 140.605 ms
 
2024-05-25 13:29:02:3844 http: [2024-05-25T18:29:02.384Z] ::1 "GET /api/v1/employee HTTP/1.1" 200 - "-" "node" {} 44.019 ms
 
2024-05-25 13:38:24:7187 http: [2024-05-25T18:38:24.717Z] ::1 "GET /api/v1/employee HTTP/1.1" 200 - "-" "node" {} 123.744 ms
 
2024-05-25 13:39:48:1441 debug: Creating data of 'EmployeeEntity' 
2024-05-25 13:39:48:3443 error: la sintaxis de entrada no es válida para tipo integer: «{"id":1,"region":"Región Andina","departmentCode":2,"department":"Antioquia","municipalityCode":1,"municipality":"Medellín"}» QueryFailedError: la sintaxis de entrada no es válida para tipo integer: «{"id":1,"region":"Región Andina","departmentCode":2,"department":"Antioquia","municipalityCode":1,"municipality":"Medellín"}»
    at PostgresQueryRunner.query (C:\Users\ejecutivo\Desktop\mina_project\BackMina\src\driver\postgres\PostgresQueryRunner.ts:299:19)
    at processTicksAndRejections (node:internal/process/task_queues:95:5)
    at InsertQueryBuilder.execute (C:\Users\ejecutivo\Desktop\mina_project\BackMina\src\query-builder\InsertQueryBuilder.ts:163:33)
    at SubjectExecutor.executeInsertOperations (C:\Users\ejecutivo\Desktop\mina_project\BackMina\src\persistence\SubjectExecutor.ts:434:42)
    at SubjectExecutor.execute (C:\Users\ejecutivo\Desktop\mina_project\BackMina\src\persistence\SubjectExecutor.ts:137:9)
    at EntityPersistExecutor.execute (C:\Users\ejecutivo\Desktop\mina_project\BackMina\src\persistence\EntityPersistExecutor.ts:197:21)
2024-05-25 13:39:48:5275 http: [2024-05-25T18:39:48.527Z] ::1 "POST /api/v1/employee HTTP/1.1" 500 32 "http://localhost:3000/" "Mozilla/5.0 (Windows NT 10.0; Win64; x64) AppleWebKit/537.36 (KHTML, like Gecko) Chrome/125.0.0.0 Safari/537.36" {"documentTypeId":2,"documentNumber":"224234545454","name":"adasdasdsdsd","firstLastName":"ererere","secondLastName":"tytytyt","email":"sdfghfghhghg@gmail.com","cellPhone":"3235657787","phone":"0000000","municipalityId":{"id":1,"region":"Región Andina","departmentCode":2,"department":"Antioquia","municipalityCode":1,"municipality":"Medellín"},"departmentCode":2,"municipalityCode":105,"district":6,"address":"sdf 54 - 89","bloodTypeId":1,"nationalityId":1,"departmentBirthCode":2,"municipalityBirthCode":1,"educationLevelId":1,"lastYearStudy":0,"genderId":1,"maritalStatusId":1,"children":0,"ageChildren":"","lastCompany":"","monthsWorked":0,"workExperience":"","workIncapacity":"","workingTypeId":1,"salary":0,"epsId":1,"afpId":1,"afcId":1,"arlId":1,"rlId":1,"ccfId":1,"noveltyId":0} 382.374 ms
 
2024-05-25 15:12:55:0380 info: Database connected successfully! 
2024-05-25 15:12:55:3624 debug: EmployeeService:constructor 
2024-05-25 15:31:30:4815 http: [2024-05-25T20:31:30.481Z] ::1 "GET /api/v1/employee HTTP/1.1" 200 - "-" "node" {} 222.385 ms
 
2024-05-25 15:31:31:0871 http: [2024-05-25T20:31:31.086Z] ::1 "GET /api/v1/employee HTTP/1.1" 200 - "-" "node" {} 43.343 ms
 
2024-05-25 15:31:31:4284 http: [2024-05-25T20:31:31.428Z] ::1 "GET /api/v1/employee HTTP/1.1" 200 - "-" "node" {} 38.722 ms
 
2024-05-25 15:35:40:6867 debug: Creating data of 'EmployeeEntity' 
2024-05-25 15:35:40:8969 error: el valor nulo en la columna «municipality_id» de la relación «employee_master» viola la restricción de no nulo QueryFailedError: el valor nulo en la columna «municipality_id» de la relación «employee_master» viola la restricción de no nulo
    at PostgresQueryRunner.query (C:\Users\ejecutivo\Desktop\mina_project\BackMina\src\driver\postgres\PostgresQueryRunner.ts:299:19)
    at processTicksAndRejections (node:internal/process/task_queues:95:5)
    at InsertQueryBuilder.execute (C:\Users\ejecutivo\Desktop\mina_project\BackMina\src\query-builder\InsertQueryBuilder.ts:163:33)
    at SubjectExecutor.executeInsertOperations (C:\Users\ejecutivo\Desktop\mina_project\BackMina\src\persistence\SubjectExecutor.ts:434:42)
    at SubjectExecutor.execute (C:\Users\ejecutivo\Desktop\mina_project\BackMina\src\persistence\SubjectExecutor.ts:137:9)
    at EntityPersistExecutor.execute (C:\Users\ejecutivo\Desktop\mina_project\BackMina\src\persistence\EntityPersistExecutor.ts:197:21)
2024-05-25 15:35:41:0100 http: [2024-05-25T20:35:41.010Z] ::1 "POST /api/v1/employee HTTP/1.1" 500 32 "http://localhost:3000/" "Mozilla/5.0 (Windows NT 10.0; Win64; x64) AppleWebKit/537.36 (KHTML, like Gecko) Chrome/125.0.0.0 Safari/537.36" {"documentTypeId":2,"documentNumber":"224234545454","name":"Jesus","firstLastName":"Sagrado","secondLastName":"Rojas","email":"sdfghfghhghg@gmail.com","cellPhone":"3105488546","phone":"0000000","departmentCode":2,"municipalityCode":105,"district":6,"address":"sdf 33 54 - 89","bloodTypeId":1,"dateBirth":"1990-03-15T00:00:00.000Z","nationalityId":1,"departmentBirthCode":2,"municipalityBirthCode":105,"educationLevelId":1,"lastYearStudy":"5","genderId":1,"maritalStatusId":1,"children":0,"ageChildren":"","lastCompany":"","monthsWorked":0,"workExperience":"No registra","workIncapacity":"No registra","workingTypeId":1,"salary":"1350000","epsId":1,"afpId":1,"afcId":1,"arlId":1,"rlId":2,"ccfId":1,"noveltyId":0} 324.420 ms
 
2024-05-25 16:04:49:9099 info: Database connected successfully! 
2024-05-25 16:04:50:2873 debug: EmployeeService:constructor 
2024-05-25 16:06:35:0521 http: [2024-05-25T21:06:35.051Z] ::1 "GET /api/v1/employee HTTP/1.1" 200 - "-" "node" {} 243.529 ms
 
2024-05-25 16:06:35:7317 http: [2024-05-25T21:06:35.731Z] ::1 "GET /api/v1/employee HTTP/1.1" 200 - "-" "node" {} 55.226 ms
 
2024-05-25 16:06:36:2272 http: [2024-05-25T21:06:36.227Z] ::1 "GET /api/v1/employee HTTP/1.1" 200 - "-" "node" {} 55.583 ms
 
2024-05-25 16:08:30:6597 debug: Creating data of 'EmployeeEntity' 
2024-05-25 16:08:30:8679 http: [2024-05-25T21:08:30.866Z] ::1 "POST /api/v1/employee HTTP/1.1" 201 810 "http://localhost:3000/" "Mozilla/5.0 (Windows NT 10.0; Win64; x64) AppleWebKit/537.36 (KHTML, like Gecko) Chrome/125.0.0.0 Safari/537.36" {"documentTypeId":1,"documentNumber":"224234545454","name":"Jesus","firstLastName":"Sagrado","secondLastName":"Rojas","email":"sdfghfghhghg@gmail.com","cellPhone":"3105488546","phone":"0000000","municipalityId":1,"departmentCode":2,"municipalityCode":105,"district":6,"address":"","bloodTypeId":1,"dateBirth":"1993-03-17T00:00:00.000Z","nationalityId":1,"departmentBirthCode":2,"municipalityBirthCode":105,"educationLevelId":1,"lastYearStudy":0,"genderId":1,"maritalStatusId":1,"children":0,"ageChildren":"","lastCompany":"No registra","monthsWorked":0,"workExperience":"No registra","workIncapacity":"No registra","workingTypeId":1,"salary":"1350000","epsId":1,"afpId":1,"afcId":1,"arlId":1,"rlId":2,"ccfId":1,"noveltyId":0} 209.714 ms
 
2024-05-25 16:08:50:2292 http: [2024-05-25T21:08:50.228Z] ::1 "GET /api/v1/employee HTTP/1.1" 200 - "-" "node" {} 157.143 ms
 
2024-05-25 16:09:56:3714 debug: Finding data of 'EmployeeEntity' by id: 7 
2024-05-25 16:09:56:5856 http: [2024-05-25T21:09:56.585Z] ::1 "GET /api/v1/employee/7 HTTP/1.1" 200 867 "http://localhost:3000/" "Mozilla/5.0 (Windows NT 10.0; Win64; x64) AppleWebKit/537.36 (KHTML, like Gecko) Chrome/125.0.0.0 Safari/537.36" {} 213.895 ms
 
2024-05-25 16:12:24:7497 debug: Creating data of 'EmployeeEntity' 
2024-05-25 16:12:24:9499 http: [2024-05-25T21:12:24.949Z] ::1 "POST /api/v1/employee HTTP/1.1" 201 866 "http://localhost:3000/" "Mozilla/5.0 (Windows NT 10.0; Win64; x64) AppleWebKit/537.36 (KHTML, like Gecko) Chrome/125.0.0.0 Safari/537.36" {"id":7,"name":"Maria","firstLastName":"Paz","secondLastName":"Angel","documentTypeId":2,"documentNumber":"09090909","email":"usuariokj@correo.com","cellPhone":"3105488546","phone":"1000001","municipalityId":82,"departmentCode":5,"municipalityCode":83,"district":2,"address":"VEREDA PANAMA NUEVE","bloodTypeId":1,"dateBirth":"1952-09-17T05:00:00.000Z","nationalityId":1,"departmentBirthCode":2,"municipalityBirthCode":83,"educationLevelId":1,"lastYearStudy":5,"genderId":2,"maritalStatusId":1,"children":0,"ageChildren":"0","lastCompany":"string","monthsWorked":0,"workExperience":"string","workIncapacity":"string","userRegister":"string","userUpdate":"string","isActive":true,"workingTypeId":1,"salary":"4000000","epsId":1,"afpId":1,"afcId":1,"arlId":1,"rlId":1,"ccfId":1,"noveltyId":0,"createdAt":"2024-05-25T01:43:02.417Z","updatedAt":"2024-05-25T01:43:02.417Z"} 198.759 ms
 
2024-05-25 16:12:45:5626 http: [2024-05-25T21:12:45.561Z] ::1 "GET /api/v1/employee HTTP/1.1" 200 - "-" "node" {} 161.153 ms
 
2024-05-25 16:40:53:8859 http: [2024-05-25T21:40:53.884Z] ::1 "GET /api/v1/employee HTTP/1.1" 200 - "-" "node" {} 111.443 ms
 
2024-05-25 16:41:27:6877 http: [2024-05-25T21:41:27.687Z] ::1 "GET /api/v1/employee HTTP/1.1" 200 - "-" "node" {} 136.184 ms
 
2024-05-25 16:41:39:0010 debug: Finding data of 'EmployeeEntity' by id: 5 
2024-05-25 16:41:39:1081 http: [2024-05-25T21:41:39.108Z] ::1 "GET /api/v1/employee/5 HTTP/1.1" 200 848 "http://localhost:3000/" "Mozilla/5.0 (Windows NT 10.0; Win64; x64) AppleWebKit/537.36 (KHTML, like Gecko) Chrome/125.0.0.0 Safari/537.36" {} 106.617 ms
 
2024-05-25 16:41:44:3934 http: [2024-05-25T21:41:44.393Z] ::1 "GET /api/v1/employee HTTP/1.1" 200 - "-" "node" {} 22.211 ms
 
2024-05-25 16:42:24:3283 http: [2024-05-25T21:42:24.328Z] ::1 "GET /api/v1/employee HTTP/1.1" 200 - "-" "node" {} 78.234 ms
 
2024-05-25 16:42:24:5165 http: [2024-05-25T21:42:24.516Z] ::1 "GET /api/v1/employee HTTP/1.1" 200 - "-" "node" {} 21.081 ms
 
2024-05-25 16:42:30:7437 debug: Finding data of 'EmployeeEntity' by id: 5 
2024-05-25 16:42:30:7618 http: [2024-05-25T21:42:30.761Z] ::1 "GET /api/v1/employee/5 HTTP/1.1" 304 - "http://localhost:3000/" "Mozilla/5.0 (Windows NT 10.0; Win64; x64) AppleWebKit/537.36 (KHTML, like Gecko) Chrome/125.0.0.0 Safari/537.36" {} 17.147 ms
 
2024-05-25 16:42:58:9379 debug: Updating data of 'EmployeeEntity' by id: 5 
2024-05-25 16:42:59:0230 debug: Affected rows: 1 
2024-05-25 16:42:59:0250 debug: Finding data of 'EmployeeEntity' by id: 5 
2024-05-25 16:42:59:0450 http: [2024-05-25T21:42:59.045Z] ::1 "PUT /api/v1/employee/5 HTTP/1.1" 200 848 "http://localhost:3000/" "Mozilla/5.0 (Windows NT 10.0; Win64; x64) AppleWebKit/537.36 (KHTML, like Gecko) Chrome/125.0.0.0 Safari/537.36" {"id":5,"name":"Uberto","firstLastName":"Osorio","secondLastName":"Perez","documentTypeId":2,"documentNumber":"6766868","email":"fdfdfdf@gmail.com","cellPhone":"34354545","phone":"4343434","municipalityId":0,"departmentCode":2,"municipalityCode":10,"district":"9","address":"sdf 54 - 89","bloodTypeId":1,"dateBirth":"1996-06-04T05:00:00.000Z","nationalityId":1,"departmentBirthCode":2,"municipalityBirthCode":1,"educationLevelId":6,"lastYearStudy":5,"genderId":2,"maritalStatusId":1,"children":0,"ageChildren":"","lastCompany":"","monthsWorked":0,"workExperience":"tytyrttrutyt","workIncapacity":"xcxcxcxcx","userRegister":null,"userUpdate":null,"isActive":true,"workingTypeId":1,"salary":5000000,"epsId":1,"afpId":1,"afcId":1,"arlId":3,"rlId":3,"ccfId":1,"noveltyId":0,"createdAt":"2024-05-16T04:33:21.054Z","updatedAt":"2024-05-22T01:28:24.089Z"} 107.892 ms
 
2024-05-25 16:42:59:1451 http: [2024-05-25T21:42:59.145Z] ::1 "GET /api/v1/employee HTTP/1.1" 200 - "-" "node" {} 23.771 ms
 
2024-05-25 16:45:04:2913 info: Database connected successfully! 
2024-05-25 16:45:04:5425 debug: EmployeeService:constructor 
2024-05-25 16:48:27:9369 http: [2024-05-25T21:48:27.935Z] ::1 "GET /api/v1/employee HTTP/1.1" 200 - "-" "node" {} 254.252 ms
 
2024-05-25 16:48:27:9399 http: [2024-05-25T21:48:27.939Z] ::1 "GET /api/v1/employee HTTP/1.1" 200 - "-" "node" {} 240.962 ms
 
2024-05-25 16:49:07:2242 http: [2024-05-25T21:49:07.224Z] ::1 "GET /api/v1/employee HTTP/1.1" 200 - "-" "node" {} 111.176 ms
 
2024-05-25 16:49:07:4354 http: [2024-05-25T21:49:07.435Z] ::1 "GET /api/v1/employee HTTP/1.1" 200 - "-" "node" {} 24.221 ms
 
2024-05-25 16:52:00:8478 debug: Creating data of 'EmployeeEntity' 
2024-05-25 16:52:00:95510 http: [2024-05-25T21:52:00.954Z] ::1 "POST /api/v1/employee HTTP/1.1" 201 811 "http://localhost:3000/" "Mozilla/5.0 (Windows NT 10.0; Win64; x64) AppleWebKit/537.36 (KHTML, like Gecko) Chrome/125.0.0.0 Safari/537.36" {"documentTypeId":4,"documentNumber":"er4534534545","name":"PPPPP","firstLastName":"MMMMM","secondLastName":"NNNNNN","email":"pmn@correo.com","cellPhone":"4444444444","phone":"4444444","municipalityId":1,"departmentCode":2,"municipalityCode":83,"district":7,"address":"Reversadero","bloodTypeId":1,"dateBirth":"1979-05-25T00:00:00.000Z","nationalityId":1,"departmentBirthCode":2,"municipalityBirthCode":83,"educationLevelId":1,"lastYearStudy":0,"genderId":1,"maritalStatusId":1,"children":0,"ageChildren":"","lastCompany":"No registra","monthsWorked":0,"workExperience":"No registra","workIncapacity":"No registra","workingTypeId":2,"salary":"2000000","epsId":1,"afpId":1,"afcId":1,"arlId":1,"rlId":1,"ccfId":1,"noveltyId":0} 106.729 ms
 
2024-05-25 16:52:17:5475 http: [2024-05-25T21:52:17.547Z] ::1 "GET /api/v1/employee HTTP/1.1" 200 - "-" "node" {} 80.950 ms
 
2024-05-25 16:53:44:5716 debug: Finding data of 'EmployeeEntity' by id: 10 
2024-05-25 16:53:44:7788 http: [2024-05-25T21:53:44.778Z] ::1 "GET /api/v1/employee/10 HTTP/1.1" 200 865 "http://localhost:3000/" "Mozilla/5.0 (Windows NT 10.0; Win64; x64) AppleWebKit/537.36 (KHTML, like Gecko) Chrome/125.0.0.0 Safari/537.36" {} 207.756 ms
 
2024-05-25 16:54:04:8559 http: [2024-05-25T21:54:04.855Z] ::1 "GET /api/v1/employee HTTP/1.1" 200 - "-" "node" {} 84.228 ms
 
2024-05-25 16:54:24:8398 debug: Finding data of 'EmployeeEntity' by id: 10 
2024-05-25 16:54:24:95210 http: [2024-05-25T21:54:24.952Z] ::1 "GET /api/v1/employee/10 HTTP/1.1" 304 - "http://localhost:3000/" "Mozilla/5.0 (Windows NT 10.0; Win64; x64) AppleWebKit/537.36 (KHTML, like Gecko) Chrome/125.0.0.0 Safari/537.36" {} 112.859 ms
 
2024-05-25 16:54:45:4234 debug: Updating data of 'EmployeeEntity' by id: 10 
2024-05-25 16:54:45:5125 debug: Affected rows: 1 
2024-05-25 16:54:45:5135 debug: Finding data of 'EmployeeEntity' by id: 10 
2024-05-25 16:54:45:5355 http: [2024-05-25T21:54:45.535Z] ::1 "PUT /api/v1/employee/10 HTTP/1.1" 200 865 "http://localhost:3000/" "Mozilla/5.0 (Windows NT 10.0; Win64; x64) AppleWebKit/537.36 (KHTML, like Gecko) Chrome/125.0.0.0 Safari/537.36" {"id":10,"name":"PEDRO","firstLastName":"MMMMM","secondLastName":"NNNNNN","documentTypeId":4,"documentNumber":"er4534534545","email":"pmn@correo.com","cellPhone":"4444444444","phone":"4444444","municipalityId":1,"departmentCode":2,"municipalityCode":83,"district":"7","address":"Reversadero","bloodTypeId":1,"dateBirth":"1979-05-25T05:00:00.000Z","nationalityId":1,"departmentBirthCode":2,"municipalityBirthCode":83,"educationLevelId":1,"lastYearStudy":0,"genderId":1,"maritalStatusId":1,"children":0,"ageChildren":"","lastCompany":"No registra","monthsWorked":0,"workExperience":"No registra","workIncapacity":"No registra","userRegister":null,"userUpdate":null,"isActive":true,"workingTypeId":2,"salary":2000000,"epsId":1,"afpId":1,"afcId":1,"arlId":1,"rlId":1,"ccfId":1,"noveltyId":0,"createdAt":"2024-05-25T21:52:00.930Z","updatedAt":"2024-05-25T21:52:00.930Z"} 112.355 ms
 
2024-05-25 16:54:45:6156 http: [2024-05-25T21:54:45.614Z] ::1 "GET /api/v1/employee HTTP/1.1" 200 - "-" "node" {} 26.507 ms
 
2024-05-25 17:31:31:1972 http: [2024-05-25T22:31:31.196Z] ::1 "GET /api/v1/employee HTTP/1.1" 200 - "-" "node" {} 95.737 ms
 
2024-05-25 17:31:31:5976 http: [2024-05-25T22:31:31.597Z] ::1 "GET /api/v1/employee HTTP/1.1" 200 - "-" "node" {} 21.803 ms
 
2024-05-25 17:31:31:7668 http: [2024-05-25T22:31:31.766Z] ::1 "GET /api/v1/employee HTTP/1.1" 200 - "-" "node" {} 21.142 ms
 
2024-05-25 17:32:36:8048 debug: Finding data of 'EmployeeEntity' by id: 1 
2024-05-25 17:32:36:9259 http: [2024-05-25T22:32:36.925Z] ::1 "GET /api/v1/employee/1 HTTP/1.1" 200 875 "http://localhost:3000/" "Mozilla/5.0 (Windows NT 10.0; Win64; x64) AppleWebKit/537.36 (KHTML, like Gecko) Chrome/125.0.0.0 Safari/537.36" {} 120.820 ms
 
2024-05-25 17:33:13:8298 debug: Updating data of 'EmployeeEntity' by id: 1 
2024-05-25 17:33:13:9159 debug: Affected rows: 1 
2024-05-25 17:33:13:9179 debug: Finding data of 'EmployeeEntity' by id: 1 
2024-05-25 17:33:13:9359 http: [2024-05-25T22:33:13.935Z] ::1 "PUT /api/v1/employee/1 HTTP/1.1" 200 882 "http://localhost:3000/" "Mozilla/5.0 (Windows NT 10.0; Win64; x64) AppleWebKit/537.36 (KHTML, like Gecko) Chrome/125.0.0.0 Safari/537.36" {"id":1,"name":"ALVARO ROMAN","firstLastName":"RIVERO","secondLastName":"MENDOZA","documentTypeId":1,"documentNumber":"50932313","email":"usuariom@correo.com","cellPhone":"3105488546","phone":"1000000","municipalityId":82,"departmentCode":5,"municipalityCode":5604,"district":"string","address":"VEREDA PANAMA NUEVE","bloodTypeId":1,"dateBirth":"1952-09-17T05:00:00.000Z","nationalityId":1,"departmentBirthCode":70,"municipalityBirthCode":70508,"educationLevelId":1,"lastYearStudy":5,"genderId":1,"maritalStatusId":1,"children":0,"ageChildren":"0","lastCompany":"string","monthsWorked":0,"workExperience":"string","workIncapacity":"string","userRegister":"string","userUpdate":"string","isActive":true,"workingTypeId":1,"salary":0,"epsId":1,"afpId":1,"afcId":1,"arlId":1,"rlId":1,"ccfId":1,"noveltyId":0,"createdAt":"2024-05-15T16:29:11.938Z","updatedAt":"2024-05-25T01:27:30.911Z"} 106.165 ms
 
2024-05-25 17:33:14:2513 http: [2024-05-25T22:33:14.251Z] ::1 "GET /api/v1/employee HTTP/1.1" 200 - "-" "node" {} 23.309 ms
 
2024-05-25 17:40:42:8258 http: [2024-05-25T22:40:42.825Z] ::1 "GET /api/v1/employee HTTP/1.1" 200 - "-" "node" {} 163.078 ms
 
2024-05-25 17:40:42:9069 http: [2024-05-25T22:40:42.906Z] ::1 "GET /api/v1/employee HTTP/1.1" 200 - "-" "node" {} 229.582 ms
 
2024-05-25 17:41:13:6697 http: [2024-05-25T22:41:13.669Z] ::1 "GET /api/v1/employee HTTP/1.1" 200 - "-" "node" {} 83.790 ms
 
2024-05-25 17:41:13:8629 http: [2024-05-25T22:41:13.862Z] ::1 "GET /api/v1/employee HTTP/1.1" 200 - "-" "node" {} 19.599 ms
 
2024-05-25 17:41:45:4164 debug: Finding data of 'EmployeeEntity' by id: 7 
2024-05-25 17:41:45:6356 http: [2024-05-25T22:41:45.635Z] ::1 "GET /api/v1/employee/7 HTTP/1.1" 200 866 "http://localhost:3000/" "Mozilla/5.0 (Windows NT 10.0; Win64; x64) AppleWebKit/537.36 (KHTML, like Gecko) Chrome/125.0.0.0 Safari/537.36" {} 218.904 ms
 
2024-05-25 17:41:59:6116 debug: Updating data of 'EmployeeEntity' by id: 7 
2024-05-25 17:41:59:7027 debug: Affected rows: 1 
2024-05-25 17:41:59:7037 debug: Finding data of 'EmployeeEntity' by id: 7 
2024-05-25 17:41:59:7267 http: [2024-05-25T22:41:59.726Z] ::1 "PUT /api/v1/employee/7 HTTP/1.1" 200 871 "http://localhost:3000/" "Mozilla/5.0 (Windows NT 10.0; Win64; x64) AppleWebKit/537.36 (KHTML, like Gecko) Chrome/125.0.0.0 Safari/537.36" {"id":7,"name":"Ana María","firstLastName":"Paz","secondLastName":"Angel","documentTypeId":2,"documentNumber":"09090909","email":"usuariokj@correo.com","cellPhone":"3105488546","phone":"1000001","municipalityId":82,"departmentCode":5,"municipalityCode":83,"district":"2","address":"VEREDA PANAMA NUEVE","bloodTypeId":1,"dateBirth":"1952-09-17T05:00:00.000Z","nationalityId":1,"departmentBirthCode":2,"municipalityBirthCode":83,"educationLevelId":1,"lastYearStudy":5,"genderId":2,"maritalStatusId":1,"children":0,"ageChildren":"0","lastCompany":"string","monthsWorked":0,"workExperience":"string","workIncapacity":"string","userRegister":"string","userUpdate":"string","isActive":true,"workingTypeId":1,"salary":4000000,"epsId":1,"afpId":1,"afcId":1,"arlId":1,"rlId":1,"ccfId":1,"noveltyId":0,"createdAt":"2024-05-25T01:43:02.417Z","updatedAt":"2024-05-25T21:12:24.913Z"} 114.707 ms
 
2024-05-25 17:42:00:0440 http: [2024-05-25T22:42:00.044Z] ::1 "GET /api/v1/employee HTTP/1.1" 200 - "-" "node" {} 18.636 ms
 
2024-05-25 17:43:40:0300 debug: Creating data of 'EmployeeEntity' 
2024-05-25 17:43:40:1281 error: el valor nulo en la columna «date_birth» de la relación «employee_master» viola la restricción de no nulo QueryFailedError: el valor nulo en la columna «date_birth» de la relación «employee_master» viola la restricción de no nulo
    at PostgresQueryRunner.query (C:\Users\ejecutivo\Desktop\mina_project\BackMina\src\driver\postgres\PostgresQueryRunner.ts:299:19)
    at processTicksAndRejections (node:internal/process/task_queues:95:5)
    at InsertQueryBuilder.execute (C:\Users\ejecutivo\Desktop\mina_project\BackMina\src\query-builder\InsertQueryBuilder.ts:163:33)
    at SubjectExecutor.executeInsertOperations (C:\Users\ejecutivo\Desktop\mina_project\BackMina\src\persistence\SubjectExecutor.ts:434:42)
    at SubjectExecutor.execute (C:\Users\ejecutivo\Desktop\mina_project\BackMina\src\persistence\SubjectExecutor.ts:137:9)
    at EntityPersistExecutor.execute (C:\Users\ejecutivo\Desktop\mina_project\BackMina\src\persistence\EntityPersistExecutor.ts:197:21)
2024-05-25 17:43:40:2062 http: [2024-05-25T22:43:40.206Z] ::1 "POST /api/v1/employee HTTP/1.1" 500 32 "http://localhost:3000/" "Mozilla/5.0 (Windows NT 10.0; Win64; x64) AppleWebKit/537.36 (KHTML, like Gecko) Chrome/125.0.0.0 Safari/537.36" {"documentTypeId":3,"documentNumber":"34343","name":"FFFFFF","firstLastName":"GGGG","secondLastName":"HHHH","email":"fgh@email.com","cellPhone":"1","phone":"1","municipalityId":1,"departmentCode":1,"municipalityCode":1,"district":"1","address":"1","bloodTypeId":1,"nationalityId":1,"departmentBirthCode":0,"municipalityBirthCode":0,"educationLevelId":1,"lastYearStudy":0,"genderId":2,"maritalStatusId":1,"children":0,"ageChildren":"","lastCompany":"","monthsWorked":0,"workExperience":"","workIncapacity":"","workingTypeId":1,"salary":0,"epsId":1,"afpId":1,"afcId":1,"arlId":1,"rlId":1,"ccfId":1,"noveltyId":0} 175.707 ms
 
2024-05-25 17:45:24:6767 debug: Creating data of 'EmployeeEntity' 
2024-05-25 17:45:24:7868 http: [2024-05-25T22:45:24.786Z] ::1 "POST /api/v1/employee HTTP/1.1" 201 777 "http://localhost:3000/" "Mozilla/5.0 (Windows NT 10.0; Win64; x64) AppleWebKit/537.36 (KHTML, like Gecko) Chrome/125.0.0.0 Safari/537.36" {"documentTypeId":3,"documentNumber":"34343","name":"FFFFFF","firstLastName":"GGGG","secondLastName":"HHHH","email":"fgh@email.com","cellPhone":"1","phone":"1","municipalityId":1,"departmentCode":1,"municipalityCode":1,"district":"1","address":"1","bloodTypeId":1,"dateBirth":"1987-12-25T00:00:00.000Z","nationalityId":1,"departmentBirthCode":2,"municipalityBirthCode":83,"educationLevelId":1,"lastYearStudy":0,"genderId":2,"maritalStatusId":1,"children":0,"ageChildren":"","lastCompany":"No registra","monthsWorked":0,"workExperience":"No registra","workIncapacity":"No registra","workingTypeId":1,"salary":"1350000","epsId":1,"afpId":1,"afcId":1,"arlId":1,"rlId":1,"ccfId":1,"noveltyId":0} 109.621 ms
 
2024-05-25 17:45:24:8999 http: [2024-05-25T22:45:24.899Z] ::1 "GET /api/v1/employee HTTP/1.1" 200 - "-" "node" {} 40.782 ms
 
2024-05-25 18:11:49:3984 http: [2024-05-25T23:11:49.397Z] ::1 "GET /api/v1/employee HTTP/1.1" 200 - "-" "node" {} 158.936 ms
 
2024-05-25 18:11:49:6587 http: [2024-05-25T23:11:49.657Z] ::1 "GET /api/v1/employee HTTP/1.1" 200 - "-" "node" {} 20.237 ms
 
2024-05-25 18:11:49:7938 http: [2024-05-25T23:11:49.793Z] ::1 "GET /api/v1/employee HTTP/1.1" 200 - "-" "node" {} 22.089 ms
 
2024-05-25 18:11:57:7087 debug: Finding data of 'EmployeeEntity' by id: 12 
2024-05-25 18:11:57:7297 http: [2024-05-25T23:11:57.729Z] ::1 "GET /api/v1/employee/12 HTTP/1.1" 200 829 "http://localhost:3000/" "Mozilla/5.0 (Windows NT 10.0; Win64; x64) AppleWebKit/537.36 (KHTML, like Gecko) Chrome/125.0.0.0 Safari/537.36" {} 20.338 ms
 
2024-05-25 18:12:09:5135 debug: Updating data of 'EmployeeEntity' by id: 12 
2024-05-25 18:12:09:5996 debug: Affected rows: 1 
2024-05-25 18:12:09:5996 debug: Finding data of 'EmployeeEntity' by id: 12 
2024-05-25 18:12:09:6176 http: [2024-05-25T23:12:09.617Z] ::1 "PUT /api/v1/employee/12 HTTP/1.1" 200 831 "http://localhost:3000/" "Mozilla/5.0 (Windows NT 10.0; Win64; x64) AppleWebKit/537.36 (KHTML, like Gecko) Chrome/125.0.0.0 Safari/537.36" {"id":12,"name":"FERNANDO","firstLastName":"GGGG","secondLastName":"HHHH","documentTypeId":3,"documentNumber":"34343","email":"fgh@email.com","cellPhone":"1","phone":"1","municipalityId":1,"departmentCode":1,"municipalityCode":1,"district":"1","address":"1","bloodTypeId":1,"dateBirth":"1987-12-25T05:00:00.000Z","nationalityId":1,"departmentBirthCode":2,"municipalityBirthCode":83,"educationLevelId":1,"lastYearStudy":0,"genderId":2,"maritalStatusId":1,"children":0,"ageChildren":"","lastCompany":"No registra","monthsWorked":0,"workExperience":"No registra","workIncapacity":"No registra","userRegister":null,"userUpdate":null,"isActive":true,"workingTypeId":1,"salary":1350000,"epsId":1,"afpId":1,"afcId":1,"arlId":1,"rlId":1,"ccfId":1,"noveltyId":0,"createdAt":"2024-05-25T22:45:24.768Z","updatedAt":"2024-05-25T22:45:24.768Z"} 103.729 ms
 
2024-05-25 18:12:09:9109 http: [2024-05-25T23:12:09.910Z] ::1 "GET /api/v1/employee HTTP/1.1" 200 - "-" "node" {} 21.366 ms
 
