2024-06-27 11:09:19:2683 info: Database connected successfully! 
2024-06-27 11:09:19:7387 debug: EmployeeService:constructor 
2024-06-27 11:12:50:7558 http: [2024-06-27T16:12:50.754Z] ::1 "GET /swagger HTTP/1.1" 301 181 "-" "Mozilla/5.0 (Windows NT 10.0; Win64; x64) AppleWebKit/537.36 (KHTML, like Gecko) Chrome/126.0.0.0 Safari/537.36" {} 18.622 ms
 
2024-06-27 11:12:50:9439 http: [2024-06-27T16:12:50.943Z] ::1 "GET /swagger/swagger-ui.css HTTP/1.1" 304 - "http://localhost:3401/swagger/" "Mozilla/5.0 (Windows NT 10.0; Win64; x64) AppleWebKit/537.36 (KHTML, like Gecko) Chrome/126.0.0.0 Safari/537.36" {} 7.028 ms
 
2024-06-27 11:12:50:96810 http: [2024-06-27T16:12:50.968Z] ::1 "GET /swagger/swagger-ui-bundle.js HTTP/1.1" 304 - "http://localhost:3401/swagger/" "Mozilla/5.0 (Windows NT 10.0; Win64; x64) AppleWebKit/537.36 (KHTML, like Gecko) Chrome/126.0.0.0 Safari/537.36" {} 15.310 ms
 
2024-06-27 11:12:50:97410 http: [2024-06-27T16:12:50.974Z] ::1 "GET /swagger/swagger-ui-standalone-preset.js HTTP/1.1" 304 - "http://localhost:3401/swagger/" "Mozilla/5.0 (Windows NT 10.0; Win64; x64) AppleWebKit/537.36 (KHTML, like Gecko) Chrome/126.0.0.0 Safari/537.36" {} 17.222 ms
 
2024-06-27 11:12:50:99210 http: [2024-06-27T16:12:50.992Z] ::1 "GET /swagger/swagger-ui-init.js HTTP/1.1" 200 - "http://localhost:3401/swagger/" "Mozilla/5.0 (Windows NT 10.0; Win64; x64) AppleWebKit/537.36 (KHTML, like Gecko) Chrome/126.0.0.0 Safari/537.36" {} 7.465 ms
 
2024-06-27 11:12:51:9099 http: [2024-06-27T16:12:51.909Z] ::1 "GET /swagger/favicon-32x32.png HTTP/1.1" 304 - "http://localhost:3401/swagger/" "Mozilla/5.0 (Windows NT 10.0; Win64; x64) AppleWebKit/537.36 (KHTML, like Gecko) Chrome/126.0.0.0 Safari/537.36" {} 2.239 ms
 
2024-06-27 11:13:01:8138 http: [2024-06-27T16:13:01.813Z] ::1 "GET /swagger/swagger-ui.css HTTP/1.1" 304 - "http://localhost:3401/swagger/" "Mozilla/5.0 (Windows NT 10.0; Win64; x64) AppleWebKit/537.36 (KHTML, like Gecko) Chrome/126.0.0.0 Safari/537.36" {} 6.428 ms
 
2024-06-27 11:13:01:8178 http: [2024-06-27T16:13:01.817Z] ::1 "GET /swagger/swagger-ui-bundle.js HTTP/1.1" 304 - "http://localhost:3401/swagger/" "Mozilla/5.0 (Windows NT 10.0; Win64; x64) AppleWebKit/537.36 (KHTML, like Gecko) Chrome/126.0.0.0 Safari/537.36" {} 5.942 ms
 
2024-06-27 11:13:01:8298 http: [2024-06-27T16:13:01.828Z] ::1 "GET /swagger/swagger-ui-init.js HTTP/1.1" 304 - "http://localhost:3401/swagger/" "Mozilla/5.0 (Windows NT 10.0; Win64; x64) AppleWebKit/537.36 (KHTML, like Gecko) Chrome/126.0.0.0 Safari/537.36" {} 1.184 ms
 
2024-06-27 11:13:01:8378 http: [2024-06-27T16:13:01.836Z] ::1 "GET /swagger/swagger-ui-standalone-preset.js HTTP/1.1" 304 - "http://localhost:3401/swagger/" "Mozilla/5.0 (Windows NT 10.0; Win64; x64) AppleWebKit/537.36 (KHTML, like Gecko) Chrome/126.0.0.0 Safari/537.36" {} 14.683 ms
 
2024-06-27 12:00:34:6436 info: Database connected successfully! 
2024-06-27 12:00:34:9489 debug: EmployeeService:constructor 
2024-06-27 12:00:48:5355 http: [2024-06-27T17:00:48.534Z] ::1 "GET /swagger/ HTTP/1.1" 304 - "-" "Mozilla/5.0 (Windows NT 10.0; Win64; x64) AppleWebKit/537.36 (KHTML, like Gecko) Chrome/126.0.0.0 Safari/537.36" {} 15.130 ms
 
2024-06-27 12:00:48:5736 http: [2024-06-27T17:00:48.572Z] ::1 "GET /swagger/swagger-ui.css HTTP/1.1" 304 - "http://localhost:3401/swagger/" "Mozilla/5.0 (Windows NT 10.0; Win64; x64) AppleWebKit/537.36 (KHTML, like Gecko) Chrome/126.0.0.0 Safari/537.36" {} 3.500 ms
 
2024-06-27 12:00:48:5866 http: [2024-06-27T17:00:48.586Z] ::1 "GET /swagger/swagger-ui-bundle.js HTTP/1.1" 304 - "http://localhost:3401/swagger/" "Mozilla/5.0 (Windows NT 10.0; Win64; x64) AppleWebKit/537.36 (KHTML, like Gecko) Chrome/126.0.0.0 Safari/537.36" {} 2.178 ms
 
2024-06-27 12:00:48:6046 http: [2024-06-27T17:00:48.604Z] ::1 "GET /swagger/swagger-ui-standalone-preset.js HTTP/1.1" 304 - "http://localhost:3401/swagger/" "Mozilla/5.0 (Windows NT 10.0; Win64; x64) AppleWebKit/537.36 (KHTML, like Gecko) Chrome/126.0.0.0 Safari/537.36" {} 10.214 ms
 
2024-06-27 12:00:48:6166 http: [2024-06-27T17:00:48.615Z] ::1 "GET /swagger/swagger-ui-init.js HTTP/1.1" 200 - "http://localhost:3401/swagger/" "Mozilla/5.0 (Windows NT 10.0; Win64; x64) AppleWebKit/537.36 (KHTML, like Gecko) Chrome/126.0.0.0 Safari/537.36" {} 6.768 ms
 
2024-06-27 12:00:49:1532 http: [2024-06-27T17:00:49.153Z] ::1 "GET /swagger/favicon-32x32.png HTTP/1.1" 304 - "http://localhost:3401/swagger/" "Mozilla/5.0 (Windows NT 10.0; Win64; x64) AppleWebKit/537.36 (KHTML, like Gecko) Chrome/126.0.0.0 Safari/537.36" {} 1.517 ms
 
2024-06-27 12:00:56:0581 http: [2024-06-27T17:00:56.058Z] ::1 "GET /api/v1/employee HTTP/1.1" 200 - "http://localhost:3401/swagger/" "Mozilla/5.0 (Windows NT 10.0; Win64; x64) AppleWebKit/537.36 (KHTML, like Gecko) Chrome/126.0.0.0 Safari/537.36" {} 230.201 ms
 
2024-06-27 16:19:53:9479 info: Database connected successfully! 
2024-06-27 16:19:54:2603 debug: EmployeeService:constructor 
2024-06-27 17:39:06:1031 http: [2024-06-27T22:39:06.102Z] ::1 "GET /swagger/swagger-ui.css HTTP/1.1" 304 - "http://localhost:3401/swagger/" "Mozilla/5.0 (Windows NT 10.0; Win64; x64) AppleWebKit/537.36 (KHTML, like Gecko) Chrome/126.0.0.0 Safari/537.36" {} 20.308 ms
 
2024-06-27 17:39:06:1141 http: [2024-06-27T22:39:06.113Z] ::1 "GET /swagger/swagger-ui-bundle.js HTTP/1.1" 304 - "http://localhost:3401/swagger/" "Mozilla/5.0 (Windows NT 10.0; Win64; x64) AppleWebKit/537.36 (KHTML, like Gecko) Chrome/126.0.0.0 Safari/537.36" {} 28.450 ms
 
2024-06-27 17:39:06:1281 http: [2024-06-27T22:39:06.128Z] ::1 "GET /swagger/swagger-ui-standalone-preset.js HTTP/1.1" 304 - "http://localhost:3401/swagger/" "Mozilla/5.0 (Windows NT 10.0; Win64; x64) AppleWebKit/537.36 (KHTML, like Gecko) Chrome/126.0.0.0 Safari/537.36" {} 36.981 ms
 
2024-06-27 17:39:06:1782 http: [2024-06-27T22:39:06.176Z] ::1 "GET /swagger/swagger-ui-init.js HTTP/1.1" 304 - "http://localhost:3401/swagger/" "Mozilla/5.0 (Windows NT 10.0; Win64; x64) AppleWebKit/537.36 (KHTML, like Gecko) Chrome/126.0.0.0 Safari/537.36" {} 14.297 ms
 
2024-06-27 20:55:59:9129 http: [2024-06-28T01:55:59.911Z] ::1 "GET /swagger/swagger-ui.css HTTP/1.1" 304 - "http://localhost:3401/swagger/" "Mozilla/5.0 (Windows NT 10.0; Win64; x64) AppleWebKit/537.36 (KHTML, like Gecko) Chrome/126.0.0.0 Safari/537.36" {} 9.681 ms
 
2024-06-27 20:55:59:9219 http: [2024-06-28T01:55:59.920Z] ::1 "GET /swagger/swagger-ui-bundle.js HTTP/1.1" 304 - "http://localhost:3401/swagger/" "Mozilla/5.0 (Windows NT 10.0; Win64; x64) AppleWebKit/537.36 (KHTML, like Gecko) Chrome/126.0.0.0 Safari/537.36" {} 14.287 ms
 
2024-06-27 20:55:59:9269 http: [2024-06-28T01:55:59.926Z] ::1 "GET /swagger/swagger-ui-standalone-preset.js HTTP/1.1" 304 - "http://localhost:3401/swagger/" "Mozilla/5.0 (Windows NT 10.0; Win64; x64) AppleWebKit/537.36 (KHTML, like Gecko) Chrome/126.0.0.0 Safari/537.36" {} 1.279 ms
 
2024-06-27 20:55:59:96210 http: [2024-06-28T01:55:59.962Z] ::1 "GET /swagger/swagger-ui-init.js HTTP/1.1" 304 - "http://localhost:3401/swagger/" "Mozilla/5.0 (Windows NT 10.0; Win64; x64) AppleWebKit/537.36 (KHTML, like Gecko) Chrome/126.0.0.0 Safari/537.36" {} 2.516 ms
 
2024-06-27 21:24:45:1371 http: [2024-06-28T02:24:45.137Z] ::1 "GET /api/v1/employee HTTP/1.1" 200 - "-" "node" {} 266.371 ms
 
2024-06-27 21:24:45:6396 http: [2024-06-28T02:24:45.635Z] ::1 "GET /api/v1/employee HTTP/1.1" 200 - "-" "node" {} 39.856 ms
 
2024-06-27 21:24:45:9189 http: [2024-06-28T02:24:45.917Z] ::1 "GET /api/v1/employee HTTP/1.1" 200 - "-" "node" {} 32.358 ms
 
2024-06-27 21:25:32:3293 http: [2024-06-28T02:25:32.328Z] ::1 "GET /api/v1/employee/document/0000000 HTTP/1.1" 200 805 "http://localhost:3000/" "Mozilla/5.0 (Windows NT 10.0; Win64; x64) AppleWebKit/537.36 (KHTML, like Gecko) Chrome/126.0.0.0 Safari/537.36" {} 109.911 ms
 
2024-06-27 21:25:54:7878 http: [2024-06-28T02:25:54.787Z] ::1 "GET /api/v1/employee HTTP/1.1" 200 - "-" "node" {} 129.982 ms
 
2024-06-27 21:26:07:9129 error: Cannot destructure property 'deletedAt' of '_a' as it is null. TypeError: Cannot destructure property 'deletedAt' of '_a' as it is null.
    at EmployeeMapper.mapToDto (C:\Users\ejecutivo\Desktop\mina_project\BackMina\src\domain\models\employeeModel.ts:53:13)
    at EmployeeService.<anonymous> (C:\Users\ejecutivo\Desktop\mina_project\BackMina\src\app\services\employeeService.ts:110:36)
    at Generator.next (<anonymous>)
    at fulfilled (C:\Users\ejecutivo\Desktop\mina_project\BackMina\src\app\services\employeeService.ts:17:58)
    at processTicksAndRejections (node:internal/process/task_queues:95:5)
2024-06-27 21:26:07:9319 http: [2024-06-28T02:26:07.931Z] ::1 "GET /api/v1/employee/document/1 HTTP/1.1" 500 32 "http://localhost:3000/" "Mozilla/5.0 (Windows NT 10.0; Win64; x64) AppleWebKit/537.36 (KHTML, like Gecko) Chrome/126.0.0.0 Safari/537.36" {} 101.037 ms
 
2024-06-27 21:26:08:2643 error: Cannot destructure property 'deletedAt' of '_a' as it is null. TypeError: Cannot destructure property 'deletedAt' of '_a' as it is null.
    at EmployeeMapper.mapToDto (C:\Users\ejecutivo\Desktop\mina_project\BackMina\src\domain\models\employeeModel.ts:53:13)
    at EmployeeService.<anonymous> (C:\Users\ejecutivo\Desktop\mina_project\BackMina\src\app\services\employeeService.ts:110:36)
    at Generator.next (<anonymous>)
    at fulfilled (C:\Users\ejecutivo\Desktop\mina_project\BackMina\src\app\services\employeeService.ts:17:58)
    at processTicksAndRejections (node:internal/process/task_queues:95:5)
2024-06-27 21:26:08:2703 http: [2024-06-28T02:26:08.269Z] ::1 "GET /api/v1/employee/document/12 HTTP/1.1" 500 32 "http://localhost:3000/" "Mozilla/5.0 (Windows NT 10.0; Win64; x64) AppleWebKit/537.36 (KHTML, like Gecko) Chrome/126.0.0.0 Safari/537.36" {} 71.716 ms
 
2024-06-27 21:26:08:5766 error: Cannot destructure property 'deletedAt' of '_a' as it is null. TypeError: Cannot destructure property 'deletedAt' of '_a' as it is null.
    at EmployeeMapper.mapToDto (C:\Users\ejecutivo\Desktop\mina_project\BackMina\src\domain\models\employeeModel.ts:53:13)
    at EmployeeService.<anonymous> (C:\Users\ejecutivo\Desktop\mina_project\BackMina\src\app\services\employeeService.ts:110:36)
    at Generator.next (<anonymous>)
    at fulfilled (C:\Users\ejecutivo\Desktop\mina_project\BackMina\src\app\services\employeeService.ts:17:58)
    at processTicksAndRejections (node:internal/process/task_queues:95:5)
2024-06-27 21:26:08:5806 http: [2024-06-28T02:26:08.580Z] ::1 "GET /api/v1/employee/document/123 HTTP/1.1" 500 32 "http://localhost:3000/" "Mozilla/5.0 (Windows NT 10.0; Win64; x64) AppleWebKit/537.36 (KHTML, like Gecko) Chrome/126.0.0.0 Safari/537.36" {} 60.176 ms
 
2024-06-27 21:26:08:9489 error: Cannot destructure property 'deletedAt' of '_a' as it is null. TypeError: Cannot destructure property 'deletedAt' of '_a' as it is null.
    at EmployeeMapper.mapToDto (C:\Users\ejecutivo\Desktop\mina_project\BackMina\src\domain\models\employeeModel.ts:53:13)
    at EmployeeService.<anonymous> (C:\Users\ejecutivo\Desktop\mina_project\BackMina\src\app\services\employeeService.ts:110:36)
    at Generator.next (<anonymous>)
    at fulfilled (C:\Users\ejecutivo\Desktop\mina_project\BackMina\src\app\services\employeeService.ts:17:58)
    at processTicksAndRejections (node:internal/process/task_queues:95:5)
2024-06-27 21:26:08:95310 http: [2024-06-28T02:26:08.953Z] ::1 "GET /api/v1/employee/document/1234 HTTP/1.1" 500 32 "http://localhost:3000/" "Mozilla/5.0 (Windows NT 10.0; Win64; x64) AppleWebKit/537.36 (KHTML, like Gecko) Chrome/126.0.0.0 Safari/537.36" {} 60.978 ms
 
2024-06-27 21:26:09:3273 error: Cannot destructure property 'deletedAt' of '_a' as it is null. TypeError: Cannot destructure property 'deletedAt' of '_a' as it is null.
    at EmployeeMapper.mapToDto (C:\Users\ejecutivo\Desktop\mina_project\BackMina\src\domain\models\employeeModel.ts:53:13)
    at EmployeeService.<anonymous> (C:\Users\ejecutivo\Desktop\mina_project\BackMina\src\app\services\employeeService.ts:110:36)
    at Generator.next (<anonymous>)
    at fulfilled (C:\Users\ejecutivo\Desktop\mina_project\BackMina\src\app\services\employeeService.ts:17:58)
    at processTicksAndRejections (node:internal/process/task_queues:95:5)
2024-06-27 21:26:09:3313 http: [2024-06-28T02:26:09.331Z] ::1 "GET /api/v1/employee/document/12345 HTTP/1.1" 500 32 "http://localhost:3000/" "Mozilla/5.0 (Windows NT 10.0; Win64; x64) AppleWebKit/537.36 (KHTML, like Gecko) Chrome/126.0.0.0 Safari/537.36" {} 64.514 ms
 
2024-06-27 21:26:09:6426 error: Cannot destructure property 'deletedAt' of '_a' as it is null. TypeError: Cannot destructure property 'deletedAt' of '_a' as it is null.
    at EmployeeMapper.mapToDto (C:\Users\ejecutivo\Desktop\mina_project\BackMina\src\domain\models\employeeModel.ts:53:13)
    at EmployeeService.<anonymous> (C:\Users\ejecutivo\Desktop\mina_project\BackMina\src\app\services\employeeService.ts:110:36)
    at Generator.next (<anonymous>)
    at fulfilled (C:\Users\ejecutivo\Desktop\mina_project\BackMina\src\app\services\employeeService.ts:17:58)
    at processTicksAndRejections (node:internal/process/task_queues:95:5)
2024-06-27 21:26:09:6466 http: [2024-06-28T02:26:09.646Z] ::1 "GET /api/v1/employee/document/123456 HTTP/1.1" 500 32 "http://localhost:3000/" "Mozilla/5.0 (Windows NT 10.0; Win64; x64) AppleWebKit/537.36 (KHTML, like Gecko) Chrome/126.0.0.0 Safari/537.36" {} 20.886 ms
 
2024-06-27 21:26:10:0070 error: Cannot destructure property 'deletedAt' of '_a' as it is null. TypeError: Cannot destructure property 'deletedAt' of '_a' as it is null.
    at EmployeeMapper.mapToDto (C:\Users\ejecutivo\Desktop\mina_project\BackMina\src\domain\models\employeeModel.ts:53:13)
    at EmployeeService.<anonymous> (C:\Users\ejecutivo\Desktop\mina_project\BackMina\src\app\services\employeeService.ts:110:36)
    at Generator.next (<anonymous>)
    at fulfilled (C:\Users\ejecutivo\Desktop\mina_project\BackMina\src\app\services\employeeService.ts:17:58)
    at processTicksAndRejections (node:internal/process/task_queues:95:5)
2024-06-27 21:26:10:0120 http: [2024-06-28T02:26:10.012Z] ::1 "GET /api/v1/employee/document/1234567 HTTP/1.1" 500 32 "http://localhost:3000/" "Mozilla/5.0 (Windows NT 10.0; Win64; x64) AppleWebKit/537.36 (KHTML, like Gecko) Chrome/126.0.0.0 Safari/537.36" {} 23.080 ms
 
2024-06-27 21:26:10:4494 error: Cannot destructure property 'deletedAt' of '_a' as it is null. TypeError: Cannot destructure property 'deletedAt' of '_a' as it is null.
    at EmployeeMapper.mapToDto (C:\Users\ejecutivo\Desktop\mina_project\BackMina\src\domain\models\employeeModel.ts:53:13)
    at EmployeeService.<anonymous> (C:\Users\ejecutivo\Desktop\mina_project\BackMina\src\app\services\employeeService.ts:110:36)
    at Generator.next (<anonymous>)
    at fulfilled (C:\Users\ejecutivo\Desktop\mina_project\BackMina\src\app\services\employeeService.ts:17:58)
    at processTicksAndRejections (node:internal/process/task_queues:95:5)
2024-06-27 21:26:10:4545 http: [2024-06-28T02:26:10.453Z] ::1 "GET /api/v1/employee/document/12345678 HTTP/1.1" 500 32 "http://localhost:3000/" "Mozilla/5.0 (Windows NT 10.0; Win64; x64) AppleWebKit/537.36 (KHTML, like Gecko) Chrome/126.0.0.0 Safari/537.36" {} 58.471 ms
 
2024-06-27 21:26:10:8268 error: Cannot destructure property 'deletedAt' of '_a' as it is null. TypeError: Cannot destructure property 'deletedAt' of '_a' as it is null.
    at EmployeeMapper.mapToDto (C:\Users\ejecutivo\Desktop\mina_project\BackMina\src\domain\models\employeeModel.ts:53:13)
    at EmployeeService.<anonymous> (C:\Users\ejecutivo\Desktop\mina_project\BackMina\src\app\services\employeeService.ts:110:36)
    at Generator.next (<anonymous>)
    at fulfilled (C:\Users\ejecutivo\Desktop\mina_project\BackMina\src\app\services\employeeService.ts:17:58)
    at processTicksAndRejections (node:internal/process/task_queues:95:5)
2024-06-27 21:26:10:8298 http: [2024-06-28T02:26:10.829Z] ::1 "GET /api/v1/employee/document/123456789 HTTP/1.1" 500 32 "http://localhost:3000/" "Mozilla/5.0 (Windows NT 10.0; Win64; x64) AppleWebKit/537.36 (KHTML, like Gecko) Chrome/126.0.0.0 Safari/537.36" {} 36.591 ms
 
2024-06-27 21:36:57:2092 error: Cannot destructure property 'deletedAt' of '_a' as it is null. TypeError: Cannot destructure property 'deletedAt' of '_a' as it is null.
    at EmployeeMapper.mapToDto (C:\Users\ejecutivo\Desktop\mina_project\BackMina\src\domain\models\employeeModel.ts:53:13)
    at EmployeeService.<anonymous> (C:\Users\ejecutivo\Desktop\mina_project\BackMina\src\app\services\employeeService.ts:110:36)
    at Generator.next (<anonymous>)
    at fulfilled (C:\Users\ejecutivo\Desktop\mina_project\BackMina\src\app\services\employeeService.ts:17:58)
    at processTicksAndRejections (node:internal/process/task_queues:95:5)
2024-06-27 21:36:57:2132 http: [2024-06-28T02:36:57.213Z] ::1 "GET /api/v1/employee/document/1 HTTP/1.1" 500 32 "http://localhost:3000/" "Mozilla/5.0 (Windows NT 10.0; Win64; x64) AppleWebKit/537.36 (KHTML, like Gecko) Chrome/126.0.0.0 Safari/537.36" {} 125.903 ms
 
2024-06-27 21:36:57:4615 error: Cannot destructure property 'deletedAt' of '_a' as it is null. TypeError: Cannot destructure property 'deletedAt' of '_a' as it is null.
    at EmployeeMapper.mapToDto (C:\Users\ejecutivo\Desktop\mina_project\BackMina\src\domain\models\employeeModel.ts:53:13)
    at EmployeeService.<anonymous> (C:\Users\ejecutivo\Desktop\mina_project\BackMina\src\app\services\employeeService.ts:110:36)
    at Generator.next (<anonymous>)
    at fulfilled (C:\Users\ejecutivo\Desktop\mina_project\BackMina\src\app\services\employeeService.ts:17:58)
    at processTicksAndRejections (node:internal/process/task_queues:95:5)
2024-06-27 21:36:57:4655 http: [2024-06-28T02:36:57.464Z] ::1 "GET /api/v1/employee/document/12 HTTP/1.1" 500 32 "http://localhost:3000/" "Mozilla/5.0 (Windows NT 10.0; Win64; x64) AppleWebKit/537.36 (KHTML, like Gecko) Chrome/126.0.0.0 Safari/537.36" {} 19.462 ms
 
2024-06-27 21:36:57:95610 error: Cannot destructure property 'deletedAt' of '_a' as it is null. TypeError: Cannot destructure property 'deletedAt' of '_a' as it is null.
    at EmployeeMapper.mapToDto (C:\Users\ejecutivo\Desktop\mina_project\BackMina\src\domain\models\employeeModel.ts:53:13)
    at EmployeeService.<anonymous> (C:\Users\ejecutivo\Desktop\mina_project\BackMina\src\app\services\employeeService.ts:110:36)
    at Generator.next (<anonymous>)
    at fulfilled (C:\Users\ejecutivo\Desktop\mina_project\BackMina\src\app\services\employeeService.ts:17:58)
    at processTicksAndRejections (node:internal/process/task_queues:95:5)
2024-06-27 21:36:57:96010 http: [2024-06-28T02:36:57.960Z] ::1 "GET /api/v1/employee/document/123 HTTP/1.1" 500 32 "http://localhost:3000/" "Mozilla/5.0 (Windows NT 10.0; Win64; x64) AppleWebKit/537.36 (KHTML, like Gecko) Chrome/126.0.0.0 Safari/537.36" {} 19.761 ms
 
2024-06-27 21:36:58:4705 error: Cannot destructure property 'deletedAt' of '_a' as it is null. TypeError: Cannot destructure property 'deletedAt' of '_a' as it is null.
    at EmployeeMapper.mapToDto (C:\Users\ejecutivo\Desktop\mina_project\BackMina\src\domain\models\employeeModel.ts:53:13)
    at EmployeeService.<anonymous> (C:\Users\ejecutivo\Desktop\mina_project\BackMina\src\app\services\employeeService.ts:110:36)
    at Generator.next (<anonymous>)
    at fulfilled (C:\Users\ejecutivo\Desktop\mina_project\BackMina\src\app\services\employeeService.ts:17:58)
    at processTicksAndRejections (node:internal/process/task_queues:95:5)
2024-06-27 21:36:58:4745 http: [2024-06-28T02:36:58.474Z] ::1 "GET /api/v1/employee/document/1234 HTTP/1.1" 500 32 "http://localhost:3000/" "Mozilla/5.0 (Windows NT 10.0; Win64; x64) AppleWebKit/537.36 (KHTML, like Gecko) Chrome/126.0.0.0 Safari/537.36" {} 20.418 ms
 
2024-06-27 21:36:58:6537 error: Cannot destructure property 'deletedAt' of '_a' as it is null. TypeError: Cannot destructure property 'deletedAt' of '_a' as it is null.
    at EmployeeMapper.mapToDto (C:\Users\ejecutivo\Desktop\mina_project\BackMina\src\domain\models\employeeModel.ts:53:13)
    at EmployeeService.<anonymous> (C:\Users\ejecutivo\Desktop\mina_project\BackMina\src\app\services\employeeService.ts:110:36)
    at Generator.next (<anonymous>)
    at fulfilled (C:\Users\ejecutivo\Desktop\mina_project\BackMina\src\app\services\employeeService.ts:17:58)
    at processTicksAndRejections (node:internal/process/task_queues:95:5)
2024-06-27 21:36:58:6577 http: [2024-06-28T02:36:58.657Z] ::1 "GET /api/v1/employee/document/12345 HTTP/1.1" 500 32 "http://localhost:3000/" "Mozilla/5.0 (Windows NT 10.0; Win64; x64) AppleWebKit/537.36 (KHTML, like Gecko) Chrome/126.0.0.0 Safari/537.36" {} 19.902 ms
 
2024-06-27 21:36:59:1111 error: Cannot destructure property 'deletedAt' of '_a' as it is null. TypeError: Cannot destructure property 'deletedAt' of '_a' as it is null.
    at EmployeeMapper.mapToDto (C:\Users\ejecutivo\Desktop\mina_project\BackMina\src\domain\models\employeeModel.ts:53:13)
    at EmployeeService.<anonymous> (C:\Users\ejecutivo\Desktop\mina_project\BackMina\src\app\services\employeeService.ts:110:36)
    at Generator.next (<anonymous>)
    at fulfilled (C:\Users\ejecutivo\Desktop\mina_project\BackMina\src\app\services\employeeService.ts:17:58)
    at processTicksAndRejections (node:internal/process/task_queues:95:5)
2024-06-27 21:36:59:1151 http: [2024-06-28T02:36:59.115Z] ::1 "GET /api/v1/employee/document/123456 HTTP/1.1" 500 32 "http://localhost:3000/" "Mozilla/5.0 (Windows NT 10.0; Win64; x64) AppleWebKit/537.36 (KHTML, like Gecko) Chrome/126.0.0.0 Safari/537.36" {} 20.399 ms
 
2024-06-27 21:36:59:5195 error: Cannot destructure property 'deletedAt' of '_a' as it is null. TypeError: Cannot destructure property 'deletedAt' of '_a' as it is null.
    at EmployeeMapper.mapToDto (C:\Users\ejecutivo\Desktop\mina_project\BackMina\src\domain\models\employeeModel.ts:53:13)
    at EmployeeService.<anonymous> (C:\Users\ejecutivo\Desktop\mina_project\BackMina\src\app\services\employeeService.ts:110:36)
    at Generator.next (<anonymous>)
    at fulfilled (C:\Users\ejecutivo\Desktop\mina_project\BackMina\src\app\services\employeeService.ts:17:58)
    at processTicksAndRejections (node:internal/process/task_queues:95:5)
2024-06-27 21:36:59:5215 http: [2024-06-28T02:36:59.521Z] ::1 "GET /api/v1/employee/document/1234567 HTTP/1.1" 500 32 "http://localhost:3000/" "Mozilla/5.0 (Windows NT 10.0; Win64; x64) AppleWebKit/537.36 (KHTML, like Gecko) Chrome/126.0.0.0 Safari/537.36" {} 17.154 ms
 
2024-06-27 21:36:59:8048 error: Cannot destructure property 'deletedAt' of '_a' as it is null. TypeError: Cannot destructure property 'deletedAt' of '_a' as it is null.
    at EmployeeMapper.mapToDto (C:\Users\ejecutivo\Desktop\mina_project\BackMina\src\domain\models\employeeModel.ts:53:13)
    at EmployeeService.<anonymous> (C:\Users\ejecutivo\Desktop\mina_project\BackMina\src\app\services\employeeService.ts:110:36)
    at Generator.next (<anonymous>)
    at fulfilled (C:\Users\ejecutivo\Desktop\mina_project\BackMina\src\app\services\employeeService.ts:17:58)
    at processTicksAndRejections (node:internal/process/task_queues:95:5)
2024-06-27 21:36:59:8078 http: [2024-06-28T02:36:59.807Z] ::1 "GET /api/v1/employee/document/12345678 HTTP/1.1" 500 32 "http://localhost:3000/" "Mozilla/5.0 (Windows NT 10.0; Win64; x64) AppleWebKit/537.36 (KHTML, like Gecko) Chrome/126.0.0.0 Safari/537.36" {} 17.648 ms
 
2024-06-27 21:37:00:0951 error: Cannot destructure property 'deletedAt' of '_a' as it is null. TypeError: Cannot destructure property 'deletedAt' of '_a' as it is null.
    at EmployeeMapper.mapToDto (C:\Users\ejecutivo\Desktop\mina_project\BackMina\src\domain\models\employeeModel.ts:53:13)
    at EmployeeService.<anonymous> (C:\Users\ejecutivo\Desktop\mina_project\BackMina\src\app\services\employeeService.ts:110:36)
    at Generator.next (<anonymous>)
    at fulfilled (C:\Users\ejecutivo\Desktop\mina_project\BackMina\src\app\services\employeeService.ts:17:58)
    at processTicksAndRejections (node:internal/process/task_queues:95:5)
2024-06-27 21:37:00:0981 http: [2024-06-28T02:37:00.098Z] ::1 "GET /api/v1/employee/document/123456789 HTTP/1.1" 500 32 "http://localhost:3000/" "Mozilla/5.0 (Windows NT 10.0; Win64; x64) AppleWebKit/537.36 (KHTML, like Gecko) Chrome/126.0.0.0 Safari/537.36" {} 17.226 ms
 
2024-06-27 21:45:54:1592 http: [2024-06-28T02:45:54.159Z] ::1 "GET /api/v1/employee HTTP/1.1" 200 - "-" "node" {} 93.387 ms
 
2024-06-27 21:45:54:6496 http: [2024-06-28T02:45:54.649Z] ::1 "GET /api/v1/employee HTTP/1.1" 200 - "-" "node" {} 24.554 ms
 
2024-06-27 21:45:54:9399 http: [2024-06-28T02:45:54.939Z] ::1 "GET /api/v1/employee HTTP/1.1" 200 - "-" "node" {} 25.094 ms
 
2024-06-27 21:46:16:8258 http: [2024-06-28T02:46:16.824Z] ::1 "GET /api/v1/employee/document/0000000 HTTP/1.1" 200 - "http://localhost:3000/" "Mozilla/5.0 (Windows NT 10.0; Win64; x64) AppleWebKit/537.36 (KHTML, like Gecko) Chrome/126.0.0.0 Safari/537.36" {} 90.475 ms
 
2024-06-27 21:46:16:8298 error: Cannot set headers after they are sent to the client Error: Cannot set headers after they are sent to the client
    at ServerResponse.setHeader (node:_http_outgoing:652:11)
    at ServerResponse.header (C:\Users\ejecutivo\Desktop\mina_project\BackMina\node_modules\express\lib\response.js:795:10)
    at ServerResponse.json (C:\Users\ejecutivo\Desktop\mina_project\BackMina\node_modules\express\lib\response.js:276:10)
    at C:\Users\ejecutivo\Desktop\mina_project\BackMina\src\routes\v1\employeeRouter.ts:43:23
    at processTicksAndRejections (node:internal/process/task_queues:95:5)
2024-06-27 21:46:22:4655 error: Cannot destructure property 'deletedAt' of '_a' as it is null. TypeError: Cannot destructure property 'deletedAt' of '_a' as it is null.
    at EmployeeMapper.mapToDto (C:\Users\ejecutivo\Desktop\mina_project\BackMina\src\domain\models\employeeModel.ts:53:13)
    at EmployeeService.<anonymous> (C:\Users\ejecutivo\Desktop\mina_project\BackMina\src\app\services\employeeService.ts:110:36)
    at Generator.next (<anonymous>)
    at fulfilled (C:\Users\ejecutivo\Desktop\mina_project\BackMina\src\app\services\employeeService.ts:17:58)
    at processTicksAndRejections (node:internal/process/task_queues:95:5)
2024-06-27 21:46:22:4685 http: [2024-06-28T02:46:22.468Z] ::1 "GET /api/v1/employee/document/1 HTTP/1.1" 500 32 "http://localhost:3000/" "Mozilla/5.0 (Windows NT 10.0; Win64; x64) AppleWebKit/537.36 (KHTML, like Gecko) Chrome/126.0.0.0 Safari/537.36" {} 26.617 ms
 
2024-06-27 21:46:22:8068 error: Cannot destructure property 'deletedAt' of '_a' as it is null. TypeError: Cannot destructure property 'deletedAt' of '_a' as it is null.
    at EmployeeMapper.mapToDto (C:\Users\ejecutivo\Desktop\mina_project\BackMina\src\domain\models\employeeModel.ts:53:13)
    at EmployeeService.<anonymous> (C:\Users\ejecutivo\Desktop\mina_project\BackMina\src\app\services\employeeService.ts:110:36)
    at Generator.next (<anonymous>)
    at fulfilled (C:\Users\ejecutivo\Desktop\mina_project\BackMina\src\app\services\employeeService.ts:17:58)
    at processTicksAndRejections (node:internal/process/task_queues:95:5)
2024-06-27 21:46:22:8128 http: [2024-06-28T02:46:22.812Z] ::1 "GET /api/v1/employee/document/12 HTTP/1.1" 500 32 "http://localhost:3000/" "Mozilla/5.0 (Windows NT 10.0; Win64; x64) AppleWebKit/537.36 (KHTML, like Gecko) Chrome/126.0.0.0 Safari/537.36" {} 63.834 ms
 
2024-06-27 21:46:23:1311 error: Cannot destructure property 'deletedAt' of '_a' as it is null. TypeError: Cannot destructure property 'deletedAt' of '_a' as it is null.
    at EmployeeMapper.mapToDto (C:\Users\ejecutivo\Desktop\mina_project\BackMina\src\domain\models\employeeModel.ts:53:13)
    at EmployeeService.<anonymous> (C:\Users\ejecutivo\Desktop\mina_project\BackMina\src\app\services\employeeService.ts:110:36)
    at Generator.next (<anonymous>)
    at fulfilled (C:\Users\ejecutivo\Desktop\mina_project\BackMina\src\app\services\employeeService.ts:17:58)
    at processTicksAndRejections (node:internal/process/task_queues:95:5)
2024-06-27 21:46:23:1351 http: [2024-06-28T02:46:23.135Z] ::1 "GET /api/v1/employee/document/123 HTTP/1.1" 500 32 "http://localhost:3000/" "Mozilla/5.0 (Windows NT 10.0; Win64; x64) AppleWebKit/537.36 (KHTML, like Gecko) Chrome/126.0.0.0 Safari/537.36" {} 64.502 ms
 
2024-06-27 21:46:23:5105 error: Cannot destructure property 'deletedAt' of '_a' as it is null. TypeError: Cannot destructure property 'deletedAt' of '_a' as it is null.
    at EmployeeMapper.mapToDto (C:\Users\ejecutivo\Desktop\mina_project\BackMina\src\domain\models\employeeModel.ts:53:13)
    at EmployeeService.<anonymous> (C:\Users\ejecutivo\Desktop\mina_project\BackMina\src\app\services\employeeService.ts:110:36)
    at Generator.next (<anonymous>)
    at fulfilled (C:\Users\ejecutivo\Desktop\mina_project\BackMina\src\app\services\employeeService.ts:17:58)
    at processTicksAndRejections (node:internal/process/task_queues:95:5)
2024-06-27 21:46:23:5155 http: [2024-06-28T02:46:23.514Z] ::1 "GET /api/v1/employee/document/1234 HTTP/1.1" 500 32 "http://localhost:3000/" "Mozilla/5.0 (Windows NT 10.0; Win64; x64) AppleWebKit/537.36 (KHTML, like Gecko) Chrome/126.0.0.0 Safari/537.36" {} 61.237 ms
 
2024-06-27 21:46:23:8519 error: Cannot destructure property 'deletedAt' of '_a' as it is null. TypeError: Cannot destructure property 'deletedAt' of '_a' as it is null.
    at EmployeeMapper.mapToDto (C:\Users\ejecutivo\Desktop\mina_project\BackMina\src\domain\models\employeeModel.ts:53:13)
    at EmployeeService.<anonymous> (C:\Users\ejecutivo\Desktop\mina_project\BackMina\src\app\services\employeeService.ts:110:36)
    at Generator.next (<anonymous>)
    at fulfilled (C:\Users\ejecutivo\Desktop\mina_project\BackMina\src\app\services\employeeService.ts:17:58)
    at processTicksAndRejections (node:internal/process/task_queues:95:5)
2024-06-27 21:46:23:8549 http: [2024-06-28T02:46:23.854Z] ::1 "GET /api/v1/employee/document/12345 HTTP/1.1" 500 32 "http://localhost:3000/" "Mozilla/5.0 (Windows NT 10.0; Win64; x64) AppleWebKit/537.36 (KHTML, like Gecko) Chrome/126.0.0.0 Safari/537.36" {} 18.414 ms
 
2024-06-27 21:46:24:2693 error: Cannot destructure property 'deletedAt' of '_a' as it is null. TypeError: Cannot destructure property 'deletedAt' of '_a' as it is null.
    at EmployeeMapper.mapToDto (C:\Users\ejecutivo\Desktop\mina_project\BackMina\src\domain\models\employeeModel.ts:53:13)
    at EmployeeService.<anonymous> (C:\Users\ejecutivo\Desktop\mina_project\BackMina\src\app\services\employeeService.ts:110:36)
    at Generator.next (<anonymous>)
    at fulfilled (C:\Users\ejecutivo\Desktop\mina_project\BackMina\src\app\services\employeeService.ts:17:58)
    at processTicksAndRejections (node:internal/process/task_queues:95:5)
2024-06-27 21:46:24:2753 http: [2024-06-28T02:46:24.275Z] ::1 "GET /api/v1/employee/document/123456 HTTP/1.1" 500 32 "http://localhost:3000/" "Mozilla/5.0 (Windows NT 10.0; Win64; x64) AppleWebKit/537.36 (KHTML, like Gecko) Chrome/126.0.0.0 Safari/537.36" {} 64.024 ms
 
2024-06-27 21:46:24:6186 error: Cannot destructure property 'deletedAt' of '_a' as it is null. TypeError: Cannot destructure property 'deletedAt' of '_a' as it is null.
    at EmployeeMapper.mapToDto (C:\Users\ejecutivo\Desktop\mina_project\BackMina\src\domain\models\employeeModel.ts:53:13)
    at EmployeeService.<anonymous> (C:\Users\ejecutivo\Desktop\mina_project\BackMina\src\app\services\employeeService.ts:110:36)
    at Generator.next (<anonymous>)
    at fulfilled (C:\Users\ejecutivo\Desktop\mina_project\BackMina\src\app\services\employeeService.ts:17:58)
    at processTicksAndRejections (node:internal/process/task_queues:95:5)
2024-06-27 21:46:24:6216 http: [2024-06-28T02:46:24.621Z] ::1 "GET /api/v1/employee/document/1234567 HTTP/1.1" 500 32 "http://localhost:3000/" "Mozilla/5.0 (Windows NT 10.0; Win64; x64) AppleWebKit/537.36 (KHTML, like Gecko) Chrome/126.0.0.0 Safari/537.36" {} 24.033 ms
 
2024-06-27 21:46:24:96010 error: Cannot destructure property 'deletedAt' of '_a' as it is null. TypeError: Cannot destructure property 'deletedAt' of '_a' as it is null.
    at EmployeeMapper.mapToDto (C:\Users\ejecutivo\Desktop\mina_project\BackMina\src\domain\models\employeeModel.ts:53:13)
    at EmployeeService.<anonymous> (C:\Users\ejecutivo\Desktop\mina_project\BackMina\src\app\services\employeeService.ts:110:36)
    at Generator.next (<anonymous>)
    at fulfilled (C:\Users\ejecutivo\Desktop\mina_project\BackMina\src\app\services\employeeService.ts:17:58)
    at processTicksAndRejections (node:internal/process/task_queues:95:5)
2024-06-27 21:46:24:97010 http: [2024-06-28T02:46:24.970Z] ::1 "GET /api/v1/employee/document/12345678 HTTP/1.1" 500 32 "http://localhost:3000/" "Mozilla/5.0 (Windows NT 10.0; Win64; x64) AppleWebKit/537.36 (KHTML, like Gecko) Chrome/126.0.0.0 Safari/537.36" {} 30.499 ms
 
2024-06-27 21:46:26:2713 error: Cannot destructure property 'deletedAt' of '_a' as it is null. TypeError: Cannot destructure property 'deletedAt' of '_a' as it is null.
    at EmployeeMapper.mapToDto (C:\Users\ejecutivo\Desktop\mina_project\BackMina\src\domain\models\employeeModel.ts:53:13)
    at EmployeeService.<anonymous> (C:\Users\ejecutivo\Desktop\mina_project\BackMina\src\app\services\employeeService.ts:110:36)
    at Generator.next (<anonymous>)
    at fulfilled (C:\Users\ejecutivo\Desktop\mina_project\BackMina\src\app\services\employeeService.ts:17:58)
    at processTicksAndRejections (node:internal/process/task_queues:95:5)
2024-06-27 21:46:26:2763 http: [2024-06-28T02:46:26.276Z] ::1 "GET /api/v1/employee/document/123456789 HTTP/1.1" 500 32 "http://localhost:3000/" "Mozilla/5.0 (Windows NT 10.0; Win64; x64) AppleWebKit/537.36 (KHTML, like Gecko) Chrome/126.0.0.0 Safari/537.36" {} 24.801 ms
 
2024-06-27 21:52:57:0000 debug: Creating data of 'EmployeeEntity' 
2024-06-27 21:52:57:1101 http: [2024-06-28T02:52:57.110Z] ::1 "POST /api/v1/employee HTTP/1.1" 201 695 "http://localhost:3000/" "Mozilla/5.0 (Windows NT 10.0; Win64; x64) AppleWebKit/537.36 (KHTML, like Gecko) Chrome/126.0.0.0 Safari/537.36" {"name":"JHON","firstLastName":"DEEP","secondLastName":"LOPEZ","documentTypeId":1,"documentNumber":"123456789","email":"JDL@EMAIL.COM","cellPhone":"1111111111","phone":"1000001","municipalityId":1,"departmentCode":1,"municipalityCode":83,"district":"1","address":"CRA 50","bloodTypeId":"8","dateBirth":"2000-08-24T00:00:00.000Z","nationalityId":1,"departmentBirthCode":1,"municipalityBirthCode":1,"educationLevelId":"2","lastYearStudy":"8","genderId":1,"maritalStatusId":1,"children":0,"ageChildren":"0","workCenter":"MINA SAN PACHO","workingTypeId":1,"isActive":true,"dateEntry":"2024-05-02T00:00:00.000Z","positionId":"3","salary":"1350000","transportationAllowance":162000,"paymentPeriodId":1,"subcotizanteId":1,"epsId":1,"afpId":1,"arlId":1,"ccfId":1,"parafiscales":true,"rlId":"2"} 110.742 ms
 
2024-06-27 21:52:57:7748 http: [2024-06-28T02:52:57.774Z] ::1 "GET /api/v1/employee HTTP/1.1" 200 - "-" "node" {} 33.242 ms
 
2024-06-27 21:56:29:8098 debug: Finding data of 'EmployeeEntity' by id: 798 
2024-06-27 21:56:29:96210 http: [2024-06-28T02:56:29.962Z] ::1 "GET /api/v1/employee/798 HTTP/1.1" 200 821 "http://localhost:3000/" "Mozilla/5.0 (Windows NT 10.0; Win64; x64) AppleWebKit/537.36 (KHTML, like Gecko) Chrome/126.0.0.0 Safari/537.36" {} 152.871 ms
 
2024-06-27 21:58:40:0771 http: [2024-06-28T02:58:40.077Z] ::1 "GET /api/v1/employee HTTP/1.1" 200 - "-" "node" {} 247.656 ms
 
2024-06-27 21:58:45:7728 debug: Finding data of 'EmployeeEntity' by id: 796 
2024-06-27 21:58:45:7928 http: [2024-06-28T02:58:45.792Z] ::1 "GET /api/v1/employee/796 HTTP/1.1" 200 925 "http://localhost:3000/" "Mozilla/5.0 (Windows NT 10.0; Win64; x64) AppleWebKit/537.36 (KHTML, like Gecko) Chrome/126.0.0.0 Safari/537.36" {} 18.965 ms
 
2024-06-27 21:58:51:5435 http: [2024-06-28T02:58:51.543Z] ::1 "GET /api/v1/employee HTTP/1.1" 200 - "-" "node" {} 23.920 ms
 
2024-06-27 21:58:56:5606 debug: Finding data of 'EmployeeEntity' by id: 790 
2024-06-27 21:58:56:5756 http: [2024-06-28T02:58:56.575Z] ::1 "GET /api/v1/employee/790 HTTP/1.1" 200 853 "http://localhost:3000/" "Mozilla/5.0 (Windows NT 10.0; Win64; x64) AppleWebKit/537.36 (KHTML, like Gecko) Chrome/126.0.0.0 Safari/537.36" {} 15.450 ms
 
2024-06-27 21:59:16:3844 http: [2024-06-28T02:59:16.384Z] ::1 "GET /api/v1/employee HTTP/1.1" 200 - "-" "node" {} 84.027 ms
 
2024-06-28 00:00:44:98810 http: [2024-06-28T05:00:44.987Z] ::1 "GET /api/v1/employee HTTP/1.1" 200 - "-" "node" {} 220.436 ms
 
2024-06-28 00:01:27:3644 http: [2024-06-28T05:01:27.364Z] ::1 "GET /api/v1/employee HTTP/1.1" 200 - "-" "node" {} 127.513 ms
 
2024-06-28 00:01:28:0220 http: [2024-06-28T05:01:28.022Z] ::1 "GET /api/v1/employee HTTP/1.1" 200 - "-" "node" {} 42.245 ms
 
2024-06-28 00:01:30:5976 http: [2024-06-28T05:01:30.596Z] ::1 "GET /api/v1/employee?page=1&limit=10&search=&documentType=&workCenter=&workingType=&status=&position= HTTP/1.1" 200 - "http://localhost:3000/employee" "Mozilla/5.0 (Windows NT 10.0; Win64; x64) AppleWebKit/537.36 (KHTML, like Gecko) Chrome/126.0.0.0 Safari/537.36" {} 28.258 ms
 
2024-06-28 00:02:30:5015 error: Cannot destructure property 'deletedAt' of '_a' as it is null. TypeError: Cannot destructure property 'deletedAt' of '_a' as it is null.
    at EmployeeMapper.mapToDto (C:\Users\ejecutivo\Desktop\mina_project\BackMina\src\domain\models\employeeModel.ts:53:13)
    at EmployeeService.<anonymous> (C:\Users\ejecutivo\Desktop\mina_project\BackMina\src\app\services\employeeService.ts:110:36)
    at Generator.next (<anonymous>)
    at fulfilled (C:\Users\ejecutivo\Desktop\mina_project\BackMina\src\app\services\employeeService.ts:17:58)
    at processTicksAndRejections (node:internal/process/task_queues:95:5)
2024-06-28 00:02:30:5095 http: [2024-06-28T05:02:30.509Z] ::1 "GET /api/v1/employee/document/0 HTTP/1.1" 500 32 "http://localhost:3000/" "Mozilla/5.0 (Windows NT 10.0; Win64; x64) AppleWebKit/537.36 (KHTML, like Gecko) Chrome/126.0.0.0 Safari/537.36" {} 137.814 ms
 
2024-06-28 00:02:31:4314 error: Cannot destructure property 'deletedAt' of '_a' as it is null. TypeError: Cannot destructure property 'deletedAt' of '_a' as it is null.
    at EmployeeMapper.mapToDto (C:\Users\ejecutivo\Desktop\mina_project\BackMina\src\domain\models\employeeModel.ts:53:13)
    at EmployeeService.<anonymous> (C:\Users\ejecutivo\Desktop\mina_project\BackMina\src\app\services\employeeService.ts:110:36)
    at Generator.next (<anonymous>)
    at fulfilled (C:\Users\ejecutivo\Desktop\mina_project\BackMina\src\app\services\employeeService.ts:17:58)
    at processTicksAndRejections (node:internal/process/task_queues:95:5)
2024-06-28 00:02:31:4374 http: [2024-06-28T05:02:31.436Z] ::1 "GET /api/v1/employee/document/01 HTTP/1.1" 500 32 "http://localhost:3000/" "Mozilla/5.0 (Windows NT 10.0; Win64; x64) AppleWebKit/537.36 (KHTML, like Gecko) Chrome/126.0.0.0 Safari/537.36" {} 93.324 ms
 
2024-06-28 00:02:31:6907 error: Cannot destructure property 'deletedAt' of '_a' as it is null. TypeError: Cannot destructure property 'deletedAt' of '_a' as it is null.
    at EmployeeMapper.mapToDto (C:\Users\ejecutivo\Desktop\mina_project\BackMina\src\domain\models\employeeModel.ts:53:13)
    at EmployeeService.<anonymous> (C:\Users\ejecutivo\Desktop\mina_project\BackMina\src\app\services\employeeService.ts:110:36)
    at Generator.next (<anonymous>)
    at fulfilled (C:\Users\ejecutivo\Desktop\mina_project\BackMina\src\app\services\employeeService.ts:17:58)
    at processTicksAndRejections (node:internal/process/task_queues:95:5)
2024-06-28 00:02:31:6947 http: [2024-06-28T05:02:31.694Z] ::1 "GET /api/v1/employee/document/012 HTTP/1.1" 500 32 "http://localhost:3000/" "Mozilla/5.0 (Windows NT 10.0; Win64; x64) AppleWebKit/537.36 (KHTML, like Gecko) Chrome/126.0.0.0 Safari/537.36" {} 27.323 ms
 
2024-06-28 00:02:32:0981 error: Cannot destructure property 'deletedAt' of '_a' as it is null. TypeError: Cannot destructure property 'deletedAt' of '_a' as it is null.
    at EmployeeMapper.mapToDto (C:\Users\ejecutivo\Desktop\mina_project\BackMina\src\domain\models\employeeModel.ts:53:13)
    at EmployeeService.<anonymous> (C:\Users\ejecutivo\Desktop\mina_project\BackMina\src\app\services\employeeService.ts:110:36)
    at Generator.next (<anonymous>)
    at fulfilled (C:\Users\ejecutivo\Desktop\mina_project\BackMina\src\app\services\employeeService.ts:17:58)
    at processTicksAndRejections (node:internal/process/task_queues:95:5)
2024-06-28 00:02:32:1021 http: [2024-06-28T05:02:32.102Z] ::1 "GET /api/v1/employee/document/0123 HTTP/1.1" 500 32 "http://localhost:3000/" "Mozilla/5.0 (Windows NT 10.0; Win64; x64) AppleWebKit/537.36 (KHTML, like Gecko) Chrome/126.0.0.0 Safari/537.36" {} 22.882 ms
 
2024-06-28 00:02:32:5445 error: Cannot destructure property 'deletedAt' of '_a' as it is null. TypeError: Cannot destructure property 'deletedAt' of '_a' as it is null.
    at EmployeeMapper.mapToDto (C:\Users\ejecutivo\Desktop\mina_project\BackMina\src\domain\models\employeeModel.ts:53:13)
    at EmployeeService.<anonymous> (C:\Users\ejecutivo\Desktop\mina_project\BackMina\src\app\services\employeeService.ts:110:36)
    at Generator.next (<anonymous>)
    at fulfilled (C:\Users\ejecutivo\Desktop\mina_project\BackMina\src\app\services\employeeService.ts:17:58)
    at processTicksAndRejections (node:internal/process/task_queues:95:5)
2024-06-28 00:02:32:5546 http: [2024-06-28T05:02:32.554Z] ::1 "GET /api/v1/employee/document/01234 HTTP/1.1" 500 32 "http://localhost:3000/" "Mozilla/5.0 (Windows NT 10.0; Win64; x64) AppleWebKit/537.36 (KHTML, like Gecko) Chrome/126.0.0.0 Safari/537.36" {} 85.259 ms
 
2024-06-28 00:02:32:9449 error: Cannot destructure property 'deletedAt' of '_a' as it is null. TypeError: Cannot destructure property 'deletedAt' of '_a' as it is null.
    at EmployeeMapper.mapToDto (C:\Users\ejecutivo\Desktop\mina_project\BackMina\src\domain\models\employeeModel.ts:53:13)
    at EmployeeService.<anonymous> (C:\Users\ejecutivo\Desktop\mina_project\BackMina\src\app\services\employeeService.ts:110:36)
    at Generator.next (<anonymous>)
    at fulfilled (C:\Users\ejecutivo\Desktop\mina_project\BackMina\src\app\services\employeeService.ts:17:58)
    at processTicksAndRejections (node:internal/process/task_queues:95:5)
2024-06-28 00:02:32:95710 http: [2024-06-28T05:02:32.957Z] ::1 "GET /api/v1/employee/document/012345 HTTP/1.1" 500 32 "http://localhost:3000/" "Mozilla/5.0 (Windows NT 10.0; Win64; x64) AppleWebKit/537.36 (KHTML, like Gecko) Chrome/126.0.0.0 Safari/537.36" {} 86.884 ms
 
2024-06-28 00:02:33:2963 error: Cannot destructure property 'deletedAt' of '_a' as it is null. TypeError: Cannot destructure property 'deletedAt' of '_a' as it is null.
    at EmployeeMapper.mapToDto (C:\Users\ejecutivo\Desktop\mina_project\BackMina\src\domain\models\employeeModel.ts:53:13)
    at EmployeeService.<anonymous> (C:\Users\ejecutivo\Desktop\mina_project\BackMina\src\app\services\employeeService.ts:110:36)
    at Generator.next (<anonymous>)
    at fulfilled (C:\Users\ejecutivo\Desktop\mina_project\BackMina\src\app\services\employeeService.ts:17:58)
    at processTicksAndRejections (node:internal/process/task_queues:95:5)
2024-06-28 00:02:33:3103 http: [2024-06-28T05:02:33.309Z] ::1 "GET /api/v1/employee/document/0123456 HTTP/1.1" 500 32 "http://localhost:3000/" "Mozilla/5.0 (Windows NT 10.0; Win64; x64) AppleWebKit/537.36 (KHTML, like Gecko) Chrome/126.0.0.0 Safari/537.36" {} 88.251 ms
 
2024-06-28 00:02:33:6466 error: Cannot destructure property 'deletedAt' of '_a' as it is null. TypeError: Cannot destructure property 'deletedAt' of '_a' as it is null.
    at EmployeeMapper.mapToDto (C:\Users\ejecutivo\Desktop\mina_project\BackMina\src\domain\models\employeeModel.ts:53:13)
    at EmployeeService.<anonymous> (C:\Users\ejecutivo\Desktop\mina_project\BackMina\src\app\services\employeeService.ts:110:36)
    at Generator.next (<anonymous>)
    at fulfilled (C:\Users\ejecutivo\Desktop\mina_project\BackMina\src\app\services\employeeService.ts:17:58)
    at processTicksAndRejections (node:internal/process/task_queues:95:5)
2024-06-28 00:02:33:6507 http: [2024-06-28T05:02:33.650Z] ::1 "GET /api/v1/employee/document/01234567 HTTP/1.1" 500 32 "http://localhost:3000/" "Mozilla/5.0 (Windows NT 10.0; Win64; x64) AppleWebKit/537.36 (KHTML, like Gecko) Chrome/126.0.0.0 Safari/537.36" {} 60.883 ms
 
2024-06-28 00:02:33:8719 error: Cannot destructure property 'deletedAt' of '_a' as it is null. TypeError: Cannot destructure property 'deletedAt' of '_a' as it is null.
    at EmployeeMapper.mapToDto (C:\Users\ejecutivo\Desktop\mina_project\BackMina\src\domain\models\employeeModel.ts:53:13)
    at EmployeeService.<anonymous> (C:\Users\ejecutivo\Desktop\mina_project\BackMina\src\app\services\employeeService.ts:110:36)
    at Generator.next (<anonymous>)
    at fulfilled (C:\Users\ejecutivo\Desktop\mina_project\BackMina\src\app\services\employeeService.ts:17:58)
    at processTicksAndRejections (node:internal/process/task_queues:95:5)
2024-06-28 00:02:33:8759 http: [2024-06-28T05:02:33.875Z] ::1 "GET /api/v1/employee/document/012345678 HTTP/1.1" 500 32 "http://localhost:3000/" "Mozilla/5.0 (Windows NT 10.0; Win64; x64) AppleWebKit/537.36 (KHTML, like Gecko) Chrome/126.0.0.0 Safari/537.36" {} 27.392 ms
 
2024-06-28 00:03:03:8669 http: [2024-06-28T05:03:03.866Z] ::1 "GET /api/v1/employee HTTP/1.1" 200 - "-" "node" {} 114.656 ms
 
2024-06-28 00:03:04:3173 http: [2024-06-28T05:03:04.316Z] ::1 "GET /api/v1/employee?page=1&limit=10&search=&documentType=&workCenter=&workingType=&status=&position= HTTP/1.1" 304 - "http://localhost:3000/employee" "Mozilla/5.0 (Windows NT 10.0; Win64; x64) AppleWebKit/537.36 (KHTML, like Gecko) Chrome/126.0.0.0 Safari/537.36" {} 54.283 ms
 
2024-06-28 00:03:46:0951 http: [2024-06-28T05:03:46.095Z] ::1 "GET /api/v1/employee?page=1&limit=10&search=39172564&documentType=&workCenter=&workingType=&status=&position= HTTP/1.1" 200 - "http://localhost:3000/employee" "Mozilla/5.0 (Windows NT 10.0; Win64; x64) AppleWebKit/537.36 (KHTML, like Gecko) Chrome/126.0.0.0 Safari/537.36" {} 127.515 ms
 
2024-06-28 00:03:59:4074 http: [2024-06-28T05:03:59.407Z] ::1 "GET /api/v1/employee?page=1&limit=10&search=3917256&documentType=&workCenter=&workingType=&status=&position= HTTP/1.1" 200 - "http://localhost:3000/employee" "Mozilla/5.0 (Windows NT 10.0; Win64; x64) AppleWebKit/537.36 (KHTML, like Gecko) Chrome/126.0.0.0 Safari/537.36" {} 100.232 ms
 
2024-06-28 00:03:59:5315 http: [2024-06-28T05:03:59.531Z] ::1 "GET /api/v1/employee?page=1&limit=10&search=391725&documentType=&workCenter=&workingType=&status=&position= HTTP/1.1" 200 - "http://localhost:3000/employee" "Mozilla/5.0 (Windows NT 10.0; Win64; x64) AppleWebKit/537.36 (KHTML, like Gecko) Chrome/126.0.0.0 Safari/537.36" {} 33.537 ms
 
2024-06-28 00:03:59:6717 http: [2024-06-28T05:03:59.671Z] ::1 "GET /api/v1/employee?page=1&limit=10&search=39172&documentType=&workCenter=&workingType=&status=&position= HTTP/1.1" 200 - "http://localhost:3000/employee" "Mozilla/5.0 (Windows NT 10.0; Win64; x64) AppleWebKit/537.36 (KHTML, like Gecko) Chrome/126.0.0.0 Safari/537.36" {} 28.200 ms
 
2024-06-28 00:04:00:0390 http: [2024-06-28T05:04:00.039Z] ::1 "GET /api/v1/employee?page=1&limit=10&search=3917&documentType=&workCenter=&workingType=&status=&position= HTTP/1.1" 200 - "http://localhost:3000/employee" "Mozilla/5.0 (Windows NT 10.0; Win64; x64) AppleWebKit/537.36 (KHTML, like Gecko) Chrome/126.0.0.0 Safari/537.36" {} 33.856 ms
 
2024-06-28 00:04:00:1802 http: [2024-06-28T05:04:00.180Z] ::1 "GET /api/v1/employee?page=1&limit=10&search=391&documentType=&workCenter=&workingType=&status=&position= HTTP/1.1" 200 - "http://localhost:3000/employee" "Mozilla/5.0 (Windows NT 10.0; Win64; x64) AppleWebKit/537.36 (KHTML, like Gecko) Chrome/126.0.0.0 Safari/537.36" {} 24.845 ms
 
2024-06-28 00:04:00:5085 http: [2024-06-28T05:04:00.508Z] ::1 "GET /api/v1/employee?page=1&limit=10&search=39&documentType=&workCenter=&workingType=&status=&position= HTTP/1.1" 200 - "http://localhost:3000/employee" "Mozilla/5.0 (Windows NT 10.0; Win64; x64) AppleWebKit/537.36 (KHTML, like Gecko) Chrome/126.0.0.0 Safari/537.36" {} 27.724 ms
 
2024-06-28 00:04:00:6076 http: [2024-06-28T05:04:00.606Z] ::1 "GET /api/v1/employee?page=1&limit=10&search=3&documentType=&workCenter=&workingType=&status=&position= HTTP/1.1" 200 - "http://localhost:3000/employee" "Mozilla/5.0 (Windows NT 10.0; Win64; x64) AppleWebKit/537.36 (KHTML, like Gecko) Chrome/126.0.0.0 Safari/537.36" {} 30.256 ms
 
2024-06-28 00:04:00:7798 http: [2024-06-28T05:04:00.779Z] ::1 "GET /api/v1/employee?page=1&limit=10&search=&documentType=&workCenter=&workingType=&status=&position= HTTP/1.1" 304 - "http://localhost:3000/employee" "Mozilla/5.0 (Windows NT 10.0; Win64; x64) AppleWebKit/537.36 (KHTML, like Gecko) Chrome/126.0.0.0 Safari/537.36" {} 54.691 ms
 
2024-06-28 00:08:31:3333 http: [2024-06-28T05:08:31.333Z] ::1 "GET /api/v1/employee HTTP/1.1" 200 - "-" "node" {} 131.093 ms
 
2024-06-28 00:08:31:3504 http: [2024-06-28T05:08:31.350Z] ::1 "GET /api/v1/employee HTTP/1.1" 200 - "-" "node" {} 146.239 ms
 
2024-06-28 00:08:36:0911 http: [2024-06-28T05:08:36.091Z] ::1 "GET /api/v1/employee?page=1&limit=10&search=&documentType=&workCenter=&workingType=&status=&position= HTTP/1.1" 304 - "http://localhost:3000/employee" "Mozilla/5.0 (Windows NT 10.0; Win64; x64) AppleWebKit/537.36 (KHTML, like Gecko) Chrome/126.0.0.0 Safari/537.36" {} 31.147 ms
 
2024-06-28 00:09:13:4745 http: [2024-06-28T05:09:13.474Z] ::1 "GET /api/v1/employee HTTP/1.1" 200 - "-" "node" {} 116.350 ms
 
2024-06-28 00:09:13:8078 http: [2024-06-28T05:09:13.807Z] ::1 "GET /api/v1/employee?page=1&limit=10&search=&documentType=&workCenter=&workingType=&status=&position= HTTP/1.1" 304 - "http://localhost:3000/employee" "Mozilla/5.0 (Windows NT 10.0; Win64; x64) AppleWebKit/537.36 (KHTML, like Gecko) Chrome/126.0.0.0 Safari/537.36" {} 61.815 ms
 
2024-06-28 00:10:29:1782 http: [2024-06-28T05:10:29.178Z] ::1 "GET /api/v1/employee HTTP/1.1" 200 - "-" "node" {} 148.373 ms
 
2024-06-28 00:10:29:1952 http: [2024-06-28T05:10:29.195Z] ::1 "GET /api/v1/employee HTTP/1.1" 200 - "-" "node" {} 163.422 ms
 
2024-06-28 00:10:35:0711 http: [2024-06-28T05:10:35.071Z] ::1 "GET /api/v1/employee?page=1&limit=10&search=&documentType=&workCenter=&workingType=&status=&position= HTTP/1.1" 304 - "http://localhost:3000/employee" "Mozilla/5.0 (Windows NT 10.0; Win64; x64) AppleWebKit/537.36 (KHTML, like Gecko) Chrome/126.0.0.0 Safari/537.36" {} 34.921 ms
 
2024-06-28 00:11:04:2062 debug: Finding data of 'EmployeeEntity' by id: 796 
2024-06-28 00:11:04:6016 http: [2024-06-28T05:11:04.601Z] ::1 "GET /api/v1/employee/796 HTTP/1.1" 304 - "http://localhost:3000/" "Mozilla/5.0 (Windows NT 10.0; Win64; x64) AppleWebKit/537.36 (KHTML, like Gecko) Chrome/126.0.0.0 Safari/537.36" {} 394.122 ms
 
2024-06-28 00:11:19:3614 http: [2024-06-28T05:11:19.361Z] ::1 "GET /api/v1/employee HTTP/1.1" 200 - "-" "node" {} 116.983 ms
 
2024-06-28 00:11:19:7978 http: [2024-06-28T05:11:19.797Z] ::1 "GET /api/v1/employee?page=1&limit=10&search=&documentType=&workCenter=&workingType=&status=&position= HTTP/1.1" 304 - "http://localhost:3000/employee" "Mozilla/5.0 (Windows NT 10.0; Win64; x64) AppleWebKit/537.36 (KHTML, like Gecko) Chrome/126.0.0.0 Safari/537.36" {} 46.001 ms
 
2024-06-28 00:58:44:2342 http: [2024-06-28T05:58:44.234Z] ::1 "GET /api/v1/employee HTTP/1.1" 200 - "-" "node" {} 587.853 ms
 
2024-06-28 00:58:45:5536 http: [2024-06-28T05:58:45.552Z] ::1 "GET /api/v1/employee HTTP/1.1" 200 - "-" "node" {} 40.826 ms
 
2024-06-28 00:58:46:2813 http: [2024-06-28T05:58:46.281Z] ::1 "GET /api/v1/employee HTTP/1.1" 200 - "-" "node" {} 37.848 ms
 
2024-06-28 00:58:49:5085 http: [2024-06-28T05:58:49.508Z] ::1 "GET /api/v1/employee?page=1&limit=10&search=&documentType=&workCenter=&workingType=&status=&position= HTTP/1.1" 304 - "http://localhost:3000/employee" "Mozilla/5.0 (Windows NT 10.0; Win64; x64) AppleWebKit/537.36 (KHTML, like Gecko) Chrome/126.0.0.0 Safari/537.36" {} 31.110 ms
 
2024-06-28 01:02:31:5045 error: Cannot destructure property 'deletedAt' of '_a' as it is null. TypeError: Cannot destructure property 'deletedAt' of '_a' as it is null.
    at EmployeeMapper.mapToDto (C:\Users\ejecutivo\Desktop\mina_project\BackMina\src\domain\models\employeeModel.ts:53:13)
    at EmployeeService.<anonymous> (C:\Users\ejecutivo\Desktop\mina_project\BackMina\src\app\services\employeeService.ts:110:36)
    at Generator.next (<anonymous>)
    at fulfilled (C:\Users\ejecutivo\Desktop\mina_project\BackMina\src\app\services\employeeService.ts:17:58)
    at processTicksAndRejections (node:internal/process/task_queues:95:5)
2024-06-28 01:02:31:5105 http: [2024-06-28T06:02:31.510Z] ::1 "GET /api/v1/employee/document/0 HTTP/1.1" 500 32 "http://localhost:3000/" "Mozilla/5.0 (Windows NT 10.0; Win64; x64) AppleWebKit/537.36 (KHTML, like Gecko) Chrome/126.0.0.0 Safari/537.36" {} 100.915 ms
 
2024-06-28 01:02:31:9219 error: Cannot destructure property 'deletedAt' of '_a' as it is null. TypeError: Cannot destructure property 'deletedAt' of '_a' as it is null.
    at EmployeeMapper.mapToDto (C:\Users\ejecutivo\Desktop\mina_project\BackMina\src\domain\models\employeeModel.ts:53:13)
    at EmployeeService.<anonymous> (C:\Users\ejecutivo\Desktop\mina_project\BackMina\src\app\services\employeeService.ts:110:36)
    at Generator.next (<anonymous>)
    at fulfilled (C:\Users\ejecutivo\Desktop\mina_project\BackMina\src\app\services\employeeService.ts:17:58)
    at processTicksAndRejections (node:internal/process/task_queues:95:5)
2024-06-28 01:02:31:9259 http: [2024-06-28T06:02:31.925Z] ::1 "GET /api/v1/employee/document/01 HTTP/1.1" 500 32 "http://localhost:3000/" "Mozilla/5.0 (Windows NT 10.0; Win64; x64) AppleWebKit/537.36 (KHTML, like Gecko) Chrome/126.0.0.0 Safari/537.36" {} 38.925 ms
 
2024-06-28 01:02:32:2072 error: Cannot destructure property 'deletedAt' of '_a' as it is null. TypeError: Cannot destructure property 'deletedAt' of '_a' as it is null.
    at EmployeeMapper.mapToDto (C:\Users\ejecutivo\Desktop\mina_project\BackMina\src\domain\models\employeeModel.ts:53:13)
    at EmployeeService.<anonymous> (C:\Users\ejecutivo\Desktop\mina_project\BackMina\src\app\services\employeeService.ts:110:36)
    at Generator.next (<anonymous>)
    at fulfilled (C:\Users\ejecutivo\Desktop\mina_project\BackMina\src\app\services\employeeService.ts:17:58)
    at processTicksAndRejections (node:internal/process/task_queues:95:5)
2024-06-28 01:02:32:2102 http: [2024-06-28T06:02:32.210Z] ::1 "GET /api/v1/employee/document/012 HTTP/1.1" 500 32 "http://localhost:3000/" "Mozilla/5.0 (Windows NT 10.0; Win64; x64) AppleWebKit/537.36 (KHTML, like Gecko) Chrome/126.0.0.0 Safari/537.36" {} 22.746 ms
 
2024-06-28 01:02:32:6046 error: Cannot destructure property 'deletedAt' of '_a' as it is null. TypeError: Cannot destructure property 'deletedAt' of '_a' as it is null.
    at EmployeeMapper.mapToDto (C:\Users\ejecutivo\Desktop\mina_project\BackMina\src\domain\models\employeeModel.ts:53:13)
    at EmployeeService.<anonymous> (C:\Users\ejecutivo\Desktop\mina_project\BackMina\src\app\services\employeeService.ts:110:36)
    at Generator.next (<anonymous>)
    at fulfilled (C:\Users\ejecutivo\Desktop\mina_project\BackMina\src\app\services\employeeService.ts:17:58)
    at processTicksAndRejections (node:internal/process/task_queues:95:5)
2024-06-28 01:02:32:6076 http: [2024-06-28T06:02:32.607Z] ::1 "GET /api/v1/employee/document/0123 HTTP/1.1" 500 32 "http://localhost:3000/" "Mozilla/5.0 (Windows NT 10.0; Win64; x64) AppleWebKit/537.36 (KHTML, like Gecko) Chrome/126.0.0.0 Safari/537.36" {} 20.663 ms
 
2024-06-28 01:02:32:97910 error: Cannot destructure property 'deletedAt' of '_a' as it is null. TypeError: Cannot destructure property 'deletedAt' of '_a' as it is null.
    at EmployeeMapper.mapToDto (C:\Users\ejecutivo\Desktop\mina_project\BackMina\src\domain\models\employeeModel.ts:53:13)
    at EmployeeService.<anonymous> (C:\Users\ejecutivo\Desktop\mina_project\BackMina\src\app\services\employeeService.ts:110:36)
    at Generator.next (<anonymous>)
    at fulfilled (C:\Users\ejecutivo\Desktop\mina_project\BackMina\src\app\services\employeeService.ts:17:58)
    at processTicksAndRejections (node:internal/process/task_queues:95:5)
2024-06-28 01:02:32:98210 http: [2024-06-28T06:02:32.982Z] ::1 "GET /api/v1/employee/document/01234 HTTP/1.1" 500 32 "http://localhost:3000/" "Mozilla/5.0 (Windows NT 10.0; Win64; x64) AppleWebKit/537.36 (KHTML, like Gecko) Chrome/126.0.0.0 Safari/537.36" {} 19.473 ms
 
2024-06-28 01:02:33:4104 error: Cannot destructure property 'deletedAt' of '_a' as it is null. TypeError: Cannot destructure property 'deletedAt' of '_a' as it is null.
    at EmployeeMapper.mapToDto (C:\Users\ejecutivo\Desktop\mina_project\BackMina\src\domain\models\employeeModel.ts:53:13)
    at EmployeeService.<anonymous> (C:\Users\ejecutivo\Desktop\mina_project\BackMina\src\app\services\employeeService.ts:110:36)
    at Generator.next (<anonymous>)
    at fulfilled (C:\Users\ejecutivo\Desktop\mina_project\BackMina\src\app\services\employeeService.ts:17:58)
    at processTicksAndRejections (node:internal/process/task_queues:95:5)
2024-06-28 01:02:33:4154 http: [2024-06-28T06:02:33.415Z] ::1 "GET /api/v1/employee/document/012345 HTTP/1.1" 500 32 "http://localhost:3000/" "Mozilla/5.0 (Windows NT 10.0; Win64; x64) AppleWebKit/537.36 (KHTML, like Gecko) Chrome/126.0.0.0 Safari/537.36" {} 56.726 ms
 
2024-06-28 01:02:33:7067 error: Cannot destructure property 'deletedAt' of '_a' as it is null. TypeError: Cannot destructure property 'deletedAt' of '_a' as it is null.
    at EmployeeMapper.mapToDto (C:\Users\ejecutivo\Desktop\mina_project\BackMina\src\domain\models\employeeModel.ts:53:13)
    at EmployeeService.<anonymous> (C:\Users\ejecutivo\Desktop\mina_project\BackMina\src\app\services\employeeService.ts:110:36)
    at Generator.next (<anonymous>)
    at fulfilled (C:\Users\ejecutivo\Desktop\mina_project\BackMina\src\app\services\employeeService.ts:17:58)
    at processTicksAndRejections (node:internal/process/task_queues:95:5)
2024-06-28 01:02:33:7097 http: [2024-06-28T06:02:33.709Z] ::1 "GET /api/v1/employee/document/0123456 HTTP/1.1" 500 32 "http://localhost:3000/" "Mozilla/5.0 (Windows NT 10.0; Win64; x64) AppleWebKit/537.36 (KHTML, like Gecko) Chrome/126.0.0.0 Safari/537.36" {} 18.774 ms
 
2024-06-28 01:02:34:1131 error: Cannot destructure property 'deletedAt' of '_a' as it is null. TypeError: Cannot destructure property 'deletedAt' of '_a' as it is null.
    at EmployeeMapper.mapToDto (C:\Users\ejecutivo\Desktop\mina_project\BackMina\src\domain\models\employeeModel.ts:53:13)
    at EmployeeService.<anonymous> (C:\Users\ejecutivo\Desktop\mina_project\BackMina\src\app\services\employeeService.ts:110:36)
    at Generator.next (<anonymous>)
    at fulfilled (C:\Users\ejecutivo\Desktop\mina_project\BackMina\src\app\services\employeeService.ts:17:58)
    at processTicksAndRejections (node:internal/process/task_queues:95:5)
2024-06-28 01:02:34:1171 http: [2024-06-28T06:02:34.117Z] ::1 "GET /api/v1/employee/document/01234567 HTTP/1.1" 500 32 "http://localhost:3000/" "Mozilla/5.0 (Windows NT 10.0; Win64; x64) AppleWebKit/537.36 (KHTML, like Gecko) Chrome/126.0.0.0 Safari/537.36" {} 30.697 ms
 
2024-06-28 01:02:34:7487 error: Cannot destructure property 'deletedAt' of '_a' as it is null. TypeError: Cannot destructure property 'deletedAt' of '_a' as it is null.
    at EmployeeMapper.mapToDto (C:\Users\ejecutivo\Desktop\mina_project\BackMina\src\domain\models\employeeModel.ts:53:13)
    at EmployeeService.<anonymous> (C:\Users\ejecutivo\Desktop\mina_project\BackMina\src\app\services\employeeService.ts:110:36)
    at Generator.next (<anonymous>)
    at fulfilled (C:\Users\ejecutivo\Desktop\mina_project\BackMina\src\app\services\employeeService.ts:17:58)
    at processTicksAndRejections (node:internal/process/task_queues:95:5)
2024-06-28 01:02:34:7518 http: [2024-06-28T06:02:34.751Z] ::1 "GET /api/v1/employee/document/012345678 HTTP/1.1" 500 32 "http://localhost:3000/" "Mozilla/5.0 (Windows NT 10.0; Win64; x64) AppleWebKit/537.36 (KHTML, like Gecko) Chrome/126.0.0.0 Safari/537.36" {} 17.448 ms
 
2024-06-28 01:09:19:5275 debug: Creating data of 'EmployeeEntity' 
2024-06-28 01:09:19:6216 http: [2024-06-28T06:09:19.621Z] ::1 "POST /api/v1/employee HTTP/1.1" 201 703 "http://localhost:3000/" "Mozilla/5.0 (Windows NT 10.0; Win64; x64) AppleWebKit/537.36 (KHTML, like Gecko) Chrome/126.0.0.0 Safari/537.36" {"name":"MARIA MARIA","firstLastName":"SOSSA","secondLastName":"RAMIREZ","documentTypeId":1,"documentNumber":"012345678","email":"MMSR@CORREO.COM","cellPhone":"2222222222","phone":"","municipalityId":1,"departmentCode":1,"municipalityCode":83,"district":"1","address":"CRA. 32","bloodTypeId":"6","dateBirth":"2002-12-18T00:00:00.000Z","nationalityId":1,"departmentBirthCode":1,"municipalityBirthCode":0,"educationLevelId":"3","lastYearStudy":"1","genderId":"2","maritalStatusId":1,"children":0,"ageChildren":"0","workCenter":"MINA SAN PACHO","workingTypeId":1,"isActive":true,"dateEntry":"2024-06-01T00:00:00.000Z","positionId":"3","salary":"1350000","transportationAllowance":"162000","paymentPeriodId":1,"contributorId":1,"subcotizanteId":1,"epsId":1,"afpId":1,"arlId":1,"ccfId":1,"parafiscales":true,"rlId":"2"} 93.123 ms
 
2024-06-28 01:09:20:4004 http: [2024-06-28T06:09:20.400Z] ::1 "GET /api/v1/employee HTTP/1.1" 200 - "-" "node" {} 35.714 ms
 
2024-06-28 01:09:20:7638 http: [2024-06-28T06:09:20.763Z] ::1 "GET /api/v1/employee?page=1&limit=10&search=&documentType=&workCenter=&workingType=&status=&position= HTTP/1.1" 200 - "http://localhost:3000/employee" "Mozilla/5.0 (Windows NT 10.0; Win64; x64) AppleWebKit/537.36 (KHTML, like Gecko) Chrome/126.0.0.0 Safari/537.36" {} 28.094 ms
 
2024-06-28 01:12:51:2653 debug: Finding data of 'EmployeeEntity' by id: 799 
2024-06-28 01:12:51:4464 http: [2024-06-28T06:12:51.446Z] ::1 "GET /api/v1/employee/799 HTTP/1.1" 200 827 "http://localhost:3000/" "Mozilla/5.0 (Windows NT 10.0; Win64; x64) AppleWebKit/537.36 (KHTML, like Gecko) Chrome/126.0.0.0 Safari/537.36" {} 181.082 ms
 
2024-06-28 01:19:20:4264 debug: Finding data of 'EmployeeEntity' by id: 799 
2024-06-28 01:19:20:5165 http: [2024-06-28T06:19:20.516Z] ::1 "GET /api/v1/employee/799 HTTP/1.1" 304 - "http://localhost:3000/" "Mozilla/5.0 (Windows NT 10.0; Win64; x64) AppleWebKit/537.36 (KHTML, like Gecko) Chrome/126.0.0.0 Safari/537.36" {} 89.882 ms
 
2024-06-28 01:21:17:3363 debug: Finding data of 'EmployeeEntity' by id: 799 
2024-06-28 01:21:17:5245 http: [2024-06-28T06:21:17.524Z] ::1 "GET /api/v1/employee/799 HTTP/1.1" 304 - "http://localhost:3000/" "Mozilla/5.0 (Windows NT 10.0; Win64; x64) AppleWebKit/537.36 (KHTML, like Gecko) Chrome/126.0.0.0 Safari/537.36" {} 187.607 ms
 
2024-06-28 01:45:21:6897 http: [2024-06-28T06:45:21.689Z] ::1 "GET /api/v1/employee HTTP/1.1" 200 - "-" "node" {} 96.745 ms
 
2024-06-28 01:45:22:7227 http: [2024-06-28T06:45:22.722Z] ::1 "GET /api/v1/employee HTTP/1.1" 200 - "-" "node" {} 23.882 ms
 
2024-06-28 01:45:23:1491 http: [2024-06-28T06:45:23.149Z] ::1 "GET /api/v1/employee HTTP/1.1" 200 - "-" "node" {} 23.647 ms
 
2024-06-28 01:45:25:2893 http: [2024-06-28T06:45:25.289Z] ::1 "GET /api/v1/employee?page=1&limit=10&search=&documentType=&workCenter=&workingType=&status=&position= HTTP/1.1" 304 - "http://localhost:3000/employee" "Mozilla/5.0 (Windows NT 10.0; Win64; x64) AppleWebKit/537.36 (KHTML, like Gecko) Chrome/126.0.0.0 Safari/537.36" {} 20.790 ms
 
