2024-07-24 16:10:04:9379 error: no existe la columna __root.work_center QueryFailedError: no existe la columna __root.work_center
    at PostgresQueryRunner.query (C:\Users\ejecutivo\Desktop\mina_project\BackMina\src\driver\postgres\PostgresQueryRunner.ts:331:19)
    at processTicksAndRejections (node:internal/process/task_queues:95:5)
    at SelectQueryBuilder.loadRawResults (C:\Users\ejecutivo\Desktop\mina_project\BackMina\src\query-builder\SelectQueryBuilder.ts:3805:25)
    at SelectQueryBuilder.executeEntitiesAndRawResults (C:\Users\ejecutivo\Desktop\mina_project\BackMina\src\query-builder\SelectQueryBuilder.ts:3551:26)
    at SelectQueryBuilder.getManyAndCount (C:\Users\ejecutivo\Desktop\mina_project\BackMina\src\query-builder\SelectQueryBuilder.ts:1873:36)
    at paginate (C:\Users\ejecutivo\Desktop\mina_project\BackMina\node_modules\nestjs-paginate\src\paginate.ts:353:32)
2024-07-24 21:09:26:98210 error: Entity metadata for EmployeeEntity#userRegisters was not found. Check if you specified a correct entity object and if it's connected in the connection options. TypeORMError: Entity metadata for EmployeeEntity#userRegisters was not found. Check if you specified a correct entity object and if it's connected in the connection options.
    at C:\Users\ejecutivo\Desktop\mina_project\BackMina\src\metadata-builder\EntityMetadataBuilder.ts:1121:23
    at Array.forEach (<anonymous>)
    at EntityMetadataBuilder.computeInverseProperties (C:\Users\ejecutivo\Desktop\mina_project\BackMina\src\metadata-builder\EntityMetadataBuilder.ts:1111:34)
    at C:\Users\ejecutivo\Desktop\mina_project\BackMina\src\metadata-builder\EntityMetadataBuilder.ts:158:18
    at Array.forEach (<anonymous>)
    at EntityMetadataBuilder.build (C:\Users\ejecutivo\Desktop\mina_project\BackMina\src\metadata-builder\EntityMetadataBuilder.ts:157:25)
    at ConnectionMetadataBuilder.buildEntityMetadatas (C:\Users\ejecutivo\Desktop\mina_project\BackMina\src\connection\ConnectionMetadataBuilder.ts:106:11)
    at processTicksAndRejections (node:internal/process/task_queues:95:5)
    at DataSource.buildMetadatas (C:\Users\ejecutivo\Desktop\mina_project\BackMina\src\data-source\DataSource.ts:710:13)
    at DataSource.initialize (C:\Users\ejecutivo\Desktop\mina_project\BackMina\src\data-source\DataSource.ts:263:13)
2024-07-24 21:16:54:8118 error: Entity metadata for EmployeeEntity#userRegister was not found. Check if you specified a correct entity object and if it's connected in the connection options. TypeORMError: Entity metadata for EmployeeEntity#userRegister was not found. Check if you specified a correct entity object and if it's connected in the connection options.
    at C:\Users\ejecutivo\Desktop\mina_project\BackMina\src\metadata-builder\EntityMetadataBuilder.ts:1121:23
    at Array.forEach (<anonymous>)
    at EntityMetadataBuilder.computeInverseProperties (C:\Users\ejecutivo\Desktop\mina_project\BackMina\src\metadata-builder\EntityMetadataBuilder.ts:1111:34)
    at C:\Users\ejecutivo\Desktop\mina_project\BackMina\src\metadata-builder\EntityMetadataBuilder.ts:158:18
    at Array.forEach (<anonymous>)
    at EntityMetadataBuilder.build (C:\Users\ejecutivo\Desktop\mina_project\BackMina\src\metadata-builder\EntityMetadataBuilder.ts:157:25)
    at ConnectionMetadataBuilder.buildEntityMetadatas (C:\Users\ejecutivo\Desktop\mina_project\BackMina\src\connection\ConnectionMetadataBuilder.ts:106:11)
    at processTicksAndRejections (node:internal/process/task_queues:95:5)
    at DataSource.buildMetadatas (C:\Users\ejecutivo\Desktop\mina_project\BackMina\src\data-source\DataSource.ts:710:13)
    at DataSource.initialize (C:\Users\ejecutivo\Desktop\mina_project\BackMina\src\data-source\DataSource.ts:263:13)
2024-07-24 21:25:56:4134 error: Entity metadata for EmployeeEntity#userRegisters was not found. Check if you specified a correct entity object and if it's connected in the connection options. TypeORMError: Entity metadata for EmployeeEntity#userRegisters was not found. Check if you specified a correct entity object and if it's connected in the connection options.
    at C:\Users\ejecutivo\Desktop\mina_project\BackMina\src\metadata-builder\EntityMetadataBuilder.ts:1121:23
    at Array.forEach (<anonymous>)
    at EntityMetadataBuilder.computeInverseProperties (C:\Users\ejecutivo\Desktop\mina_project\BackMina\src\metadata-builder\EntityMetadataBuilder.ts:1111:34)
    at C:\Users\ejecutivo\Desktop\mina_project\BackMina\src\metadata-builder\EntityMetadataBuilder.ts:158:18
    at Array.forEach (<anonymous>)
    at EntityMetadataBuilder.build (C:\Users\ejecutivo\Desktop\mina_project\BackMina\src\metadata-builder\EntityMetadataBuilder.ts:157:25)
    at ConnectionMetadataBuilder.buildEntityMetadatas (C:\Users\ejecutivo\Desktop\mina_project\BackMina\src\connection\ConnectionMetadataBuilder.ts:106:11)
    at processTicksAndRejections (node:internal/process/task_queues:95:5)
    at DataSource.buildMetadatas (C:\Users\ejecutivo\Desktop\mina_project\BackMina\src\data-source\DataSource.ts:710:13)
    at DataSource.initialize (C:\Users\ejecutivo\Desktop\mina_project\BackMina\src\data-source\DataSource.ts:263:13)
2024-07-24 21:28:34:4575 error: Entity metadata for EmployeeEntity#userRegisters was not found. Check if you specified a correct entity object and if it's connected in the connection options. TypeORMError: Entity metadata for EmployeeEntity#userRegisters was not found. Check if you specified a correct entity object and if it's connected in the connection options.
    at C:\Users\ejecutivo\Desktop\mina_project\BackMina\src\metadata-builder\EntityMetadataBuilder.ts:1121:23
    at Array.forEach (<anonymous>)
    at EntityMetadataBuilder.computeInverseProperties (C:\Users\ejecutivo\Desktop\mina_project\BackMina\src\metadata-builder\EntityMetadataBuilder.ts:1111:34)
    at C:\Users\ejecutivo\Desktop\mina_project\BackMina\src\metadata-builder\EntityMetadataBuilder.ts:158:18
    at Array.forEach (<anonymous>)
    at EntityMetadataBuilder.build (C:\Users\ejecutivo\Desktop\mina_project\BackMina\src\metadata-builder\EntityMetadataBuilder.ts:157:25)
    at ConnectionMetadataBuilder.buildEntityMetadatas (C:\Users\ejecutivo\Desktop\mina_project\BackMina\src\connection\ConnectionMetadataBuilder.ts:106:11)
    at processTicksAndRejections (node:internal/process/task_queues:95:5)
    at DataSource.buildMetadatas (C:\Users\ejecutivo\Desktop\mina_project\BackMina\src\data-source\DataSource.ts:710:13)
    at DataSource.initialize (C:\Users\ejecutivo\Desktop\mina_project\BackMina\src\data-source\DataSource.ts:263:13)
2024-07-24 21:28:56:5536 error: Entity metadata for EmployeeEntity#userRegisters was not found. Check if you specified a correct entity object and if it's connected in the connection options. TypeORMError: Entity metadata for EmployeeEntity#userRegisters was not found. Check if you specified a correct entity object and if it's connected in the connection options.
    at C:\Users\ejecutivo\Desktop\mina_project\BackMina\src\metadata-builder\EntityMetadataBuilder.ts:1121:23
    at Array.forEach (<anonymous>)
    at EntityMetadataBuilder.computeInverseProperties (C:\Users\ejecutivo\Desktop\mina_project\BackMina\src\metadata-builder\EntityMetadataBuilder.ts:1111:34)
    at C:\Users\ejecutivo\Desktop\mina_project\BackMina\src\metadata-builder\EntityMetadataBuilder.ts:158:18
    at Array.forEach (<anonymous>)
    at EntityMetadataBuilder.build (C:\Users\ejecutivo\Desktop\mina_project\BackMina\src\metadata-builder\EntityMetadataBuilder.ts:157:25)
    at ConnectionMetadataBuilder.buildEntityMetadatas (C:\Users\ejecutivo\Desktop\mina_project\BackMina\src\connection\ConnectionMetadataBuilder.ts:106:11)
    at processTicksAndRejections (node:internal/process/task_queues:95:5)
    at DataSource.buildMetadatas (C:\Users\ejecutivo\Desktop\mina_project\BackMina\src\data-source\DataSource.ts:710:13)
    at DataSource.initialize (C:\Users\ejecutivo\Desktop\mina_project\BackMina\src\data-source\DataSource.ts:263:13)
2024-07-24 21:29:17:3994 error: Entity metadata for EmployeeEntity#userRegisters was not found. Check if you specified a correct entity object and if it's connected in the connection options. TypeORMError: Entity metadata for EmployeeEntity#userRegisters was not found. Check if you specified a correct entity object and if it's connected in the connection options.
    at C:\Users\ejecutivo\Desktop\mina_project\BackMina\src\metadata-builder\EntityMetadataBuilder.ts:1121:23
    at Array.forEach (<anonymous>)
    at EntityMetadataBuilder.computeInverseProperties (C:\Users\ejecutivo\Desktop\mina_project\BackMina\src\metadata-builder\EntityMetadataBuilder.ts:1111:34)
    at C:\Users\ejecutivo\Desktop\mina_project\BackMina\src\metadata-builder\EntityMetadataBuilder.ts:158:18
    at Array.forEach (<anonymous>)
    at EntityMetadataBuilder.build (C:\Users\ejecutivo\Desktop\mina_project\BackMina\src\metadata-builder\EntityMetadataBuilder.ts:157:25)
    at ConnectionMetadataBuilder.buildEntityMetadatas (C:\Users\ejecutivo\Desktop\mina_project\BackMina\src\connection\ConnectionMetadataBuilder.ts:106:11)
    at processTicksAndRejections (node:internal/process/task_queues:95:5)
    at DataSource.buildMetadatas (C:\Users\ejecutivo\Desktop\mina_project\BackMina\src\data-source\DataSource.ts:710:13)
    at DataSource.initialize (C:\Users\ejecutivo\Desktop\mina_project\BackMina\src\data-source\DataSource.ts:263:13)
2024-07-24 21:29:40:7287 error: Entity metadata for EmployeeEntity#userRegisters was not found. Check if you specified a correct entity object and if it's connected in the connection options. TypeORMError: Entity metadata for EmployeeEntity#userRegisters was not found. Check if you specified a correct entity object and if it's connected in the connection options.
    at C:\Users\ejecutivo\Desktop\mina_project\BackMina\src\metadata-builder\EntityMetadataBuilder.ts:1121:23
    at Array.forEach (<anonymous>)
    at EntityMetadataBuilder.computeInverseProperties (C:\Users\ejecutivo\Desktop\mina_project\BackMina\src\metadata-builder\EntityMetadataBuilder.ts:1111:34)
    at C:\Users\ejecutivo\Desktop\mina_project\BackMina\src\metadata-builder\EntityMetadataBuilder.ts:158:18
    at Array.forEach (<anonymous>)
    at EntityMetadataBuilder.build (C:\Users\ejecutivo\Desktop\mina_project\BackMina\src\metadata-builder\EntityMetadataBuilder.ts:157:25)
    at ConnectionMetadataBuilder.buildEntityMetadatas (C:\Users\ejecutivo\Desktop\mina_project\BackMina\src\connection\ConnectionMetadataBuilder.ts:106:11)
    at processTicksAndRejections (node:internal/process/task_queues:95:5)
    at DataSource.buildMetadatas (C:\Users\ejecutivo\Desktop\mina_project\BackMina\src\data-source\DataSource.ts:710:13)
    at DataSource.initialize (C:\Users\ejecutivo\Desktop\mina_project\BackMina\src\data-source\DataSource.ts:263:13)
2024-07-24 21:29:56:2733 error: Entity metadata for EmployeeEntity#userRegisters was not found. Check if you specified a correct entity object and if it's connected in the connection options. TypeORMError: Entity metadata for EmployeeEntity#userRegisters was not found. Check if you specified a correct entity object and if it's connected in the connection options.
    at C:\Users\ejecutivo\Desktop\mina_project\BackMina\src\metadata-builder\EntityMetadataBuilder.ts:1121:23
    at Array.forEach (<anonymous>)
    at EntityMetadataBuilder.computeInverseProperties (C:\Users\ejecutivo\Desktop\mina_project\BackMina\src\metadata-builder\EntityMetadataBuilder.ts:1111:34)
    at C:\Users\ejecutivo\Desktop\mina_project\BackMina\src\metadata-builder\EntityMetadataBuilder.ts:158:18
    at Array.forEach (<anonymous>)
    at EntityMetadataBuilder.build (C:\Users\ejecutivo\Desktop\mina_project\BackMina\src\metadata-builder\EntityMetadataBuilder.ts:157:25)
    at ConnectionMetadataBuilder.buildEntityMetadatas (C:\Users\ejecutivo\Desktop\mina_project\BackMina\src\connection\ConnectionMetadataBuilder.ts:106:11)
    at processTicksAndRejections (node:internal/process/task_queues:95:5)
    at DataSource.buildMetadatas (C:\Users\ejecutivo\Desktop\mina_project\BackMina\src\data-source\DataSource.ts:710:13)
    at DataSource.initialize (C:\Users\ejecutivo\Desktop\mina_project\BackMina\src\data-source\DataSource.ts:263:13)
2024-07-24 21:31:58:6276 error: Entity metadata for EmployeeEntity#userRegisters was not found. Check if you specified a correct entity object and if it's connected in the connection options. TypeORMError: Entity metadata for EmployeeEntity#userRegisters was not found. Check if you specified a correct entity object and if it's connected in the connection options.
    at C:\Users\ejecutivo\Desktop\mina_project\BackMina\src\metadata-builder\EntityMetadataBuilder.ts:1121:23
    at Array.forEach (<anonymous>)
    at EntityMetadataBuilder.computeInverseProperties (C:\Users\ejecutivo\Desktop\mina_project\BackMina\src\metadata-builder\EntityMetadataBuilder.ts:1111:34)
    at C:\Users\ejecutivo\Desktop\mina_project\BackMina\src\metadata-builder\EntityMetadataBuilder.ts:158:18
    at Array.forEach (<anonymous>)
    at EntityMetadataBuilder.build (C:\Users\ejecutivo\Desktop\mina_project\BackMina\src\metadata-builder\EntityMetadataBuilder.ts:157:25)
    at ConnectionMetadataBuilder.buildEntityMetadatas (C:\Users\ejecutivo\Desktop\mina_project\BackMina\src\connection\ConnectionMetadataBuilder.ts:106:11)
    at processTicksAndRejections (node:internal/process/task_queues:95:5)
    at DataSource.buildMetadatas (C:\Users\ejecutivo\Desktop\mina_project\BackMina\src\data-source\DataSource.ts:710:13)
    at DataSource.initialize (C:\Users\ejecutivo\Desktop\mina_project\BackMina\src\data-source\DataSource.ts:263:13)
2024-07-24 22:41:13:4244 error: Entity metadata for EmployeeEntity#userRegisters was not found. Check if you specified a correct entity object and if it's connected in the connection options. TypeORMError: Entity metadata for EmployeeEntity#userRegisters was not found. Check if you specified a correct entity object and if it's connected in the connection options.
    at C:\Users\ejecutivo\Desktop\mina_project\BackMina\src\metadata-builder\EntityMetadataBuilder.ts:1121:23
    at Array.forEach (<anonymous>)
    at EntityMetadataBuilder.computeInverseProperties (C:\Users\ejecutivo\Desktop\mina_project\BackMina\src\metadata-builder\EntityMetadataBuilder.ts:1111:34)
    at C:\Users\ejecutivo\Desktop\mina_project\BackMina\src\metadata-builder\EntityMetadataBuilder.ts:158:18
    at Array.forEach (<anonymous>)
    at EntityMetadataBuilder.build (C:\Users\ejecutivo\Desktop\mina_project\BackMina\src\metadata-builder\EntityMetadataBuilder.ts:157:25)
    at ConnectionMetadataBuilder.buildEntityMetadatas (C:\Users\ejecutivo\Desktop\mina_project\BackMina\src\connection\ConnectionMetadataBuilder.ts:106:11)
    at processTicksAndRejections (node:internal/process/task_queues:95:5)
    at DataSource.buildMetadatas (C:\Users\ejecutivo\Desktop\mina_project\BackMina\src\data-source\DataSource.ts:710:13)
    at DataSource.initialize (C:\Users\ejecutivo\Desktop\mina_project\BackMina\src\data-source\DataSource.ts:263:13)
2024-07-24 22:48:32:5586 error: Entity metadata for EmployeeEntity#userRegisters was not found. Check if you specified a correct entity object and if it's connected in the connection options. TypeORMError: Entity metadata for EmployeeEntity#userRegisters was not found. Check if you specified a correct entity object and if it's connected in the connection options.
    at C:\Users\ejecutivo\Desktop\mina_project\BackMina\src\metadata-builder\EntityMetadataBuilder.ts:1121:23
    at Array.forEach (<anonymous>)
    at EntityMetadataBuilder.computeInverseProperties (C:\Users\ejecutivo\Desktop\mina_project\BackMina\src\metadata-builder\EntityMetadataBuilder.ts:1111:34)
    at C:\Users\ejecutivo\Desktop\mina_project\BackMina\src\metadata-builder\EntityMetadataBuilder.ts:158:18
    at Array.forEach (<anonymous>)
    at EntityMetadataBuilder.build (C:\Users\ejecutivo\Desktop\mina_project\BackMina\src\metadata-builder\EntityMetadataBuilder.ts:157:25)
    at ConnectionMetadataBuilder.buildEntityMetadatas (C:\Users\ejecutivo\Desktop\mina_project\BackMina\src\connection\ConnectionMetadataBuilder.ts:106:11)
    at processTicksAndRejections (node:internal/process/task_queues:95:5)
    at DataSource.buildMetadatas (C:\Users\ejecutivo\Desktop\mina_project\BackMina\src\data-source\DataSource.ts:710:13)
    at DataSource.initialize (C:\Users\ejecutivo\Desktop\mina_project\BackMina\src\data-source\DataSource.ts:263:13)
2024-07-24 22:50:09:8939 error: Entity metadata for EmployeeEntity#userRegisters was not found. Check if you specified a correct entity object and if it's connected in the connection options. TypeORMError: Entity metadata for EmployeeEntity#userRegisters was not found. Check if you specified a correct entity object and if it's connected in the connection options.
    at C:\Users\ejecutivo\Desktop\mina_project\BackMina\src\metadata-builder\EntityMetadataBuilder.ts:1121:23
    at Array.forEach (<anonymous>)
    at EntityMetadataBuilder.computeInverseProperties (C:\Users\ejecutivo\Desktop\mina_project\BackMina\src\metadata-builder\EntityMetadataBuilder.ts:1111:34)
    at C:\Users\ejecutivo\Desktop\mina_project\BackMina\src\metadata-builder\EntityMetadataBuilder.ts:158:18
    at Array.forEach (<anonymous>)
    at EntityMetadataBuilder.build (C:\Users\ejecutivo\Desktop\mina_project\BackMina\src\metadata-builder\EntityMetadataBuilder.ts:157:25)
    at ConnectionMetadataBuilder.buildEntityMetadatas (C:\Users\ejecutivo\Desktop\mina_project\BackMina\src\connection\ConnectionMetadataBuilder.ts:106:11)
    at processTicksAndRejections (node:internal/process/task_queues:95:5)
    at DataSource.buildMetadatas (C:\Users\ejecutivo\Desktop\mina_project\BackMina\src\data-source\DataSource.ts:710:13)
    at DataSource.initialize (C:\Users\ejecutivo\Desktop\mina_project\BackMina\src\data-source\DataSource.ts:263:13)
2024-07-24 22:50:28:2963 error: Entity metadata for EmployeeEntity#userRegisters was not found. Check if you specified a correct entity object and if it's connected in the connection options. TypeORMError: Entity metadata for EmployeeEntity#userRegisters was not found. Check if you specified a correct entity object and if it's connected in the connection options.
    at C:\Users\ejecutivo\Desktop\mina_project\BackMina\src\metadata-builder\EntityMetadataBuilder.ts:1121:23
    at Array.forEach (<anonymous>)
    at EntityMetadataBuilder.computeInverseProperties (C:\Users\ejecutivo\Desktop\mina_project\BackMina\src\metadata-builder\EntityMetadataBuilder.ts:1111:34)
    at C:\Users\ejecutivo\Desktop\mina_project\BackMina\src\metadata-builder\EntityMetadataBuilder.ts:158:18
    at Array.forEach (<anonymous>)
    at EntityMetadataBuilder.build (C:\Users\ejecutivo\Desktop\mina_project\BackMina\src\metadata-builder\EntityMetadataBuilder.ts:157:25)
    at ConnectionMetadataBuilder.buildEntityMetadatas (C:\Users\ejecutivo\Desktop\mina_project\BackMina\src\connection\ConnectionMetadataBuilder.ts:106:11)
    at processTicksAndRejections (node:internal/process/task_queues:95:5)
    at DataSource.buildMetadatas (C:\Users\ejecutivo\Desktop\mina_project\BackMina\src\data-source\DataSource.ts:710:13)
    at DataSource.initialize (C:\Users\ejecutivo\Desktop\mina_project\BackMina\src\data-source\DataSource.ts:263:13)
2024-07-24 22:50:49:7628 error: Entity metadata for EmployeeEntity#userRegisterss was not found. Check if you specified a correct entity object and if it's connected in the connection options. TypeORMError: Entity metadata for EmployeeEntity#userRegisterss was not found. Check if you specified a correct entity object and if it's connected in the connection options.
    at C:\Users\ejecutivo\Desktop\mina_project\BackMina\src\metadata-builder\EntityMetadataBuilder.ts:1121:23
    at Array.forEach (<anonymous>)
    at EntityMetadataBuilder.computeInverseProperties (C:\Users\ejecutivo\Desktop\mina_project\BackMina\src\metadata-builder\EntityMetadataBuilder.ts:1111:34)
    at C:\Users\ejecutivo\Desktop\mina_project\BackMina\src\metadata-builder\EntityMetadataBuilder.ts:158:18
    at Array.forEach (<anonymous>)
    at EntityMetadataBuilder.build (C:\Users\ejecutivo\Desktop\mina_project\BackMina\src\metadata-builder\EntityMetadataBuilder.ts:157:25)
    at ConnectionMetadataBuilder.buildEntityMetadatas (C:\Users\ejecutivo\Desktop\mina_project\BackMina\src\connection\ConnectionMetadataBuilder.ts:106:11)
    at processTicksAndRejections (node:internal/process/task_queues:95:5)
    at DataSource.buildMetadatas (C:\Users\ejecutivo\Desktop\mina_project\BackMina\src\data-source\DataSource.ts:710:13)
    at DataSource.initialize (C:\Users\ejecutivo\Desktop\mina_project\BackMina\src\data-source\DataSource.ts:263:13)
2024-07-24 22:51:10:3684 error: Entity metadata for EmployeeEntity#userRegisterss was not found. Check if you specified a correct entity object and if it's connected in the connection options. TypeORMError: Entity metadata for EmployeeEntity#userRegisterss was not found. Check if you specified a correct entity object and if it's connected in the connection options.
    at C:\Users\ejecutivo\Desktop\mina_project\BackMina\src\metadata-builder\EntityMetadataBuilder.ts:1121:23
    at Array.forEach (<anonymous>)
    at EntityMetadataBuilder.computeInverseProperties (C:\Users\ejecutivo\Desktop\mina_project\BackMina\src\metadata-builder\EntityMetadataBuilder.ts:1111:34)
    at C:\Users\ejecutivo\Desktop\mina_project\BackMina\src\metadata-builder\EntityMetadataBuilder.ts:158:18
    at Array.forEach (<anonymous>)
    at EntityMetadataBuilder.build (C:\Users\ejecutivo\Desktop\mina_project\BackMina\src\metadata-builder\EntityMetadataBuilder.ts:157:25)
    at ConnectionMetadataBuilder.buildEntityMetadatas (C:\Users\ejecutivo\Desktop\mina_project\BackMina\src\connection\ConnectionMetadataBuilder.ts:106:11)
    at processTicksAndRejections (node:internal/process/task_queues:95:5)
    at DataSource.buildMetadatas (C:\Users\ejecutivo\Desktop\mina_project\BackMina\src\data-source\DataSource.ts:710:13)
    at DataSource.initialize (C:\Users\ejecutivo\Desktop\mina_project\BackMina\src\data-source\DataSource.ts:263:13)
2024-07-24 22:51:41:0661 error: Entity metadata for EmployeeEntity#userRegisterss was not found. Check if you specified a correct entity object and if it's connected in the connection options. TypeORMError: Entity metadata for EmployeeEntity#userRegisterss was not found. Check if you specified a correct entity object and if it's connected in the connection options.
    at C:\Users\ejecutivo\Desktop\mina_project\BackMina\src\metadata-builder\EntityMetadataBuilder.ts:1121:23
    at Array.forEach (<anonymous>)
    at EntityMetadataBuilder.computeInverseProperties (C:\Users\ejecutivo\Desktop\mina_project\BackMina\src\metadata-builder\EntityMetadataBuilder.ts:1111:34)
    at C:\Users\ejecutivo\Desktop\mina_project\BackMina\src\metadata-builder\EntityMetadataBuilder.ts:158:18
    at Array.forEach (<anonymous>)
    at EntityMetadataBuilder.build (C:\Users\ejecutivo\Desktop\mina_project\BackMina\src\metadata-builder\EntityMetadataBuilder.ts:157:25)
    at ConnectionMetadataBuilder.buildEntityMetadatas (C:\Users\ejecutivo\Desktop\mina_project\BackMina\src\connection\ConnectionMetadataBuilder.ts:106:11)
    at processTicksAndRejections (node:internal/process/task_queues:95:5)
    at DataSource.buildMetadatas (C:\Users\ejecutivo\Desktop\mina_project\BackMina\src\data-source\DataSource.ts:710:13)
    at DataSource.initialize (C:\Users\ejecutivo\Desktop\mina_project\BackMina\src\data-source\DataSource.ts:263:13)
2024-07-24 22:53:59:1542 error: Entity metadata for EmployeeEntity#userRegisterss was not found. Check if you specified a correct entity object and if it's connected in the connection options. TypeORMError: Entity metadata for EmployeeEntity#userRegisterss was not found. Check if you specified a correct entity object and if it's connected in the connection options.
    at C:\Users\ejecutivo\Desktop\mina_project\BackMina\src\metadata-builder\EntityMetadataBuilder.ts:1121:23
    at Array.forEach (<anonymous>)
    at EntityMetadataBuilder.computeInverseProperties (C:\Users\ejecutivo\Desktop\mina_project\BackMina\src\metadata-builder\EntityMetadataBuilder.ts:1111:34)
    at C:\Users\ejecutivo\Desktop\mina_project\BackMina\src\metadata-builder\EntityMetadataBuilder.ts:158:18
    at Array.forEach (<anonymous>)
    at EntityMetadataBuilder.build (C:\Users\ejecutivo\Desktop\mina_project\BackMina\src\metadata-builder\EntityMetadataBuilder.ts:157:25)
    at ConnectionMetadataBuilder.buildEntityMetadatas (C:\Users\ejecutivo\Desktop\mina_project\BackMina\src\connection\ConnectionMetadataBuilder.ts:106:11)
    at processTicksAndRejections (node:internal/process/task_queues:95:5)
    at DataSource.buildMetadatas (C:\Users\ejecutivo\Desktop\mina_project\BackMina\src\data-source\DataSource.ts:710:13)
    at DataSource.initialize (C:\Users\ejecutivo\Desktop\mina_project\BackMina\src\data-source\DataSource.ts:263:13)
2024-07-24 22:56:44:9389 error: Entity metadata for EmployeeEntity#userRegisterss was not found. Check if you specified a correct entity object and if it's connected in the connection options. TypeORMError: Entity metadata for EmployeeEntity#userRegisterss was not found. Check if you specified a correct entity object and if it's connected in the connection options.
    at C:\Users\ejecutivo\Desktop\mina_project\BackMina\src\metadata-builder\EntityMetadataBuilder.ts:1121:23
    at Array.forEach (<anonymous>)
    at EntityMetadataBuilder.computeInverseProperties (C:\Users\ejecutivo\Desktop\mina_project\BackMina\src\metadata-builder\EntityMetadataBuilder.ts:1111:34)
    at C:\Users\ejecutivo\Desktop\mina_project\BackMina\src\metadata-builder\EntityMetadataBuilder.ts:158:18
    at Array.forEach (<anonymous>)
    at EntityMetadataBuilder.build (C:\Users\ejecutivo\Desktop\mina_project\BackMina\src\metadata-builder\EntityMetadataBuilder.ts:157:25)
    at ConnectionMetadataBuilder.buildEntityMetadatas (C:\Users\ejecutivo\Desktop\mina_project\BackMina\src\connection\ConnectionMetadataBuilder.ts:106:11)
    at processTicksAndRejections (node:internal/process/task_queues:95:5)
    at DataSource.buildMetadatas (C:\Users\ejecutivo\Desktop\mina_project\BackMina\src\data-source\DataSource.ts:710:13)
    at DataSource.initialize (C:\Users\ejecutivo\Desktop\mina_project\BackMina\src\data-source\DataSource.ts:263:13)
2024-07-24 23:01:47:2232 error: Entity metadata for EmployeeEntity#userRegisterss was not found. Check if you specified a correct entity object and if it's connected in the connection options. TypeORMError: Entity metadata for EmployeeEntity#userRegisterss was not found. Check if you specified a correct entity object and if it's connected in the connection options.
    at C:\Users\ejecutivo\Desktop\mina_project\BackMina\src\metadata-builder\EntityMetadataBuilder.ts:1121:23
    at Array.forEach (<anonymous>)
    at EntityMetadataBuilder.computeInverseProperties (C:\Users\ejecutivo\Desktop\mina_project\BackMina\src\metadata-builder\EntityMetadataBuilder.ts:1111:34)
    at C:\Users\ejecutivo\Desktop\mina_project\BackMina\src\metadata-builder\EntityMetadataBuilder.ts:158:18
    at Array.forEach (<anonymous>)
    at EntityMetadataBuilder.build (C:\Users\ejecutivo\Desktop\mina_project\BackMina\src\metadata-builder\EntityMetadataBuilder.ts:157:25)
    at ConnectionMetadataBuilder.buildEntityMetadatas (C:\Users\ejecutivo\Desktop\mina_project\BackMina\src\connection\ConnectionMetadataBuilder.ts:106:11)
    at processTicksAndRejections (node:internal/process/task_queues:95:5)
    at DataSource.buildMetadatas (C:\Users\ejecutivo\Desktop\mina_project\BackMina\src\data-source\DataSource.ts:710:13)
    at DataSource.initialize (C:\Users\ejecutivo\Desktop\mina_project\BackMina\src\data-source\DataSource.ts:263:13)
2024-07-24 23:04:08:0921 error: Entity metadata for EmployeeEntity#userRegisterss was not found. Check if you specified a correct entity object and if it's connected in the connection options. TypeORMError: Entity metadata for EmployeeEntity#userRegisterss was not found. Check if you specified a correct entity object and if it's connected in the connection options.
    at C:\Users\ejecutivo\Desktop\mina_project\BackMina\src\metadata-builder\EntityMetadataBuilder.ts:1121:23
    at Array.forEach (<anonymous>)
    at EntityMetadataBuilder.computeInverseProperties (C:\Users\ejecutivo\Desktop\mina_project\BackMina\src\metadata-builder\EntityMetadataBuilder.ts:1111:34)
    at C:\Users\ejecutivo\Desktop\mina_project\BackMina\src\metadata-builder\EntityMetadataBuilder.ts:158:18
    at Array.forEach (<anonymous>)
    at EntityMetadataBuilder.build (C:\Users\ejecutivo\Desktop\mina_project\BackMina\src\metadata-builder\EntityMetadataBuilder.ts:157:25)
    at ConnectionMetadataBuilder.buildEntityMetadatas (C:\Users\ejecutivo\Desktop\mina_project\BackMina\src\connection\ConnectionMetadataBuilder.ts:106:11)
    at processTicksAndRejections (node:internal/process/task_queues:95:5)
    at DataSource.buildMetadatas (C:\Users\ejecutivo\Desktop\mina_project\BackMina\src\data-source\DataSource.ts:710:13)
    at DataSource.initialize (C:\Users\ejecutivo\Desktop\mina_project\BackMina\src\data-source\DataSource.ts:263:13)
2024-07-24 23:07:16:0130 error: Entity metadata for EmployeeEntity#userRegisterss was not found. Check if you specified a correct entity object and if it's connected in the connection options. TypeORMError: Entity metadata for EmployeeEntity#userRegisterss was not found. Check if you specified a correct entity object and if it's connected in the connection options.
    at C:\Users\ejecutivo\Desktop\mina_project\BackMina\src\metadata-builder\EntityMetadataBuilder.ts:1121:23
    at Array.forEach (<anonymous>)
    at EntityMetadataBuilder.computeInverseProperties (C:\Users\ejecutivo\Desktop\mina_project\BackMina\src\metadata-builder\EntityMetadataBuilder.ts:1111:34)
    at C:\Users\ejecutivo\Desktop\mina_project\BackMina\src\metadata-builder\EntityMetadataBuilder.ts:158:18
    at Array.forEach (<anonymous>)
    at EntityMetadataBuilder.build (C:\Users\ejecutivo\Desktop\mina_project\BackMina\src\metadata-builder\EntityMetadataBuilder.ts:157:25)
    at ConnectionMetadataBuilder.buildEntityMetadatas (C:\Users\ejecutivo\Desktop\mina_project\BackMina\src\connection\ConnectionMetadataBuilder.ts:106:11)
    at processTicksAndRejections (node:internal/process/task_queues:95:5)
    at DataSource.buildMetadatas (C:\Users\ejecutivo\Desktop\mina_project\BackMina\src\data-source\DataSource.ts:710:13)
    at DataSource.initialize (C:\Users\ejecutivo\Desktop\mina_project\BackMina\src\data-source\DataSource.ts:263:13)
2024-07-24 23:07:59:2452 error: Entity metadata for EmployeeEntity#userRegisterss was not found. Check if you specified a correct entity object and if it's connected in the connection options. TypeORMError: Entity metadata for EmployeeEntity#userRegisterss was not found. Check if you specified a correct entity object and if it's connected in the connection options.
    at C:\Users\ejecutivo\Desktop\mina_project\BackMina\src\metadata-builder\EntityMetadataBuilder.ts:1121:23
    at Array.forEach (<anonymous>)
    at EntityMetadataBuilder.computeInverseProperties (C:\Users\ejecutivo\Desktop\mina_project\BackMina\src\metadata-builder\EntityMetadataBuilder.ts:1111:34)
    at C:\Users\ejecutivo\Desktop\mina_project\BackMina\src\metadata-builder\EntityMetadataBuilder.ts:158:18
    at Array.forEach (<anonymous>)
    at EntityMetadataBuilder.build (C:\Users\ejecutivo\Desktop\mina_project\BackMina\src\metadata-builder\EntityMetadataBuilder.ts:157:25)
    at ConnectionMetadataBuilder.buildEntityMetadatas (C:\Users\ejecutivo\Desktop\mina_project\BackMina\src\connection\ConnectionMetadataBuilder.ts:106:11)
    at processTicksAndRejections (node:internal/process/task_queues:95:5)
    at DataSource.buildMetadatas (C:\Users\ejecutivo\Desktop\mina_project\BackMina\src\data-source\DataSource.ts:710:13)
    at DataSource.initialize (C:\Users\ejecutivo\Desktop\mina_project\BackMina\src\data-source\DataSource.ts:263:13)
2024-07-24 23:09:01:5105 error: Entity metadata for EmployeeEntity#userRegisterss was not found. Check if you specified a correct entity object and if it's connected in the connection options. TypeORMError: Entity metadata for EmployeeEntity#userRegisterss was not found. Check if you specified a correct entity object and if it's connected in the connection options.
    at C:\Users\ejecutivo\Desktop\mina_project\BackMina\src\metadata-builder\EntityMetadataBuilder.ts:1121:23
    at Array.forEach (<anonymous>)
    at EntityMetadataBuilder.computeInverseProperties (C:\Users\ejecutivo\Desktop\mina_project\BackMina\src\metadata-builder\EntityMetadataBuilder.ts:1111:34)
    at C:\Users\ejecutivo\Desktop\mina_project\BackMina\src\metadata-builder\EntityMetadataBuilder.ts:158:18
    at Array.forEach (<anonymous>)
    at EntityMetadataBuilder.build (C:\Users\ejecutivo\Desktop\mina_project\BackMina\src\metadata-builder\EntityMetadataBuilder.ts:157:25)
    at ConnectionMetadataBuilder.buildEntityMetadatas (C:\Users\ejecutivo\Desktop\mina_project\BackMina\src\connection\ConnectionMetadataBuilder.ts:106:11)
    at processTicksAndRejections (node:internal/process/task_queues:95:5)
    at DataSource.buildMetadatas (C:\Users\ejecutivo\Desktop\mina_project\BackMina\src\data-source\DataSource.ts:710:13)
    at DataSource.initialize (C:\Users\ejecutivo\Desktop\mina_project\BackMina\src\data-source\DataSource.ts:263:13)
2024-07-24 23:09:32:1902 error: Entity metadata for EmployeeEntity#userRegisterss was not found. Check if you specified a correct entity object and if it's connected in the connection options. TypeORMError: Entity metadata for EmployeeEntity#userRegisterss was not found. Check if you specified a correct entity object and if it's connected in the connection options.
    at C:\Users\ejecutivo\Desktop\mina_project\BackMina\src\metadata-builder\EntityMetadataBuilder.ts:1121:23
    at Array.forEach (<anonymous>)
    at EntityMetadataBuilder.computeInverseProperties (C:\Users\ejecutivo\Desktop\mina_project\BackMina\src\metadata-builder\EntityMetadataBuilder.ts:1111:34)
    at C:\Users\ejecutivo\Desktop\mina_project\BackMina\src\metadata-builder\EntityMetadataBuilder.ts:158:18
    at Array.forEach (<anonymous>)
    at EntityMetadataBuilder.build (C:\Users\ejecutivo\Desktop\mina_project\BackMina\src\metadata-builder\EntityMetadataBuilder.ts:157:25)
    at ConnectionMetadataBuilder.buildEntityMetadatas (C:\Users\ejecutivo\Desktop\mina_project\BackMina\src\connection\ConnectionMetadataBuilder.ts:106:11)
    at processTicksAndRejections (node:internal/process/task_queues:95:5)
    at DataSource.buildMetadatas (C:\Users\ejecutivo\Desktop\mina_project\BackMina\src\data-source\DataSource.ts:710:13)
    at DataSource.initialize (C:\Users\ejecutivo\Desktop\mina_project\BackMina\src\data-source\DataSource.ts:263:13)
2024-07-24 23:09:41:4545 error: Entity metadata for EmployeeEntity#userRegisterss was not found. Check if you specified a correct entity object and if it's connected in the connection options. TypeORMError: Entity metadata for EmployeeEntity#userRegisterss was not found. Check if you specified a correct entity object and if it's connected in the connection options.
    at C:\Users\ejecutivo\Desktop\mina_project\BackMina\src\metadata-builder\EntityMetadataBuilder.ts:1121:23
    at Array.forEach (<anonymous>)
    at EntityMetadataBuilder.computeInverseProperties (C:\Users\ejecutivo\Desktop\mina_project\BackMina\src\metadata-builder\EntityMetadataBuilder.ts:1111:34)
    at C:\Users\ejecutivo\Desktop\mina_project\BackMina\src\metadata-builder\EntityMetadataBuilder.ts:158:18
    at Array.forEach (<anonymous>)
    at EntityMetadataBuilder.build (C:\Users\ejecutivo\Desktop\mina_project\BackMina\src\metadata-builder\EntityMetadataBuilder.ts:157:25)
    at ConnectionMetadataBuilder.buildEntityMetadatas (C:\Users\ejecutivo\Desktop\mina_project\BackMina\src\connection\ConnectionMetadataBuilder.ts:106:11)
    at processTicksAndRejections (node:internal/process/task_queues:95:5)
    at DataSource.buildMetadatas (C:\Users\ejecutivo\Desktop\mina_project\BackMina\src\data-source\DataSource.ts:710:13)
    at DataSource.initialize (C:\Users\ejecutivo\Desktop\mina_project\BackMina\src\data-source\DataSource.ts:263:13)
2024-07-24 23:11:05:8418 error: Entity metadata for EmployeeEntity#userRegisterss was not found. Check if you specified a correct entity object and if it's connected in the connection options. TypeORMError: Entity metadata for EmployeeEntity#userRegisterss was not found. Check if you specified a correct entity object and if it's connected in the connection options.
    at C:\Users\ejecutivo\Desktop\mina_project\BackMina\src\metadata-builder\EntityMetadataBuilder.ts:1121:23
    at Array.forEach (<anonymous>)
    at EntityMetadataBuilder.computeInverseProperties (C:\Users\ejecutivo\Desktop\mina_project\BackMina\src\metadata-builder\EntityMetadataBuilder.ts:1111:34)
    at C:\Users\ejecutivo\Desktop\mina_project\BackMina\src\metadata-builder\EntityMetadataBuilder.ts:158:18
    at Array.forEach (<anonymous>)
    at EntityMetadataBuilder.build (C:\Users\ejecutivo\Desktop\mina_project\BackMina\src\metadata-builder\EntityMetadataBuilder.ts:157:25)
    at ConnectionMetadataBuilder.buildEntityMetadatas (C:\Users\ejecutivo\Desktop\mina_project\BackMina\src\connection\ConnectionMetadataBuilder.ts:106:11)
    at processTicksAndRejections (node:internal/process/task_queues:95:5)
    at DataSource.buildMetadatas (C:\Users\ejecutivo\Desktop\mina_project\BackMina\src\data-source\DataSource.ts:710:13)
    at DataSource.initialize (C:\Users\ejecutivo\Desktop\mina_project\BackMina\src\data-source\DataSource.ts:263:13)
2024-07-24 23:11:23:4234 error: Entity metadata for EmployeeEntity#userRegisterss was not found. Check if you specified a correct entity object and if it's connected in the connection options. TypeORMError: Entity metadata for EmployeeEntity#userRegisterss was not found. Check if you specified a correct entity object and if it's connected in the connection options.
    at C:\Users\ejecutivo\Desktop\mina_project\BackMina\src\metadata-builder\EntityMetadataBuilder.ts:1121:23
    at Array.forEach (<anonymous>)
    at EntityMetadataBuilder.computeInverseProperties (C:\Users\ejecutivo\Desktop\mina_project\BackMina\src\metadata-builder\EntityMetadataBuilder.ts:1111:34)
    at C:\Users\ejecutivo\Desktop\mina_project\BackMina\src\metadata-builder\EntityMetadataBuilder.ts:158:18
    at Array.forEach (<anonymous>)
    at EntityMetadataBuilder.build (C:\Users\ejecutivo\Desktop\mina_project\BackMina\src\metadata-builder\EntityMetadataBuilder.ts:157:25)
    at ConnectionMetadataBuilder.buildEntityMetadatas (C:\Users\ejecutivo\Desktop\mina_project\BackMina\src\connection\ConnectionMetadataBuilder.ts:106:11)
    at processTicksAndRejections (node:internal/process/task_queues:95:5)
    at DataSource.buildMetadatas (C:\Users\ejecutivo\Desktop\mina_project\BackMina\src\data-source\DataSource.ts:710:13)
    at DataSource.initialize (C:\Users\ejecutivo\Desktop\mina_project\BackMina\src\data-source\DataSource.ts:263:13)
2024-07-24 23:11:35:7257 error: Entity metadata for EmployeeEntity#userRegisterss was not found. Check if you specified a correct entity object and if it's connected in the connection options. TypeORMError: Entity metadata for EmployeeEntity#userRegisterss was not found. Check if you specified a correct entity object and if it's connected in the connection options.
    at C:\Users\ejecutivo\Desktop\mina_project\BackMina\src\metadata-builder\EntityMetadataBuilder.ts:1121:23
    at Array.forEach (<anonymous>)
    at EntityMetadataBuilder.computeInverseProperties (C:\Users\ejecutivo\Desktop\mina_project\BackMina\src\metadata-builder\EntityMetadataBuilder.ts:1111:34)
    at C:\Users\ejecutivo\Desktop\mina_project\BackMina\src\metadata-builder\EntityMetadataBuilder.ts:158:18
    at Array.forEach (<anonymous>)
    at EntityMetadataBuilder.build (C:\Users\ejecutivo\Desktop\mina_project\BackMina\src\metadata-builder\EntityMetadataBuilder.ts:157:25)
    at ConnectionMetadataBuilder.buildEntityMetadatas (C:\Users\ejecutivo\Desktop\mina_project\BackMina\src\connection\ConnectionMetadataBuilder.ts:106:11)
    at processTicksAndRejections (node:internal/process/task_queues:95:5)
    at DataSource.buildMetadatas (C:\Users\ejecutivo\Desktop\mina_project\BackMina\src\data-source\DataSource.ts:710:13)
    at DataSource.initialize (C:\Users\ejecutivo\Desktop\mina_project\BackMina\src\data-source\DataSource.ts:263:13)
2024-07-24 23:11:42:6436 error: Entity metadata for EmployeeEntity#userRegisterss was not found. Check if you specified a correct entity object and if it's connected in the connection options. TypeORMError: Entity metadata for EmployeeEntity#userRegisterss was not found. Check if you specified a correct entity object and if it's connected in the connection options.
    at C:\Users\ejecutivo\Desktop\mina_project\BackMina\src\metadata-builder\EntityMetadataBuilder.ts:1121:23
    at Array.forEach (<anonymous>)
    at EntityMetadataBuilder.computeInverseProperties (C:\Users\ejecutivo\Desktop\mina_project\BackMina\src\metadata-builder\EntityMetadataBuilder.ts:1111:34)
    at C:\Users\ejecutivo\Desktop\mina_project\BackMina\src\metadata-builder\EntityMetadataBuilder.ts:158:18
    at Array.forEach (<anonymous>)
    at EntityMetadataBuilder.build (C:\Users\ejecutivo\Desktop\mina_project\BackMina\src\metadata-builder\EntityMetadataBuilder.ts:157:25)
    at ConnectionMetadataBuilder.buildEntityMetadatas (C:\Users\ejecutivo\Desktop\mina_project\BackMina\src\connection\ConnectionMetadataBuilder.ts:106:11)
    at processTicksAndRejections (node:internal/process/task_queues:95:5)
    at DataSource.buildMetadatas (C:\Users\ejecutivo\Desktop\mina_project\BackMina\src\data-source\DataSource.ts:710:13)
    at DataSource.initialize (C:\Users\ejecutivo\Desktop\mina_project\BackMina\src\data-source\DataSource.ts:263:13)
2024-07-24 23:13:40:2873 error: Entity metadata for EmployeeEntity#userRegisterss was not found. Check if you specified a correct entity object and if it's connected in the connection options. TypeORMError: Entity metadata for EmployeeEntity#userRegisterss was not found. Check if you specified a correct entity object and if it's connected in the connection options.
    at C:\Users\ejecutivo\Desktop\mina_project\BackMina\src\metadata-builder\EntityMetadataBuilder.ts:1121:23
    at Array.forEach (<anonymous>)
    at EntityMetadataBuilder.computeInverseProperties (C:\Users\ejecutivo\Desktop\mina_project\BackMina\src\metadata-builder\EntityMetadataBuilder.ts:1111:34)
    at C:\Users\ejecutivo\Desktop\mina_project\BackMina\src\metadata-builder\EntityMetadataBuilder.ts:158:18
    at Array.forEach (<anonymous>)
    at EntityMetadataBuilder.build (C:\Users\ejecutivo\Desktop\mina_project\BackMina\src\metadata-builder\EntityMetadataBuilder.ts:157:25)
    at ConnectionMetadataBuilder.buildEntityMetadatas (C:\Users\ejecutivo\Desktop\mina_project\BackMina\src\connection\ConnectionMetadataBuilder.ts:106:11)
    at processTicksAndRejections (node:internal/process/task_queues:95:5)
    at DataSource.buildMetadatas (C:\Users\ejecutivo\Desktop\mina_project\BackMina\src\data-source\DataSource.ts:710:13)
    at DataSource.initialize (C:\Users\ejecutivo\Desktop\mina_project\BackMina\src\data-source\DataSource.ts:263:13)
2024-07-24 23:13:50:5225 error: Entity metadata for EmployeeEntity#userRegisterss was not found. Check if you specified a correct entity object and if it's connected in the connection options. TypeORMError: Entity metadata for EmployeeEntity#userRegisterss was not found. Check if you specified a correct entity object and if it's connected in the connection options.
    at C:\Users\ejecutivo\Desktop\mina_project\BackMina\src\metadata-builder\EntityMetadataBuilder.ts:1121:23
    at Array.forEach (<anonymous>)
    at EntityMetadataBuilder.computeInverseProperties (C:\Users\ejecutivo\Desktop\mina_project\BackMina\src\metadata-builder\EntityMetadataBuilder.ts:1111:34)
    at C:\Users\ejecutivo\Desktop\mina_project\BackMina\src\metadata-builder\EntityMetadataBuilder.ts:158:18
    at Array.forEach (<anonymous>)
    at EntityMetadataBuilder.build (C:\Users\ejecutivo\Desktop\mina_project\BackMina\src\metadata-builder\EntityMetadataBuilder.ts:157:25)
    at ConnectionMetadataBuilder.buildEntityMetadatas (C:\Users\ejecutivo\Desktop\mina_project\BackMina\src\connection\ConnectionMetadataBuilder.ts:106:11)
    at processTicksAndRejections (node:internal/process/task_queues:95:5)
    at DataSource.buildMetadatas (C:\Users\ejecutivo\Desktop\mina_project\BackMina\src\data-source\DataSource.ts:710:13)
    at DataSource.initialize (C:\Users\ejecutivo\Desktop\mina_project\BackMina\src\data-source\DataSource.ts:263:13)
2024-07-24 23:17:01:6236 error: Entity metadata for EmployeeEntity#userRegisters was not found. Check if you specified a correct entity object and if it's connected in the connection options. TypeORMError: Entity metadata for EmployeeEntity#userRegisters was not found. Check if you specified a correct entity object and if it's connected in the connection options.
    at C:\Users\ejecutivo\Desktop\mina_project\BackMina\src\metadata-builder\EntityMetadataBuilder.ts:1121:23
    at Array.forEach (<anonymous>)
    at EntityMetadataBuilder.computeInverseProperties (C:\Users\ejecutivo\Desktop\mina_project\BackMina\src\metadata-builder\EntityMetadataBuilder.ts:1111:34)
    at C:\Users\ejecutivo\Desktop\mina_project\BackMina\src\metadata-builder\EntityMetadataBuilder.ts:158:18
    at Array.forEach (<anonymous>)
    at EntityMetadataBuilder.build (C:\Users\ejecutivo\Desktop\mina_project\BackMina\src\metadata-builder\EntityMetadataBuilder.ts:157:25)
    at ConnectionMetadataBuilder.buildEntityMetadatas (C:\Users\ejecutivo\Desktop\mina_project\BackMina\src\connection\ConnectionMetadataBuilder.ts:106:11)
    at processTicksAndRejections (node:internal/process/task_queues:95:5)
    at DataSource.buildMetadatas (C:\Users\ejecutivo\Desktop\mina_project\BackMina\src\data-source\DataSource.ts:710:13)
    at DataSource.initialize (C:\Users\ejecutivo\Desktop\mina_project\BackMina\src\data-source\DataSource.ts:263:13)
2024-07-24 23:17:45:8178 error: Entity metadata for EmployeeEntity#userRegisters was not found. Check if you specified a correct entity object and if it's connected in the connection options. TypeORMError: Entity metadata for EmployeeEntity#userRegisters was not found. Check if you specified a correct entity object and if it's connected in the connection options.
    at C:\Users\ejecutivo\Desktop\mina_project\BackMina\src\metadata-builder\EntityMetadataBuilder.ts:1121:23
    at Array.forEach (<anonymous>)
    at EntityMetadataBuilder.computeInverseProperties (C:\Users\ejecutivo\Desktop\mina_project\BackMina\src\metadata-builder\EntityMetadataBuilder.ts:1111:34)
    at C:\Users\ejecutivo\Desktop\mina_project\BackMina\src\metadata-builder\EntityMetadataBuilder.ts:158:18
    at Array.forEach (<anonymous>)
    at EntityMetadataBuilder.build (C:\Users\ejecutivo\Desktop\mina_project\BackMina\src\metadata-builder\EntityMetadataBuilder.ts:157:25)
    at ConnectionMetadataBuilder.buildEntityMetadatas (C:\Users\ejecutivo\Desktop\mina_project\BackMina\src\connection\ConnectionMetadataBuilder.ts:106:11)
    at processTicksAndRejections (node:internal/process/task_queues:95:5)
    at DataSource.buildMetadatas (C:\Users\ejecutivo\Desktop\mina_project\BackMina\src\data-source\DataSource.ts:710:13)
    at DataSource.initialize (C:\Users\ejecutivo\Desktop\mina_project\BackMina\src\data-source\DataSource.ts:263:13)
2024-07-24 23:18:44:5095 error: Entity metadata for EmployeeEntity#userRegisters was not found. Check if you specified a correct entity object and if it's connected in the connection options. TypeORMError: Entity metadata for EmployeeEntity#userRegisters was not found. Check if you specified a correct entity object and if it's connected in the connection options.
    at C:\Users\ejecutivo\Desktop\mina_project\BackMina\src\metadata-builder\EntityMetadataBuilder.ts:1121:23
    at Array.forEach (<anonymous>)
    at EntityMetadataBuilder.computeInverseProperties (C:\Users\ejecutivo\Desktop\mina_project\BackMina\src\metadata-builder\EntityMetadataBuilder.ts:1111:34)
    at C:\Users\ejecutivo\Desktop\mina_project\BackMina\src\metadata-builder\EntityMetadataBuilder.ts:158:18
    at Array.forEach (<anonymous>)
    at EntityMetadataBuilder.build (C:\Users\ejecutivo\Desktop\mina_project\BackMina\src\metadata-builder\EntityMetadataBuilder.ts:157:25)
    at ConnectionMetadataBuilder.buildEntityMetadatas (C:\Users\ejecutivo\Desktop\mina_project\BackMina\src\connection\ConnectionMetadataBuilder.ts:106:11)
    at processTicksAndRejections (node:internal/process/task_queues:95:5)
    at DataSource.buildMetadatas (C:\Users\ejecutivo\Desktop\mina_project\BackMina\src\data-source\DataSource.ts:710:13)
    at DataSource.initialize (C:\Users\ejecutivo\Desktop\mina_project\BackMina\src\data-source\DataSource.ts:263:13)
2024-07-24 23:19:01:0280 error: Entity metadata for EmployeeEntity#userRegisters was not found. Check if you specified a correct entity object and if it's connected in the connection options. TypeORMError: Entity metadata for EmployeeEntity#userRegisters was not found. Check if you specified a correct entity object and if it's connected in the connection options.
    at C:\Users\ejecutivo\Desktop\mina_project\BackMina\src\metadata-builder\EntityMetadataBuilder.ts:1121:23
    at Array.forEach (<anonymous>)
    at EntityMetadataBuilder.computeInverseProperties (C:\Users\ejecutivo\Desktop\mina_project\BackMina\src\metadata-builder\EntityMetadataBuilder.ts:1111:34)
    at C:\Users\ejecutivo\Desktop\mina_project\BackMina\src\metadata-builder\EntityMetadataBuilder.ts:158:18
    at Array.forEach (<anonymous>)
    at EntityMetadataBuilder.build (C:\Users\ejecutivo\Desktop\mina_project\BackMina\src\metadata-builder\EntityMetadataBuilder.ts:157:25)
    at ConnectionMetadataBuilder.buildEntityMetadatas (C:\Users\ejecutivo\Desktop\mina_project\BackMina\src\connection\ConnectionMetadataBuilder.ts:106:11)
    at processTicksAndRejections (node:internal/process/task_queues:95:5)
    at DataSource.buildMetadatas (C:\Users\ejecutivo\Desktop\mina_project\BackMina\src\data-source\DataSource.ts:710:13)
    at DataSource.initialize (C:\Users\ejecutivo\Desktop\mina_project\BackMina\src\data-source\DataSource.ts:263:13)
2024-07-24 23:22:50:0681 error: Entity metadata for EmployeeEntity#userRegisters was not found. Check if you specified a correct entity object and if it's connected in the connection options. TypeORMError: Entity metadata for EmployeeEntity#userRegisters was not found. Check if you specified a correct entity object and if it's connected in the connection options.
    at C:\Users\ejecutivo\Desktop\mina_project\BackMina\src\metadata-builder\EntityMetadataBuilder.ts:1121:23
    at Array.forEach (<anonymous>)
    at EntityMetadataBuilder.computeInverseProperties (C:\Users\ejecutivo\Desktop\mina_project\BackMina\src\metadata-builder\EntityMetadataBuilder.ts:1111:34)
    at C:\Users\ejecutivo\Desktop\mina_project\BackMina\src\metadata-builder\EntityMetadataBuilder.ts:158:18
    at Array.forEach (<anonymous>)
    at EntityMetadataBuilder.build (C:\Users\ejecutivo\Desktop\mina_project\BackMina\src\metadata-builder\EntityMetadataBuilder.ts:157:25)
    at ConnectionMetadataBuilder.buildEntityMetadatas (C:\Users\ejecutivo\Desktop\mina_project\BackMina\src\connection\ConnectionMetadataBuilder.ts:106:11)
    at processTicksAndRejections (node:internal/process/task_queues:95:5)
    at DataSource.buildMetadatas (C:\Users\ejecutivo\Desktop\mina_project\BackMina\src\data-source\DataSource.ts:710:13)
    at DataSource.initialize (C:\Users\ejecutivo\Desktop\mina_project\BackMina\src\data-source\DataSource.ts:263:13)
2024-07-24 23:23:12:9329 error: Entity metadata for EmployeeEntity#userRegister was not found. Check if you specified a correct entity object and if it's connected in the connection options. TypeORMError: Entity metadata for EmployeeEntity#userRegister was not found. Check if you specified a correct entity object and if it's connected in the connection options.
    at C:\Users\ejecutivo\Desktop\mina_project\BackMina\src\metadata-builder\EntityMetadataBuilder.ts:1121:23
    at Array.forEach (<anonymous>)
    at EntityMetadataBuilder.computeInverseProperties (C:\Users\ejecutivo\Desktop\mina_project\BackMina\src\metadata-builder\EntityMetadataBuilder.ts:1111:34)
    at C:\Users\ejecutivo\Desktop\mina_project\BackMina\src\metadata-builder\EntityMetadataBuilder.ts:158:18
    at Array.forEach (<anonymous>)
    at EntityMetadataBuilder.build (C:\Users\ejecutivo\Desktop\mina_project\BackMina\src\metadata-builder\EntityMetadataBuilder.ts:157:25)
    at ConnectionMetadataBuilder.buildEntityMetadatas (C:\Users\ejecutivo\Desktop\mina_project\BackMina\src\connection\ConnectionMetadataBuilder.ts:106:11)
    at processTicksAndRejections (node:internal/process/task_queues:95:5)
    at DataSource.buildMetadatas (C:\Users\ejecutivo\Desktop\mina_project\BackMina\src\data-source\DataSource.ts:710:13)
    at DataSource.initialize (C:\Users\ejecutivo\Desktop\mina_project\BackMina\src\data-source\DataSource.ts:263:13)
2024-07-24 23:23:55:7748 error: Entity metadata for EmployeeEntity#userRegister was not found. Check if you specified a correct entity object and if it's connected in the connection options. TypeORMError: Entity metadata for EmployeeEntity#userRegister was not found. Check if you specified a correct entity object and if it's connected in the connection options.
    at C:\Users\ejecutivo\Desktop\mina_project\BackMina\src\metadata-builder\EntityMetadataBuilder.ts:1121:23
    at Array.forEach (<anonymous>)
    at EntityMetadataBuilder.computeInverseProperties (C:\Users\ejecutivo\Desktop\mina_project\BackMina\src\metadata-builder\EntityMetadataBuilder.ts:1111:34)
    at C:\Users\ejecutivo\Desktop\mina_project\BackMina\src\metadata-builder\EntityMetadataBuilder.ts:158:18
    at Array.forEach (<anonymous>)
    at EntityMetadataBuilder.build (C:\Users\ejecutivo\Desktop\mina_project\BackMina\src\metadata-builder\EntityMetadataBuilder.ts:157:25)
    at ConnectionMetadataBuilder.buildEntityMetadatas (C:\Users\ejecutivo\Desktop\mina_project\BackMina\src\connection\ConnectionMetadataBuilder.ts:106:11)
    at processTicksAndRejections (node:internal/process/task_queues:95:5)
    at DataSource.buildMetadatas (C:\Users\ejecutivo\Desktop\mina_project\BackMina\src\data-source\DataSource.ts:710:13)
    at DataSource.initialize (C:\Users\ejecutivo\Desktop\mina_project\BackMina\src\data-source\DataSource.ts:263:13)
2024-07-24 23:24:23:5105 error: Entity metadata for EmployeeEntity#userRegister was not found. Check if you specified a correct entity object and if it's connected in the connection options. TypeORMError: Entity metadata for EmployeeEntity#userRegister was not found. Check if you specified a correct entity object and if it's connected in the connection options.
    at C:\Users\ejecutivo\Desktop\mina_project\BackMina\src\metadata-builder\EntityMetadataBuilder.ts:1121:23
    at Array.forEach (<anonymous>)
    at EntityMetadataBuilder.computeInverseProperties (C:\Users\ejecutivo\Desktop\mina_project\BackMina\src\metadata-builder\EntityMetadataBuilder.ts:1111:34)
    at C:\Users\ejecutivo\Desktop\mina_project\BackMina\src\metadata-builder\EntityMetadataBuilder.ts:158:18
    at Array.forEach (<anonymous>)
    at EntityMetadataBuilder.build (C:\Users\ejecutivo\Desktop\mina_project\BackMina\src\metadata-builder\EntityMetadataBuilder.ts:157:25)
    at ConnectionMetadataBuilder.buildEntityMetadatas (C:\Users\ejecutivo\Desktop\mina_project\BackMina\src\connection\ConnectionMetadataBuilder.ts:106:11)
    at processTicksAndRejections (node:internal/process/task_queues:95:5)
    at DataSource.buildMetadatas (C:\Users\ejecutivo\Desktop\mina_project\BackMina\src\data-source\DataSource.ts:710:13)
    at DataSource.initialize (C:\Users\ejecutivo\Desktop\mina_project\BackMina\src\data-source\DataSource.ts:263:13)
2024-07-24 23:24:29:6867 error: Entity metadata for EmployeeEntity#userRegister was not found. Check if you specified a correct entity object and if it's connected in the connection options. TypeORMError: Entity metadata for EmployeeEntity#userRegister was not found. Check if you specified a correct entity object and if it's connected in the connection options.
    at C:\Users\ejecutivo\Desktop\mina_project\BackMina\src\metadata-builder\EntityMetadataBuilder.ts:1121:23
    at Array.forEach (<anonymous>)
    at EntityMetadataBuilder.computeInverseProperties (C:\Users\ejecutivo\Desktop\mina_project\BackMina\src\metadata-builder\EntityMetadataBuilder.ts:1111:34)
    at C:\Users\ejecutivo\Desktop\mina_project\BackMina\src\metadata-builder\EntityMetadataBuilder.ts:158:18
    at Array.forEach (<anonymous>)
    at EntityMetadataBuilder.build (C:\Users\ejecutivo\Desktop\mina_project\BackMina\src\metadata-builder\EntityMetadataBuilder.ts:157:25)
    at ConnectionMetadataBuilder.buildEntityMetadatas (C:\Users\ejecutivo\Desktop\mina_project\BackMina\src\connection\ConnectionMetadataBuilder.ts:106:11)
    at processTicksAndRejections (node:internal/process/task_queues:95:5)
    at DataSource.buildMetadatas (C:\Users\ejecutivo\Desktop\mina_project\BackMina\src\data-source\DataSource.ts:710:13)
    at DataSource.initialize (C:\Users\ejecutivo\Desktop\mina_project\BackMina\src\data-source\DataSource.ts:263:13)
2024-07-24 23:26:16:96110 error: Entity metadata for EmployeeEntity#userRegister was not found. Check if you specified a correct entity object and if it's connected in the connection options. TypeORMError: Entity metadata for EmployeeEntity#userRegister was not found. Check if you specified a correct entity object and if it's connected in the connection options.
    at C:\Users\ejecutivo\Desktop\mina_project\BackMina\src\metadata-builder\EntityMetadataBuilder.ts:1121:23
    at Array.forEach (<anonymous>)
    at EntityMetadataBuilder.computeInverseProperties (C:\Users\ejecutivo\Desktop\mina_project\BackMina\src\metadata-builder\EntityMetadataBuilder.ts:1111:34)
    at C:\Users\ejecutivo\Desktop\mina_project\BackMina\src\metadata-builder\EntityMetadataBuilder.ts:158:18
    at Array.forEach (<anonymous>)
    at EntityMetadataBuilder.build (C:\Users\ejecutivo\Desktop\mina_project\BackMina\src\metadata-builder\EntityMetadataBuilder.ts:157:25)
    at ConnectionMetadataBuilder.buildEntityMetadatas (C:\Users\ejecutivo\Desktop\mina_project\BackMina\src\connection\ConnectionMetadataBuilder.ts:106:11)
    at processTicksAndRejections (node:internal/process/task_queues:95:5)
    at DataSource.buildMetadatas (C:\Users\ejecutivo\Desktop\mina_project\BackMina\src\data-source\DataSource.ts:710:13)
    at DataSource.initialize (C:\Users\ejecutivo\Desktop\mina_project\BackMina\src\data-source\DataSource.ts:263:13)
2024-07-24 23:26:43:1021 error: Entity metadata for EmployeeEntity#userRegister was not found. Check if you specified a correct entity object and if it's connected in the connection options. TypeORMError: Entity metadata for EmployeeEntity#userRegister was not found. Check if you specified a correct entity object and if it's connected in the connection options.
    at C:\Users\ejecutivo\Desktop\mina_project\BackMina\src\metadata-builder\EntityMetadataBuilder.ts:1121:23
    at Array.forEach (<anonymous>)
    at EntityMetadataBuilder.computeInverseProperties (C:\Users\ejecutivo\Desktop\mina_project\BackMina\src\metadata-builder\EntityMetadataBuilder.ts:1111:34)
    at C:\Users\ejecutivo\Desktop\mina_project\BackMina\src\metadata-builder\EntityMetadataBuilder.ts:158:18
    at Array.forEach (<anonymous>)
    at EntityMetadataBuilder.build (C:\Users\ejecutivo\Desktop\mina_project\BackMina\src\metadata-builder\EntityMetadataBuilder.ts:157:25)
    at ConnectionMetadataBuilder.buildEntityMetadatas (C:\Users\ejecutivo\Desktop\mina_project\BackMina\src\connection\ConnectionMetadataBuilder.ts:106:11)
    at processTicksAndRejections (node:internal/process/task_queues:95:5)
    at DataSource.buildMetadatas (C:\Users\ejecutivo\Desktop\mina_project\BackMina\src\data-source\DataSource.ts:710:13)
    at DataSource.initialize (C:\Users\ejecutivo\Desktop\mina_project\BackMina\src\data-source\DataSource.ts:263:13)
2024-07-24 23:27:29:8569 error: Entity metadata for EmployeeEntity#userRegister was not found. Check if you specified a correct entity object and if it's connected in the connection options. TypeORMError: Entity metadata for EmployeeEntity#userRegister was not found. Check if you specified a correct entity object and if it's connected in the connection options.
    at C:\Users\ejecutivo\Desktop\mina_project\BackMina\src\metadata-builder\EntityMetadataBuilder.ts:1121:23
    at Array.forEach (<anonymous>)
    at EntityMetadataBuilder.computeInverseProperties (C:\Users\ejecutivo\Desktop\mina_project\BackMina\src\metadata-builder\EntityMetadataBuilder.ts:1111:34)
    at C:\Users\ejecutivo\Desktop\mina_project\BackMina\src\metadata-builder\EntityMetadataBuilder.ts:158:18
    at Array.forEach (<anonymous>)
    at EntityMetadataBuilder.build (C:\Users\ejecutivo\Desktop\mina_project\BackMina\src\metadata-builder\EntityMetadataBuilder.ts:157:25)
    at ConnectionMetadataBuilder.buildEntityMetadatas (C:\Users\ejecutivo\Desktop\mina_project\BackMina\src\connection\ConnectionMetadataBuilder.ts:106:11)
    at processTicksAndRejections (node:internal/process/task_queues:95:5)
    at DataSource.buildMetadatas (C:\Users\ejecutivo\Desktop\mina_project\BackMina\src\data-source\DataSource.ts:710:13)
    at DataSource.initialize (C:\Users\ejecutivo\Desktop\mina_project\BackMina\src\data-source\DataSource.ts:263:13)
2024-07-24 23:29:07:5566 error: Entity metadata for EmployeeEntity#userRegister was not found. Check if you specified a correct entity object and if it's connected in the connection options. TypeORMError: Entity metadata for EmployeeEntity#userRegister was not found. Check if you specified a correct entity object and if it's connected in the connection options.
    at C:\Users\ejecutivo\Desktop\mina_project\BackMina\src\metadata-builder\EntityMetadataBuilder.ts:1121:23
    at Array.forEach (<anonymous>)
    at EntityMetadataBuilder.computeInverseProperties (C:\Users\ejecutivo\Desktop\mina_project\BackMina\src\metadata-builder\EntityMetadataBuilder.ts:1111:34)
    at C:\Users\ejecutivo\Desktop\mina_project\BackMina\src\metadata-builder\EntityMetadataBuilder.ts:158:18
    at Array.forEach (<anonymous>)
    at EntityMetadataBuilder.build (C:\Users\ejecutivo\Desktop\mina_project\BackMina\src\metadata-builder\EntityMetadataBuilder.ts:157:25)
    at ConnectionMetadataBuilder.buildEntityMetadatas (C:\Users\ejecutivo\Desktop\mina_project\BackMina\src\connection\ConnectionMetadataBuilder.ts:106:11)
    at processTicksAndRejections (node:internal/process/task_queues:95:5)
    at DataSource.buildMetadatas (C:\Users\ejecutivo\Desktop\mina_project\BackMina\src\data-source\DataSource.ts:710:13)
    at DataSource.initialize (C:\Users\ejecutivo\Desktop\mina_project\BackMina\src\data-source\DataSource.ts:263:13)
2024-07-24 23:29:17:4945 error: Entity metadata for EmployeeEntity#userRegister was not found. Check if you specified a correct entity object and if it's connected in the connection options. TypeORMError: Entity metadata for EmployeeEntity#userRegister was not found. Check if you specified a correct entity object and if it's connected in the connection options.
    at C:\Users\ejecutivo\Desktop\mina_project\BackMina\src\metadata-builder\EntityMetadataBuilder.ts:1121:23
    at Array.forEach (<anonymous>)
    at EntityMetadataBuilder.computeInverseProperties (C:\Users\ejecutivo\Desktop\mina_project\BackMina\src\metadata-builder\EntityMetadataBuilder.ts:1111:34)
    at C:\Users\ejecutivo\Desktop\mina_project\BackMina\src\metadata-builder\EntityMetadataBuilder.ts:158:18
    at Array.forEach (<anonymous>)
    at EntityMetadataBuilder.build (C:\Users\ejecutivo\Desktop\mina_project\BackMina\src\metadata-builder\EntityMetadataBuilder.ts:157:25)
    at ConnectionMetadataBuilder.buildEntityMetadatas (C:\Users\ejecutivo\Desktop\mina_project\BackMina\src\connection\ConnectionMetadataBuilder.ts:106:11)
    at processTicksAndRejections (node:internal/process/task_queues:95:5)
    at DataSource.buildMetadatas (C:\Users\ejecutivo\Desktop\mina_project\BackMina\src\data-source\DataSource.ts:710:13)
    at DataSource.initialize (C:\Users\ejecutivo\Desktop\mina_project\BackMina\src\data-source\DataSource.ts:263:13)
2024-07-24 23:29:36:4024 error: Entity metadata for EmployeeEntity#userRegister was not found. Check if you specified a correct entity object and if it's connected in the connection options. TypeORMError: Entity metadata for EmployeeEntity#userRegister was not found. Check if you specified a correct entity object and if it's connected in the connection options.
    at C:\Users\ejecutivo\Desktop\mina_project\BackMina\src\metadata-builder\EntityMetadataBuilder.ts:1121:23
    at Array.forEach (<anonymous>)
    at EntityMetadataBuilder.computeInverseProperties (C:\Users\ejecutivo\Desktop\mina_project\BackMina\src\metadata-builder\EntityMetadataBuilder.ts:1111:34)
    at C:\Users\ejecutivo\Desktop\mina_project\BackMina\src\metadata-builder\EntityMetadataBuilder.ts:158:18
    at Array.forEach (<anonymous>)
    at EntityMetadataBuilder.build (C:\Users\ejecutivo\Desktop\mina_project\BackMina\src\metadata-builder\EntityMetadataBuilder.ts:157:25)
    at ConnectionMetadataBuilder.buildEntityMetadatas (C:\Users\ejecutivo\Desktop\mina_project\BackMina\src\connection\ConnectionMetadataBuilder.ts:106:11)
    at processTicksAndRejections (node:internal/process/task_queues:95:5)
    at DataSource.buildMetadatas (C:\Users\ejecutivo\Desktop\mina_project\BackMina\src\data-source\DataSource.ts:710:13)
    at DataSource.initialize (C:\Users\ejecutivo\Desktop\mina_project\BackMina\src\data-source\DataSource.ts:263:13)
2024-07-24 23:30:32:8358 error: Entity metadata for EmployeeEntity#userRegister was not found. Check if you specified a correct entity object and if it's connected in the connection options. TypeORMError: Entity metadata for EmployeeEntity#userRegister was not found. Check if you specified a correct entity object and if it's connected in the connection options.
    at C:\Users\ejecutivo\Desktop\mina_project\BackMina\src\metadata-builder\EntityMetadataBuilder.ts:1121:23
    at Array.forEach (<anonymous>)
    at EntityMetadataBuilder.computeInverseProperties (C:\Users\ejecutivo\Desktop\mina_project\BackMina\src\metadata-builder\EntityMetadataBuilder.ts:1111:34)
    at C:\Users\ejecutivo\Desktop\mina_project\BackMina\src\metadata-builder\EntityMetadataBuilder.ts:158:18
    at Array.forEach (<anonymous>)
    at EntityMetadataBuilder.build (C:\Users\ejecutivo\Desktop\mina_project\BackMina\src\metadata-builder\EntityMetadataBuilder.ts:157:25)
    at ConnectionMetadataBuilder.buildEntityMetadatas (C:\Users\ejecutivo\Desktop\mina_project\BackMina\src\connection\ConnectionMetadataBuilder.ts:106:11)
    at processTicksAndRejections (node:internal/process/task_queues:95:5)
    at DataSource.buildMetadatas (C:\Users\ejecutivo\Desktop\mina_project\BackMina\src\data-source\DataSource.ts:710:13)
    at DataSource.initialize (C:\Users\ejecutivo\Desktop\mina_project\BackMina\src\data-source\DataSource.ts:263:13)
2024-07-24 23:34:09:8178 error: Entity metadata for EmployeeEntity#userRegister was not found. Check if you specified a correct entity object and if it's connected in the connection options. TypeORMError: Entity metadata for EmployeeEntity#userRegister was not found. Check if you specified a correct entity object and if it's connected in the connection options.
    at C:\Users\ejecutivo\Desktop\mina_project\BackMina\src\metadata-builder\EntityMetadataBuilder.ts:1121:23
    at Array.forEach (<anonymous>)
    at EntityMetadataBuilder.computeInverseProperties (C:\Users\ejecutivo\Desktop\mina_project\BackMina\src\metadata-builder\EntityMetadataBuilder.ts:1111:34)
    at C:\Users\ejecutivo\Desktop\mina_project\BackMina\src\metadata-builder\EntityMetadataBuilder.ts:158:18
    at Array.forEach (<anonymous>)
    at EntityMetadataBuilder.build (C:\Users\ejecutivo\Desktop\mina_project\BackMina\src\metadata-builder\EntityMetadataBuilder.ts:157:25)
    at ConnectionMetadataBuilder.buildEntityMetadatas (C:\Users\ejecutivo\Desktop\mina_project\BackMina\src\connection\ConnectionMetadataBuilder.ts:106:11)
    at processTicksAndRejections (node:internal/process/task_queues:95:5)
    at DataSource.buildMetadatas (C:\Users\ejecutivo\Desktop\mina_project\BackMina\src\data-source\DataSource.ts:710:13)
    at DataSource.initialize (C:\Users\ejecutivo\Desktop\mina_project\BackMina\src\data-source\DataSource.ts:263:13)
2024-07-24 23:37:16:1512 error: Entity metadata for EmployeeEntity#userRegister was not found. Check if you specified a correct entity object and if it's connected in the connection options. TypeORMError: Entity metadata for EmployeeEntity#userRegister was not found. Check if you specified a correct entity object and if it's connected in the connection options.
    at C:\Users\ejecutivo\Desktop\mina_project\BackMina\src\metadata-builder\EntityMetadataBuilder.ts:1121:23
    at Array.forEach (<anonymous>)
    at EntityMetadataBuilder.computeInverseProperties (C:\Users\ejecutivo\Desktop\mina_project\BackMina\src\metadata-builder\EntityMetadataBuilder.ts:1111:34)
    at C:\Users\ejecutivo\Desktop\mina_project\BackMina\src\metadata-builder\EntityMetadataBuilder.ts:158:18
    at Array.forEach (<anonymous>)
    at EntityMetadataBuilder.build (C:\Users\ejecutivo\Desktop\mina_project\BackMina\src\metadata-builder\EntityMetadataBuilder.ts:157:25)
    at ConnectionMetadataBuilder.buildEntityMetadatas (C:\Users\ejecutivo\Desktop\mina_project\BackMina\src\connection\ConnectionMetadataBuilder.ts:106:11)
    at processTicksAndRejections (node:internal/process/task_queues:95:5)
    at DataSource.buildMetadatas (C:\Users\ejecutivo\Desktop\mina_project\BackMina\src\data-source\DataSource.ts:710:13)
    at DataSource.initialize (C:\Users\ejecutivo\Desktop\mina_project\BackMina\src\data-source\DataSource.ts:263:13)
2024-07-24 23:37:27:5215 error: Entity metadata for EmployeeEntity#userRegister was not found. Check if you specified a correct entity object and if it's connected in the connection options. TypeORMError: Entity metadata for EmployeeEntity#userRegister was not found. Check if you specified a correct entity object and if it's connected in the connection options.
    at C:\Users\ejecutivo\Desktop\mina_project\BackMina\src\metadata-builder\EntityMetadataBuilder.ts:1121:23
    at Array.forEach (<anonymous>)
    at EntityMetadataBuilder.computeInverseProperties (C:\Users\ejecutivo\Desktop\mina_project\BackMina\src\metadata-builder\EntityMetadataBuilder.ts:1111:34)
    at C:\Users\ejecutivo\Desktop\mina_project\BackMina\src\metadata-builder\EntityMetadataBuilder.ts:158:18
    at Array.forEach (<anonymous>)
    at EntityMetadataBuilder.build (C:\Users\ejecutivo\Desktop\mina_project\BackMina\src\metadata-builder\EntityMetadataBuilder.ts:157:25)
    at ConnectionMetadataBuilder.buildEntityMetadatas (C:\Users\ejecutivo\Desktop\mina_project\BackMina\src\connection\ConnectionMetadataBuilder.ts:106:11)
    at processTicksAndRejections (node:internal/process/task_queues:95:5)
    at DataSource.buildMetadatas (C:\Users\ejecutivo\Desktop\mina_project\BackMina\src\data-source\DataSource.ts:710:13)
    at DataSource.initialize (C:\Users\ejecutivo\Desktop\mina_project\BackMina\src\data-source\DataSource.ts:263:13)
2024-07-24 23:37:49:1712 error: Entity metadata for EmployeeEntity#userRegister was not found. Check if you specified a correct entity object and if it's connected in the connection options. TypeORMError: Entity metadata for EmployeeEntity#userRegister was not found. Check if you specified a correct entity object and if it's connected in the connection options.
    at C:\Users\ejecutivo\Desktop\mina_project\BackMina\src\metadata-builder\EntityMetadataBuilder.ts:1121:23
    at Array.forEach (<anonymous>)
    at EntityMetadataBuilder.computeInverseProperties (C:\Users\ejecutivo\Desktop\mina_project\BackMina\src\metadata-builder\EntityMetadataBuilder.ts:1111:34)
    at C:\Users\ejecutivo\Desktop\mina_project\BackMina\src\metadata-builder\EntityMetadataBuilder.ts:158:18
    at Array.forEach (<anonymous>)
    at EntityMetadataBuilder.build (C:\Users\ejecutivo\Desktop\mina_project\BackMina\src\metadata-builder\EntityMetadataBuilder.ts:157:25)
    at ConnectionMetadataBuilder.buildEntityMetadatas (C:\Users\ejecutivo\Desktop\mina_project\BackMina\src\connection\ConnectionMetadataBuilder.ts:106:11)
    at processTicksAndRejections (node:internal/process/task_queues:95:5)
    at DataSource.buildMetadatas (C:\Users\ejecutivo\Desktop\mina_project\BackMina\src\data-source\DataSource.ts:710:13)
    at DataSource.initialize (C:\Users\ejecutivo\Desktop\mina_project\BackMina\src\data-source\DataSource.ts:263:13)
2024-07-24 23:39:08:5916 error: Entity metadata for EmployeeEntity#userRegister was not found. Check if you specified a correct entity object and if it's connected in the connection options. TypeORMError: Entity metadata for EmployeeEntity#userRegister was not found. Check if you specified a correct entity object and if it's connected in the connection options.
    at C:\Users\ejecutivo\Desktop\mina_project\BackMina\src\metadata-builder\EntityMetadataBuilder.ts:1121:23
    at Array.forEach (<anonymous>)
    at EntityMetadataBuilder.computeInverseProperties (C:\Users\ejecutivo\Desktop\mina_project\BackMina\src\metadata-builder\EntityMetadataBuilder.ts:1111:34)
    at C:\Users\ejecutivo\Desktop\mina_project\BackMina\src\metadata-builder\EntityMetadataBuilder.ts:158:18
    at Array.forEach (<anonymous>)
    at EntityMetadataBuilder.build (C:\Users\ejecutivo\Desktop\mina_project\BackMina\src\metadata-builder\EntityMetadataBuilder.ts:157:25)
    at ConnectionMetadataBuilder.buildEntityMetadatas (C:\Users\ejecutivo\Desktop\mina_project\BackMina\src\connection\ConnectionMetadataBuilder.ts:106:11)
    at processTicksAndRejections (node:internal/process/task_queues:95:5)
    at DataSource.buildMetadatas (C:\Users\ejecutivo\Desktop\mina_project\BackMina\src\data-source\DataSource.ts:710:13)
    at DataSource.initialize (C:\Users\ejecutivo\Desktop\mina_project\BackMina\src\data-source\DataSource.ts:263:13)
2024-07-24 23:39:17:96810 error: Entity metadata for EmployeeEntity#userRegister was not found. Check if you specified a correct entity object and if it's connected in the connection options. TypeORMError: Entity metadata for EmployeeEntity#userRegister was not found. Check if you specified a correct entity object and if it's connected in the connection options.
    at C:\Users\ejecutivo\Desktop\mina_project\BackMina\src\metadata-builder\EntityMetadataBuilder.ts:1121:23
    at Array.forEach (<anonymous>)
    at EntityMetadataBuilder.computeInverseProperties (C:\Users\ejecutivo\Desktop\mina_project\BackMina\src\metadata-builder\EntityMetadataBuilder.ts:1111:34)
    at C:\Users\ejecutivo\Desktop\mina_project\BackMina\src\metadata-builder\EntityMetadataBuilder.ts:158:18
    at Array.forEach (<anonymous>)
    at EntityMetadataBuilder.build (C:\Users\ejecutivo\Desktop\mina_project\BackMina\src\metadata-builder\EntityMetadataBuilder.ts:157:25)
    at ConnectionMetadataBuilder.buildEntityMetadatas (C:\Users\ejecutivo\Desktop\mina_project\BackMina\src\connection\ConnectionMetadataBuilder.ts:106:11)
    at processTicksAndRejections (node:internal/process/task_queues:95:5)
    at DataSource.buildMetadatas (C:\Users\ejecutivo\Desktop\mina_project\BackMina\src\data-source\DataSource.ts:710:13)
    at DataSource.initialize (C:\Users\ejecutivo\Desktop\mina_project\BackMina\src\data-source\DataSource.ts:263:13)
2024-07-24 23:39:34:1682 error: Entity metadata for EmployeeEntity#userRegister was not found. Check if you specified a correct entity object and if it's connected in the connection options. TypeORMError: Entity metadata for EmployeeEntity#userRegister was not found. Check if you specified a correct entity object and if it's connected in the connection options.
    at C:\Users\ejecutivo\Desktop\mina_project\BackMina\src\metadata-builder\EntityMetadataBuilder.ts:1121:23
    at Array.forEach (<anonymous>)
    at EntityMetadataBuilder.computeInverseProperties (C:\Users\ejecutivo\Desktop\mina_project\BackMina\src\metadata-builder\EntityMetadataBuilder.ts:1111:34)
    at C:\Users\ejecutivo\Desktop\mina_project\BackMina\src\metadata-builder\EntityMetadataBuilder.ts:158:18
    at Array.forEach (<anonymous>)
    at EntityMetadataBuilder.build (C:\Users\ejecutivo\Desktop\mina_project\BackMina\src\metadata-builder\EntityMetadataBuilder.ts:157:25)
    at ConnectionMetadataBuilder.buildEntityMetadatas (C:\Users\ejecutivo\Desktop\mina_project\BackMina\src\connection\ConnectionMetadataBuilder.ts:106:11)
    at processTicksAndRejections (node:internal/process/task_queues:95:5)
    at DataSource.buildMetadatas (C:\Users\ejecutivo\Desktop\mina_project\BackMina\src\data-source\DataSource.ts:710:13)
    at DataSource.initialize (C:\Users\ejecutivo\Desktop\mina_project\BackMina\src\data-source\DataSource.ts:263:13)
2024-07-24 23:40:34:3954 error: Entity metadata for EmployeeEntity#userRegister was not found. Check if you specified a correct entity object and if it's connected in the connection options. TypeORMError: Entity metadata for EmployeeEntity#userRegister was not found. Check if you specified a correct entity object and if it's connected in the connection options.
    at C:\Users\ejecutivo\Desktop\mina_project\BackMina\src\metadata-builder\EntityMetadataBuilder.ts:1121:23
    at Array.forEach (<anonymous>)
    at EntityMetadataBuilder.computeInverseProperties (C:\Users\ejecutivo\Desktop\mina_project\BackMina\src\metadata-builder\EntityMetadataBuilder.ts:1111:34)
    at C:\Users\ejecutivo\Desktop\mina_project\BackMina\src\metadata-builder\EntityMetadataBuilder.ts:158:18
    at Array.forEach (<anonymous>)
    at EntityMetadataBuilder.build (C:\Users\ejecutivo\Desktop\mina_project\BackMina\src\metadata-builder\EntityMetadataBuilder.ts:157:25)
    at ConnectionMetadataBuilder.buildEntityMetadatas (C:\Users\ejecutivo\Desktop\mina_project\BackMina\src\connection\ConnectionMetadataBuilder.ts:106:11)
    at processTicksAndRejections (node:internal/process/task_queues:95:5)
    at DataSource.buildMetadatas (C:\Users\ejecutivo\Desktop\mina_project\BackMina\src\data-source\DataSource.ts:710:13)
    at DataSource.initialize (C:\Users\ejecutivo\Desktop\mina_project\BackMina\src\data-source\DataSource.ts:263:13)
