2024-06-30 09:09:05:4184 info: Database connected successfully! 
2024-06-30 09:09:05:8238 debug: EmployeeService:constructor 
2024-06-30 09:54:15:0791 http: [2024-06-30T14:54:15.079Z] ::1 "GET /api/v1/employee HTTP/1.1" 200 - "-" "node" {} 176.660 ms
 
2024-06-30 09:54:15:8418 http: [2024-06-30T14:54:15.841Z] ::1 "GET /api/v1/employee HTTP/1.1" 200 - "-" "node" {} 39.526 ms
 
2024-06-30 09:54:16:3934 http: [2024-06-30T14:54:16.392Z] ::1 "GET /api/v1/employee HTTP/1.1" 200 - "-" "node" {} 31.644 ms
 
2024-06-30 09:54:52:0210 http: [2024-06-30T14:54:52.021Z] ::1 "GET /api/v1/employee?page=1&limit=10&search=&documentType=&workCenter=&workingType=&status=&position= HTTP/1.1" 200 - "http://localhost:3000/employee" "Mozilla/5.0 (Windows NT 10.0; Win64; x64) AppleWebKit/537.36 (KHTML, like Gecko) Chrome/126.0.0.0 Safari/537.36" {} 158.942 ms
 
2024-06-30 09:56:07:4935 error: Cannot destructure property 'deletedAt' of '_a' as it is null. TypeError: Cannot destructure property 'deletedAt' of '_a' as it is null.
    at EmployeeMapper.mapToDto (C:\Users\ejecutivo\Desktop\mina_project\BackMina\src\domain\models\employeeModel.ts:53:13)
    at EmployeeService.<anonymous> (C:\Users\ejecutivo\Desktop\mina_project\BackMina\src\app\services\employeeService.ts:110:36)
    at Generator.next (<anonymous>)
    at fulfilled (C:\Users\ejecutivo\Desktop\mina_project\BackMina\src\app\services\employeeService.ts:17:58)
    at processTicksAndRejections (node:internal/process/task_queues:95:5)
2024-06-30 09:56:07:5265 http: [2024-06-30T14:56:07.526Z] ::1 "GET /api/v1/employee/document/P HTTP/1.1" 500 32 "http://localhost:3000/" "Mozilla/5.0 (Windows NT 10.0; Win64; x64) AppleWebKit/537.36 (KHTML, like Gecko) Chrome/126.0.0.0 Safari/537.36" {} 161.582 ms
 
2024-06-30 09:56:40:2072 error: Cannot destructure property 'deletedAt' of '_a' as it is null. TypeError: Cannot destructure property 'deletedAt' of '_a' as it is null.
    at EmployeeMapper.mapToDto (C:\Users\ejecutivo\Desktop\mina_project\BackMina\src\domain\models\employeeModel.ts:53:13)
    at EmployeeService.<anonymous> (C:\Users\ejecutivo\Desktop\mina_project\BackMina\src\app\services\employeeService.ts:110:36)
    at Generator.next (<anonymous>)
    at fulfilled (C:\Users\ejecutivo\Desktop\mina_project\BackMina\src\app\services\employeeService.ts:17:58)
    at processTicksAndRejections (node:internal/process/task_queues:95:5)
2024-06-30 09:56:40:2122 http: [2024-06-30T14:56:40.212Z] ::1 "GET /api/v1/employee/document/0 HTTP/1.1" 500 32 "http://localhost:3000/" "Mozilla/5.0 (Windows NT 10.0; Win64; x64) AppleWebKit/537.36 (KHTML, like Gecko) Chrome/126.0.0.0 Safari/537.36" {} 125.765 ms
 
2024-06-30 09:57:00:8909 error: Cannot destructure property 'deletedAt' of '_a' as it is null. TypeError: Cannot destructure property 'deletedAt' of '_a' as it is null.
    at EmployeeMapper.mapToDto (C:\Users\ejecutivo\Desktop\mina_project\BackMina\src\domain\models\employeeModel.ts:53:13)
    at EmployeeService.<anonymous> (C:\Users\ejecutivo\Desktop\mina_project\BackMina\src\app\services\employeeService.ts:110:36)
    at Generator.next (<anonymous>)
    at fulfilled (C:\Users\ejecutivo\Desktop\mina_project\BackMina\src\app\services\employeeService.ts:17:58)
    at processTicksAndRejections (node:internal/process/task_queues:95:5)
2024-06-30 09:57:00:8949 http: [2024-06-30T14:57:00.894Z] ::1 "GET /api/v1/employee/document/00 HTTP/1.1" 500 32 "http://localhost:3000/" "Mozilla/5.0 (Windows NT 10.0; Win64; x64) AppleWebKit/537.36 (KHTML, like Gecko) Chrome/126.0.0.0 Safari/537.36" {} 135.726 ms
 
2024-06-30 09:57:13:0691 error: Cannot destructure property 'deletedAt' of '_a' as it is null. TypeError: Cannot destructure property 'deletedAt' of '_a' as it is null.
    at EmployeeMapper.mapToDto (C:\Users\ejecutivo\Desktop\mina_project\BackMina\src\domain\models\employeeModel.ts:53:13)
    at EmployeeService.<anonymous> (C:\Users\ejecutivo\Desktop\mina_project\BackMina\src\app\services\employeeService.ts:110:36)
    at Generator.next (<anonymous>)
    at fulfilled (C:\Users\ejecutivo\Desktop\mina_project\BackMina\src\app\services\employeeService.ts:17:58)
    at processTicksAndRejections (node:internal/process/task_queues:95:5)
2024-06-30 09:57:13:0751 http: [2024-06-30T14:57:13.074Z] ::1 "GET /api/v1/employee/document/000 HTTP/1.1" 500 32 "http://localhost:3000/" "Mozilla/5.0 (Windows NT 10.0; Win64; x64) AppleWebKit/537.36 (KHTML, like Gecko) Chrome/126.0.0.0 Safari/537.36" {} 183.216 ms
 
2024-06-30 10:04:01:8569 debug: Creating data of 'EmployeeEntity' 
2024-06-30 10:04:01:98010 http: [2024-06-30T15:04:01.980Z] ::1 "POST /api/v1/employee HTTP/1.1" 201 717 "http://localhost:3000/" "Mozilla/5.0 (Windows NT 10.0; Win64; x64) AppleWebKit/537.36 (KHTML, like Gecko) Chrome/126.0.0.0 Safari/537.36" {"documentTypeId":"4","documentNumber":"000","name":"PAZ","firstLastName":"COLOMBIA","secondLastName":"","email":"PAZ@CORREO.COM","cellPhone":"0000000000","phone":"","municipalityId":0,"departmentCode":5,"municipalityCode":1,"district":"LAURELES","address":"CLLE 44 76-20","bloodTypeId":"3","dateBirth":"1997-02-18T00:00:00.000Z","nationalityId":1,"departmentBirthCode":5,"municipalityBirthCode":1,"educationLevelId":"8","lastYearStudy":"3","genderId":"2","maritalStatusId":"4","children":"2","ageChildren":"26, 20","workCenter":"MINA SAN PACHO","workingTypeId":"1","isActive":true,"dateEntry":"2024-06-10T00:00:00.000Z","positionId":"47","salary":"8000000","transportationAllowance":"0","paymentPeriodId":1,"contributorId":1,"subcotizanteId":1,"epsId":"3","afpId":"6","arlId":"2","ccfId":"3","parafiscales":true,"rlId":"2","description":1} 124.189 ms
 
2024-06-30 12:21:17:2833 info: Database connected successfully! 
2024-06-30 12:21:17:5035 debug: EmployeeService:constructor 
2024-06-30 12:23:17:98810 http: [2024-06-30T17:23:17.987Z] ::1 "GET /api/v1/employee HTTP/1.1" 200 - "-" "node" {} 129.874 ms
 
2024-06-30 12:23:18:6797 http: [2024-06-30T17:23:18.679Z] ::1 "GET /api/v1/employee HTTP/1.1" 200 - "-" "node" {} 45.266 ms
 
2024-06-30 12:23:19:1461 http: [2024-06-30T17:23:19.146Z] ::1 "GET /api/v1/employee HTTP/1.1" 200 - "-" "node" {} 30.154 ms
 
2024-06-30 12:23:31:8298 http: [2024-06-30T17:23:31.829Z] ::1 "GET /api/v1/employee?page=1&limit=10&search=&documentType=&workCenter=&workingType=&status=&position= HTTP/1.1" 200 - "http://localhost:3000/employee" "Mozilla/5.0 (Windows NT 10.0; Win64; x64) AppleWebKit/537.36 (KHTML, like Gecko) Chrome/126.0.0.0 Safari/537.36" {} 222.382 ms
 
2024-06-30 12:24:59:9139 error: Cannot destructure property 'deletedAt' of '_a' as it is null. TypeError: Cannot destructure property 'deletedAt' of '_a' as it is null.
    at EmployeeMapper.mapToDto (C:\Users\ejecutivo\Desktop\mina_project\BackMina\src\domain\models\employeeModel.ts:53:13)
    at EmployeeService.<anonymous> (C:\Users\ejecutivo\Desktop\mina_project\BackMina\src\app\services\employeeService.ts:110:36)
    at Generator.next (<anonymous>)
    at fulfilled (C:\Users\ejecutivo\Desktop\mina_project\BackMina\src\app\services\employeeService.ts:17:58)
    at processTicksAndRejections (node:internal/process/task_queues:95:5)
2024-06-30 12:24:59:9419 http: [2024-06-30T17:24:59.940Z] ::1 "GET /api/v1/employee/document/0 HTTP/1.1" 500 32 "http://localhost:3000/" "Mozilla/5.0 (Windows NT 10.0; Win64; x64) AppleWebKit/537.36 (KHTML, like Gecko) Chrome/126.0.0.0 Safari/537.36" {} 151.192 ms
 
2024-06-30 12:25:22:4424 error: Cannot destructure property 'deletedAt' of '_a' as it is null. TypeError: Cannot destructure property 'deletedAt' of '_a' as it is null.
    at EmployeeMapper.mapToDto (C:\Users\ejecutivo\Desktop\mina_project\BackMina\src\domain\models\employeeModel.ts:53:13)
    at EmployeeService.<anonymous> (C:\Users\ejecutivo\Desktop\mina_project\BackMina\src\app\services\employeeService.ts:110:36)
    at Generator.next (<anonymous>)
    at fulfilled (C:\Users\ejecutivo\Desktop\mina_project\BackMina\src\app\services\employeeService.ts:17:58)
    at processTicksAndRejections (node:internal/process/task_queues:95:5)
2024-06-30 12:25:22:4484 http: [2024-06-30T17:25:22.448Z] ::1 "GET /api/v1/employee/document/07 HTTP/1.1" 500 32 "http://localhost:3000/" "Mozilla/5.0 (Windows NT 10.0; Win64; x64) AppleWebKit/537.36 (KHTML, like Gecko) Chrome/126.0.0.0 Safari/537.36" {} 140.464 ms
 
2024-06-30 12:25:33:1271 error: Cannot destructure property 'deletedAt' of '_a' as it is null. TypeError: Cannot destructure property 'deletedAt' of '_a' as it is null.
    at EmployeeMapper.mapToDto (C:\Users\ejecutivo\Desktop\mina_project\BackMina\src\domain\models\employeeModel.ts:53:13)
    at EmployeeService.<anonymous> (C:\Users\ejecutivo\Desktop\mina_project\BackMina\src\app\services\employeeService.ts:110:36)
    at Generator.next (<anonymous>)
    at fulfilled (C:\Users\ejecutivo\Desktop\mina_project\BackMina\src\app\services\employeeService.ts:17:58)
    at processTicksAndRejections (node:internal/process/task_queues:95:5)
2024-06-30 12:25:33:1351 http: [2024-06-30T17:25:33.134Z] ::1 "GET /api/v1/employee/document/071 HTTP/1.1" 500 32 "http://localhost:3000/" "Mozilla/5.0 (Windows NT 10.0; Win64; x64) AppleWebKit/537.36 (KHTML, like Gecko) Chrome/126.0.0.0 Safari/537.36" {} 124.985 ms
 
2024-06-30 12:25:43:9319 error: Cannot destructure property 'deletedAt' of '_a' as it is null. TypeError: Cannot destructure property 'deletedAt' of '_a' as it is null.
    at EmployeeMapper.mapToDto (C:\Users\ejecutivo\Desktop\mina_project\BackMina\src\domain\models\employeeModel.ts:53:13)
    at EmployeeService.<anonymous> (C:\Users\ejecutivo\Desktop\mina_project\BackMina\src\app\services\employeeService.ts:110:36)
    at Generator.next (<anonymous>)
    at fulfilled (C:\Users\ejecutivo\Desktop\mina_project\BackMina\src\app\services\employeeService.ts:17:58)
    at processTicksAndRejections (node:internal/process/task_queues:95:5)
2024-06-30 12:25:43:9369 http: [2024-06-30T17:25:43.935Z] ::1 "GET /api/v1/employee/document/0712 HTTP/1.1" 500 32 "http://localhost:3000/" "Mozilla/5.0 (Windows NT 10.0; Win64; x64) AppleWebKit/537.36 (KHTML, like Gecko) Chrome/126.0.0.0 Safari/537.36" {} 126.042 ms
 
2024-06-30 12:25:52:7928 error: Cannot destructure property 'deletedAt' of '_a' as it is null. TypeError: Cannot destructure property 'deletedAt' of '_a' as it is null.
    at EmployeeMapper.mapToDto (C:\Users\ejecutivo\Desktop\mina_project\BackMina\src\domain\models\employeeModel.ts:53:13)
    at EmployeeService.<anonymous> (C:\Users\ejecutivo\Desktop\mina_project\BackMina\src\app\services\employeeService.ts:110:36)
    at Generator.next (<anonymous>)
    at fulfilled (C:\Users\ejecutivo\Desktop\mina_project\BackMina\src\app\services\employeeService.ts:17:58)
    at processTicksAndRejections (node:internal/process/task_queues:95:5)
2024-06-30 12:25:52:7978 http: [2024-06-30T17:25:52.796Z] ::1 "GET /api/v1/employee/document/07123 HTTP/1.1" 500 32 "http://localhost:3000/" "Mozilla/5.0 (Windows NT 10.0; Win64; x64) AppleWebKit/537.36 (KHTML, like Gecko) Chrome/126.0.0.0 Safari/537.36" {} 29.397 ms
 
2024-06-30 12:26:05:7598 error: Cannot destructure property 'deletedAt' of '_a' as it is null. TypeError: Cannot destructure property 'deletedAt' of '_a' as it is null.
    at EmployeeMapper.mapToDto (C:\Users\ejecutivo\Desktop\mina_project\BackMina\src\domain\models\employeeModel.ts:53:13)
    at EmployeeService.<anonymous> (C:\Users\ejecutivo\Desktop\mina_project\BackMina\src\app\services\employeeService.ts:110:36)
    at Generator.next (<anonymous>)
    at fulfilled (C:\Users\ejecutivo\Desktop\mina_project\BackMina\src\app\services\employeeService.ts:17:58)
    at processTicksAndRejections (node:internal/process/task_queues:95:5)
2024-06-30 12:26:05:7658 http: [2024-06-30T17:26:05.765Z] ::1 "GET /api/v1/employee/document/071234 HTTP/1.1" 500 32 "http://localhost:3000/" "Mozilla/5.0 (Windows NT 10.0; Win64; x64) AppleWebKit/537.36 (KHTML, like Gecko) Chrome/126.0.0.0 Safari/537.36" {} 176.088 ms
 
2024-06-30 12:26:14:96210 error: Cannot destructure property 'deletedAt' of '_a' as it is null. TypeError: Cannot destructure property 'deletedAt' of '_a' as it is null.
    at EmployeeMapper.mapToDto (C:\Users\ejecutivo\Desktop\mina_project\BackMina\src\domain\models\employeeModel.ts:53:13)
    at EmployeeService.<anonymous> (C:\Users\ejecutivo\Desktop\mina_project\BackMina\src\app\services\employeeService.ts:110:36)
    at Generator.next (<anonymous>)
    at fulfilled (C:\Users\ejecutivo\Desktop\mina_project\BackMina\src\app\services\employeeService.ts:17:58)
    at processTicksAndRejections (node:internal/process/task_queues:95:5)
2024-06-30 12:26:14:96610 http: [2024-06-30T17:26:14.966Z] ::1 "GET /api/v1/employee/document/0712345 HTTP/1.1" 500 32 "http://localhost:3000/" "Mozilla/5.0 (Windows NT 10.0; Win64; x64) AppleWebKit/537.36 (KHTML, like Gecko) Chrome/126.0.0.0 Safari/537.36" {} 57.814 ms
 
2024-06-30 17:38:39:9249 error: Cannot destructure property 'deletedAt' of '_a' as it is null. TypeError: Cannot destructure property 'deletedAt' of '_a' as it is null.
    at EmployeeMapper.mapToDto (C:\Users\ejecutivo\Desktop\mina_project\BackMina\src\domain\models\employeeModel.ts:53:13)
    at EmployeeService.<anonymous> (C:\Users\ejecutivo\Desktop\mina_project\BackMina\src\app\services\employeeService.ts:110:36)
    at Generator.next (<anonymous>)
    at fulfilled (C:\Users\ejecutivo\Desktop\mina_project\BackMina\src\app\services\employeeService.ts:17:58)
    at processTicksAndRejections (node:internal/process/task_queues:95:5)
2024-06-30 17:38:39:9329 http: [2024-06-30T22:38:39.932Z] ::1 "GET /api/v1/employee/document/0712345 HTTP/1.1" 500 32 "http://localhost:3000/" "Mozilla/5.0 (Windows NT 10.0; Win64; x64) AppleWebKit/537.36 (KHTML, like Gecko) Chrome/126.0.0.0 Safari/537.36" {} 235.599 ms
 
2024-06-30 18:43:00:3804 error: Cannot destructure property 'deletedAt' of '_a' as it is null. TypeError: Cannot destructure property 'deletedAt' of '_a' as it is null.
    at EmployeeMapper.mapToDto (C:\Users\ejecutivo\Desktop\mina_project\BackMina\src\domain\models\employeeModel.ts:53:13)
    at EmployeeService.<anonymous> (C:\Users\ejecutivo\Desktop\mina_project\BackMina\src\app\services\employeeService.ts:110:36)
    at Generator.next (<anonymous>)
    at fulfilled (C:\Users\ejecutivo\Desktop\mina_project\BackMina\src\app\services\employeeService.ts:17:58)
    at processTicksAndRejections (node:internal/process/task_queues:95:5)
2024-06-30 18:43:00:3924 http: [2024-06-30T23:43:00.392Z] ::1 "GET /api/v1/employee/document/0712345 HTTP/1.1" 500 32 "http://localhost:3000/" "Mozilla/5.0 (Windows NT 10.0; Win64; x64) AppleWebKit/537.36 (KHTML, like Gecko) Chrome/126.0.0.0 Safari/537.36" {} 168.010 ms
 
