2024-07-11 07:08:36:7407 info: Database connected successfully! 
2024-07-11 07:08:37:2993 debug: EmployeeService:constructor 
2024-07-11 07:08:43:0601 http: [2024-07-11T12:08:43.059Z] ::1 "GET /swagger/swagger-ui.css HTTP/1.1" 304 - "http://localhost:3401/swagger/" "Mozilla/5.0 (Windows NT 10.0; Win64; x64) AppleWebKit/537.36 (KHTML, like Gecko) Chrome/126.0.0.0 Safari/537.36" {} 19.374 ms
 
2024-07-11 07:08:43:0641 http: [2024-07-11T12:08:43.064Z] ::1 "GET /swagger/swagger-ui-bundle.js HTTP/1.1" 304 - "http://localhost:3401/swagger/" "Mozilla/5.0 (Windows NT 10.0; Win64; x64) AppleWebKit/537.36 (KHTML, like Gecko) Chrome/126.0.0.0 Safari/537.36" {} 23.626 ms
 
2024-07-11 07:08:43:0701 http: [2024-07-11T12:08:43.069Z] ::1 "GET /swagger/swagger-ui-standalone-preset.js HTTP/1.1" 304 - "http://localhost:3401/swagger/" "Mozilla/5.0 (Windows NT 10.0; Win64; x64) AppleWebKit/537.36 (KHTML, like Gecko) Chrome/126.0.0.0 Safari/537.36" {} 26.248 ms
 
2024-07-11 07:08:43:1321 http: [2024-07-11T12:08:43.132Z] ::1 "GET /swagger/swagger-ui-init.js HTTP/1.1" 200 - "http://localhost:3401/swagger/" "Mozilla/5.0 (Windows NT 10.0; Win64; x64) AppleWebKit/537.36 (KHTML, like Gecko) Chrome/126.0.0.0 Safari/537.36" {} 5.630 ms
 
2024-07-11 07:08:45:4655 http: [2024-07-11T12:08:45.465Z] ::1 "GET /swagger/ HTTP/1.1" 304 - "-" "Mozilla/5.0 (Windows NT 10.0; Win64; x64) AppleWebKit/537.36 (KHTML, like Gecko) Chrome/126.0.0.0 Safari/537.36" {} 3.018 ms
 
2024-07-11 07:08:45:5075 http: [2024-07-11T12:08:45.506Z] ::1 "GET /swagger/swagger-ui.css HTTP/1.1" 304 - "http://localhost:3401/swagger/" "Mozilla/5.0 (Windows NT 10.0; Win64; x64) AppleWebKit/537.36 (KHTML, like Gecko) Chrome/126.0.0.0 Safari/537.36" {} 1.433 ms
 
2024-07-11 07:08:45:5195 http: [2024-07-11T12:08:45.518Z] ::1 "GET /swagger/swagger-ui-bundle.js HTTP/1.1" 304 - "http://localhost:3401/swagger/" "Mozilla/5.0 (Windows NT 10.0; Win64; x64) AppleWebKit/537.36 (KHTML, like Gecko) Chrome/126.0.0.0 Safari/537.36" {} 4.812 ms
 
2024-07-11 07:08:45:5245 http: [2024-07-11T12:08:45.523Z] ::1 "GET /swagger/swagger-ui-standalone-preset.js HTTP/1.1" 304 - "http://localhost:3401/swagger/" "Mozilla/5.0 (Windows NT 10.0; Win64; x64) AppleWebKit/537.36 (KHTML, like Gecko) Chrome/126.0.0.0 Safari/537.36" {} 8.770 ms
 
2024-07-11 07:08:45:5345 http: [2024-07-11T12:08:45.534Z] ::1 "GET /swagger/swagger-ui-init.js HTTP/1.1" 304 - "http://localhost:3401/swagger/" "Mozilla/5.0 (Windows NT 10.0; Win64; x64) AppleWebKit/537.36 (KHTML, like Gecko) Chrome/126.0.0.0 Safari/537.36" {} 1.325 ms
 
2024-07-11 07:08:46:2082 http: [2024-07-11T12:08:46.208Z] ::1 "GET /swagger/favicon-32x32.png HTTP/1.1" 304 - "http://localhost:3401/swagger/" "Mozilla/5.0 (Windows NT 10.0; Win64; x64) AppleWebKit/537.36 (KHTML, like Gecko) Chrome/126.0.0.0 Safari/537.36" {} 1.624 ms
 
2024-07-11 07:08:49:6727 http: [2024-07-11T12:08:49.672Z] ::1 "GET /api/v1/employee HTTP/1.1" 200 - "http://localhost:3401/swagger/" "Mozilla/5.0 (Windows NT 10.0; Win64; x64) AppleWebKit/537.36 (KHTML, like Gecko) Chrome/126.0.0.0 Safari/537.36" {} 272.606 ms
 
2024-07-11 07:28:34:1882 error: Cannot destructure property 'deletedAt' of '_a' as it is null. TypeError: Cannot destructure property 'deletedAt' of '_a' as it is null.
    at EmployeeMapper.mapToDto (C:\Users\ejecutivo\Desktop\mina_project\BackMina\src\domain\models\employeeModel.ts:63:13)
    at EmployeeService.<anonymous> (C:\Users\ejecutivo\Desktop\mina_project\BackMina\src\app\services\employeeService.ts:110:36)
    at Generator.next (<anonymous>)
    at fulfilled (C:\Users\ejecutivo\Desktop\mina_project\BackMina\src\app\services\employeeService.ts:17:58)
    at processTicksAndRejections (node:internal/process/task_queues:95:5)
2024-07-11 07:28:34:5606 error: Cannot destructure property 'deletedAt' of '_a' as it is null. TypeError: Cannot destructure property 'deletedAt' of '_a' as it is null.
    at EmployeeMapper.mapToDto (C:\Users\ejecutivo\Desktop\mina_project\BackMina\src\domain\models\employeeModel.ts:63:13)
    at EmployeeService.<anonymous> (C:\Users\ejecutivo\Desktop\mina_project\BackMina\src\app\services\employeeService.ts:110:36)
    at Generator.next (<anonymous>)
    at fulfilled (C:\Users\ejecutivo\Desktop\mina_project\BackMina\src\app\services\employeeService.ts:17:58)
    at processTicksAndRejections (node:internal/process/task_queues:95:5)
2024-07-11 07:28:39:2623 error: Cannot destructure property 'deletedAt' of '_a' as it is null. TypeError: Cannot destructure property 'deletedAt' of '_a' as it is null.
    at EmployeeMapper.mapToDto (C:\Users\ejecutivo\Desktop\mina_project\BackMina\src\domain\models\employeeModel.ts:63:13)
    at EmployeeService.<anonymous> (C:\Users\ejecutivo\Desktop\mina_project\BackMina\src\app\services\employeeService.ts:110:36)
    at Generator.next (<anonymous>)
    at fulfilled (C:\Users\ejecutivo\Desktop\mina_project\BackMina\src\app\services\employeeService.ts:17:58)
    at processTicksAndRejections (node:internal/process/task_queues:95:5)
2024-07-11 07:28:40:4084 error: Cannot destructure property 'deletedAt' of '_a' as it is null. TypeError: Cannot destructure property 'deletedAt' of '_a' as it is null.
    at EmployeeMapper.mapToDto (C:\Users\ejecutivo\Desktop\mina_project\BackMina\src\domain\models\employeeModel.ts:63:13)
    at EmployeeService.<anonymous> (C:\Users\ejecutivo\Desktop\mina_project\BackMina\src\app\services\employeeService.ts:110:36)
    at Generator.next (<anonymous>)
    at fulfilled (C:\Users\ejecutivo\Desktop\mina_project\BackMina\src\app\services\employeeService.ts:17:58)
    at processTicksAndRejections (node:internal/process/task_queues:95:5)
2024-07-11 07:28:42:2302 error: Cannot destructure property 'deletedAt' of '_a' as it is null. TypeError: Cannot destructure property 'deletedAt' of '_a' as it is null.
    at EmployeeMapper.mapToDto (C:\Users\ejecutivo\Desktop\mina_project\BackMina\src\domain\models\employeeModel.ts:63:13)
    at EmployeeService.<anonymous> (C:\Users\ejecutivo\Desktop\mina_project\BackMina\src\app\services\employeeService.ts:110:36)
    at Generator.next (<anonymous>)
    at fulfilled (C:\Users\ejecutivo\Desktop\mina_project\BackMina\src\app\services\employeeService.ts:17:58)
    at processTicksAndRejections (node:internal/process/task_queues:95:5)
2024-07-11 07:28:43:2543 error: Cannot destructure property 'deletedAt' of '_a' as it is null. TypeError: Cannot destructure property 'deletedAt' of '_a' as it is null.
    at EmployeeMapper.mapToDto (C:\Users\ejecutivo\Desktop\mina_project\BackMina\src\domain\models\employeeModel.ts:63:13)
    at EmployeeService.<anonymous> (C:\Users\ejecutivo\Desktop\mina_project\BackMina\src\app\services\employeeService.ts:110:36)
    at Generator.next (<anonymous>)
    at fulfilled (C:\Users\ejecutivo\Desktop\mina_project\BackMina\src\app\services\employeeService.ts:17:58)
    at processTicksAndRejections (node:internal/process/task_queues:95:5)
2024-07-11 07:28:46:2853 error: Cannot destructure property 'deletedAt' of '_a' as it is null. TypeError: Cannot destructure property 'deletedAt' of '_a' as it is null.
    at EmployeeMapper.mapToDto (C:\Users\ejecutivo\Desktop\mina_project\BackMina\src\domain\models\employeeModel.ts:63:13)
    at EmployeeService.<anonymous> (C:\Users\ejecutivo\Desktop\mina_project\BackMina\src\app\services\employeeService.ts:110:36)
    at Generator.next (<anonymous>)
    at fulfilled (C:\Users\ejecutivo\Desktop\mina_project\BackMina\src\app\services\employeeService.ts:17:58)
    at processTicksAndRejections (node:internal/process/task_queues:95:5)
2024-07-11 07:28:50:2262 error: Cannot destructure property 'deletedAt' of '_a' as it is null. TypeError: Cannot destructure property 'deletedAt' of '_a' as it is null.
    at EmployeeMapper.mapToDto (C:\Users\ejecutivo\Desktop\mina_project\BackMina\src\domain\models\employeeModel.ts:63:13)
    at EmployeeService.<anonymous> (C:\Users\ejecutivo\Desktop\mina_project\BackMina\src\app\services\employeeService.ts:110:36)
    at Generator.next (<anonymous>)
    at fulfilled (C:\Users\ejecutivo\Desktop\mina_project\BackMina\src\app\services\employeeService.ts:17:58)
    at processTicksAndRejections (node:internal/process/task_queues:95:5)
2024-07-11 07:28:51:0781 error: Cannot destructure property 'deletedAt' of '_a' as it is null. TypeError: Cannot destructure property 'deletedAt' of '_a' as it is null.
    at EmployeeMapper.mapToDto (C:\Users\ejecutivo\Desktop\mina_project\BackMina\src\domain\models\employeeModel.ts:63:13)
    at EmployeeService.<anonymous> (C:\Users\ejecutivo\Desktop\mina_project\BackMina\src\app\services\employeeService.ts:110:36)
    at Generator.next (<anonymous>)
    at fulfilled (C:\Users\ejecutivo\Desktop\mina_project\BackMina\src\app\services\employeeService.ts:17:58)
    at processTicksAndRejections (node:internal/process/task_queues:95:5)
2024-07-11 07:28:54:5035 error: Cannot destructure property 'deletedAt' of '_a' as it is null. TypeError: Cannot destructure property 'deletedAt' of '_a' as it is null.
    at EmployeeMapper.mapToDto (C:\Users\ejecutivo\Desktop\mina_project\BackMina\src\domain\models\employeeModel.ts:63:13)
    at EmployeeService.<anonymous> (C:\Users\ejecutivo\Desktop\mina_project\BackMina\src\app\services\employeeService.ts:110:36)
    at Generator.next (<anonymous>)
    at fulfilled (C:\Users\ejecutivo\Desktop\mina_project\BackMina\src\app\services\employeeService.ts:17:58)
    at processTicksAndRejections (node:internal/process/task_queues:95:5)
2024-07-11 07:28:56:7728 error: Cannot destructure property 'deletedAt' of '_a' as it is null. TypeError: Cannot destructure property 'deletedAt' of '_a' as it is null.
    at EmployeeMapper.mapToDto (C:\Users\ejecutivo\Desktop\mina_project\BackMina\src\domain\models\employeeModel.ts:63:13)
    at EmployeeService.<anonymous> (C:\Users\ejecutivo\Desktop\mina_project\BackMina\src\app\services\employeeService.ts:110:36)
    at Generator.next (<anonymous>)
    at fulfilled (C:\Users\ejecutivo\Desktop\mina_project\BackMina\src\app\services\employeeService.ts:17:58)
    at processTicksAndRejections (node:internal/process/task_queues:95:5)
2024-07-11 07:28:57:5906 error: Cannot destructure property 'deletedAt' of '_a' as it is null. TypeError: Cannot destructure property 'deletedAt' of '_a' as it is null.
    at EmployeeMapper.mapToDto (C:\Users\ejecutivo\Desktop\mina_project\BackMina\src\domain\models\employeeModel.ts:63:13)
    at EmployeeService.<anonymous> (C:\Users\ejecutivo\Desktop\mina_project\BackMina\src\app\services\employeeService.ts:110:36)
    at Generator.next (<anonymous>)
    at fulfilled (C:\Users\ejecutivo\Desktop\mina_project\BackMina\src\app\services\employeeService.ts:17:58)
    at processTicksAndRejections (node:internal/process/task_queues:95:5)
2024-07-11 07:29:04:2482 error: Cannot destructure property 'deletedAt' of '_a' as it is null. TypeError: Cannot destructure property 'deletedAt' of '_a' as it is null.
    at EmployeeMapper.mapToDto (C:\Users\ejecutivo\Desktop\mina_project\BackMina\src\domain\models\employeeModel.ts:63:13)
    at EmployeeService.<anonymous> (C:\Users\ejecutivo\Desktop\mina_project\BackMina\src\app\services\employeeService.ts:110:36)
    at Generator.next (<anonymous>)
    at fulfilled (C:\Users\ejecutivo\Desktop\mina_project\BackMina\src\app\services\employeeService.ts:17:58)
    at processTicksAndRejections (node:internal/process/task_queues:95:5)
2024-07-11 07:29:06:1962 error: Cannot destructure property 'deletedAt' of '_a' as it is null. TypeError: Cannot destructure property 'deletedAt' of '_a' as it is null.
    at EmployeeMapper.mapToDto (C:\Users\ejecutivo\Desktop\mina_project\BackMina\src\domain\models\employeeModel.ts:63:13)
    at EmployeeService.<anonymous> (C:\Users\ejecutivo\Desktop\mina_project\BackMina\src\app\services\employeeService.ts:110:36)
    at Generator.next (<anonymous>)
    at fulfilled (C:\Users\ejecutivo\Desktop\mina_project\BackMina\src\app\services\employeeService.ts:17:58)
    at processTicksAndRejections (node:internal/process/task_queues:95:5)
2024-07-11 07:29:08:3433 error: Cannot destructure property 'deletedAt' of '_a' as it is null. TypeError: Cannot destructure property 'deletedAt' of '_a' as it is null.
    at EmployeeMapper.mapToDto (C:\Users\ejecutivo\Desktop\mina_project\BackMina\src\domain\models\employeeModel.ts:63:13)
    at EmployeeService.<anonymous> (C:\Users\ejecutivo\Desktop\mina_project\BackMina\src\app\services\employeeService.ts:110:36)
    at Generator.next (<anonymous>)
    at fulfilled (C:\Users\ejecutivo\Desktop\mina_project\BackMina\src\app\services\employeeService.ts:17:58)
    at processTicksAndRejections (node:internal/process/task_queues:95:5)
